<testsuites id="" name="" tests="1" failures="1" skipped="0" errors="0" time="33.487559000000005">
<testsuite name="manual_analyze.spec.ts" timestamp="2025-11-23T16:33:16.656Z" hostname="" tests="1" failures="1" skipped="0" time="20.124" errors="0">
<testcase name="Manual Analyze Now flow › start analysis and validate results via API" classname="manual_analyze.spec.ts" time="20.124">
<failure message="manual_analyze.spec.ts:8:7 start analysis and validate results via API" type="FAILURE">
<![CDATA[  manual_analyze.spec.ts:8:7 › Manual Analyze Now flow › start analysis and validate results via API 

    Error: expect(locator).toBeVisible() failed

    Locator: locator('button').filter({ hasText: /Analyze Now|Analyze|Trigger Analysis/i }).first()
    Expected: visible
    Timeout: 10000ms
    Error: element(s) not found

    Call log:
      - Expect "toBeVisible" with timeout 10000ms
      - waiting for locator('button').filter({ hasText: /Analyze Now|Analyze|Trigger Analysis/i }).first()


      20 |     // Note: UI may show "Analyze Now", "Analyze", or "Trigger Analysis" depending on version
      21 |     const analyzeButton = page.locator('button', { hasText: /Analyze Now|Analyze|Trigger Analysis/i }).first();
    > 22 |     await expect(analyzeButton).toBeVisible({ timeout: 10000 });
         |                                 ^
      23 |
      24 |     // Click analyze and wait for a job id to appear in the UI or API
      25 |     await analyzeButton.click();
        at C:\DDN-AI-Project-Documentation\tests\ui\manual_analyze.spec.ts:22:33

    Error Context: test-results\manual_analyze-Manual-Anal-dffd4-nd-validate-results-via-API\error-context.md
]]>
</failure>
<system-out>
<![CDATA[
[[ATTACHMENT|..\..\ui\test-results\manual_analyze-Manual-Anal-dffd4-nd-validate-results-via-API\error-context.md]]
]]>
</system-out>
</testcase>
</testsuite>
</testsuites>