<?xml version="1.0" encoding="UTF-8"?>
<testsuite name="Guruttava_Android_E2E_Tests" tests="78" errors="0" failures="78" skipped="0" time="1259.375" timestamp="2026-01-24T00:16:50.150557">
<testsuite name="E2EAudio" tests="20" errors="0" failures="20" skipped="0" time="356.305" timestamp="2026-01-24T00:16:50.845953">
<testcase classname="Guruttava_Android_E2E_Tests.E2EAudio" name="End-to-End Integration Create and Publish Music Track in Web CRM and Verify Playback in Mobile App" time="28.730">
<failure message="WebDriverException: Message: Service /var/jenkins_home/.cache/selenium/chromedriver/linux64/144.0.7559.96/chromedriver unexpectedly exited. Status code was: 127&#10;" type="AssertionError"/>
</testcase>
<testcase classname="Guruttava_Android_E2E_Tests.E2EAudio" name="Unpublish Music Track And Validate In Mobile App" time="14.321">
<failure message="WebDriverException: Message: Service /var/jenkins_home/.cache/selenium/chromedriver/linux64/144.0.7559.96/chromedriver unexpectedly exited. Status code was: 127&#10;" type="AssertionError"/>
</testcase>
<testcase classname="Guruttava_Android_E2E_Tests.E2EAudio" name="End-to-End Integration Create and Publish Podcast in Web CRM and Verify Playback in Mobile App" time="14.750">
<failure message="WebDriverException: Message: Service /var/jenkins_home/.cache/selenium/chromedriver/linux64/144.0.7559.96/chromedriver unexpectedly exited. Status code was: 127&#10;" type="AssertionError"/>
</testcase>
<testcase classname="Guruttava_Android_E2E_Tests.E2EAudio" name="Validate that the mobile app does not display unpublished podcast track" time="14.008">
<failure message="WebDriverException: Message: Service /var/jenkins_home/.cache/selenium/chromedriver/linux64/144.0.7559.96/chromedriver unexpectedly exited. Status code was: 127&#10;" type="AssertionError"/>
</testcase>
<testcase classname="Guruttava_Android_E2E_Tests.E2EAudio" name="Validate mobile app does not show deleted Podcast tracks" time="14.300">
<failure message="WebDriverException: Message: Service /var/jenkins_home/.cache/selenium/chromedriver/linux64/144.0.7559.96/chromedriver unexpectedly exited. Status code was: 127&#10;" type="AssertionError"/>
</testcase>
<testcase classname="Guruttava_Android_E2E_Tests.E2EAudio" name="Validate mobile app does not show deleted Music tracks" time="14.007">
<failure message="WebDriverException: Message: Service /var/jenkins_home/.cache/selenium/chromedriver/linux64/144.0.7559.96/chromedriver unexpectedly exited. Status code was: 127&#10;" type="AssertionError"/>
</testcase>
<testcase classname="Guruttava_Android_E2E_Tests.E2EAudio" name="Validate Editing and Publishing of Music Track in Web CMS and Verify in Mobile App" time="14.934">
<failure message="WebDriverException: Message: Service /var/jenkins_home/.cache/selenium/chromedriver/linux64/144.0.7559.96/chromedriver unexpectedly exited. Status code was: 127&#10;" type="AssertionError"/>
</testcase>
<testcase classname="Guruttava_Android_E2E_Tests.E2EAudio" name="Validate Editing and Publishing of Podcast Track in Web CMS and Verify in Mobile App" time="15.797">
<failure message="WebDriverException: Message: Service /var/jenkins_home/.cache/selenium/chromedriver/linux64/144.0.7559.96/chromedriver unexpectedly exited. Status code was: 127&#10;" type="AssertionError"/>
</testcase>
<testcase classname="Guruttava_Android_E2E_Tests.E2EAudio" name="Delete Music Track And Verify Removal From Mobile App" time="14.813">
<failure message="WebDriverException: Message: Service /var/jenkins_home/.cache/selenium/chromedriver/linux64/144.0.7559.96/chromedriver unexpectedly exited. Status code was: 127&#10;" type="AssertionError"/>
</testcase>
<testcase classname="Guruttava_Android_E2E_Tests.E2EAudio" name="Delete Podcast Track And Verify Removal From Mobile App" time="16.394">
<failure message="WebDriverException: Message: Service /var/jenkins_home/.cache/selenium/chromedriver/linux64/144.0.7559.96/chromedriver unexpectedly exited. Status code was: 127&#10;" type="AssertionError"/>
</testcase>
<testcase classname="Guruttava_Android_E2E_Tests.E2EAudio" name="Add Music Track With Same Track And Thumbnail For Both Languages" time="15.146">
<failure message="WebDriverException: Message: Service /var/jenkins_home/.cache/selenium/chromedriver/linux64/144.0.7559.96/chromedriver unexpectedly exited. Status code was: 127&#10;" type="AssertionError"/>
</testcase>
<testcase classname="Guruttava_Android_E2E_Tests.E2EAudio" name="Add Podcast Track With Same Track And Thumbnail For Both Languages" time="14.553">
<failure message="WebDriverException: Message: Service /var/jenkins_home/.cache/selenium/chromedriver/linux64/144.0.7559.96/chromedriver unexpectedly exited. Status code was: 127&#10;" type="AssertionError"/>
</testcase>
<testcase classname="Guruttava_Android_E2E_Tests.E2EAudio" name="Add Music Track Without Author" time="14.440">
<failure message="WebDriverException: Message: Service /var/jenkins_home/.cache/selenium/chromedriver/linux64/144.0.7559.96/chromedriver unexpectedly exited. Status code was: 127&#10;" type="AssertionError"/>
</testcase>
<testcase classname="Guruttava_Android_E2E_Tests.E2EAudio" name="Add Podcast Track Without Speaker Should not be allowed" time="14.614">
<failure message="WebDriverException: Message: Service /var/jenkins_home/.cache/selenium/chromedriver/linux64/144.0.7559.96/chromedriver unexpectedly exited. Status code was: 127&#10;" type="AssertionError"/>
</testcase>
<testcase classname="Guruttava_Android_E2E_Tests.E2EAudio" name="Test Music Different Filter Functionality" time="17.528">
<failure message="WebDriverException: Message: Service /var/jenkins_home/.cache/selenium/chromedriver/linux64/144.0.7559.96/chromedriver unexpectedly exited. Status code was: 127&#10;" type="AssertionError"/>
</testcase>
<testcase classname="Guruttava_Android_E2E_Tests.E2EAudio" name="Test Podcast Different Filter Functionality" time="16.339">
<failure message="WebDriverException: Message: Service /var/jenkins_home/.cache/selenium/chromedriver/linux64/144.0.7559.96/chromedriver unexpectedly exited. Status code was: 127&#10;" type="AssertionError"/>
</testcase>
<testcase classname="Guruttava_Android_E2E_Tests.E2EAudio" name="Test Music Management Refresh Button Functionality" time="15.348">
<failure message="WebDriverException: Message: Service /var/jenkins_home/.cache/selenium/chromedriver/linux64/144.0.7559.96/chromedriver unexpectedly exited. Status code was: 127&#10;" type="AssertionError"/>
</testcase>
<testcase classname="Guruttava_Android_E2E_Tests.E2EAudio" name="Test Podcast Management Refresh Button Functionality" time="14.194">
<failure message="WebDriverException: Message: Service /var/jenkins_home/.cache/selenium/chromedriver/linux64/144.0.7559.96/chromedriver unexpectedly exited. Status code was: 127&#10;" type="AssertionError"/>
</testcase>
<testcase classname="Guruttava_Android_E2E_Tests.E2EAudio" name="Test Multiple Music Tracks Same Category Same Subcategory" time="14.560">
<failure message="WebDriverException: Message: Service /var/jenkins_home/.cache/selenium/chromedriver/linux64/144.0.7559.96/chromedriver unexpectedly exited. Status code was: 127&#10;" type="AssertionError"/>
</testcase>
<testcase classname="Guruttava_Android_E2E_Tests.E2EAudio" name="Add Audio in English language only" time="13.995">
<failure message="WebDriverException: Message: Service /var/jenkins_home/.cache/selenium/chromedriver/linux64/144.0.7559.96/chromedriver unexpectedly exited. Status code was: 127&#10;" type="AssertionError"/>
</testcase>
</testsuite>
<testsuite name="E2EDhyankendra" tests="8" errors="0" failures="8" skipped="0" time="114.508" timestamp="2026-01-24T00:22:47.151930">
<testcase classname="Guruttava_Android_E2E_Tests.E2EDhyankendra" name="Test Dhyankendra Different Filter Functionality" time="13.816">
<failure message="WebDriverException: Message: Service /var/jenkins_home/.cache/selenium/chromedriver/linux64/144.0.7559.96/chromedriver unexpectedly exited. Status code was: 127&#10;" type="AssertionError"/>
</testcase>
<testcase classname="Guruttava_Android_E2E_Tests.E2EDhyankendra" name="Test Dhyankendra Management Refresh Button Functionality" time="14.096">
<failure message="WebDriverException: Message: Service /var/jenkins_home/.cache/selenium/chromedriver/linux64/144.0.7559.96/chromedriver unexpectedly exited. Status code was: 127&#10;" type="AssertionError"/>
</testcase>
<testcase classname="Guruttava_Android_E2E_Tests.E2EDhyankendra" name="Sanchalak login to CMS application and as per the role and rights it should have access to left menu. News, Event, Dhyankendra added by own, Dhyansthali" time="16.822">
<failure message="WebDriverException: Message: Service /var/jenkins_home/.cache/selenium/chromedriver/linux64/144.0.7559.96/chromedriver unexpectedly exited. Status code was: 127&#10;" type="AssertionError"/>
</testcase>
<testcase classname="Guruttava_Android_E2E_Tests.E2EDhyankendra" name="Login from Mobile as Sadhak and register for Dhyankendra. Compare all the fields of Mobile with CMS." time="13.355">
<failure message="MaxRetryError: HTTPConnectionPool(host='localhost', port=4723): Max retries exceeded with url: /session (Caused by NewConnectionError('&lt;urllib3.connection.HTTPConnection object at 0x7ceedfb3f100&gt;: Failed to establish a new connection: [Errno 111] Connection refused'))" type="AssertionError"/>
</testcase>
<testcase classname="Guruttava_Android_E2E_Tests.E2EDhyankendra" name="Sanchalak edits any field of Dhyankendra. Super Admin/ Acharya approves the changes requeted. Check refleciton in Mobile app." time="12.666">
<failure message="MaxRetryError: HTTPConnectionPool(host='localhost', port=4723): Max retries exceeded with url: /session (Caused by NewConnectionError('&lt;urllib3.connection.HTTPConnection object at 0x7ceedf5eef10&gt;: Failed to establish a new connection: [Errno 111] Connection refused'))" type="AssertionError"/>
</testcase>
<testcase classname="Guruttava_Android_E2E_Tests.E2EDhyankendra" name="Change the Primary Sanchalak from Dhyankendra and add other sanchalak" time="13.850">
<failure message="WebDriverException: Message: Service /var/jenkins_home/.cache/selenium/chromedriver/linux64/144.0.7559.96/chromedriver unexpectedly exited. Status code was: 127&#10;" type="AssertionError"/>
</testcase>
<testcase classname="Guruttava_Android_E2E_Tests.E2EDhyankendra" name="Sanchalak edits any field of Dhyankendra. Super Admin/ Acharya Rejectes the changes requeted. check reflection in mobile app." time="12.536">
<failure message="MaxRetryError: HTTPConnectionPool(host='localhost', port=4723): Max retries exceeded with url: /session (Caused by NewConnectionError('&lt;urllib3.connection.HTTPConnection object at 0x7ceedfce0e20&gt;: Failed to establish a new connection: [Errno 111] Connection refused'))" type="AssertionError"/>
</testcase>
<testcase classname="Guruttava_Android_E2E_Tests.E2EDhyankendra" name="Super Admin changes Sanchalak1 of TC67's Dhyankendra to free Vaishali" time="14.868">
<failure message="WebDriverException: Message: Service /var/jenkins_home/.cache/selenium/chromedriver/linux64/144.0.7559.96/chromedriver unexpectedly exited. Status code was: 127&#10;" type="AssertionError"/>
</testcase>
</testsuite>
<testsuite name="E2EEvents" tests="10" errors="0" failures="10" skipped="0" time="157.571" timestamp="2026-01-24T00:24:41.660779">
<testcase classname="Guruttava_Android_E2E_Tests.E2EEvents" name="Verify the image upload validation in CMS for Events" time="14.253">
<failure message="WebDriverException: Message: Service /var/jenkins_home/.cache/selenium/chromedriver/linux64/144.0.7559.96/chromedriver unexpectedly exited. Status code was: 127&#10;" type="AssertionError"/>
</testcase>
<testcase classname="Guruttava_Android_E2E_Tests.E2EEvents" name="Verify that user is not able to publish event when publish date is selected after the event dates" time="14.459">
<failure message="WebDriverException: Message: Service /var/jenkins_home/.cache/selenium/chromedriver/linux64/144.0.7559.96/chromedriver unexpectedly exited. Status code was: 127&#10;" type="AssertionError"/>
</testcase>
<testcase classname="Guruttava_Android_E2E_Tests.E2EEvents" name="Verify that the user is able to add a English event, publish it in the CMS, and verify the english event details on the mobile app" time="13.805">
<failure message="WebDriverException: Message: Service /var/jenkins_home/.cache/selenium/chromedriver/linux64/144.0.7559.96/chromedriver unexpectedly exited. Status code was: 127&#10;" type="AssertionError"/>
</testcase>
<testcase classname="Guruttava_Android_E2E_Tests.E2EEvents" name="Verify that the user is able to add a Hindi event, publish it in the CMS, and verify the hindi event details on the mobile app" time="15.684">
<failure message="WebDriverException: Message: Service /var/jenkins_home/.cache/selenium/chromedriver/linux64/144.0.7559.96/chromedriver unexpectedly exited. Status code was: 127&#10;" type="AssertionError"/>
</testcase>
<testcase classname="Guruttava_Android_E2E_Tests.E2EEvents" name="Test Add Event Category from CMS and Add Events under that Category" time="14.167">
<failure message="WebDriverException: Message: Service /var/jenkins_home/.cache/selenium/chromedriver/linux64/144.0.7559.96/chromedriver unexpectedly exited. Status code was: 127&#10;" type="AssertionError"/>
</testcase>
<testcase classname="Guruttava_Android_E2E_Tests.E2EEvents" name="Test Unpublish Event from CMS and Verify in Mobile App" time="14.133">
<failure message="WebDriverException: Message: Service /var/jenkins_home/.cache/selenium/chromedriver/linux64/144.0.7559.96/chromedriver unexpectedly exited. Status code was: 127&#10;" type="AssertionError"/>
</testcase>
<testcase classname="Guruttava_Android_E2E_Tests.E2EEvents" name="Test Event Category Tab In Mobile App" time="22.960">
<failure message="Could not open Gurutattva App after 3 attempts" type="AssertionError"/>
</testcase>
<testcase classname="Guruttava_Android_E2E_Tests.E2EEvents" name="Test Check Local Event Filter Functionality" time="14.864">
<failure message="WebDriverException: Message: Service /var/jenkins_home/.cache/selenium/chromedriver/linux64/144.0.7559.96/chromedriver unexpectedly exited. Status code was: 127&#10;" type="AssertionError"/>
</testcase>
<testcase classname="Guruttava_Android_E2E_Tests.E2EEvents" name="Sanchalak adds local Event, once Acharya/Super Admin Approves it then only that Event is reflected in Mobile app uncer Local Event section." time="14.430">
<failure message="WebDriverException: Message: Service /var/jenkins_home/.cache/selenium/chromedriver/linux64/144.0.7559.96/chromedriver unexpectedly exited. Status code was: 127&#10;" type="AssertionError"/>
</testcase>
<testcase classname="Guruttava_Android_E2E_Tests.E2EEvents" name="Sanchalak adds local event and Acharya/Super Admin Rejects that event." time="15.645">
<failure message="WebDriverException: Message: Service /var/jenkins_home/.cache/selenium/chromedriver/linux64/144.0.7559.96/chromedriver unexpectedly exited. Status code was: 127&#10;" type="AssertionError"/>
</testcase>
</testsuite>
<testsuite name="E2EHindi" tests="1" errors="0" failures="1" skipped="0" time="38.162" timestamp="2026-01-24T00:27:19.232253">
<testcase classname="Guruttava_Android_E2E_Tests.E2EHindi" name="Test Mobile Language Change To Hindi" time="34.624">
<failure message="MaxRetryError: HTTPConnectionPool(host='localhost', port=4723): Max retries exceeded with url: /session (Caused by NewConnectionError('&lt;urllib3.connection.HTTPConnection object at 0x7ceedf5ef350&gt;: Failed to establish a new connection: [Errno 111] Connection refused'))" type="AssertionError"/>
</testcase>
</testsuite>
<testsuite name="E2ENamkaran" tests="16" errors="0" failures="16" skipped="0" time="229.651" timestamp="2026-01-24T00:27:57.394607">
<testcase classname="Guruttava_Android_E2E_Tests.E2ENamkaran" name="Verify user is able to add Bride Namkaran with NO Option on the mobile app and verify the details in CSM" time="13.354">
<failure message="MaxRetryError: HTTPConnectionPool(host='localhost', port=4723): Max retries exceeded with url: /session (Caused by NewConnectionError('&lt;urllib3.connection.HTTPConnection object at 0x7ceedfce05a0&gt;: Failed to establish a new connection: [Errno 111] Connection refused'))" type="AssertionError"/>
</testcase>
<testcase classname="Guruttava_Android_E2E_Tests.E2ENamkaran" name="Verify user is able to add Business Namkaran with NO Option on the mobile app and verify the details in CSM" time="12.963">
<failure message="MaxRetryError: HTTPConnectionPool(host='localhost', port=4723): Max retries exceeded with url: /session (Caused by NewConnectionError('&lt;urllib3.connection.HTTPConnection object at 0x7ceedfce0380&gt;: Failed to establish a new connection: [Errno 111] Connection refused'))" type="AssertionError"/>
</testcase>
<testcase classname="Guruttava_Android_E2E_Tests.E2ENamkaran" name="Verify user is able to add House Namkaran with NO Option on the mobile app and verify the details in CSM" time="12.807">
<failure message="MaxRetryError: HTTPConnectionPool(host='localhost', port=4723): Max retries exceeded with url: /session (Caused by NewConnectionError('&lt;urllib3.connection.HTTPConnection object at 0x7ceedfce05a0&gt;: Failed to establish a new connection: [Errno 111] Connection refused'))" type="AssertionError"/>
</testcase>
<testcase classname="Guruttava_Android_E2E_Tests.E2ENamkaran" name="Verify user is able to add Child Namkaran with NO Option on the mobile app and verify the details in CSM" time="12.688">
<failure message="MaxRetryError: HTTPConnectionPool(host='localhost', port=4723): Max retries exceeded with url: /session (Caused by NewConnectionError('&lt;urllib3.connection.HTTPConnection object at 0x7ceedfce17b0&gt;: Failed to establish a new connection: [Errno 111] Connection refused'))" type="AssertionError"/>
</testcase>
<testcase classname="Guruttava_Android_E2E_Tests.E2ENamkaran" name="Verify user is able to add Bride Namkaran with YES Option on the mobile app and verify the details in CSM" time="12.670">
<failure message="MaxRetryError: HTTPConnectionPool(host='localhost', port=4723): Max retries exceeded with url: /session (Caused by NewConnectionError('&lt;urllib3.connection.HTTPConnection object at 0x7ceedfce16a0&gt;: Failed to establish a new connection: [Errno 111] Connection refused'))" type="AssertionError"/>
</testcase>
<testcase classname="Guruttava_Android_E2E_Tests.E2ENamkaran" name="Verify user is able to add Business Namkaran with YES Option on the mobile app and verify the details in CSM" time="12.851">
<failure message="MaxRetryError: HTTPConnectionPool(host='localhost', port=4723): Max retries exceeded with url: /session (Caused by NewConnectionError('&lt;urllib3.connection.HTTPConnection object at 0x7ceedfce07c0&gt;: Failed to establish a new connection: [Errno 111] Connection refused'))" type="AssertionError"/>
</testcase>
<testcase classname="Guruttava_Android_E2E_Tests.E2ENamkaran" name="Verify user is able to add House Namkaran with YES Option on the mobile app and verify the details in CSM" time="12.756">
<failure message="MaxRetryError: HTTPConnectionPool(host='localhost', port=4723): Max retries exceeded with url: /session (Caused by NewConnectionError('&lt;urllib3.connection.HTTPConnection object at 0x7ceedfce0c00&gt;: Failed to establish a new connection: [Errno 111] Connection refused'))" type="AssertionError"/>
</testcase>
<testcase classname="Guruttava_Android_E2E_Tests.E2ENamkaran" name="Verify user is able to add Child Namkaran with YES Option on the mobile app and verify the details in CSM" time="13.205">
<failure message="MaxRetryError: HTTPConnectionPool(host='localhost', port=4723): Max retries exceeded with url: /session (Caused by NewConnectionError('&lt;urllib3.connection.HTTPConnection object at 0x7ceedfce0490&gt;: Failed to establish a new connection: [Errno 111] Connection refused'))" type="AssertionError"/>
</testcase>
<testcase classname="Guruttava_Android_E2E_Tests.E2ENamkaran" name="Verify that admin user is able to approve Bride Namkaran in CMS and verify the details on mobile app" time="12.964">
<failure message="MaxRetryError: HTTPConnectionPool(host='localhost', port=4723): Max retries exceeded with url: /session (Caused by NewConnectionError('&lt;urllib3.connection.HTTPConnection object at 0x7ceedfce09e0&gt;: Failed to establish a new connection: [Errno 111] Connection refused'))" type="AssertionError"/>
</testcase>
<testcase classname="Guruttava_Android_E2E_Tests.E2ENamkaran" name="Verify that admin user is able to approve Business Namkaran in CMS and verify the details on mobile app" time="13.094">
<failure message="MaxRetryError: HTTPConnectionPool(host='localhost', port=4723): Max retries exceeded with url: /session (Caused by NewConnectionError('&lt;urllib3.connection.HTTPConnection object at 0x7ceedfce0af0&gt;: Failed to establish a new connection: [Errno 111] Connection refused'))" type="AssertionError"/>
</testcase>
<testcase classname="Guruttava_Android_E2E_Tests.E2ENamkaran" name="Verify that admin user is able to approve House Namkaran in CMS and verify the details on mobile app" time="13.084">
<failure message="MaxRetryError: HTTPConnectionPool(host='localhost', port=4723): Max retries exceeded with url: /session (Caused by NewConnectionError('&lt;urllib3.connection.HTTPConnection object at 0x7ceedf5ef020&gt;: Failed to establish a new connection: [Errno 111] Connection refused'))" type="AssertionError"/>
</testcase>
<testcase classname="Guruttava_Android_E2E_Tests.E2ENamkaran" name="Verify that admin user is able to approve Child Namkaran in CMS and verify the details on mobile app" time="13.595">
<failure message="MaxRetryError: HTTPConnectionPool(host='localhost', port=4723): Max retries exceeded with url: /session (Caused by NewConnectionError('&lt;urllib3.connection.HTTPConnection object at 0x7ceee018d150&gt;: Failed to establish a new connection: [Errno 111] Connection refused'))" type="AssertionError"/>
</testcase>
<testcase classname="Guruttava_Android_E2E_Tests.E2ENamkaran" name="Verify that admin user is able to reject Bride Namkaran in CMS and verify the details on mobile app" time="12.632">
<failure message="MaxRetryError: HTTPConnectionPool(host='localhost', port=4723): Max retries exceeded with url: /session (Caused by NewConnectionError('&lt;urllib3.connection.HTTPConnection object at 0x7ceedf5ed9d0&gt;: Failed to establish a new connection: [Errno 111] Connection refused'))" type="AssertionError"/>
</testcase>
<testcase classname="Guruttava_Android_E2E_Tests.E2ENamkaran" name="Verify that admin user is able to reject Business Namkaran in CMS and verify the details on mobile app" time="12.540">
<failure message="MaxRetryError: HTTPConnectionPool(host='localhost', port=4723): Max retries exceeded with url: /session (Caused by NewConnectionError('&lt;urllib3.connection.HTTPConnection object at 0x7ceedf100af0&gt;: Failed to establish a new connection: [Errno 111] Connection refused'))" type="AssertionError"/>
</testcase>
<testcase classname="Guruttava_Android_E2E_Tests.E2ENamkaran" name="Verify that admin user is able to reject House Namkaran in CMS and verify the details on mobile app" time="13.153">
<failure message="MaxRetryError: HTTPConnectionPool(host='localhost', port=4723): Max retries exceeded with url: /session (Caused by NewConnectionError('&lt;urllib3.connection.HTTPConnection object at 0x7ceedf1028b0&gt;: Failed to establish a new connection: [Errno 111] Connection refused'))" type="AssertionError"/>
</testcase>
<testcase classname="Guruttava_Android_E2E_Tests.E2ENamkaran" name="Verify that admin user is able to reject Child Namkaran in CMS and verify the details on mobile app" time="12.788">
<failure message="MaxRetryError: HTTPConnectionPool(host='localhost', port=4723): Max retries exceeded with url: /session (Caused by NewConnectionError('&lt;urllib3.connection.HTTPConnection object at 0x7ceedf5ee360&gt;: Failed to establish a new connection: [Errno 111] Connection refused'))" type="AssertionError"/>
</testcase>
</testsuite>
<testsuite name="E2ENews" tests="9" errors="0" failures="9" skipped="0" time="169.343" timestamp="2026-01-24T00:31:47.046966">
<testcase classname="Guruttava_Android_E2E_Tests.E2ENews" name="Verify the image upload validation in CMS" time="14.333">
<failure message="WebDriverException: Message: Service /var/jenkins_home/.cache/selenium/chromedriver/linux64/144.0.7559.96/chromedriver unexpectedly exited. Status code was: 127&#10;" type="AssertionError"/>
</testcase>
<testcase classname="Guruttava_Android_E2E_Tests.E2ENews" name="Verify that the user is able to add a English news, publish it in the CMS, and verify the english news details on the mobile app" time="14.772">
<failure message="WebDriverException: Message: Service /var/jenkins_home/.cache/selenium/chromedriver/linux64/144.0.7559.96/chromedriver unexpectedly exited. Status code was: 127&#10;" type="AssertionError"/>
</testcase>
<testcase classname="Guruttava_Android_E2E_Tests.E2ENews" name="Verify that the user is able to add a Hindi news, publish it in the CMS, and verify the hindi news details on the mobile app" time="34.249">
<failure message="WebDriverException: Message: Service /var/jenkins_home/.cache/selenium/chromedriver/linux64/144.0.7559.96/chromedriver unexpectedly exited. Status code was: 127&#10;" type="AssertionError"/>
</testcase>
<testcase classname="Guruttava_Android_E2E_Tests.E2ENews" name="Test Unpublish News from CMS and Verify in Mobile App" time="14.566">
<failure message="WebDriverException: Message: Service /var/jenkins_home/.cache/selenium/chromedriver/linux64/144.0.7559.96/chromedriver unexpectedly exited. Status code was: 127&#10;" type="AssertionError"/>
</testcase>
<testcase classname="Guruttava_Android_E2E_Tests.E2ENews" name="Test News Category Tab In Mobile App" time="22.815">
<failure message="Could not open Gurutattva App after 3 attempts" type="AssertionError"/>
</testcase>
<testcase classname="Guruttava_Android_E2E_Tests.E2ENews" name="Test Check Local News Filter Functionality" time="22.920">
<failure message="Could not open Gurutattva App after 3 attempts" type="AssertionError"/>
</testcase>
<testcase classname="Guruttava_Android_E2E_Tests.E2ENews" name="Test Sanchalak Adds Local News And Super Admin Approves It" time="14.444">
<failure message="WebDriverException: Message: Service /var/jenkins_home/.cache/selenium/chromedriver/linux64/144.0.7559.96/chromedriver unexpectedly exited. Status code was: 127&#10;" type="AssertionError"/>
</testcase>
<testcase classname="Guruttava_Android_E2E_Tests.E2ENews" name="Test Sanchalak Adds Local News And Super Admin Rejects It" time="13.635">
<failure message="WebDriverException: Message: Service /var/jenkins_home/.cache/selenium/chromedriver/linux64/144.0.7559.96/chromedriver unexpectedly exited. Status code was: 127&#10;" type="AssertionError"/>
</testcase>
<testcase classname="Guruttava_Android_E2E_Tests.E2ENews" name="Add News Category from CMS. Add News uder that category. check list of all categories in the Mobile app under Category tab." time="15.235">
<failure message="WebDriverException: Message: Service /var/jenkins_home/.cache/selenium/chromedriver/linux64/144.0.7559.96/chromedriver unexpectedly exited. Status code was: 127&#10;" type="AssertionError"/>
</testcase>
</testsuite>
<testsuite name="E2EPrayer" tests="3" errors="0" failures="3" skipped="0" time="42.603" timestamp="2026-01-24T00:34:36.390981">
<testcase classname="Guruttava_Android_E2E_Tests.E2EPrayer" name="End-to-End Integration: Verify that user is able to add Prayer with Self Option on the mobile app and verify it in CMS" time="12.433">
<failure message="MaxRetryError: HTTPConnectionPool(host='localhost', port=4723): Max retries exceeded with url: /session (Caused by NewConnectionError('&lt;urllib3.connection.HTTPConnection object at 0x7ceedf5eecf0&gt;: Failed to establish a new connection: [Errno 111] Connection refused'))" type="AssertionError"/>
</testcase>
<testcase classname="Guruttava_Android_E2E_Tests.E2EPrayer" name="End-to-End Integration:Verify that user is able to add Prayer with Other Option on the mobile app and verify it in CMS" time="12.591">
<failure message="MaxRetryError: HTTPConnectionPool(host='localhost', port=4723): Max retries exceeded with url: /session (Caused by NewConnectionError('&lt;urllib3.connection.HTTPConnection object at 0x7ceedfce0f30&gt;: Failed to establish a new connection: [Errno 111] Connection refused'))" type="AssertionError"/>
</testcase>
<testcase classname="Guruttava_Android_E2E_Tests.E2EPrayer" name="Verify that user is able to export the Prayer in CMS" time="12.639">
<failure message="MaxRetryError: HTTPConnectionPool(host='localhost', port=4723): Max retries exceeded with url: /session (Caused by NewConnectionError('&lt;urllib3.connection.HTTPConnection object at 0x7ceedf5ec050&gt;: Failed to establish a new connection: [Errno 111] Connection refused'))" type="AssertionError"/>
</testcase>
</testsuite>
<testsuite name="E2ERegistration" tests="6" errors="0" failures="6" skipped="0" time="78.262" timestamp="2026-01-24T00:35:19.003758">
<testcase classname="Guruttava_Android_E2E_Tests.E2ERegistration" name="Verify that quick registration on the mobile app reflects correctly in the CMS and user details are displayed properly in profile and flip card." time="12.861">
<failure message="MaxRetryError: HTTPConnectionPool(host='localhost', port=4723): Max retries exceeded with url: /session (Caused by NewConnectionError('&lt;urllib3.connection.HTTPConnection object at 0x7ceedfce05a0&gt;: Failed to establish a new connection: [Errno 111] Connection refused'))" type="AssertionError"/>
</testcase>
<testcase classname="Guruttava_Android_E2E_Tests.E2ERegistration" name="Verify user is not able to do quick registration on mobile app with already used email id and phone number" time="12.584">
<failure message="MaxRetryError: HTTPConnectionPool(host='localhost', port=4723): Max retries exceeded with url: /session (Caused by NewConnectionError('&lt;urllib3.connection.HTTPConnection object at 0x7ceedfce3bd0&gt;: Failed to establish a new connection: [Errno 111] Connection refused'))" type="AssertionError"/>
</testcase>
<testcase classname="Guruttava_Android_E2E_Tests.E2ERegistration" name="Verify that the quick registration user is not able to access Events, Dhyan Kendra, and Podcasts , Home screen on the mobile app, and that a pop-up message is displayed" time="12.687">
<failure message="MaxRetryError: HTTPConnectionPool(host='localhost', port=4723): Max retries exceeded with url: /session (Caused by NewConnectionError('&lt;urllib3.connection.HTTPConnection object at 0x7ceedfce1ae0&gt;: Failed to establish a new connection: [Errno 111] Connection refused'))" type="AssertionError"/>
</testcase>
<testcase classname="Guruttava_Android_E2E_Tests.E2ERegistration" name="Verify that the quick registration user is able to become a member on the mobile app" time="12.431">
<failure message="MaxRetryError: HTTPConnectionPool(host='localhost', port=4723): Max retries exceeded with url: /session (Caused by NewConnectionError('&lt;urllib3.connection.HTTPConnection object at 0x7ceedfce05a0&gt;: Failed to establish a new connection: [Errno 111] Connection refused'))" type="AssertionError"/>
</testcase>
<testcase classname="Guruttava_Android_E2E_Tests.E2ERegistration" name="Verify that Community registration on the mobile app reflects correctly in the CMS and user details are displayed properly in profile and flip card." time="12.431">
<failure message="MaxRetryError: HTTPConnectionPool(host='localhost', port=4723): Max retries exceeded with url: /session (Caused by NewConnectionError('&lt;urllib3.connection.HTTPConnection object at 0x7ceedfce08d0&gt;: Failed to establish a new connection: [Errno 111] Connection refused'))" type="AssertionError"/>
</testcase>
<testcase classname="Guruttava_Android_E2E_Tests.E2ERegistration" name="Verify that the community registered user is able to access Events, Dhyan Kendra, and Podcasts on the mobile app, and ensure that no pop-up message is displayed" time="12.528">
<failure message="MaxRetryError: HTTPConnectionPool(host='localhost', port=4723): Max retries exceeded with url: /session (Caused by NewConnectionError('&lt;urllib3.connection.HTTPConnection object at 0x7ceedfce1040&gt;: Failed to establish a new connection: [Errno 111] Connection refused'))" type="AssertionError"/>
</testcase>
</testsuite>
<testsuite name="E2ERoleRight" tests="5" errors="0" failures="5" skipped="0" time="72.258" timestamp="2026-01-24T00:36:37.266472">
<testcase classname="Guruttava_Android_E2E_Tests.E2ERoleRight" name="Test Prayer Coordinator Role Access" time="14.652">
<failure message="WebDriverException: Message: Service /var/jenkins_home/.cache/selenium/chromedriver/linux64/144.0.7559.96/chromedriver unexpectedly exited. Status code was: 127&#10;" type="AssertionError"/>
</testcase>
<testcase classname="Guruttava_Android_E2E_Tests.E2ERoleRight" name="Test Global Event Coordinator Role Access" time="13.459">
<failure message="WebDriverException: Message: Service /var/jenkins_home/.cache/selenium/chromedriver/linux64/144.0.7559.96/chromedriver unexpectedly exited. Status code was: 127&#10;" type="AssertionError"/>
</testcase>
<testcase classname="Guruttava_Android_E2E_Tests.E2ERoleRight" name="Test Acharya Role Access" time="14.122">
<failure message="WebDriverException: Message: Service /var/jenkins_home/.cache/selenium/chromedriver/linux64/144.0.7559.96/chromedriver unexpectedly exited. Status code was: 127&#10;" type="AssertionError"/>
</testcase>
<testcase classname="Guruttava_Android_E2E_Tests.E2ERoleRight" name="Test Maha Acharya Role Access" time="14.787">
<failure message="WebDriverException: Message: Service /var/jenkins_home/.cache/selenium/chromedriver/linux64/144.0.7559.96/chromedriver unexpectedly exited. Status code was: 127&#10;" type="AssertionError"/>
</testcase>
<testcase classname="Guruttava_Android_E2E_Tests.E2ERoleRight" name="Test Namkaran Coordinator Role Access" time="13.852">
<failure message="WebDriverException: Message: Service /var/jenkins_home/.cache/selenium/chromedriver/linux64/144.0.7559.96/chromedriver unexpectedly exited. Status code was: 127&#10;" type="AssertionError"/>
</testcase>
</testsuite>
</testsuite>
