Started by timer
Running as SYSTEM
Building in workspace /var/jenkins_home/workspace/Guruttava-E2E-Tests
[Guruttava-E2E-Tests] $ /bin/bash /tmp/jenkins12869123980357701201.sh
=========================================
Guruttava E2E Tests (Robot Framework)
Build: 9
Job: Guruttava-E2E-Tests
Platform: Android
Test Type: Smoke
=========================================
Project ID: 2 | Slug: guruttava
Checking out code from https://github.com/Sushrut-01/gurutattva-e2e-automation (branch: Sushrut-laptop)...
fatal: unable to access 'https://github.com/Sushrut-01/gurutattva-e2e-automation/': Could not resolve host: github.com
HEAD is now at 2d288d7 feat: add Jenkins pipeline to run all E2E suites sequentially (PROJECT_ID=2, Multi-Project)
Removing resources/DockerChromeLibrary.py
Git Branch: Sushrut-laptop | Commit: 2d288d73cc10e6006e222d80af955d53a97f6623
Installing Robot Framework and dependencies...
Creating Docker Chrome library wrapper (proven web solution)...
âœ… Docker Chrome library created
Running E2E tests from: tests/E2E*.robot
Appium Server: http://host.docker.internal:4723
Configuring Chrome for headless mode in Docker...
Installing ChromeDriver...
Chrome Binary: /usr/bin/google-chrome
ChromeDriver: /usr/bin/chromedriver
Chrome Options: --headless --no-sandbox --disable-dev-shm-usage --disable-gpu --disable-software-rasterizer --disable-extensions --remote-debugging-port=9222 --user-data-dir=/tmp/chrome-user-data --window-size=1920,1080 --single-process
Running Android E2E tests
Test Type: Smoke
Executing Robot Framework E2E tests (E2E* files only)...
==============================================================================
Guruttava_Android_E2E_Tests                                                   
==============================================================================
[ WARN ] Error in file '/var/jenkins_home/workspace/Guruttava-E2E-Tests/pages/E2EAudioPage.robot' on line 4800: The '[Return]' setting is deprecated. Use the 'RETURN' statement instead.
[ WARN ] Error in file '/var/jenkins_home/workspace/Guruttava-E2E-Tests/pages/E2EAudioPage.robot' on line 4946: The '[Return]' setting is deprecated. Use the 'RETURN' statement instead.
[ WARN ] Error in file '/var/jenkins_home/workspace/Guruttava-E2E-Tests/pages/E2EAudioPage.robot' on line 4962: The '[Return]' setting is deprecated. Use the 'RETURN' statement instead.
[ WARN ] Error in file '/var/jenkins_home/workspace/Guruttava-E2E-Tests/pages/E2EAudioPage.robot' on line 4993: The '[Return]' setting is deprecated. Use the 'RETURN' statement instead.
[ WARN ] Error in file '/var/jenkins_home/workspace/Guruttava-E2E-Tests/pages/E2EAudioPage.robot' on line 5533: The '[Return]' setting is deprecated. Use the 'RETURN' statement instead.
[ WARN ] Error in file '/var/jenkins_home/workspace/Guruttava-E2E-Tests/pages/E2EAudioPage.robot' on line 5644: The '[Return]' setting is deprecated. Use the 'RETURN' statement instead.
[ WARN ] Error in file '/var/jenkins_home/workspace/Guruttava-E2E-Tests/pages/E2ENewsPage.robot' on line 798: The '[Return]' setting is deprecated. Use the 'RETURN' statement instead.
Guruttava_Android_E2E_Tests.E2EAudio                                          
==============================================================================
End-to-End Integration Create and Publish Music Track in Web CRM a... ===== Starting Test Setup =====
===== Test Setup Completed =====
ğŸ¯ Generated E2E Test Data:
ğŸ¯ Category: E2E_Category_8055
ğŸ¯ SubCategory: E2E_SubCategory_8055
ğŸ¯ Audio Track: E2E_Track_8055
ğŸ¯ Author: E2E_Author_8055
ğŸŒ Opening web browser: chrome
ğŸ”— Navigating to: https://gurutattvacmsnewdev.rysun.in:9090/
===== Starting Test Teardown =====
âœ… Mobile screenshot captured: /var/jenkins_home/workspace/Guruttava-E2E-Tests/results/Screenshot/End-to-End_Integration_Create_and_Publish_Music_Track_in_Web_CRM_and_Verify_Playback_in_Mobile_App_20260122_141752.png
âš ï¸ Mobile screenshot capture failed, capturing web screenshot...
âœ… Screenshot captured: /var/jenkins_home/workspace/Guruttava-E2E-Tests/results/Screenshot/End-to-End_Integration_Create_and_Publish_Music_Track_in_Web_CRM_and_Verify_Playback_in_Mobile_App_20260122_141752.png
===== Closing Gurutattva App =====
âš ï¸ Graceful termination failed, using force stop
âš ï¸ Mobile session close had issues
===== Gurutattva App Closed =====
ğŸ—‘ï¸ Cleared download directory: /var/jenkins_home/workspace/Guruttava-E2E-Tests/downloads
===== Test Teardown Completed =====
| FAIL |
WebDriverException: Message: Service /var/jenkins_home/.cache/selenium/chromedriver/linux64/144.0.7559.96/chromedriver unexpectedly exited. Status code was: 127
------------------------------------------------------------------------------
Unpublish Music Track And Validate In Mobile App :: Unpublish the ... ===== Starting Test Setup =====
===== Test Setup Completed =====
ğŸŒ Opening web browser: chrome
ğŸ”— Navigating to: https://gurutattvacmsnewdev.rysun.in:9090/
===== Starting Test Teardown =====
âœ… Mobile screenshot captured: /var/jenkins_home/workspace/Guruttava-E2E-Tests/results/Screenshot/Unpublish_Music_Track_And_Validate_In_Mobile_App_20260122_141808.png
âš ï¸ Mobile screenshot capture failed, capturing web screenshot...
âœ… Screenshot captured: /var/jenkins_home/workspace/Guruttava-E2E-Tests/results/Screenshot/Unpublish_Music_Track_And_Validate_In_Mobile_App_20260122_141808.png
===== Closing Gurutattva App =====
âš ï¸ Graceful termination failed, using force stop
âš ï¸ Mobile session close had issues
===== Gurutattva App Closed =====
ğŸ—‘ï¸ Cleared download directory: /var/jenkins_home/workspace/Guruttava-E2E-Tests/downloads
===== Test Teardown Completed =====
| FAIL |
WebDriverException: Message: Service /var/jenkins_home/.cache/selenium/chromedriver/linux64/144.0.7559.96/chromedriver unexpectedly exited. Status code was: 127
------------------------------------------------------------------------------
End-to-End Integration Create and Publish Podcast in Web CRM and V... ===== Starting Test Setup =====
===== Test Setup Completed =====
ğŸ¯ Generated E2E Test Data:
ğŸ¯ Category: PodcastCategory_4647
ğŸ¯ SubCategory: Podcast_SubCategory_4647
ğŸ¯ Audio Track: Podcast_Track_4647
ğŸ¯ Speaker: E2E_Speaker_4647
ğŸŒ Opening web browser: chrome
ğŸ”— Navigating to: https://gurutattvacmsnewdev.rysun.in:9090/
===== Starting Test Teardown =====
âœ… Mobile screenshot captured: /var/jenkins_home/workspace/Guruttava-E2E-Tests/results/Screenshot/End-to-End_Integration_Create_and_Publish_Podcast_in_Web_CRM_and_Verify_Playback_in_Mobile_App_20260122_141823.png
âš ï¸ Mobile screenshot capture failed, capturing web screenshot...
âœ… Screenshot captured: /var/jenkins_home/workspace/Guruttava-E2E-Tests/results/Screenshot/End-to-End_Integration_Create_and_Publish_Podcast_in_Web_CRM_and_Verify_Playback_in_Mobile_App_20260122_141823.png
===== Closing Gurutattva App =====
âš ï¸ Graceful termination failed, using force stop
âš ï¸ Mobile session close had issues
===== Gurutattva App Closed =====
ğŸ—‘ï¸ Cleared download directory: /var/jenkins_home/workspace/Guruttava-E2E-Tests/downloads
===== Test Teardown Completed =====
| FAIL |
WebDriverException: Message: Service /var/jenkins_home/.cache/selenium/chromedriver/linux64/144.0.7559.96/chromedriver unexpectedly exited. Status code was: 127
------------------------------------------------------------------------------
Validate that the mobile app does not display unpublished podcast ... ===== Starting Test Setup =====
===== Test Setup Completed =====
ğŸŒ Opening web browser: chrome
ğŸ”— Navigating to: https://gurutattvacmsnewdev.rysun.in:9090/
===== Starting Test Teardown =====
âœ… Mobile screenshot captured: /var/jenkins_home/workspace/Guruttava-E2E-Tests/results/Screenshot/Validate_that_the_mobile_app_does_not_display_unpublished_podcast_track_20260122_141838.png
âš ï¸ Mobile screenshot capture failed, capturing web screenshot...
âœ… Screenshot captured: /var/jenkins_home/workspace/Guruttava-E2E-Tests/results/Screenshot/Validate_that_the_mobile_app_does_not_display_unpublished_podcast_track_20260122_141838.png
===== Closing Gurutattva App =====
âš ï¸ Graceful termination failed, using force stop
âš ï¸ Mobile session close had issues
===== Gurutattva App Closed =====
ğŸ—‘ï¸ Cleared download directory: /var/jenkins_home/workspace/Guruttava-E2E-Tests/downloads
===== Test Teardown Completed =====
| FAIL |
WebDriverException: Message: Service /var/jenkins_home/.cache/selenium/chromedriver/linux64/144.0.7559.96/chromedriver unexpectedly exited. Status code was: 127
------------------------------------------------------------------------------
Validate mobile app does not show deleted Podcast tracks :: Valida... ===== Starting Test Setup =====
===== Test Setup Completed =====
ğŸ¯ Generated E2E Test Data:
ğŸ¯ Category: PodcastCategory_7470
ğŸ¯ SubCategory: Podcast_SubCategory_7470
ğŸ¯ Audio Track: Podcast_Track_7470
ğŸ¯ Speaker: E2E_Speaker_7470
ğŸŒ Opening web browser: chrome
ğŸ”— Navigating to: https://gurutattvacmsnewdev.rysun.in:9090/
===== Starting Test Teardown =====
âœ… Mobile screenshot captured: /var/jenkins_home/workspace/Guruttava-E2E-Tests/results/Screenshot/Validate_mobile_app_does_not_show_deleted_Podcast_tracks_20260122_141852.png
âš ï¸ Mobile screenshot capture failed, capturing web screenshot...
âœ… Screenshot captured: /var/jenkins_home/workspace/Guruttava-E2E-Tests/results/Screenshot/Validate_mobile_app_does_not_show_deleted_Podcast_tracks_20260122_141852.png
===== Closing Gurutattva App =====
âš ï¸ Graceful termination failed, using force stop
âš ï¸ Mobile session close had issues
===== Gurutattva App Closed =====
ğŸ—‘ï¸ Cleared download directory: /var/jenkins_home/workspace/Guruttava-E2E-Tests/downloads
===== Test Teardown Completed =====
| FAIL |
WebDriverException: Message: Service /var/jenkins_home/.cache/selenium/chromedriver/linux64/144.0.7559.96/chromedriver unexpectedly exited. Status code was: 127
------------------------------------------------------------------------------
Validate mobile app does not show deleted Music tracks :: Validate... ===== Starting Test Setup =====
===== Test Setup Completed =====
ğŸ¯ Generated E2E Test Data:
ğŸ¯ Category: E2E_Category_1030
ğŸ¯ SubCategory: E2E_SubCategory_1030
ğŸ¯ Audio Track: E2E_Track_1030
ğŸ¯ Author: E2E_Author_1030
ğŸŒ Opening web browser: chrome
ğŸ”— Navigating to: https://gurutattvacmsnewdev.rysun.in:9090/
===== Starting Test Teardown =====
âœ… Mobile screenshot captured: /var/jenkins_home/workspace/Guruttava-E2E-Tests/results/Screenshot/Validate_mobile_app_does_not_show_deleted_Music_tracks_20260122_141908.png
âš ï¸ Mobile screenshot capture failed, capturing web screenshot...
âœ… Screenshot captured: /var/jenkins_home/workspace/Guruttava-E2E-Tests/results/Screenshot/Validate_mobile_app_does_not_show_deleted_Music_tracks_20260122_141908.png
===== Closing Gurutattva App =====
âš ï¸ Graceful termination failed, using force stop
âš ï¸ Mobile session close had issues
===== Gurutattva App Closed =====
ğŸ—‘ï¸ Cleared download directory: /var/jenkins_home/workspace/Guruttava-E2E-Tests/downloads
===== Test Teardown Completed =====
| FAIL |
WebDriverException: Message: Service /var/jenkins_home/.cache/selenium/chromedriver/linux64/144.0.7559.96/chromedriver unexpectedly exited. Status code was: 127
------------------------------------------------------------------------------
Validate Editing and Publishing of Music Track in Web CMS and Veri... ===== Starting Test Setup =====
===== Test Setup Completed =====
ğŸ¯ Generated E2E Test Data:
ğŸ¯ Category: E2E_Category_7793
ğŸ¯ SubCategory: E2E_SubCategory_7793
ğŸ¯ Audio Track: E2E_Track_7793
ğŸ¯ Author: E2E_Author_7793
ğŸŒ Opening web browser: chrome
ğŸ”— Navigating to: https://gurutattvacmsnewdev.rysun.in:9090/
===== Starting Test Teardown =====
âœ… Mobile screenshot captured: /var/jenkins_home/workspace/Guruttava-E2E-Tests/results/Screenshot/Validate_Editing_and_Publishing_of_Music_Track_in_Web_CMS_and_Verify_in_Mobile_App_20260122_141930.png
âš ï¸ Mobile screenshot capture failed, capturing web screenshot...
âœ… Screenshot captured: /var/jenkins_home/workspace/Guruttava-E2E-Tests/results/Screenshot/Validate_Editing_and_Publishing_of_Music_Track_in_Web_CMS_and_Verify_in_Mobile_App_20260122_141930.png
===== Closing Gurutattva App =====
âš ï¸ Graceful termination failed, using force stop
âš ï¸ Mobile session close had issues
===== Gurutattva App Closed =====
ğŸ—‘ï¸ Cleared download directory: /var/jenkins_home/workspace/Guruttava-E2E-Tests/downloads
===== Test Teardown Completed =====
| FAIL |
WebDriverException: Message: Service /var/jenkins_home/.cache/selenium/chromedriver/linux64/144.0.7559.96/chromedriver unexpectedly exited. Status code was: 127
------------------------------------------------------------------------------
Validate Editing and Publishing of Podcast Track in Web CMS and Ve... ===== Starting Test Setup =====
===== Test Setup Completed =====
ğŸ¯ Generated E2E Test Data:
ğŸ¯ Category: PodcastCategory_5757
ğŸ¯ SubCategory: Podcast_SubCategory_5757
ğŸ¯ Audio Track: Podcast_Track_5757
ğŸ¯ Speaker: E2E_Speaker_5757
ğŸŒ Opening web browser: chrome
ğŸ”— Navigating to: https://gurutattvacmsnewdev.rysun.in:9090/
===== Starting Test Teardown =====
âœ… Mobile screenshot captured: /var/jenkins_home/workspace/Guruttava-E2E-Tests/results/Screenshot/Validate_Editing_and_Publishing_of_Podcast_Track_in_Web_CMS_and_Verify_in_Mobile_App_20260122_141952.png
âš ï¸ Mobile screenshot capture failed, capturing web screenshot...
âœ… Screenshot captured: /var/jenkins_home/workspace/Guruttava-E2E-Tests/results/Screenshot/Validate_Editing_and_Publishing_of_Podcast_Track_in_Web_CMS_and_Verify_in_Mobile_App_20260122_141952.png
===== Closing Gurutattva App =====
âš ï¸ Graceful termination failed, using force stop
âš ï¸ Mobile session close had issues
===== Gurutattva App Closed =====
ğŸ—‘ï¸ Cleared download directory: /var/jenkins_home/workspace/Guruttava-E2E-Tests/downloads
===== Test Teardown Completed =====
| FAIL |
WebDriverException: Message: Service /var/jenkins_home/.cache/selenium/chromedriver/linux64/144.0.7559.96/chromedriver unexpectedly exited. Status code was: 127
------------------------------------------------------------------------------
Delete Music Track And Verify Removal From Mobile App :: Delete a ... ===== Starting Test Setup =====
===== Test Setup Completed =====
ğŸ¯ Generated E2E Test Data:
ğŸ¯ Category: E2E_Category_5453
ğŸ¯ SubCategory: E2E_SubCategory_5453
ğŸ¯ Audio Track: E2E_Track_5453
ğŸ¯ Author: E2E_Author_5453
ğŸŒ Opening web browser: chrome
ğŸ”— Navigating to: https://gurutattvacmsnewdev.rysun.in:9090/
===== Starting Test Teardown =====
âœ… Mobile screenshot captured: /var/jenkins_home/workspace/Guruttava-E2E-Tests/results/Screenshot/Delete_Music_Track_And_Verify_Removal_From_Mobile_App_20260122_142010.png
âš ï¸ Mobile screenshot capture failed, capturing web screenshot...
âœ… Screenshot captured: /var/jenkins_home/workspace/Guruttava-E2E-Tests/results/Screenshot/Delete_Music_Track_And_Verify_Removal_From_Mobile_App_20260122_142010.png
===== Closing Gurutattva App =====
âš ï¸ Graceful termination failed, using force stop
âš ï¸ Mobile session close had issues
===== Gurutattva App Closed =====
ğŸ—‘ï¸ Cleared download directory: /var/jenkins_home/workspace/Guruttava-E2E-Tests/downloads
===== Test Teardown Completed =====
| FAIL |
WebDriverException: Message: Service /var/jenkins_home/.cache/selenium/chromedriver/linux64/144.0.7559.96/chromedriver unexpectedly exited. Status code was: 127
------------------------------------------------------------------------------
Delete Podcast Track And Verify Removal From Mobile App :: Delete ... ===== Starting Test Setup =====
===== Test Setup Completed =====
ğŸ¯ Generated E2E Test Data:
ğŸ¯ Category: PodcastCategory_8779
ğŸ¯ SubCategory: Podcast_SubCategory_8779
ğŸ¯ Audio Track: Podcast_Track_8779
ğŸ¯ Speaker: E2E_Speaker_8779
ğŸŒ Opening web browser: chrome
ğŸ”— Navigating to: https://gurutattvacmsnewdev.rysun.in:9090/
===== Starting Test Teardown =====
âœ… Mobile screenshot captured: /var/jenkins_home/workspace/Guruttava-E2E-Tests/results/Screenshot/Delete_Podcast_Track_And_Verify_Removal_From_Mobile_App_20260122_142027.png
âš ï¸ Mobile screenshot capture failed, capturing web screenshot...
âœ… Screenshot captured: /var/jenkins_home/workspace/Guruttava-E2E-Tests/results/Screenshot/Delete_Podcast_Track_And_Verify_Removal_From_Mobile_App_20260122_142027.png
===== Closing Gurutattva App =====
âš ï¸ Graceful termination failed, using force stop
âš ï¸ Mobile session close had issues
===== Gurutattva App Closed =====
ğŸ—‘ï¸ Cleared download directory: /var/jenkins_home/workspace/Guruttava-E2E-Tests/downloads
===== Test Teardown Completed =====
| FAIL |
WebDriverException: Message: Service /var/jenkins_home/.cache/selenium/chromedriver/linux64/144.0.7559.96/chromedriver unexpectedly exited. Status code was: 127
------------------------------------------------------------------------------
Add Music Track With Same Track And Thumbnail For Both Languages :... ===== Starting Test Setup =====
===== Test Setup Completed =====
ğŸ¯ Generated E2E Test Data:
ğŸ¯ Category: E2E_Category_2903
ğŸ¯ SubCategory: E2E_SubCategory_2903
ğŸ¯ Audio Track: E2E_Track_2903
ğŸ¯ Author: E2E_Author_2903
ğŸŒ Opening web browser: chrome
ğŸ”— Navigating to: https://gurutattvacmsnewdev.rysun.in:9090/
===== Starting Test Teardown =====
âœ… Mobile screenshot captured: /var/jenkins_home/workspace/Guruttava-E2E-Tests/results/Screenshot/Add_Music_Track_With_Same_Track_And_Thumbnail_For_Both_Languages_20260122_142055.png
âš ï¸ Mobile screenshot capture failed, capturing web screenshot...
âœ… Screenshot captured: /var/jenkins_home/workspace/Guruttava-E2E-Tests/results/Screenshot/Add_Music_Track_With_Same_Track_And_Thumbnail_For_Both_Languages_20260122_142055.png
===== Closing Gurutattva App =====
âš ï¸ Graceful termination failed, using force stop
âš ï¸ Mobile session close had issues
===== Gurutattva App Closed =====
ğŸ—‘ï¸ Cleared download directory: /var/jenkins_home/workspace/Guruttava-E2E-Tests/downloads
===== Test Teardown Completed =====
| FAIL |
WebDriverException: Message: Service /var/jenkins_home/.cache/selenium/chromedriver/linux64/144.0.7559.96/chromedriver unexpectedly exited. Status code was: 127
------------------------------------------------------------------------------
Add Podcast Track With Same Track And Thumbnail For Both Languages... ===== Starting Test Setup =====
===== Test Setup Completed =====
ğŸ¯ Generated E2E Test Data:
ğŸ¯ Category: PodcastCategory_9168
ğŸ¯ SubCategory: Podcast_SubCategory_9168
ğŸ¯ Audio Track: Podcast_Track_9168
ğŸ¯ Speaker: E2E_Speaker_9168
ğŸŒ Opening web browser: chrome
ğŸ”— Navigating to: https://gurutattvacmsnewdev.rysun.in:9090/
===== Starting Test Teardown =====
âœ… Mobile screenshot captured: /var/jenkins_home/workspace/Guruttava-E2E-Tests/results/Screenshot/Add_Podcast_Track_With_Same_Track_And_Thumbnail_For_Both_Languages_20260122_142117.png
âš ï¸ Mobile screenshot capture failed, capturing web screenshot...
âœ… Screenshot captured: /var/jenkins_home/workspace/Guruttava-E2E-Tests/results/Screenshot/Add_Podcast_Track_With_Same_Track_And_Thumbnail_For_Both_Languages_20260122_142117.png
===== Closing Gurutattva App =====
âš ï¸ Graceful termination failed, using force stop
âš ï¸ Mobile session close had issues
===== Gurutattva App Closed =====
ğŸ—‘ï¸ Cleared download directory: /var/jenkins_home/workspace/Guruttava-E2E-Tests/downloads
===== Test Teardown Completed =====
| FAIL |
WebDriverException: Message: Service /var/jenkins_home/.cache/selenium/chromedriver/linux64/144.0.7559.96/chromedriver unexpectedly exited. Status code was: 127
------------------------------------------------------------------------------
Add Music Track Without Author :: NEGATIVE TEST: Verify that music... ===== Starting Test Setup =====
===== Test Setup Completed =====
ğŸ¯ Generated E2E Test Data:
ğŸ¯ Category: E2E_Category_2776
ğŸ¯ SubCategory: E2E_SubCategory_2776
ğŸ¯ Audio Track: E2E_Track_2776
ğŸ¯ Author: E2E_Author_2776
ğŸŒ Opening web browser: chrome
ğŸ”— Navigating to: https://gurutattvacmsnewdev.rysun.in:9090/
===== Starting Test Teardown =====
âœ… Mobile screenshot captured: /var/jenkins_home/workspace/Guruttava-E2E-Tests/results/Screenshot/Add_Music_Track_Without_Author_20260122_142136.png
âš ï¸ Mobile screenshot capture failed, capturing web screenshot...
âœ… Screenshot captured: /var/jenkins_home/workspace/Guruttava-E2E-Tests/results/Screenshot/Add_Music_Track_Without_Author_20260122_142136.png
===== Closing Gurutattva App =====
âš ï¸ Graceful termination failed, using force stop
âš ï¸ Mobile session close had issues
===== Gurutattva App Closed =====
ğŸ—‘ï¸ Cleared download directory: /var/jenkins_home/workspace/Guruttava-E2E-Tests/downloads
===== Test Teardown Completed =====
| FAIL |
WebDriverException: Message: Service /var/jenkins_home/.cache/selenium/chromedriver/linux64/144.0.7559.96/chromedriver unexpectedly exited. Status code was: 127
------------------------------------------------------------------------------
Add Podcast Track Without Speaker Should not be allowed :: Attempt... ===== Starting Test Setup =====
===== Test Setup Completed =====
ğŸ¯ Generated E2E Test Data:
ğŸ¯ Category: PodcastCategory_8283
ğŸ¯ SubCategory: Podcast_SubCategory_8283
ğŸ¯ Audio Track: Podcast_Track_8283
ğŸ¯ Speaker: E2E_Speaker_8283
ğŸŒ Opening web browser: chrome
ğŸ”— Navigating to: https://gurutattvacmsnewdev.rysun.in:9090/
===== Starting Test Teardown =====
âœ… Mobile screenshot captured: /var/jenkins_home/workspace/Guruttava-E2E-Tests/results/Screenshot/Add_Podcast_Track_Without_Speaker_Should_not_be_allowed_20260122_142149.png
âš ï¸ Mobile screenshot capture failed, capturing web screenshot...
âœ… Screenshot captured: /var/jenkins_home/workspace/Guruttava-E2E-Tests/results/Screenshot/Add_Podcast_Track_Without_Speaker_Should_not_be_allowed_20260122_142149.png
===== Closing Gurutattva App =====
âš ï¸ Graceful termination failed, using force stop
âš ï¸ Mobile session close had issues
===== Gurutattva App Closed =====
ğŸ—‘ï¸ Cleared download directory: /var/jenkins_home/workspace/Guruttava-E2E-Tests/downloads
===== Test Teardown Completed =====
| FAIL |
WebDriverException: Message: Service /var/jenkins_home/.cache/selenium/chromedriver/linux64/144.0.7559.96/chromedriver unexpectedly exited. Status code was: 127
------------------------------------------------------------------------------
Test Music Different Filter Functionality :: Test different filter... ===== Starting Test Setup =====
===== Test Setup Completed =====
ğŸŒ Opening web browser: chrome
ğŸ”— Navigating to: https://gurutattvacmsnewdev.rysun.in:9090/
===== Starting Test Teardown =====
âœ… Mobile screenshot captured: /var/jenkins_home/workspace/Guruttava-E2E-Tests/results/Screenshot/Test_Music_Different_Filter_Functionality_20260122_142214.png
âš ï¸ Mobile screenshot capture failed, capturing web screenshot...
âœ… Screenshot captured: /var/jenkins_home/workspace/Guruttava-E2E-Tests/results/Screenshot/Test_Music_Different_Filter_Functionality_20260122_142214.png
===== Closing Gurutattva App =====
âš ï¸ Graceful termination failed, using force stop
âš ï¸ Mobile session close had issues
===== Gurutattva App Closed =====
ğŸ—‘ï¸ Cleared download directory: /var/jenkins_home/workspace/Guruttava-E2E-Tests/downloads
===== Test Teardown Completed =====
| FAIL |
WebDriverException: Message: Service /var/jenkins_home/.cache/selenium/chromedriver/linux64/144.0.7559.96/chromedriver unexpectedly exited. Status code was: 127
------------------------------------------------------------------------------
Test Podcast Different Filter Functionality :: Test different filt... ===== Starting Test Setup =====
===== Test Setup Completed =====
ğŸŒ Opening web browser: chrome
ğŸ”— Navigating to: https://gurutattvacmsnewdev.rysun.in:9090/
===== Starting Test Teardown =====
âœ… Mobile screenshot captured: /var/jenkins_home/workspace/Guruttava-E2E-Tests/results/Screenshot/Test_Podcast_Different_Filter_Functionality_20260122_142230.png
âš ï¸ Mobile screenshot capture failed, capturing web screenshot...
âœ… Screenshot captured: /var/jenkins_home/workspace/Guruttava-E2E-Tests/results/Screenshot/Test_Podcast_Different_Filter_Functionality_20260122_142230.png
===== Closing Gurutattva App =====
âš ï¸ Graceful termination failed, using force stop
âš ï¸ Mobile session close had issues
===== Gurutattva App Closed =====
ğŸ—‘ï¸ Cleared download directory: /var/jenkins_home/workspace/Guruttava-E2E-Tests/downloads
===== Test Teardown Completed =====
| FAIL |
WebDriverException: Message: Service /var/jenkins_home/.cache/selenium/chromedriver/linux64/144.0.7559.96/chromedriver unexpectedly exited. Status code was: 127
------------------------------------------------------------------------------
Test Music Management Refresh Button Functionality :: Test refresh... ===== Starting Test Setup =====
===== Test Setup Completed =====
ğŸŒ Opening web browser: chrome
ğŸ”— Navigating to: https://gurutattvacmsnewdev.rysun.in:9090/
===== Starting Test Teardown =====
âœ… Mobile screenshot captured: /var/jenkins_home/workspace/Guruttava-E2E-Tests/results/Screenshot/Test_Music_Management_Refresh_Button_Functionality_20260122_142247.png
âš ï¸ Mobile screenshot capture failed, capturing web screenshot...
âœ… Screenshot captured: /var/jenkins_home/workspace/Guruttava-E2E-Tests/results/Screenshot/Test_Music_Management_Refresh_Button_Functionality_20260122_142247.png
===== Closing Gurutattva App =====
âš ï¸ Graceful termination failed, using force stop
âš ï¸ Mobile session close had issues
===== Gurutattva App Closed =====
ğŸ—‘ï¸ Cleared download directory: /var/jenkins_home/workspace/Guruttava-E2E-Tests/downloads
===== Test Teardown Completed =====
| FAIL |
WebDriverException: Message: Service /var/jenkins_home/.cache/selenium/chromedriver/linux64/144.0.7559.96/chromedriver unexpectedly exited. Status code was: 127
------------------------------------------------------------------------------
Test Podcast Management Refresh Button Functionality :: Test refre... ===== Starting Test Setup =====
===== Test Setup Completed =====
ğŸŒ Opening web browser: chrome
ğŸ”— Navigating to: https://gurutattvacmsnewdev.rysun.in:9090/
===== Starting Test Teardown =====
âœ… Mobile screenshot captured: /var/jenkins_home/workspace/Guruttava-E2E-Tests/results/Screenshot/Test_Podcast_Management_Refresh_Button_Functionality_20260122_142303.png
âš ï¸ Mobile screenshot capture failed, capturing web screenshot...
âœ… Screenshot captured: /var/jenkins_home/workspace/Guruttava-E2E-Tests/results/Screenshot/Test_Podcast_Management_Refresh_Button_Functionality_20260122_142303.png
===== Closing Gurutattva App =====
âš ï¸ Graceful termination failed, using force stop
âš ï¸ Mobile session close had issues
===== Gurutattva App Closed =====
ğŸ—‘ï¸ Cleared download directory: /var/jenkins_home/workspace/Guruttava-E2E-Tests/downloads
===== Test Teardown Completed =====
| FAIL |
WebDriverException: Message: Service /var/jenkins_home/.cache/selenium/chromedriver/linux64/144.0.7559.96/chromedriver unexpectedly exited. Status code was: 127
------------------------------------------------------------------------------
Test Multiple Music Tracks Same Category Same Subcategory :: Add 4... ===== Starting Test Setup =====
===== Test Setup Completed =====
ğŸ¯ Generated E2E Test Data:
ğŸ¯ Category: E2E_Category_3104
ğŸ¯ SubCategory: E2E_SubCategory_3104
ğŸ¯ Audio Track: E2E_Track_3104
ğŸ¯ Author: E2E_Author_3104
ğŸŒ Opening web browser: chrome
ğŸ”— Navigating to: https://gurutattvacmsnewdev.rysun.in:9090/
===== Starting Test Teardown =====
âœ… Mobile screenshot captured: /var/jenkins_home/workspace/Guruttava-E2E-Tests/results/Screenshot/Test_Multiple_Music_Tracks_Same_Category_Same_Subcategory_20260122_142322.png
âš ï¸ Mobile screenshot capture failed, capturing web screenshot...
âœ… Screenshot captured: /var/jenkins_home/workspace/Guruttava-E2E-Tests/results/Screenshot/Test_Multiple_Music_Tracks_Same_Category_Same_Subcategory_20260122_142322.png
===== Closing Gurutattva App =====
âš ï¸ Graceful termination failed, using force stop
âš ï¸ Mobile session close had issues
===== Gurutattva App Closed =====
ğŸ—‘ï¸ Cleared download directory: /var/jenkins_home/workspace/Guruttava-E2E-Tests/downloads
===== Test Teardown Completed =====
| FAIL |
WebDriverException: Message: Service /var/jenkins_home/.cache/selenium/chromedriver/linux64/144.0.7559.96/chromedriver unexpectedly exited. Status code was: 127
------------------------------------------------------------------------------
Add Audio in English language only :: Add an audio track using Eng... ===== Starting Test Setup =====
===== Test Setup Completed =====
ğŸ¯ Generated E2E Test Data:
ğŸ¯ Category: E2E_Category_3335
ğŸ¯ SubCategory: E2E_SubCategory_3335
ğŸ¯ Audio Track: E2E_Track_3335
ğŸ¯ Author: E2E_Author_3335
ğŸŒ Opening web browser: chrome
ğŸ”— Navigating to: https://gurutattvacmsnewdev.rysun.in:9090/
===== Starting Test Teardown =====
âœ… Mobile screenshot captured: /var/jenkins_home/workspace/Guruttava-E2E-Tests/results/Screenshot/Add_Audio_in_English_language_only_20260122_142338.png
âš ï¸ Mobile screenshot capture failed, capturing web screenshot...
âœ… Screenshot captured: /var/jenkins_home/workspace/Guruttava-E2E-Tests/results/Screenshot/Add_Audio_in_English_language_only_20260122_142338.png
===== Closing Gurutattva App =====
âš ï¸ Graceful termination failed, using force stop
âš ï¸ Mobile session close had issues
===== Gurutattva App Closed =====
ğŸ—‘ï¸ Cleared download directory: /var/jenkins_home/workspace/Guruttava-E2E-Tests/downloads
===== Test Teardown Completed =====
| FAIL |
WebDriverException: Message: Service /var/jenkins_home/.cache/selenium/chromedriver/linux64/144.0.7559.96/chromedriver unexpectedly exited. Status code was: 127
------------------------------------------------------------------------------
Guruttava_Android_E2E_Tests.E2EAudio                                  | FAIL |
20 tests, 0 passed, 20 failed
==============================================================================
Guruttava_Android_E2E_Tests.E2EDhyankendra                                    
==============================================================================
Test Dhyankendra Different Filter Functionality :: Test different ... ===== Starting Test Setup =====
===== Test Setup Completed =====
ğŸŒ Opening web browser: chrome
ğŸ”— Navigating to: https://gurutattvacmsnewdev.rysun.in:9090/
===== Starting Test Teardown =====
âœ… Mobile screenshot captured: /var/jenkins_home/workspace/Guruttava-E2E-Tests/results/Screenshot/Test_Dhyankendra_Different_Filter_Functionality_20260122_142403.png
âš ï¸ Mobile screenshot capture failed, capturing web screenshot...
âœ… Screenshot captured: /var/jenkins_home/workspace/Guruttava-E2E-Tests/results/Screenshot/Test_Dhyankendra_Different_Filter_Functionality_20260122_142403.png
===== Closing Gurutattva App =====
âš ï¸ Graceful termination failed, using force stop
âš ï¸ Mobile session close had issues
===== Gurutattva App Closed =====
ğŸ—‘ï¸ Cleared download directory: /var/jenkins_home/workspace/Guruttava-E2E-Tests/downloads
===== Test Teardown Completed =====
| FAIL |
WebDriverException: Message: Service /var/jenkins_home/.cache/selenium/chromedriver/linux64/144.0.7559.96/chromedriver unexpectedly exited. Status code was: 127
------------------------------------------------------------------------------
Test Dhyankendra Management Refresh Button Functionality :: Test r... ===== Starting Test Setup =====
===== Test Setup Completed =====
ğŸŒ Opening web browser: chrome
ğŸ”— Navigating to: https://gurutattvacmsnewdev.rysun.in:9090/
===== Starting Test Teardown =====
âœ… Mobile screenshot captured: /var/jenkins_home/workspace/Guruttava-E2E-Tests/results/Screenshot/Test_Dhyankendra_Management_Refresh_Button_Functionality_20260122_142420.png
âš ï¸ Mobile screenshot capture failed, capturing web screenshot...
âœ… Screenshot captured: /var/jenkins_home/workspace/Guruttava-E2E-Tests/results/Screenshot/Test_Dhyankendra_Management_Refresh_Button_Functionality_20260122_142420.png
===== Closing Gurutattva App =====
âš ï¸ Graceful termination failed, using force stop
âš ï¸ Mobile session close had issues
===== Gurutattva App Closed =====
ğŸ—‘ï¸ Cleared download directory: /var/jenkins_home/workspace/Guruttava-E2E-Tests/downloads
===== Test Teardown Completed =====
| FAIL |
WebDriverException: Message: Service /var/jenkins_home/.cache/selenium/chromedriver/linux64/144.0.7559.96/chromedriver unexpectedly exited. Status code was: 127
------------------------------------------------------------------------------
Sanchalak login to CMS application and as per the role and rights ... ===== Starting Test Setup =====
===== Test Setup Completed =====
ğŸŒ Opening web browser: chrome
ğŸ”— Navigating to: https://gurutattvacmsnewdev.rysun.in:9090/
===== Starting Test Teardown =====
âœ… Mobile screenshot captured: /var/jenkins_home/workspace/Guruttava-E2E-Tests/results/Screenshot/Sanchalak_login_to_CMS_application_and_as_per_the_role_and_rights_it_should_have_access_to_left_menu__News,_Event,_Dhyankendra_added_by_own,_Dhyansthali_20260122_142438.png
âš ï¸ Mobile screenshot capture failed, capturing web screenshot...
âœ… Screenshot captured: /var/jenkins_home/workspace/Guruttava-E2E-Tests/results/Screenshot/Sanchalak_login_to_CMS_application_and_as_per_the_role_and_rights_it_should_have_access_to_left_menu__News,_Event,_Dhyankendra_added_by_own,_Dhyansthali_20260122_142438.png
===== Closing Gurutattva App =====
âš ï¸ Graceful termination failed, using force stop
âš ï¸ Mobile session close had issues
===== Gurutattva App Closed =====
ğŸ—‘ï¸ Cleared download directory: /var/jenkins_home/workspace/Guruttava-E2E-Tests/downloads
===== Test Teardown Completed =====
| FAIL |
WebDriverException: Message: Service /var/jenkins_home/.cache/selenium/chromedriver/linux64/144.0.7559.96/chromedriver unexpectedly exited. Status code was: 127
------------------------------------------------------------------------------
Login from Mobile as Sadhak and register for Dhyankendra. Compare ... ===== Starting Test Setup =====
===== Test Setup Completed =====
Generated Test Data for Center Name:
Center Name: E2E_Center_Name_691
Email: e2euser.691@test.com
Mobile: 9188773691
Full Address: E2E_Full_Address_691
===== Opening Gurutattva App =====
[ WARN ] Retrying (Retry(total=2, connect=None, read=None, redirect=None, status=None)) after connection broken by 'NewConnectionError('<urllib3.connection.HTTPConnection object at 0x78b043c6cd70>: Failed to establish a new connection: [Errno 111] Connection refused')': /session
[ WARN ] Retrying (Retry(total=1, connect=None, read=None, redirect=None, status=None)) after connection broken by 'NewConnectionError('<urllib3.connection.HTTPConnection object at 0x78b043c33250>: Failed to establish a new connection: [Errno 111] Connection refused')': /session
[ WARN ] Retrying (Retry(total=0, connect=None, read=None, redirect=None, status=None)) after connection broken by 'NewConnectionError('<urllib3.connection.HTTPConnection object at 0x78b043c33610>: Failed to establish a new connection: [Errno 111] Connection refused')': /session
===== Starting Test Teardown =====
âœ… Mobile screenshot captured: /var/jenkins_home/workspace/Guruttava-E2E-Tests/results/Screenshot/Login_from_Mobile_as_Sadhak_and_register_for_Dhyankendra__Compare_all_the_fields_of_Mobile_with_CMS__20260122_142452.png
âš ï¸ Mobile screenshot capture failed, capturing web screenshot...
âœ… Screenshot captured: /var/jenkins_home/workspace/Guruttava-E2E-Tests/results/Screenshot/Login_from_Mobile_as_Sadhak_and_register_for_Dhyankendra__Compare_all_the_fields_of_Mobile_with_CMS__20260122_142452.png
===== Closing Gurutattva App =====
âš ï¸ Graceful termination failed, using force stop
âš ï¸ Mobile session close had issues
===== Gurutattva App Closed =====
ğŸ—‘ï¸ Cleared download directory: /var/jenkins_home/workspace/Guruttava-E2E-Tests/downloads
===== Test Teardown Completed =====
| FAIL |
MaxRetryError: HTTPConnectionPool(host='localhost', port=4723): Max retries exceeded with url: /session (Caused by NewConnectionError('<urllib3.connection.HTTPConnection object at 0x78b043b0f100>: Failed to establish a new connection: [Errno 111] Connection refused'))
------------------------------------------------------------------------------
Sanchalak edits any field of Dhyankendra. Super Admin/ Acharya app... ===== Starting Test Setup =====
===== Test Setup Completed =====
Generated Test Data for Center Name:
Center Name: E2E_Center_Name_724
Email: e2euser.724@test.com
Mobile: 9188773724
Full Address: E2E_Full_Address_724
===== Opening Gurutattva App =====
[ WARN ] Retrying (Retry(total=2, connect=None, read=None, redirect=None, status=None)) after connection broken by 'NewConnectionError('<urllib3.connection.HTTPConnection object at 0x78b043b0fa80>: Failed to establish a new connection: [Errno 111] Connection refused')': /session
[ WARN ] Retrying (Retry(total=1, connect=None, read=None, redirect=None, status=None)) after connection broken by 'NewConnectionError('<urllib3.connection.HTTPConnection object at 0x78b04355e7b0>: Failed to establish a new connection: [Errno 111] Connection refused')': /session
[ WARN ] Retrying (Retry(total=0, connect=None, read=None, redirect=None, status=None)) after connection broken by 'NewConnectionError('<urllib3.connection.HTTPConnection object at 0x78b0435bcc00>: Failed to establish a new connection: [Errno 111] Connection refused')': /session
===== Starting Test Teardown =====
âœ… Mobile screenshot captured: /var/jenkins_home/workspace/Guruttava-E2E-Tests/results/Screenshot/Sanchalak_edits_any_field_of_Dhyankendra__Super_Admin/_Acharya_approves_the_changes_requeted__Check_refleciton_in_Mobile_app__20260122_142505.png
âš ï¸ Mobile screenshot capture failed, capturing web screenshot...
âœ… Screenshot captured: /var/jenkins_home/workspace/Guruttava-E2E-Tests/results/Screenshot/Sanchalak_edits_any_field_of_Dhyankendra__Super_Admin/_Acharya_approves_the_changes_requeted__Check_refleciton_in_Mobile_app__20260122_142505.png
===== Closing Gurutattva App =====
âš ï¸ Graceful termination failed, using force stop
âš ï¸ Mobile session close had issues
===== Gurutattva App Closed =====
ğŸ—‘ï¸ Cleared download directory: /var/jenkins_home/workspace/Guruttava-E2E-Tests/downloads
===== Test Teardown Completed =====
| FAIL |
MaxRetryError: HTTPConnectionPool(host='localhost', port=4723): Max retries exceeded with url: /session (Caused by NewConnectionError('<urllib3.connection.HTTPConnection object at 0x78b0435bef10>: Failed to establish a new connection: [Errno 111] Connection refused'))
------------------------------------------------------------------------------
Change the Primary Sanchalak from Dhyankendra and add other sanchalak ===== Starting Test Setup =====
===== Test Setup Completed =====
ğŸŒ Opening web browser: chrome
ğŸ”— Navigating to: https://gurutattvacmsnewdev.rysun.in:9090/
===== Starting Test Teardown =====
âœ… Mobile screenshot captured: /var/jenkins_home/workspace/Guruttava-E2E-Tests/results/Screenshot/Change_the_Primary_Sanchalak_from_Dhyankendra_and_add_other_sanchalak_20260122_142531.png
âš ï¸ Mobile screenshot capture failed, capturing web screenshot...
âœ… Screenshot captured: /var/jenkins_home/workspace/Guruttava-E2E-Tests/results/Screenshot/Change_the_Primary_Sanchalak_from_Dhyankendra_and_add_other_sanchalak_20260122_142531.png
===== Closing Gurutattva App =====
âš ï¸ Graceful termination failed, using force stop
âš ï¸ Mobile session close had issues
===== Gurutattva App Closed =====
ğŸ—‘ï¸ Cleared download directory: /var/jenkins_home/workspace/Guruttava-E2E-Tests/downloads
===== Test Teardown Completed =====
| FAIL |
WebDriverException: Message: Service /var/jenkins_home/.cache/selenium/chromedriver/linux64/144.0.7559.96/chromedriver unexpectedly exited. Status code was: 127
------------------------------------------------------------------------------
Sanchalak edits any field of Dhyankendra. Super Admin/ Acharya Rej... ===== Starting Test Setup =====
===== Test Setup Completed =====
Generated Test Data for Center Name:
Center Name: E2E_Center_Name_380
Email: e2euser.380@test.com
Mobile: 9188773380
Full Address: E2E_Full_Address_380
===== Opening Gurutattva App =====
[ WARN ] Retrying (Retry(total=2, connect=None, read=None, redirect=None, status=None)) after connection broken by 'NewConnectionError('<urllib3.connection.HTTPConnection object at 0x78b0435bcf30>: Failed to establish a new connection: [Errno 111] Connection refused')': /session
[ WARN ] Retrying (Retry(total=1, connect=None, read=None, redirect=None, status=None)) after connection broken by 'NewConnectionError('<urllib3.connection.HTTPConnection object at 0x78b0435bce20>: Failed to establish a new connection: [Errno 111] Connection refused')': /session
[ WARN ] Retrying (Retry(total=0, connect=None, read=None, redirect=None, status=None)) after connection broken by 'NewConnectionError('<urllib3.connection.HTTPConnection object at 0x78b043cb1ae0>: Failed to establish a new connection: [Errno 111] Connection refused')': /session
===== Starting Test Teardown =====
âœ… Mobile screenshot captured: /var/jenkins_home/workspace/Guruttava-E2E-Tests/results/Screenshot/Sanchalak_edits_any_field_of_Dhyankendra__Super_Admin/_Acharya_Rejectes_the_changes_requeted__check_reflection_in_mobile_app__20260122_142544.png
âš ï¸ Mobile screenshot capture failed, capturing web screenshot...
âœ… Screenshot captured: /var/jenkins_home/workspace/Guruttava-E2E-Tests/results/Screenshot/Sanchalak_edits_any_field_of_Dhyankendra__Super_Admin/_Acharya_Rejectes_the_changes_requeted__check_reflection_in_mobile_app__20260122_142544.png
===== Closing Gurutattva App =====
âš ï¸ Graceful termination failed, using force stop
âš ï¸ Mobile session close had issues
===== Gurutattva App Closed =====
ğŸ—‘ï¸ Cleared download directory: /var/jenkins_home/workspace/Guruttava-E2E-Tests/downloads
===== Test Teardown Completed =====
| FAIL |
MaxRetryError: HTTPConnectionPool(host='localhost', port=4723): Max retries exceeded with url: /session (Caused by NewConnectionError('<urllib3.connection.HTTPConnection object at 0x78b043cb0e20>: Failed to establish a new connection: [Errno 111] Connection refused'))
------------------------------------------------------------------------------
Super Admin changes Sanchalak1 of TC67's Dhyankendra to free Vaishali ===== Starting Test Setup =====
===== Test Setup Completed =====
ğŸŒ Opening web browser: chrome
ğŸ”— Navigating to: https://gurutattvacmsnewdev.rysun.in:9090/
===== Starting Test Teardown =====
âœ… Mobile screenshot captured: /var/jenkins_home/workspace/Guruttava-E2E-Tests/results/Screenshot/Super_Admin_changes_Sanchalak1_of_TC67's_Dhyankendra_to_free_Vaishali_20260122_142601.png
âš ï¸ Mobile screenshot capture failed, capturing web screenshot...
âœ… Screenshot captured: /var/jenkins_home/workspace/Guruttava-E2E-Tests/results/Screenshot/Super_Admin_changes_Sanchalak1_of_TC67's_Dhyankendra_to_free_Vaishali_20260122_142601.png
===== Closing Gurutattva App =====
âš ï¸ Graceful termination failed, using force stop
âš ï¸ Mobile session close had issues
===== Gurutattva App Closed =====
ğŸ—‘ï¸ Cleared download directory: /var/jenkins_home/workspace/Guruttava-E2E-Tests/downloads
===== Test Teardown Completed =====
| FAIL |
WebDriverException: Message: Service /var/jenkins_home/.cache/selenium/chromedriver/linux64/144.0.7559.96/chromedriver unexpectedly exited. Status code was: 127
------------------------------------------------------------------------------
Guruttava_Android_E2E_Tests.E2EDhyankendra                            | FAIL |
8 tests, 0 passed, 8 failed
==============================================================================
Guruttava_Android_E2E_Tests.E2EEvents                                         
==============================================================================
Verify the image upload validation in CMS for Events                  ===== Starting Test Setup =====
===== Test Setup Completed =====
ğŸŒ Opening web browser: chrome
ğŸ”— Navigating to: https://gurutattvacmsnewdev.rysun.in:9090/
===== Starting Test Teardown =====
âœ… Mobile screenshot captured: /var/jenkins_home/workspace/Guruttava-E2E-Tests/results/Screenshot/Verify_the_image_upload_validation_in_CMS_for_Events_20260122_142623.png
âš ï¸ Mobile screenshot capture failed, capturing web screenshot...
âœ… Screenshot captured: /var/jenkins_home/workspace/Guruttava-E2E-Tests/results/Screenshot/Verify_the_image_upload_validation_in_CMS_for_Events_20260122_142623.png
===== Closing Gurutattva App =====
âš ï¸ Graceful termination failed, using force stop
âš ï¸ Mobile session close had issues
===== Gurutattva App Closed =====
ğŸ—‘ï¸ Cleared download directory: /var/jenkins_home/workspace/Guruttava-E2E-Tests/downloads
===== Test Teardown Completed =====
| FAIL |
WebDriverException: Message: Service /var/jenkins_home/.cache/selenium/chromedriver/linux64/144.0.7559.96/chromedriver unexpectedly exited. Status code was: 127
------------------------------------------------------------------------------
Verify that user is not able to publish event when publish date is... ===== Starting Test Setup =====
===== Test Setup Completed =====
ğŸ¯ Generated E2E English Events Test Data:
ğŸ¯ Title: E2E English Events Title 9090
ğŸ¯ Description: E2E English Events Description 9090
ğŸ¯ Content: E2E English Events Content 9090. This is a test events content generated for automation testing purposes.
ğŸ¯ Publish Status: Publish
ğŸŒ Opening web browser: chrome
ğŸ”— Navigating to: https://gurutattvacmsnewdev.rysun.in:9090/
===== Starting Test Teardown =====
âœ… Mobile screenshot captured: /var/jenkins_home/workspace/Guruttava-E2E-Tests/results/Screenshot/Verify_that_user_is_not_able_to_publish_event_when_publish_date_is_selected_after_the_event_dates_20260122_142638.png
âš ï¸ Mobile screenshot capture failed, capturing web screenshot...
âœ… Screenshot captured: /var/jenkins_home/workspace/Guruttava-E2E-Tests/results/Screenshot/Verify_that_user_is_not_able_to_publish_event_when_publish_date_is_selected_after_the_event_dates_20260122_142638.png
===== Closing Gurutattva App =====
âš ï¸ Graceful termination failed, using force stop
âš ï¸ Mobile session close had issues
===== Gurutattva App Closed =====
ğŸ—‘ï¸ Cleared download directory: /var/jenkins_home/workspace/Guruttava-E2E-Tests/downloads
===== Test Teardown Completed =====
| FAIL |
WebDriverException: Message: Service /var/jenkins_home/.cache/selenium/chromedriver/linux64/144.0.7559.96/chromedriver unexpectedly exited. Status code was: 127
------------------------------------------------------------------------------
Verify that the user is able to add a English event, publish it in... ===== Starting Test Setup =====
===== Test Setup Completed =====
ğŸ¯ Generated E2E English Events Test Data:
ğŸ¯ Title: E2E English Events Title 8110
ğŸ¯ Description: E2E English Events Description 8110
ğŸ¯ Content: E2E English Events Content 8110. This is a test events content generated for automation testing purposes.
ğŸ¯ Publish Status: Publish
ğŸŒ Opening web browser: chrome
ğŸ”— Navigating to: https://gurutattvacmsnewdev.rysun.in:9090/
===== Starting Test Teardown =====
âœ… Mobile screenshot captured: /var/jenkins_home/workspace/Guruttava-E2E-Tests/results/Screenshot/Verify_that_the_user_is_able_to_add_a_English_event,_publish_it_in_the_CMS,_and_verify_the_english_event_details_on_the_mobile_app_20260122_142655.png
âš ï¸ Mobile screenshot capture failed, capturing web screenshot...
âœ… Screenshot captured: /var/jenkins_home/workspace/Guruttava-E2E-Tests/results/Screenshot/Verify_that_the_user_is_able_to_add_a_English_event,_publish_it_in_the_CMS,_and_verify_the_english_event_details_on_the_mobile_app_20260122_142655.png
===== Closing Gurutattva App =====
âš ï¸ Graceful termination failed, using force stop
âš ï¸ Mobile session close had issues
===== Gurutattva App Closed =====
ğŸ—‘ï¸ Cleared download directory: /var/jenkins_home/workspace/Guruttava-E2E-Tests/downloads
===== Test Teardown Completed =====
| FAIL |
WebDriverException: Message: Service /var/jenkins_home/.cache/selenium/chromedriver/linux64/144.0.7559.96/chromedriver unexpectedly exited. Status code was: 127
------------------------------------------------------------------------------
Verify that the user is able to add a Hindi event, publish it in t... ===== Starting Test Setup =====
===== Test Setup Completed =====
ğŸ¯ Generated E2E Hindi Events Test Data:
ğŸ¯ Title: E2E à¤¹à¤¿à¤‚à¤¦à¥€ à¤¸à¤®à¤¾à¤šà¤¾à¤° à¤¶à¥€à¤°à¥à¤·à¤• 1576
ğŸ¯ Description: E2E à¤¹à¤¿à¤‚à¤¦à¥€ à¤¸à¤®à¤¾à¤šà¤¾à¤° à¤µà¤¿à¤µà¤°à¤£ 1576
ğŸ¯ Content: E2E à¤¹à¤¿à¤‚à¤¦à¥€ à¤¸à¤®à¤¾à¤šà¤¾à¤° à¤¸à¤¾à¤®à¤—à¥à¤°à¥€ 1576. à¤¯à¤¹ à¤¸à¥à¤µà¤šà¤¾à¤²à¤¨ à¤ªà¤°à¥€à¤•à¥à¤·à¤£ à¤•à¥‡ à¤²à¤¿à¤ à¤‰à¤¤à¥à¤ªà¤¨à¥à¤¨ à¤•à¤¿à¤¯à¤¾ à¤—à¤¯à¤¾ à¤à¤• à¤ªà¤°à¥€à¤•à¥à¤·à¤£ à¤¸à¤®à¤¾à¤šà¤¾à¤° à¤¸à¤¾à¤®à¤—à¥à¤°à¥€ à¤¹à¥ˆà¥¤
ğŸ¯ Publish Date: 
ğŸŒ Opening web browser: chrome
ğŸ”— Navigating to: https://gurutattvacmsnewdev.rysun.in:9090/
===== Starting Test Teardown =====
âœ… Mobile screenshot captured: /var/jenkins_home/workspace/Guruttava-E2E-Tests/results/Screenshot/Verify_that_the_user_is_able_to_add_a_Hindi_event,_publish_it_in_the_CMS,_and_verify_the_hindi_event_details_on_the_mobile_app_20260122_142711.png
âš ï¸ Mobile screenshot capture failed, capturing web screenshot...
âœ… Screenshot captured: /var/jenkins_home/workspace/Guruttava-E2E-Tests/results/Screenshot/Verify_that_the_user_is_able_to_add_a_Hindi_event,_publish_it_in_the_CMS,_and_verify_the_hindi_event_details_on_the_mobile_app_20260122_142711.png
===== Closing Gurutattva App =====
âš ï¸ Graceful termination failed, using force stop
âš ï¸ Mobile session close had issues
===== Gurutattva App Closed =====
ğŸ—‘ï¸ Cleared download directory: /var/jenkins_home/workspace/Guruttava-E2E-Tests/downloads
===== Test Teardown Completed =====
| FAIL |
WebDriverException: Message: Service /var/jenkins_home/.cache/selenium/chromedriver/linux64/144.0.7559.96/chromedriver unexpectedly exited. Status code was: 127
------------------------------------------------------------------------------
Test Add Event Category from CMS and Add Events under that Categor... ===== Starting Test Setup =====
===== Test Setup Completed =====
ğŸ¯ Generated E2E Event Category Test Data:
ğŸ¯ Category Name: E2E Event Category 2518
ğŸ¯ Category Description: E2E Event Category Description 2518
ğŸ¯ Events Title: E2E English Events Title 2518
ğŸŒ Opening web browser: chrome
ğŸ”— Navigating to: https://gurutattvacmsnewdev.rysun.in:9090/
===== Starting Test Teardown =====
âœ… Mobile screenshot captured: /var/jenkins_home/workspace/Guruttava-E2E-Tests/results/Screenshot/Test_Add_Event_Category_from_CMS_and_Add_Events_under_that_Category_20260122_142727.png
âš ï¸ Mobile screenshot capture failed, capturing web screenshot...
âœ… Screenshot captured: /var/jenkins_home/workspace/Guruttava-E2E-Tests/results/Screenshot/Test_Add_Event_Category_from_CMS_and_Add_Events_under_that_Category_20260122_142727.png
===== Closing Gurutattva App =====
âš ï¸ Graceful termination failed, using force stop
âš ï¸ Mobile session close had issues
===== Gurutattva App Closed =====
ğŸ—‘ï¸ Cleared download directory: /var/jenkins_home/workspace/Guruttava-E2E-Tests/downloads
===== Test Teardown Completed =====
| FAIL |
WebDriverException: Message: Service /var/jenkins_home/.cache/selenium/chromedriver/linux64/144.0.7559.96/chromedriver unexpectedly exited. Status code was: 127
------------------------------------------------------------------------------
Test Unpublish Event from CMS and Verify in Mobile App :: Unpublis... ===== Starting Test Setup =====
===== Test Setup Completed =====
ğŸ¯ Generated E2E Event Category Test Data:
ğŸ¯ Category Name: E2E Event Category 5737
ğŸ¯ Category Description: E2E Event Category Description 5737
ğŸ¯ Events Title: E2E English Events Title 5737
ğŸŒ Opening web browser: chrome
ğŸ”— Navigating to: https://gurutattvacmsnewdev.rysun.in:9090/
===== Starting Test Teardown =====
âœ… Mobile screenshot captured: /var/jenkins_home/workspace/Guruttava-E2E-Tests/results/Screenshot/Test_Unpublish_Event_from_CMS_and_Verify_in_Mobile_App_20260122_142742.png
âš ï¸ Mobile screenshot capture failed, capturing web screenshot...
âœ… Screenshot captured: /var/jenkins_home/workspace/Guruttava-E2E-Tests/results/Screenshot/Test_Unpublish_Event_from_CMS_and_Verify_in_Mobile_App_20260122_142742.png
===== Closing Gurutattva App =====
âš ï¸ Graceful termination failed, using force stop
âš ï¸ Mobile session close had issues
===== Gurutattva App Closed =====
ğŸ—‘ï¸ Cleared download directory: /var/jenkins_home/workspace/Guruttava-E2E-Tests/downloads
===== Test Teardown Completed =====
| FAIL |
WebDriverException: Message: Service /var/jenkins_home/.cache/selenium/chromedriver/linux64/144.0.7559.96/chromedriver unexpectedly exited. Status code was: 127
------------------------------------------------------------------------------
Test Event Category Tab In Mobile App :: In Mobile app, check for ... ===== Starting Test Setup =====
===== Test Setup Completed =====
ğŸ“± Attempting to open Gurutattva App (1/3)
===== Opening Gurutattva App =====
[ WARN ] Retrying (Retry(total=2, connect=None, read=None, redirect=None, status=None)) after connection broken by 'NewConnectionError('<urllib3.connection.HTTPConnection object at 0x78b0435bc6b0>: Failed to establish a new connection: [Errno 111] Connection refused')': /session
[ WARN ] Retrying (Retry(total=1, connect=None, read=None, redirect=None, status=None)) after connection broken by 'NewConnectionError('<urllib3.connection.HTTPConnection object at 0x78b0435bcaf0>: Failed to establish a new connection: [Errno 111] Connection refused')': /session
[ WARN ] Retrying (Retry(total=0, connect=None, read=None, redirect=None, status=None)) after connection broken by 'NewConnectionError('<urllib3.connection.HTTPConnection object at 0x78b0435bead0>: Failed to establish a new connection: [Errno 111] Connection refused')': /session
âš ï¸ Failed to open app on attempt 1: MaxRetryError: HTTPConnectionPool(host='localhost', port=4723): Max retries exceeded with url: /session (Caused by NewConnectionError('<urllib3.connection.HTTPConnection object at 0x78b0435be690>: Failed to establish a new connection: [Errno 111] Connection refused'))
ğŸ”„ Retrying in 5 seconds...
ğŸ“± Attempting to open Gurutattva App (2/3)
===== Opening Gurutattva App =====
[ WARN ] Retrying (Retry(total=2, connect=None, read=None, redirect=None, status=None)) after connection broken by 'NewConnectionError('<urllib3.connection.HTTPConnection object at 0x78b043cb07c0>: Failed to establish a new connection: [Errno 111] Connection refused')': /session
[ WARN ] Retrying (Retry(total=1, connect=None, read=None, redirect=None, status=None)) after connection broken by 'NewConnectionError('<urllib3.connection.HTTPConnection object at 0x78b043cb16a0>: Failed to establish a new connection: [Errno 111] Connection refused')': /session
[ WARN ] Retrying (Retry(total=0, connect=None, read=None, redirect=None, status=None)) after connection broken by 'NewConnectionError('<urllib3.connection.HTTPConnection object at 0x78b0435be9c0>: Failed to establish a new connection: [Errno 111] Connection refused')': /session
âš ï¸ Failed to open app on attempt 2: MaxRetryError: HTTPConnectionPool(host='localhost', port=4723): Max retries exceeded with url: /session (Caused by NewConnectionError('<urllib3.connection.HTTPConnection object at 0x78b0435bd8c0>: Failed to establish a new connection: [Errno 111] Connection refused'))
ğŸ”„ Retrying in 5 seconds...
ğŸ“± Attempting to open Gurutattva App (3/3)
===== Opening Gurutattva App =====
[ WARN ] Retrying (Retry(total=2, connect=None, read=None, redirect=None, status=None)) after connection broken by 'NewConnectionError('<urllib3.connection.HTTPConnection object at 0x78b0435bc6b0>: Failed to establish a new connection: [Errno 111] Connection refused')': /session
[ WARN ] Retrying (Retry(total=1, connect=None, read=None, redirect=None, status=None)) after connection broken by 'NewConnectionError('<urllib3.connection.HTTPConnection object at 0x78b0435bf350>: Failed to establish a new connection: [Errno 111] Connection refused')': /session
[ WARN ] Retrying (Retry(total=0, connect=None, read=None, redirect=None, status=None)) after connection broken by 'NewConnectionError('<urllib3.connection.HTTPConnection object at 0x78b0435bde10>: Failed to establish a new connection: [Errno 111] Connection refused')': /session
âš ï¸ Failed to open app on attempt 3: MaxRetryError: HTTPConnectionPool(host='localhost', port=4723): Max retries exceeded with url: /session (Caused by NewConnectionError('<urllib3.connection.HTTPConnection object at 0x78b0435bfce0>: Failed to establish a new connection: [Errno 111] Connection refused'))
âŒ Failed to open Gurutattva App after 3 attempts
===== Starting Test Teardown =====
âœ… Mobile screenshot captured: /var/jenkins_home/workspace/Guruttava-E2E-Tests/results/Screenshot/Test_Event_Category_Tab_In_Mobile_App_20260122_142806.png
âš ï¸ Mobile screenshot capture failed, capturing web screenshot...
âœ… Screenshot captured: /var/jenkins_home/workspace/Guruttava-E2E-Tests/results/Screenshot/Test_Event_Category_Tab_In_Mobile_App_20260122_142806.png
===== Closing Gurutattva App =====
âš ï¸ Graceful termination failed, using force stop
âš ï¸ Mobile session close had issues
===== Gurutattva App Closed =====
ğŸ—‘ï¸ Cleared download directory: /var/jenkins_home/workspace/Guruttava-E2E-Tests/downloads
===== Test Teardown Completed =====
| FAIL |
Could not open Gurutattva App after 3 attempts
------------------------------------------------------------------------------
Test Check Local Event Filter Functionality :: E2E test: Create Lo... ===== Starting Test Setup =====
===== Test Setup Completed =====
ğŸ¯ Generated E2E English Events Test Data:
ğŸ¯ Title: E2E English Events Title 8108
ğŸ¯ Description: E2E English Events Description 8108
ğŸ¯ Content: E2E English Events Content 8108. This is a test events content generated for automation testing purposes.
ğŸ¯ Publish Status: Publish
ğŸŒ Opening web browser: chrome
ğŸ”— Navigating to: https://gurutattvacmsnewdev.rysun.in:9090/
===== Starting Test Teardown =====
âœ… Mobile screenshot captured: /var/jenkins_home/workspace/Guruttava-E2E-Tests/results/Screenshot/Test_Check_Local_Event_Filter_Functionality_20260122_142822.png
âš ï¸ Mobile screenshot capture failed, capturing web screenshot...
âœ… Screenshot captured: /var/jenkins_home/workspace/Guruttava-E2E-Tests/results/Screenshot/Test_Check_Local_Event_Filter_Functionality_20260122_142822.png
===== Closing Gurutattva App =====
âš ï¸ Graceful termination failed, using force stop
âš ï¸ Mobile session close had issues
===== Gurutattva App Closed =====
ğŸ—‘ï¸ Cleared download directory: /var/jenkins_home/workspace/Guruttava-E2E-Tests/downloads
===== Test Teardown Completed =====
| FAIL |
WebDriverException: Message: Service /var/jenkins_home/.cache/selenium/chromedriver/linux64/144.0.7559.96/chromedriver unexpectedly exited. Status code was: 127
------------------------------------------------------------------------------
Sanchalak adds local Event, once Acharya/Super Admin Approves it t... ===== Starting Test Setup =====
===== Test Setup Completed =====
ğŸ¯ Generated E2E English Events Test Data:
ğŸ¯ Title: E2E English Events Title 4011
ğŸ¯ Description: E2E English Events Description 4011
ğŸ¯ Content: E2E English Events Content 4011. This is a test events content generated for automation testing purposes.
ğŸ¯ Publish Status: Publish
ğŸŒ Opening web browser: chrome
ğŸ”— Navigating to: https://gurutattvacmsnewdev.rysun.in:9090/
===== Starting Test Teardown =====
âœ… Mobile screenshot captured: /var/jenkins_home/workspace/Guruttava-E2E-Tests/results/Screenshot/Sanchalak_adds_local_Event,_once_Acharya/Super_Admin_Approves_it_then_only_that_Event_is_reflected_in_Mobile_app_uncer_Local_Event_section__20260122_142840.png
âš ï¸ Mobile screenshot capture failed, capturing web screenshot...
âœ… Screenshot captured: /var/jenkins_home/workspace/Guruttava-E2E-Tests/results/Screenshot/Sanchalak_adds_local_Event,_once_Acharya/Super_Admin_Approves_it_then_only_that_Event_is_reflected_in_Mobile_app_uncer_Local_Event_section__20260122_142840.png
===== Closing Gurutattva App =====
âš ï¸ Graceful termination failed, using force stop
âš ï¸ Mobile session close had issues
===== Gurutattva App Closed =====
ğŸ—‘ï¸ Cleared download directory: /var/jenkins_home/workspace/Guruttava-E2E-Tests/downloads
===== Test Teardown Completed =====
| FAIL |
WebDriverException: Message: Service /var/jenkins_home/.cache/selenium/chromedriver/linux64/144.0.7559.96/chromedriver unexpectedly exited. Status code was: 127
------------------------------------------------------------------------------
Sanchalak adds local event and Acharya/Super Admin Rejects that ev... ===== Starting Test Setup =====
===== Test Setup Completed =====
ğŸ¯ Generated E2E English Events Test Data:
ğŸ¯ Title: E2E English Events Title 7124
ğŸ¯ Description: E2E English Events Description 7124
ğŸ¯ Content: E2E English Events Content 7124. This is a test events content generated for automation testing purposes.
ğŸ¯ Publish Status: Publish
ğŸŒ Opening web browser: chrome
ğŸ”— Navigating to: https://gurutattvacmsnewdev.rysun.in:9090/
===== Starting Test Teardown =====
âœ… Mobile screenshot captured: /var/jenkins_home/workspace/Guruttava-E2E-Tests/results/Screenshot/Sanchalak_adds_local_event_and_Acharya/Super_Admin_Rejects_that_event__20260122_142858.png
âš ï¸ Mobile screenshot capture failed, capturing web screenshot...
âœ… Screenshot captured: /var/jenkins_home/workspace/Guruttava-E2E-Tests/results/Screenshot/Sanchalak_adds_local_event_and_Acharya/Super_Admin_Rejects_that_event__20260122_142858.png
===== Closing Gurutattva App =====
âš ï¸ Graceful termination failed, using force stop
âš ï¸ Mobile session close had issues
===== Gurutattva App Closed =====
ğŸ—‘ï¸ Cleared download directory: /var/jenkins_home/workspace/Guruttava-E2E-Tests/downloads
===== Test Teardown Completed =====
| FAIL |
WebDriverException: Message: Service /var/jenkins_home/.cache/selenium/chromedriver/linux64/144.0.7559.96/chromedriver unexpectedly exited. Status code was: 127
------------------------------------------------------------------------------
Guruttava_Android_E2E_Tests.E2EEvents                                 | FAIL |
10 tests, 0 passed, 10 failed
==============================================================================
Guruttava_Android_E2E_Tests.E2EHindi                                          
==============================================================================
Test Mobile Language Change To Hindi :: Test case to change mobile... ===== Starting Test Setup =====
===== Test Setup Completed =====
===== Opening Gurutattva App =====
[ WARN ] Retrying (Retry(total=2, connect=None, read=None, redirect=None, status=None)) after connection broken by 'NewConnectionError('<urllib3.connection.HTTPConnection object at 0x78b043cb1260>: Failed to establish a new connection: [Errno 111] Connection refused')': /session
[ WARN ] Retrying (Retry(total=1, connect=None, read=None, redirect=None, status=None)) after connection broken by 'NewConnectionError('<urllib3.connection.HTTPConnection object at 0x78b043cb0af0>: Failed to establish a new connection: [Errno 111] Connection refused')': /session
[ WARN ] Retrying (Retry(total=0, connect=None, read=None, redirect=None, status=None)) after connection broken by 'NewConnectionError('<urllib3.connection.HTTPConnection object at 0x78b043cb1040>: Failed to establish a new connection: [Errno 111] Connection refused')': /session
ğŸ”„ Starting language reversion to English...
ğŸ” Step 1: Clicking Profile icon from Home screen
ğŸ” Step 2: Clicking on Language setting (Hindi)
ğŸ” Step 3: Selecting English language
ğŸ” Step 4: Clicking Save button
â³ Waiting for language change to apply...
âœ… Language successfully reverted to English
â³ Waiting for language change to take effect...
âœ… Language change should be effective now
===== Starting Test Teardown =====
âœ… Mobile screenshot captured: /var/jenkins_home/workspace/Guruttava-E2E-Tests/results/Screenshot/Test_Mobile_Language_Change_To_Hindi_20260122_142933.png
âš ï¸ Mobile screenshot capture failed, capturing web screenshot...
âœ… Screenshot captured: /var/jenkins_home/workspace/Guruttava-E2E-Tests/results/Screenshot/Test_Mobile_Language_Change_To_Hindi_20260122_142933.png
===== Closing Gurutattva App =====
âš ï¸ Graceful termination failed, using force stop
âš ï¸ Mobile session close had issues
===== Gurutattva App Closed =====
ğŸ—‘ï¸ Cleared download directory: /var/jenkins_home/workspace/Guruttava-E2E-Tests/downloads
===== Test Teardown Completed =====
| FAIL |
MaxRetryError: HTTPConnectionPool(host='localhost', port=4723): Max retries exceeded with url: /session (Caused by NewConnectionError('<urllib3.connection.HTTPConnection object at 0x78b0435bf350>: Failed to establish a new connection: [Errno 111] Connection refused'))
------------------------------------------------------------------------------
Guruttava_Android_E2E_Tests.E2EHindi                                  | FAIL |
1 test, 0 passed, 1 failed
==============================================================================
[ WARN ] Error in file '/var/jenkins_home/workspace/Guruttava-E2E-Tests/pages/E2ENamkaranPage.robot' on line 1306: The '[Return]' setting is deprecated. Use the 'RETURN' statement instead.
[ WARN ] Error in file '/var/jenkins_home/workspace/Guruttava-E2E-Tests/pages/E2ENamkaranPage.robot' on line 1313: The '[Return]' setting is deprecated. Use the 'RETURN' statement instead.
[ WARN ] Error in file '/var/jenkins_home/workspace/Guruttava-E2E-Tests/pages/E2ENamkaranPage.robot' on line 1356: The '[Return]' setting is deprecated. Use the 'RETURN' statement instead.
Guruttava_Android_E2E_Tests.E2ENamkaran                                       
==============================================================================
Verify user is able to add Bride Namkaran with NO Option on the mo... ===== Starting Test Setup =====
===== Test Setup Completed =====
===== Opening Gurutattva App =====
[ WARN ] Retrying (Retry(total=2, connect=None, read=None, redirect=None, status=None)) after connection broken by 'NewConnectionError('<urllib3.connection.HTTPConnection object at 0x78b043cb0af0>: Failed to establish a new connection: [Errno 111] Connection refused')': /session
[ WARN ] Retrying (Retry(total=1, connect=None, read=None, redirect=None, status=None)) after connection broken by 'NewConnectionError('<urllib3.connection.HTTPConnection object at 0x78b043cb0270>: Failed to establish a new connection: [Errno 111] Connection refused')': /session
[ WARN ] Retrying (Retry(total=0, connect=None, read=None, redirect=None, status=None)) after connection broken by 'NewConnectionError('<urllib3.connection.HTTPConnection object at 0x78b043cb07c0>: Failed to establish a new connection: [Errno 111] Connection refused')': /session
===== Starting Test Teardown =====
âœ… Mobile screenshot captured: /var/jenkins_home/workspace/Guruttava-E2E-Tests/results/Screenshot/Verify_user_is_able_to_add_Bride_Namkaran_with_NO_Option_on_the_mobile_app_and_verify_the_details_in_CSM_20260122_142954.png
âš ï¸ Mobile screenshot capture failed, capturing web screenshot...
âœ… Screenshot captured: /var/jenkins_home/workspace/Guruttava-E2E-Tests/results/Screenshot/Verify_user_is_able_to_add_Bride_Namkaran_with_NO_Option_on_the_mobile_app_and_verify_the_details_in_CSM_20260122_142954.png
===== Closing Gurutattva App =====
âš ï¸ Graceful termination failed, using force stop
âš ï¸ Mobile session close had issues
===== Gurutattva App Closed =====
ğŸ—‘ï¸ Cleared download directory: /var/jenkins_home/workspace/Guruttava-E2E-Tests/downloads
===== Test Teardown Completed =====
| FAIL |
MaxRetryError: HTTPConnectionPool(host='localhost', port=4723): Max retries exceeded with url: /session (Caused by NewConnectionError('<urllib3.connection.HTTPConnection object at 0x78b043cb05a0>: Failed to establish a new connection: [Errno 111] Connection refused'))
------------------------------------------------------------------------------
Verify user is able to add Business Namkaran with NO Option on the... ===== Starting Test Setup =====
===== Test Setup Completed =====
===== Opening Gurutattva App =====
[ WARN ] Retrying (Retry(total=2, connect=None, read=None, redirect=None, status=None)) after connection broken by 'NewConnectionError('<urllib3.connection.HTTPConnection object at 0x78b043cb1590>: Failed to establish a new connection: [Errno 111] Connection refused')': /session
[ WARN ] Retrying (Retry(total=1, connect=None, read=None, redirect=None, status=None)) after connection broken by 'NewConnectionError('<urllib3.connection.HTTPConnection object at 0x78b043cb1370>: Failed to establish a new connection: [Errno 111] Connection refused')': /session
[ WARN ] Retrying (Retry(total=0, connect=None, read=None, redirect=None, status=None)) after connection broken by 'NewConnectionError('<urllib3.connection.HTTPConnection object at 0x78b043cb16a0>: Failed to establish a new connection: [Errno 111] Connection refused')': /session
===== Starting Test Teardown =====
âœ… Mobile screenshot captured: /var/jenkins_home/workspace/Guruttava-E2E-Tests/results/Screenshot/Verify_user_is_able_to_add_Business_Namkaran_with_NO_Option_on_the_mobile_app_and_verify_the_details_in_CSM_20260122_143007.png
âš ï¸ Mobile screenshot capture failed, capturing web screenshot...
âœ… Screenshot captured: /var/jenkins_home/workspace/Guruttava-E2E-Tests/results/Screenshot/Verify_user_is_able_to_add_Business_Namkaran_with_NO_Option_on_the_mobile_app_and_verify_the_details_in_CSM_20260122_143007.png
===== Closing Gurutattva App =====
âš ï¸ Graceful termination failed, using force stop
âš ï¸ Mobile session close had issues
===== Gurutattva App Closed =====
ğŸ—‘ï¸ Cleared download directory: /var/jenkins_home/workspace/Guruttava-E2E-Tests/downloads
===== Test Teardown Completed =====
| FAIL |
MaxRetryError: HTTPConnectionPool(host='localhost', port=4723): Max retries exceeded with url: /session (Caused by NewConnectionError('<urllib3.connection.HTTPConnection object at 0x78b043cb0380>: Failed to establish a new connection: [Errno 111] Connection refused'))
------------------------------------------------------------------------------
Verify user is able to add House Namkaran with NO Option on the mo... ===== Starting Test Setup =====
===== Test Setup Completed =====
===== Opening Gurutattva App =====
[ WARN ] Retrying (Retry(total=2, connect=None, read=None, redirect=None, status=None)) after connection broken by 'NewConnectionError('<urllib3.connection.HTTPConnection object at 0x78b043cb1370>: Failed to establish a new connection: [Errno 111] Connection refused')': /session
[ WARN ] Retrying (Retry(total=1, connect=None, read=None, redirect=None, status=None)) after connection broken by 'NewConnectionError('<urllib3.connection.HTTPConnection object at 0x78b043cb16a0>: Failed to establish a new connection: [Errno 111] Connection refused')': /session
[ WARN ] Retrying (Retry(total=0, connect=None, read=None, redirect=None, status=None)) after connection broken by 'NewConnectionError('<urllib3.connection.HTTPConnection object at 0x78b043cb19d0>: Failed to establish a new connection: [Errno 111] Connection refused')': /session
===== Starting Test Teardown =====
âœ… Mobile screenshot captured: /var/jenkins_home/workspace/Guruttava-E2E-Tests/results/Screenshot/Verify_user_is_able_to_add_House_Namkaran_with_NO_Option_on_the_mobile_app_and_verify_the_details_in_CSM_20260122_143021.png
âš ï¸ Mobile screenshot capture failed, capturing web screenshot...
âœ… Screenshot captured: /var/jenkins_home/workspace/Guruttava-E2E-Tests/results/Screenshot/Verify_user_is_able_to_add_House_Namkaran_with_NO_Option_on_the_mobile_app_and_verify_the_details_in_CSM_20260122_143021.png
===== Closing Gurutattva App =====
âš ï¸ Graceful termination failed, using force stop
âš ï¸ Mobile session close had issues
===== Gurutattva App Closed =====
ğŸ—‘ï¸ Cleared download directory: /var/jenkins_home/workspace/Guruttava-E2E-Tests/downloads
===== Test Teardown Completed =====
| FAIL |
MaxRetryError: HTTPConnectionPool(host='localhost', port=4723): Max retries exceeded with url: /session (Caused by NewConnectionError('<urllib3.connection.HTTPConnection object at 0x78b043cb05a0>: Failed to establish a new connection: [Errno 111] Connection refused'))
------------------------------------------------------------------------------
Verify user is able to add Child Namkaran with NO Option on the mo... ===== Starting Test Setup =====
===== Test Setup Completed =====
===== Opening Gurutattva App =====
[ WARN ] Retrying (Retry(total=2, connect=None, read=None, redirect=None, status=None)) after connection broken by 'NewConnectionError('<urllib3.connection.HTTPConnection object at 0x78b043cb1260>: Failed to establish a new connection: [Errno 111] Connection refused')': /session
[ WARN ] Retrying (Retry(total=1, connect=None, read=None, redirect=None, status=None)) after connection broken by 'NewConnectionError('<urllib3.connection.HTTPConnection object at 0x78b043cb1590>: Failed to establish a new connection: [Errno 111] Connection refused')': /session
[ WARN ] Retrying (Retry(total=0, connect=None, read=None, redirect=None, status=None)) after connection broken by 'NewConnectionError('<urllib3.connection.HTTPConnection object at 0x78b043cb08d0>: Failed to establish a new connection: [Errno 111] Connection refused')': /session
===== Starting Test Teardown =====
âœ… Mobile screenshot captured: /var/jenkins_home/workspace/Guruttava-E2E-Tests/results/Screenshot/Verify_user_is_able_to_add_Child_Namkaran_with_NO_Option_on_the_mobile_app_and_verify_the_details_in_CSM_20260122_143034.png
âš ï¸ Mobile screenshot capture failed, capturing web screenshot...
âœ… Screenshot captured: /var/jenkins_home/workspace/Guruttava-E2E-Tests/results/Screenshot/Verify_user_is_able_to_add_Child_Namkaran_with_NO_Option_on_the_mobile_app_and_verify_the_details_in_CSM_20260122_143034.png
===== Closing Gurutattva App =====
âš ï¸ Graceful termination failed, using force stop
âš ï¸ Mobile session close had issues
===== Gurutattva App Closed =====
ğŸ—‘ï¸ Cleared download directory: /var/jenkins_home/workspace/Guruttava-E2E-Tests/downloads
===== Test Teardown Completed =====
| FAIL |
MaxRetryError: HTTPConnectionPool(host='localhost', port=4723): Max retries exceeded with url: /session (Caused by NewConnectionError('<urllib3.connection.HTTPConnection object at 0x78b043cb17b0>: Failed to establish a new connection: [Errno 111] Connection refused'))
------------------------------------------------------------------------------
Verify user is able to add Bride Namkaran with YES Option on the m... ===== Starting Test Setup =====
===== Test Setup Completed =====
===== Opening Gurutattva App =====
[ WARN ] Retrying (Retry(total=2, connect=None, read=None, redirect=None, status=None)) after connection broken by 'NewConnectionError('<urllib3.connection.HTTPConnection object at 0x78b043cb1040>: Failed to establish a new connection: [Errno 111] Connection refused')': /session
[ WARN ] Retrying (Retry(total=1, connect=None, read=None, redirect=None, status=None)) after connection broken by 'NewConnectionError('<urllib3.connection.HTTPConnection object at 0x78b043cb0af0>: Failed to establish a new connection: [Errno 111] Connection refused')': /session
[ WARN ] Retrying (Retry(total=0, connect=None, read=None, redirect=None, status=None)) after connection broken by 'NewConnectionError('<urllib3.connection.HTTPConnection object at 0x78b043cb17b0>: Failed to establish a new connection: [Errno 111] Connection refused')': /session
===== Starting Test Teardown =====
âœ… Mobile screenshot captured: /var/jenkins_home/workspace/Guruttava-E2E-Tests/results/Screenshot/Verify_user_is_able_to_add_Bride_Namkaran_with_YES_Option_on_the_mobile_app_and_verify_the_details_in_CSM_20260122_143047.png
âš ï¸ Mobile screenshot capture failed, capturing web screenshot...
âœ… Screenshot captured: /var/jenkins_home/workspace/Guruttava-E2E-Tests/results/Screenshot/Verify_user_is_able_to_add_Bride_Namkaran_with_YES_Option_on_the_mobile_app_and_verify_the_details_in_CSM_20260122_143047.png
===== Closing Gurutattva App =====
âš ï¸ Graceful termination failed, using force stop
âš ï¸ Mobile session close had issues
===== Gurutattva App Closed =====
ğŸ—‘ï¸ Cleared download directory: /var/jenkins_home/workspace/Guruttava-E2E-Tests/downloads
===== Test Teardown Completed =====
| FAIL |
MaxRetryError: HTTPConnectionPool(host='localhost', port=4723): Max retries exceeded with url: /session (Caused by NewConnectionError('<urllib3.connection.HTTPConnection object at 0x78b043cb16a0>: Failed to establish a new connection: [Errno 111] Connection refused'))
------------------------------------------------------------------------------
Verify user is able to add Business Namkaran with YES Option on th... ===== Starting Test Setup =====
===== Test Setup Completed =====
===== Opening Gurutattva App =====
[ WARN ] Retrying (Retry(total=2, connect=None, read=None, redirect=None, status=None)) after connection broken by 'NewConnectionError('<urllib3.connection.HTTPConnection object at 0x78b043cb1590>: Failed to establish a new connection: [Errno 111] Connection refused')': /session
[ WARN ] Retrying (Retry(total=1, connect=None, read=None, redirect=None, status=None)) after connection broken by 'NewConnectionError('<urllib3.connection.HTTPConnection object at 0x78b043cb1ae0>: Failed to establish a new connection: [Errno 111] Connection refused')': /session
[ WARN ] Retrying (Retry(total=0, connect=None, read=None, redirect=None, status=None)) after connection broken by 'NewConnectionError('<urllib3.connection.HTTPConnection object at 0x78b043cb1150>: Failed to establish a new connection: [Errno 111] Connection refused')': /session
===== Starting Test Teardown =====
âœ… Mobile screenshot captured: /var/jenkins_home/workspace/Guruttava-E2E-Tests/results/Screenshot/Verify_user_is_able_to_add_Business_Namkaran_with_YES_Option_on_the_mobile_app_and_verify_the_details_in_CSM_20260122_143101.png
âš ï¸ Mobile screenshot capture failed, capturing web screenshot...
âœ… Screenshot captured: /var/jenkins_home/workspace/Guruttava-E2E-Tests/results/Screenshot/Verify_user_is_able_to_add_Business_Namkaran_with_YES_Option_on_the_mobile_app_and_verify_the_details_in_CSM_20260122_143101.png
===== Closing Gurutattva App =====
âš ï¸ Graceful termination failed, using force stop
âš ï¸ Mobile session close had issues
===== Gurutattva App Closed =====
ğŸ—‘ï¸ Cleared download directory: /var/jenkins_home/workspace/Guruttava-E2E-Tests/downloads
===== Test Teardown Completed =====
| FAIL |
MaxRetryError: HTTPConnectionPool(host='localhost', port=4723): Max retries exceeded with url: /session (Caused by NewConnectionError('<urllib3.connection.HTTPConnection object at 0x78b043cb07c0>: Failed to establish a new connection: [Errno 111] Connection refused'))
------------------------------------------------------------------------------
Verify user is able to add House Namkaran with YES Option on the m... ===== Starting Test Setup =====
===== Test Setup Completed =====
===== Opening Gurutattva App =====
[ WARN ] Retrying (Retry(total=2, connect=None, read=None, redirect=None, status=None)) after connection broken by 'NewConnectionError('<urllib3.connection.HTTPConnection object at 0x78b043cb09e0>: Failed to establish a new connection: [Errno 111] Connection refused')': /session
[ WARN ] Retrying (Retry(total=1, connect=None, read=None, redirect=None, status=None)) after connection broken by 'NewConnectionError('<urllib3.connection.HTTPConnection object at 0x78b043cb3f00>: Failed to establish a new connection: [Errno 111] Connection refused')': /session
[ WARN ] Retrying (Retry(total=0, connect=None, read=None, redirect=None, status=None)) after connection broken by 'NewConnectionError('<urllib3.connection.HTTPConnection object at 0x78b043cb0490>: Failed to establish a new connection: [Errno 111] Connection refused')': /session
===== Starting Test Teardown =====
âœ… Mobile screenshot captured: /var/jenkins_home/workspace/Guruttava-E2E-Tests/results/Screenshot/Verify_user_is_able_to_add_House_Namkaran_with_YES_Option_on_the_mobile_app_and_verify_the_details_in_CSM_20260122_143113.png
âš ï¸ Mobile screenshot capture failed, capturing web screenshot...
âœ… Screenshot captured: /var/jenkins_home/workspace/Guruttava-E2E-Tests/results/Screenshot/Verify_user_is_able_to_add_House_Namkaran_with_YES_Option_on_the_mobile_app_and_verify_the_details_in_CSM_20260122_143113.png
===== Closing Gurutattva App =====
âš ï¸ Graceful termination failed, using force stop
âš ï¸ Mobile session close had issues
===== Gurutattva App Closed =====
ğŸ—‘ï¸ Cleared download directory: /var/jenkins_home/workspace/Guruttava-E2E-Tests/downloads
===== Test Teardown Completed =====
| FAIL |
MaxRetryError: HTTPConnectionPool(host='localhost', port=4723): Max retries exceeded with url: /session (Caused by NewConnectionError('<urllib3.connection.HTTPConnection object at 0x78b043cb0c00>: Failed to establish a new connection: [Errno 111] Connection refused'))
------------------------------------------------------------------------------
Verify user is able to add Child Namkaran with YES Option on the m... ===== Starting Test Setup =====
===== Test Setup Completed =====
===== Opening Gurutattva App =====
[ WARN ] Retrying (Retry(total=2, connect=None, read=None, redirect=None, status=None)) after connection broken by 'NewConnectionError('<urllib3.connection.HTTPConnection object at 0x78b043cb1260>: Failed to establish a new connection: [Errno 111] Connection refused')': /session
[ WARN ] Retrying (Retry(total=1, connect=None, read=None, redirect=None, status=None)) after connection broken by 'NewConnectionError('<urllib3.connection.HTTPConnection object at 0x78b043cb05a0>: Failed to establish a new connection: [Errno 111] Connection refused')': /session
[ WARN ] Retrying (Retry(total=0, connect=None, read=None, redirect=None, status=None)) after connection broken by 'NewConnectionError('<urllib3.connection.HTTPConnection object at 0x78b043cb3f00>: Failed to establish a new connection: [Errno 111] Connection refused')': /session
===== Starting Test Teardown =====
âœ… Mobile screenshot captured: /var/jenkins_home/workspace/Guruttava-E2E-Tests/results/Screenshot/Verify_user_is_able_to_add_Child_Namkaran_with_YES_Option_on_the_mobile_app_and_verify_the_details_in_CSM_20260122_143126.png
âš ï¸ Mobile screenshot capture failed, capturing web screenshot...
âœ… Screenshot captured: /var/jenkins_home/workspace/Guruttava-E2E-Tests/results/Screenshot/Verify_user_is_able_to_add_Child_Namkaran_with_YES_Option_on_the_mobile_app_and_verify_the_details_in_CSM_20260122_143126.png
===== Closing Gurutattva App =====
âš ï¸ Graceful termination failed, using force stop
âš ï¸ Mobile session close had issues
===== Gurutattva App Closed =====
ğŸ—‘ï¸ Cleared download directory: /var/jenkins_home/workspace/Guruttava-E2E-Tests/downloads
===== Test Teardown Completed =====
| FAIL |
MaxRetryError: HTTPConnectionPool(host='localhost', port=4723): Max retries exceeded with url: /session (Caused by NewConnectionError('<urllib3.connection.HTTPConnection object at 0x78b043cb0490>: Failed to establish a new connection: [Errno 111] Connection refused'))
------------------------------------------------------------------------------
Verify that admin user is able to approve Bride Namkaran in CMS an... ===== Starting Test Setup =====
===== Test Setup Completed =====
===== Opening Gurutattva App =====
[ WARN ] Retrying (Retry(total=2, connect=None, read=None, redirect=None, status=None)) after connection broken by 'NewConnectionError('<urllib3.connection.HTTPConnection object at 0x78b043cb3bd0>: Failed to establish a new connection: [Errno 111] Connection refused')': /session
[ WARN ] Retrying (Retry(total=1, connect=None, read=None, redirect=None, status=None)) after connection broken by 'NewConnectionError('<urllib3.connection.HTTPConnection object at 0x78b043cb0380>: Failed to establish a new connection: [Errno 111] Connection refused')': /session
[ WARN ] Retrying (Retry(total=0, connect=None, read=None, redirect=None, status=None)) after connection broken by 'NewConnectionError('<urllib3.connection.HTTPConnection object at 0x78b043cb0f30>: Failed to establish a new connection: [Errno 111] Connection refused')': /session
===== Starting Test Teardown =====
âœ… Mobile screenshot captured: /var/jenkins_home/workspace/Guruttava-E2E-Tests/results/Screenshot/Verify_that_admin_user_is_able_to_approve_Bride_Namkaran_in_CMS_and_verify_the_details_on_mobile_app_20260122_143140.png
âš ï¸ Mobile screenshot capture failed, capturing web screenshot...
âœ… Screenshot captured: /var/jenkins_home/workspace/Guruttava-E2E-Tests/results/Screenshot/Verify_that_admin_user_is_able_to_approve_Bride_Namkaran_in_CMS_and_verify_the_details_on_mobile_app_20260122_143140.png
===== Closing Gurutattva App =====
âš ï¸ Graceful termination failed, using force stop
âš ï¸ Mobile session close had issues
===== Gurutattva App Closed =====
ğŸ—‘ï¸ Cleared download directory: /var/jenkins_home/workspace/Guruttava-E2E-Tests/downloads
===== Test Teardown Completed =====
| FAIL |
MaxRetryError: HTTPConnectionPool(host='localhost', port=4723): Max retries exceeded with url: /session (Caused by NewConnectionError('<urllib3.connection.HTTPConnection object at 0x78b043cb09e0>: Failed to establish a new connection: [Errno 111] Connection refused'))
------------------------------------------------------------------------------
Verify that admin user is able to approve Business Namkaran in CMS... ===== Starting Test Setup =====
===== Test Setup Completed =====
===== Opening Gurutattva App =====
[ WARN ] Retrying (Retry(total=2, connect=None, read=None, redirect=None, status=None)) after connection broken by 'NewConnectionError('<urllib3.connection.HTTPConnection object at 0x78b043cb0490>: Failed to establish a new connection: [Errno 111] Connection refused')': /session
[ WARN ] Retrying (Retry(total=1, connect=None, read=None, redirect=None, status=None)) after connection broken by 'NewConnectionError('<urllib3.connection.HTTPConnection object at 0x78b043cb19d0>: Failed to establish a new connection: [Errno 111] Connection refused')': /session
[ WARN ] Retrying (Retry(total=0, connect=None, read=None, redirect=None, status=None)) after connection broken by 'NewConnectionError('<urllib3.connection.HTTPConnection object at 0x78b043cb17b0>: Failed to establish a new connection: [Errno 111] Connection refused')': /session
===== Starting Test Teardown =====
âœ… Mobile screenshot captured: /var/jenkins_home/workspace/Guruttava-E2E-Tests/results/Screenshot/Verify_that_admin_user_is_able_to_approve_Business_Namkaran_in_CMS_and_verify_the_details_on_mobile_app_20260122_143157.png
âš ï¸ Mobile screenshot capture failed, capturing web screenshot...
âœ… Screenshot captured: /var/jenkins_home/workspace/Guruttava-E2E-Tests/results/Screenshot/Verify_that_admin_user_is_able_to_approve_Business_Namkaran_in_CMS_and_verify_the_details_on_mobile_app_20260122_143157.png
===== Closing Gurutattva App =====
âš ï¸ Graceful termination failed, using force stop
âš ï¸ Mobile session close had issues
===== Gurutattva App Closed =====
ğŸ—‘ï¸ Cleared download directory: /var/jenkins_home/workspace/Guruttava-E2E-Tests/downloads
===== Test Teardown Completed =====
| FAIL |
MaxRetryError: HTTPConnectionPool(host='localhost', port=4723): Max retries exceeded with url: /session (Caused by NewConnectionError('<urllib3.connection.HTTPConnection object at 0x78b043cb0af0>: Failed to establish a new connection: [Errno 111] Connection refused'))
------------------------------------------------------------------------------
Verify that admin user is able to approve House Namkaran in CMS an... ===== Starting Test Setup =====
===== Test Setup Completed =====
===== Opening Gurutattva App =====
[ WARN ] Retrying (Retry(total=2, connect=None, read=None, redirect=None, status=None)) after connection broken by 'NewConnectionError('<urllib3.connection.HTTPConnection object at 0x78b0435bde10>: Failed to establish a new connection: [Errno 111] Connection refused')': /session
[ WARN ] Retrying (Retry(total=1, connect=None, read=None, redirect=None, status=None)) after connection broken by 'NewConnectionError('<urllib3.connection.HTTPConnection object at 0x78b0435bd150>: Failed to establish a new connection: [Errno 111] Connection refused')': /session
[ WARN ] Retrying (Retry(total=0, connect=None, read=None, redirect=None, status=None)) after connection broken by 'NewConnectionError('<urllib3.connection.HTTPConnection object at 0x78b0435bd480>: Failed to establish a new connection: [Errno 111] Connection refused')': /session
===== Starting Test Teardown =====
âœ… Mobile screenshot captured: /var/jenkins_home/workspace/Guruttava-E2E-Tests/results/Screenshot/Verify_that_admin_user_is_able_to_approve_House_Namkaran_in_CMS_and_verify_the_details_on_mobile_app_20260122_143215.png
âš ï¸ Mobile screenshot capture failed, capturing web screenshot...
âœ… Screenshot captured: /var/jenkins_home/workspace/Guruttava-E2E-Tests/results/Screenshot/Verify_that_admin_user_is_able_to_approve_House_Namkaran_in_CMS_and_verify_the_details_on_mobile_app_20260122_143215.png
===== Closing Gurutattva App =====
âš ï¸ Graceful termination failed, using force stop
âš ï¸ Mobile session close had issues
===== Gurutattva App Closed =====
ğŸ—‘ï¸ Cleared download directory: /var/jenkins_home/workspace/Guruttava-E2E-Tests/downloads
===== Test Teardown Completed =====
| FAIL |
MaxRetryError: HTTPConnectionPool(host='localhost', port=4723): Max retries exceeded with url: /session (Caused by NewConnectionError('<urllib3.connection.HTTPConnection object at 0x78b0435bf020>: Failed to establish a new connection: [Errno 111] Connection refused'))
------------------------------------------------------------------------------
Verify that admin user is able to approve Child Namkaran in CMS an... ===== Starting Test Setup =====
===== Test Setup Completed =====
===== Opening Gurutattva App =====
[ WARN ] Retrying (Retry(total=2, connect=None, read=None, redirect=None, status=None)) after connection broken by 'NewConnectionError('<urllib3.connection.HTTPConnection object at 0x78b043cb1040>: Failed to establish a new connection: [Errno 111] Connection refused')': /session
[ WARN ] Retrying (Retry(total=1, connect=None, read=None, redirect=None, status=None)) after connection broken by 'NewConnectionError('<urllib3.connection.HTTPConnection object at 0x78b043cb16a0>: Failed to establish a new connection: [Errno 111] Connection refused')': /session
[ WARN ] Retrying (Retry(total=0, connect=None, read=None, redirect=None, status=None)) after connection broken by 'NewConnectionError('<urllib3.connection.HTTPConnection object at 0x78b043cb3680>: Failed to establish a new connection: [Errno 111] Connection refused')': /session
===== Starting Test Teardown =====
âœ… Mobile screenshot captured: /var/jenkins_home/workspace/Guruttava-E2E-Tests/results/Screenshot/Verify_that_admin_user_is_able_to_approve_Child_Namkaran_in_CMS_and_verify_the_details_on_mobile_app_20260122_143230.png
âš ï¸ Mobile screenshot capture failed, capturing web screenshot...
âœ… Screenshot captured: /var/jenkins_home/workspace/Guruttava-E2E-Tests/results/Screenshot/Verify_that_admin_user_is_able_to_approve_Child_Namkaran_in_CMS_and_verify_the_details_on_mobile_app_20260122_143230.png
===== Closing Gurutattva App =====
âš ï¸ Graceful termination failed, using force stop
âš ï¸ Mobile session close had issues
===== Gurutattva App Closed =====
ğŸ—‘ï¸ Cleared download directory: /var/jenkins_home/workspace/Guruttava-E2E-Tests/downloads
===== Test Teardown Completed =====
| FAIL |
MaxRetryError: HTTPConnectionPool(host='localhost', port=4723): Max retries exceeded with url: /session (Caused by NewConnectionError('<urllib3.connection.HTTPConnection object at 0x78b044159150>: Failed to establish a new connection: [Errno 111] Connection refused'))
------------------------------------------------------------------------------
Verify that admin user is able to reject Bride Namkaran in CMS and... ===== Starting Test Setup =====
===== Test Setup Completed =====
===== Opening Gurutattva App =====
[ WARN ] Retrying (Retry(total=2, connect=None, read=None, redirect=None, status=None)) after connection broken by 'NewConnectionError('<urllib3.connection.HTTPConnection object at 0x78b0435bdf20>: Failed to establish a new connection: [Errno 111] Connection refused')': /session
[ WARN ] Retrying (Retry(total=1, connect=None, read=None, redirect=None, status=None)) after connection broken by 'NewConnectionError('<urllib3.connection.HTTPConnection object at 0x78b0435bc050>: Failed to establish a new connection: [Errno 111] Connection refused')': /session
[ WARN ] Retrying (Retry(total=0, connect=None, read=None, redirect=None, status=None)) after connection broken by 'NewConnectionError('<urllib3.connection.HTTPConnection object at 0x78b0435bcd10>: Failed to establish a new connection: [Errno 111] Connection refused')': /session
===== Starting Test Teardown =====
âœ… Mobile screenshot captured: /var/jenkins_home/workspace/Guruttava-E2E-Tests/results/Screenshot/Verify_that_admin_user_is_able_to_reject_Bride_Namkaran_in_CMS_and_verify_the_details_on_mobile_app_20260122_143244.png
âš ï¸ Mobile screenshot capture failed, capturing web screenshot...
âœ… Screenshot captured: /var/jenkins_home/workspace/Guruttava-E2E-Tests/results/Screenshot/Verify_that_admin_user_is_able_to_reject_Bride_Namkaran_in_CMS_and_verify_the_details_on_mobile_app_20260122_143244.png
===== Closing Gurutattva App =====
âš ï¸ Graceful termination failed, using force stop
âš ï¸ Mobile session close had issues
===== Gurutattva App Closed =====
ğŸ—‘ï¸ Cleared download directory: /var/jenkins_home/workspace/Guruttava-E2E-Tests/downloads
===== Test Teardown Completed =====
| FAIL |
MaxRetryError: HTTPConnectionPool(host='localhost', port=4723): Max retries exceeded with url: /session (Caused by NewConnectionError('<urllib3.connection.HTTPConnection object at 0x78b0435bd9d0>: Failed to establish a new connection: [Errno 111] Connection refused'))
------------------------------------------------------------------------------
Verify that admin user is able to reject Business Namkaran in CMS ... ===== Starting Test Setup =====
===== Test Setup Completed =====
===== Opening Gurutattva App =====
[ WARN ] Retrying (Retry(total=2, connect=None, read=None, redirect=None, status=None)) after connection broken by 'NewConnectionError('<urllib3.connection.HTTPConnection object at 0x78b0430d0490>: Failed to establish a new connection: [Errno 111] Connection refused')': /session
[ WARN ] Retrying (Retry(total=1, connect=None, read=None, redirect=None, status=None)) after connection broken by 'NewConnectionError('<urllib3.connection.HTTPConnection object at 0x78b0430d06b0>: Failed to establish a new connection: [Errno 111] Connection refused')': /session
[ WARN ] Retrying (Retry(total=0, connect=None, read=None, redirect=None, status=None)) after connection broken by 'NewConnectionError('<urllib3.connection.HTTPConnection object at 0x78b0430d08d0>: Failed to establish a new connection: [Errno 111] Connection refused')': /session
===== Starting Test Teardown =====
âœ… Mobile screenshot captured: /var/jenkins_home/workspace/Guruttava-E2E-Tests/results/Screenshot/Verify_that_admin_user_is_able_to_reject_Business_Namkaran_in_CMS_and_verify_the_details_on_mobile_app_20260122_143258.png
âš ï¸ Mobile screenshot capture failed, capturing web screenshot...
âœ… Screenshot captured: /var/jenkins_home/workspace/Guruttava-E2E-Tests/results/Screenshot/Verify_that_admin_user_is_able_to_reject_Business_Namkaran_in_CMS_and_verify_the_details_on_mobile_app_20260122_143258.png
===== Closing Gurutattva App =====
âš ï¸ Graceful termination failed, using force stop
âš ï¸ Mobile session close had issues
===== Gurutattva App Closed =====
ğŸ—‘ï¸ Cleared download directory: /var/jenkins_home/workspace/Guruttava-E2E-Tests/downloads
===== Test Teardown Completed =====
| FAIL |
MaxRetryError: HTTPConnectionPool(host='localhost', port=4723): Max retries exceeded with url: /session (Caused by NewConnectionError('<urllib3.connection.HTTPConnection object at 0x78b0430d0af0>: Failed to establish a new connection: [Errno 111] Connection refused'))
------------------------------------------------------------------------------
Verify that admin user is able to reject House Namkaran in CMS and... ===== Starting Test Setup =====
===== Test Setup Completed =====
===== Opening Gurutattva App =====
[ WARN ] Retrying (Retry(total=2, connect=None, read=None, redirect=None, status=None)) after connection broken by 'NewConnectionError('<urllib3.connection.HTTPConnection object at 0x78b0430d2250>: Failed to establish a new connection: [Errno 111] Connection refused')': /session
[ WARN ] Retrying (Retry(total=1, connect=None, read=None, redirect=None, status=None)) after connection broken by 'NewConnectionError('<urllib3.connection.HTTPConnection object at 0x78b0430d2470>: Failed to establish a new connection: [Errno 111] Connection refused')': /session
[ WARN ] Retrying (Retry(total=0, connect=None, read=None, redirect=None, status=None)) after connection broken by 'NewConnectionError('<urllib3.connection.HTTPConnection object at 0x78b0430d2690>: Failed to establish a new connection: [Errno 111] Connection refused')': /session
===== Starting Test Teardown =====
âœ… Mobile screenshot captured: /var/jenkins_home/workspace/Guruttava-E2E-Tests/results/Screenshot/Verify_that_admin_user_is_able_to_reject_House_Namkaran_in_CMS_and_verify_the_details_on_mobile_app_20260122_143311.png
âš ï¸ Mobile screenshot capture failed, capturing web screenshot...
âœ… Screenshot captured: /var/jenkins_home/workspace/Guruttava-E2E-Tests/results/Screenshot/Verify_that_admin_user_is_able_to_reject_House_Namkaran_in_CMS_and_verify_the_details_on_mobile_app_20260122_143311.png
===== Closing Gurutattva App =====
âš ï¸ Graceful termination failed, using force stop
âš ï¸ Mobile session close had issues
===== Gurutattva App Closed =====
ğŸ—‘ï¸ Cleared download directory: /var/jenkins_home/workspace/Guruttava-E2E-Tests/downloads
===== Test Teardown Completed =====
| FAIL |
MaxRetryError: HTTPConnectionPool(host='localhost', port=4723): Max retries exceeded with url: /session (Caused by NewConnectionError('<urllib3.connection.HTTPConnection object at 0x78b0430d28b0>: Failed to establish a new connection: [Errno 111] Connection refused'))
------------------------------------------------------------------------------
Verify that admin user is able to reject Child Namkaran in CMS and... ===== Starting Test Setup =====
===== Test Setup Completed =====
===== Opening Gurutattva App =====
[ WARN ] Retrying (Retry(total=2, connect=None, read=None, redirect=None, status=None)) after connection broken by 'NewConnectionError('<urllib3.connection.HTTPConnection object at 0x78b043cb3bd0>: Failed to establish a new connection: [Errno 111] Connection refused')': /session
[ WARN ] Retrying (Retry(total=1, connect=None, read=None, redirect=None, status=None)) after connection broken by 'NewConnectionError('<urllib3.connection.HTTPConnection object at 0x78b0435bd6a0>: Failed to establish a new connection: [Errno 111] Connection refused')': /session
[ WARN ] Retrying (Retry(total=0, connect=None, read=None, redirect=None, status=None)) after connection broken by 'NewConnectionError('<urllib3.connection.HTTPConnection object at 0x78b0435bf8a0>: Failed to establish a new connection: [Errno 111] Connection refused')': /session
===== Starting Test Teardown =====
âœ… Mobile screenshot captured: /var/jenkins_home/workspace/Guruttava-E2E-Tests/results/Screenshot/Verify_that_admin_user_is_able_to_reject_Child_Namkaran_in_CMS_and_verify_the_details_on_mobile_app_20260122_143324.png
âš ï¸ Mobile screenshot capture failed, capturing web screenshot...
âœ… Screenshot captured: /var/jenkins_home/workspace/Guruttava-E2E-Tests/results/Screenshot/Verify_that_admin_user_is_able_to_reject_Child_Namkaran_in_CMS_and_verify_the_details_on_mobile_app_20260122_143324.png
===== Closing Gurutattva App =====
âš ï¸ Graceful termination failed, using force stop
âš ï¸ Mobile session close had issues
===== Gurutattva App Closed =====
ğŸ—‘ï¸ Cleared download directory: /var/jenkins_home/workspace/Guruttava-E2E-Tests/downloads
===== Test Teardown Completed =====
| FAIL |
MaxRetryError: HTTPConnectionPool(host='localhost', port=4723): Max retries exceeded with url: /session (Caused by NewConnectionError('<urllib3.connection.HTTPConnection object at 0x78b0435be360>: Failed to establish a new connection: [Errno 111] Connection refused'))
------------------------------------------------------------------------------
Guruttava_Android_E2E_Tests.E2ENamkaran                               | FAIL |
16 tests, 0 passed, 16 failed
==============================================================================
Guruttava_Android_E2E_Tests.E2ENews                                           
==============================================================================
Verify the image upload validation in CMS                             ===== Starting Test Setup =====
===== Test Setup Completed =====
ğŸ¯ Generated E2E English News Test Data:
ğŸ¯ Title: E2E English News Title 2950
ğŸ¯ Description: E2E English News Description 2950
ğŸ¯ Content: E2E English News Content 2950. This is a test news content generated for automation testing purposes.
ğŸŒ Opening web browser: chrome
ğŸ”— Navigating to: https://gurutattvacmsnewdev.rysun.in:9090/
===== Starting Test Teardown =====
âœ… Mobile screenshot captured: /var/jenkins_home/workspace/Guruttava-E2E-Tests/results/Screenshot/Verify_the_image_upload_validation_in_CMS_20260122_143343.png
âš ï¸ Mobile screenshot capture failed, capturing web screenshot...
âœ… Screenshot captured: /var/jenkins_home/workspace/Guruttava-E2E-Tests/results/Screenshot/Verify_the_image_upload_validation_in_CMS_20260122_143343.png
===== Closing Gurutattva App =====
âš ï¸ Graceful termination failed, using force stop
âš ï¸ Mobile session close had issues
===== Gurutattva App Closed =====
ğŸ—‘ï¸ Cleared download directory: /var/jenkins_home/workspace/Guruttava-E2E-Tests/downloads
===== Test Teardown Completed =====
| FAIL |
WebDriverException: Message: Service /var/jenkins_home/.cache/selenium/chromedriver/linux64/144.0.7559.96/chromedriver unexpectedly exited. Status code was: 127
------------------------------------------------------------------------------
Verify that the user is able to add a English news, publish it in ... ===== Starting Test Setup =====
===== Test Setup Completed =====
ğŸ¯ Generated E2E English News Test Data:
ğŸ¯ Title: E2E English News Title 6763
ğŸ¯ Description: E2E English News Description 6763
ğŸ¯ Content: E2E English News Content 6763. This is a test news content generated for automation testing purposes.
ğŸŒ Opening web browser: chrome
ğŸ”— Navigating to: https://gurutattvacmsnewdev.rysun.in:9090/
===== Starting Test Teardown =====
âœ… Mobile screenshot captured: /var/jenkins_home/workspace/Guruttava-E2E-Tests/results/Screenshot/Verify_that_the_user_is_able_to_add_a_English_news,_publish_it_in_the_CMS,_and_verify_the_english_news_details_on_the_mobile_app_20260122_143409.png
âš ï¸ Mobile screenshot capture failed, capturing web screenshot...
âœ… Screenshot captured: /var/jenkins_home/workspace/Guruttava-E2E-Tests/results/Screenshot/Verify_that_the_user_is_able_to_add_a_English_news,_publish_it_in_the_CMS,_and_verify_the_english_news_details_on_the_mobile_app_20260122_143409.png
===== Closing Gurutattva App =====
âš ï¸ Graceful termination failed, using force stop
âš ï¸ Mobile session close had issues
===== Gurutattva App Closed =====
ğŸ—‘ï¸ Cleared download directory: /var/jenkins_home/workspace/Guruttava-E2E-Tests/downloads
===== Test Teardown Completed =====
| FAIL |
WebDriverException: Message: Service /var/jenkins_home/.cache/selenium/chromedriver/linux64/144.0.7559.96/chromedriver unexpectedly exited. Status code was: 127
------------------------------------------------------------------------------
Verify that the user is able to add a Hindi news, publish it in th... ===== Starting Test Setup =====
===== Test Setup Completed =====
ğŸ¯ Generated E2E Hindi News Test Data:
ğŸ¯ Title: E2E à¤¹à¤¿à¤‚à¤¦à¥€ à¤¸à¤®à¤¾à¤šà¤¾à¤° à¤¶à¥€à¤°à¥à¤·à¤• 9009
ğŸ¯ Description: E2E à¤¹à¤¿à¤‚à¤¦à¥€ à¤¸à¤®à¤¾à¤šà¤¾à¤° à¤µà¤¿à¤µà¤°à¤£ 9009
ğŸ¯ Content: E2E à¤¹à¤¿à¤‚à¤¦à¥€ à¤¸à¤®à¤¾à¤šà¤¾à¤° à¤¸à¤¾à¤®à¤—à¥à¤°à¥€ 9009. à¤¯à¤¹ à¤¸à¥à¤µà¤šà¤¾à¤²à¤¨ à¤ªà¤°à¥€à¤•à¥à¤·à¤£ à¤•à¥‡ à¤²à¤¿à¤ à¤‰à¤¤à¥à¤ªà¤¨à¥à¤¨ à¤•à¤¿à¤¯à¤¾ à¤—à¤¯à¤¾ à¤à¤• à¤ªà¤°à¥€à¤•à¥à¤·à¤£ à¤¸à¤®à¤¾à¤šà¤¾à¤° à¤¸à¤¾à¤®à¤—à¥à¤°à¥€ à¤¹à¥ˆà¥¤
ğŸŒ Opening web browser: chrome
ğŸ”— Navigating to: https://gurutattvacmsnewdev.rysun.in:9090/
ğŸ”„ TC02 Teardown: Force reverting language to English...
ğŸ“± Step 1: Clicking Home to make Profile tab visible
âš ï¸ Could not find Home icon - continuing anyway
ğŸ“± Step 2: Clicking Profile tab
âš ï¸ Could not find Profile tab - trying xpath position
ğŸ“± Step 3: Navigating to Language settings
â³ Waiting for language change to persist...
âœ… Language revert sequence completed
ğŸ”„ TC02 Teardown completed - Normal teardown will close app
| FAIL |
WebDriverException: Message: Service /var/jenkins_home/.cache/selenium/chromedriver/linux64/144.0.7559.96/chromedriver unexpectedly exited. Status code was: 127
------------------------------------------------------------------------------
Test Unpublish News from CMS and Verify in Mobile App :: Unpublish... ===== Starting Test Setup =====
===== Test Setup Completed =====
ğŸ¯ Generated E2E English News Test Data:
ğŸ¯ Title: E2E English News Title 5964
ğŸ¯ Description: E2E English News Description 5964
ğŸ¯ Content: E2E English News Content 5964. This is a test news content generated for automation testing purposes.
ğŸŒ Opening web browser: chrome
ğŸ”— Navigating to: https://gurutattvacmsnewdev.rysun.in:9090/
===== Starting Test Teardown =====
âœ… Mobile screenshot captured: /var/jenkins_home/workspace/Guruttava-E2E-Tests/results/Screenshot/Test_Unpublish_News_from_CMS_and_Verify_in_Mobile_App_20260122_143507.png
âš ï¸ Mobile screenshot capture failed, capturing web screenshot...
âœ… Screenshot captured: /var/jenkins_home/workspace/Guruttava-E2E-Tests/results/Screenshot/Test_Unpublish_News_from_CMS_and_Verify_in_Mobile_App_20260122_143507.png
===== Closing Gurutattva App =====
âš ï¸ Graceful termination failed, using force stop
âš ï¸ Mobile session close had issues
===== Gurutattva App Closed =====
ğŸ—‘ï¸ Cleared download directory: /var/jenkins_home/workspace/Guruttava-E2E-Tests/downloads
===== Test Teardown Completed =====
| FAIL |
WebDriverException: Message: Service /var/jenkins_home/.cache/selenium/chromedriver/linux64/144.0.7559.96/chromedriver unexpectedly exited. Status code was: 127
------------------------------------------------------------------------------
Test News Category Tab In Mobile App :: In Mobile app, check for C... ===== Starting Test Setup =====
===== Test Setup Completed =====
ğŸ“± Attempting to open Gurutattva App (1/3)
===== Opening Gurutattva App =====
[ WARN ] Retrying (Retry(total=2, connect=None, read=None, redirect=None, status=None)) after connection broken by 'NewConnectionError('<urllib3.connection.HTTPConnection object at 0x78b0430d2690>: Failed to establish a new connection: [Errno 111] Connection refused')': /session
[ WARN ] Retrying (Retry(total=1, connect=None, read=None, redirect=None, status=None)) after connection broken by 'NewConnectionError('<urllib3.connection.HTTPConnection object at 0x78b0430d3350>: Failed to establish a new connection: [Errno 111] Connection refused')': /session
[ WARN ] Retrying (Retry(total=0, connect=None, read=None, redirect=None, status=None)) after connection broken by 'NewConnectionError('<urllib3.connection.HTTPConnection object at 0x78b0430d0490>: Failed to establish a new connection: [Errno 111] Connection refused')': /session
âš ï¸ Failed to open app on attempt 1: MaxRetryError: HTTPConnectionPool(host='localhost', port=4723): Max retries exceeded with url: /session (Caused by NewConnectionError('<urllib3.connection.HTTPConnection object at 0x78b043eb7ce0>: Failed to establish a new connection: [Errno 111] Connection refused'))
ğŸ”„ Retrying in 5 seconds...
ğŸ“± Attempting to open Gurutattva App (2/3)
===== Opening Gurutattva App =====
[ WARN ] Retrying (Retry(total=2, connect=None, read=None, redirect=None, status=None)) after connection broken by 'NewConnectionError('<urllib3.connection.HTTPConnection object at 0x78b043eb58c0>: Failed to establish a new connection: [Errno 111] Connection refused')': /session
[ WARN ] Retrying (Retry(total=1, connect=None, read=None, redirect=None, status=None)) after connection broken by 'NewConnectionError('<urllib3.connection.HTTPConnection object at 0x78b044159150>: Failed to establish a new connection: [Errno 111] Connection refused')': /session
[ WARN ] Retrying (Retry(total=0, connect=None, read=None, redirect=None, status=None)) after connection broken by 'NewConnectionError('<urllib3.connection.HTTPConnection object at 0x78b0435be140>: Failed to establish a new connection: [Errno 111] Connection refused')': /session
âš ï¸ Failed to open app on attempt 2: MaxRetryError: HTTPConnectionPool(host='localhost', port=4723): Max retries exceeded with url: /session (Caused by NewConnectionError('<urllib3.connection.HTTPConnection object at 0x78b0435bd590>: Failed to establish a new connection: [Errno 111] Connection refused'))
ğŸ”„ Retrying in 5 seconds...
ğŸ“± Attempting to open Gurutattva App (3/3)
===== Opening Gurutattva App =====
[ WARN ] Retrying (Retry(total=2, connect=None, read=None, redirect=None, status=None)) after connection broken by 'NewConnectionError('<urllib3.connection.HTTPConnection object at 0x78b0435bf9b0>: Failed to establish a new connection: [Errno 111] Connection refused')': /session
[ WARN ] Retrying (Retry(total=1, connect=None, read=None, redirect=None, status=None)) after connection broken by 'NewConnectionError('<urllib3.connection.HTTPConnection object at 0x78b0435be030>: Failed to establish a new connection: [Errno 111] Connection refused')': /session
[ WARN ] Retrying (Retry(total=0, connect=None, read=None, redirect=None, status=None)) after connection broken by 'NewConnectionError('<urllib3.connection.HTTPConnection object at 0x78b0435bf790>: Failed to establish a new connection: [Errno 111] Connection refused')': /session
âš ï¸ Failed to open app on attempt 3: MaxRetryError: HTTPConnectionPool(host='localhost', port=4723): Max retries exceeded with url: /session (Caused by NewConnectionError('<urllib3.connection.HTTPConnection object at 0x78b0435be470>: Failed to establish a new connection: [Errno 111] Connection refused'))
âŒ Failed to open Gurutattva App after 3 attempts
===== Starting Test Teardown =====
âœ… Mobile screenshot captured: /var/jenkins_home/workspace/Guruttava-E2E-Tests/results/Screenshot/Test_News_Category_Tab_In_Mobile_App_20260122_143530.png
âš ï¸ Mobile screenshot capture failed, capturing web screenshot...
âœ… Screenshot captured: /var/jenkins_home/workspace/Guruttava-E2E-Tests/results/Screenshot/Test_News_Category_Tab_In_Mobile_App_20260122_143530.png
===== Closing Gurutattva App =====
âš ï¸ Graceful termination failed, using force stop
âš ï¸ Mobile session close had issues
===== Gurutattva App Closed =====
ğŸ—‘ï¸ Cleared download directory: /var/jenkins_home/workspace/Guruttava-E2E-Tests/downloads
===== Test Teardown Completed =====
| FAIL |
Could not open Gurutattva App after 3 attempts
------------------------------------------------------------------------------
Test Check Local News Filter Functionality :: Check Local News Fil... ===== Starting Test Setup =====
===== Test Setup Completed =====
ğŸ“± Attempting to open Gurutattva App (1/3)
===== Opening Gurutattva App =====
[ WARN ] Retrying (Retry(total=2, connect=None, read=None, redirect=None, status=None)) after connection broken by 'NewConnectionError('<urllib3.connection.HTTPConnection object at 0x78b0435bc6b0>: Failed to establish a new connection: [Errno 111] Connection refused')': /session
[ WARN ] Retrying (Retry(total=1, connect=None, read=None, redirect=None, status=None)) after connection broken by 'NewConnectionError('<urllib3.connection.HTTPConnection object at 0x78b0435becf0>: Failed to establish a new connection: [Errno 111] Connection refused')': /session
[ WARN ] Retrying (Retry(total=0, connect=None, read=None, redirect=None, status=None)) after connection broken by 'NewConnectionError('<urllib3.connection.HTTPConnection object at 0x78b0435bebe0>: Failed to establish a new connection: [Errno 111] Connection refused')': /session
âš ï¸ Failed to open app on attempt 1: MaxRetryError: HTTPConnectionPool(host='localhost', port=4723): Max retries exceeded with url: /session (Caused by NewConnectionError('<urllib3.connection.HTTPConnection object at 0x78b0435bfac0>: Failed to establish a new connection: [Errno 111] Connection refused'))
ğŸ”„ Retrying in 5 seconds...
ğŸ“± Attempting to open Gurutattva App (2/3)
===== Opening Gurutattva App =====
[ WARN ] Retrying (Retry(total=2, connect=None, read=None, redirect=None, status=None)) after connection broken by 'NewConnectionError('<urllib3.connection.HTTPConnection object at 0x78b0430d1260>: Failed to establish a new connection: [Errno 111] Connection refused')': /session
[ WARN ] Retrying (Retry(total=1, connect=None, read=None, redirect=None, status=None)) after connection broken by 'NewConnectionError('<urllib3.connection.HTTPConnection object at 0x78b0430d09e0>: Failed to establish a new connection: [Errno 111] Connection refused')': /session
[ WARN ] Retrying (Retry(total=0, connect=None, read=None, redirect=None, status=None)) after connection broken by 'NewConnectionError('<urllib3.connection.HTTPConnection object at 0x78b0430d3460>: Failed to establish a new connection: [Errno 111] Connection refused')': /session
âš ï¸ Failed to open app on attempt 2: MaxRetryError: HTTPConnectionPool(host='localhost', port=4723): Max retries exceeded with url: /session (Caused by NewConnectionError('<urllib3.connection.HTTPConnection object at 0x78b0430d0d10>: Failed to establish a new connection: [Errno 111] Connection refused'))
ğŸ”„ Retrying in 5 seconds...
ğŸ“± Attempting to open Gurutattva App (3/3)
===== Opening Gurutattva App =====
[ WARN ] Retrying (Retry(total=2, connect=None, read=None, redirect=None, status=None)) after connection broken by 'NewConnectionError('<urllib3.connection.HTTPConnection object at 0x78b0430d16a0>: Failed to establish a new connection: [Errno 111] Connection refused')': /session
[ WARN ] Retrying (Retry(total=1, connect=None, read=None, redirect=None, status=None)) after connection broken by 'NewConnectionError('<urllib3.connection.HTTPConnection object at 0x78b0435bce20>: Failed to establish a new connection: [Errno 111] Connection refused')': /session
[ WARN ] Retrying (Retry(total=0, connect=None, read=None, redirect=None, status=None)) after connection broken by 'NewConnectionError('<urllib3.connection.HTTPConnection object at 0x78b0435be9c0>: Failed to establish a new connection: [Errno 111] Connection refused')': /session
âš ï¸ Failed to open app on attempt 3: MaxRetryError: HTTPConnectionPool(host='localhost', port=4723): Max retries exceeded with url: /session (Caused by NewConnectionError('<urllib3.connection.HTTPConnection object at 0x78b0435be470>: Failed to establish a new connection: [Errno 111] Connection refused'))
âŒ Failed to open Gurutattva App after 3 attempts
===== Starting Test Teardown =====
âœ… Mobile screenshot captured: /var/jenkins_home/workspace/Guruttava-E2E-Tests/results/Screenshot/Test_Check_Local_News_Filter_Functionality_20260122_143554.png
âš ï¸ Mobile screenshot capture failed, capturing web screenshot...
âœ… Screenshot captured: /var/jenkins_home/workspace/Guruttava-E2E-Tests/results/Screenshot/Test_Check_Local_News_Filter_Functionality_20260122_143554.png
===== Closing Gurutattva App =====
âš ï¸ Graceful termination failed, using force stop
âš ï¸ Mobile session close had issues
===== Gurutattva App Closed =====
ğŸ—‘ï¸ Cleared download directory: /var/jenkins_home/workspace/Guruttava-E2E-Tests/downloads
===== Test Teardown Completed =====
| FAIL |
Could not open Gurutattva App after 3 attempts
------------------------------------------------------------------------------
Test Sanchalak Adds Local News And Super Admin Approves It :: Sanc... ===== Starting Test Setup =====
===== Test Setup Completed =====
ğŸ¯ Generated E2E English News Test Data:
ğŸ¯ Title: E2E English News Title 5474
ğŸ¯ Description: E2E English News Description 5474
ğŸ¯ Content: E2E English News Content 5474. This is a test news content generated for automation testing purposes.
ğŸ¯ Step 1: Login as Sanchalak & add a new local news
ğŸŒ Opening web browser: chrome
ğŸ”— Navigating to: https://gurutattvacmsnewdev.rysun.in:9090/
===== Starting Test Teardown =====
âœ… Mobile screenshot captured: /var/jenkins_home/workspace/Guruttava-E2E-Tests/results/Screenshot/Test_Sanchalak_Adds_Local_News_And_Super_Admin_Approves_It_20260122_143609.png
âš ï¸ Mobile screenshot capture failed, capturing web screenshot...
âœ… Screenshot captured: /var/jenkins_home/workspace/Guruttava-E2E-Tests/results/Screenshot/Test_Sanchalak_Adds_Local_News_And_Super_Admin_Approves_It_20260122_143609.png
===== Closing Gurutattva App =====
âš ï¸ Graceful termination failed, using force stop
âš ï¸ Mobile session close had issues
===== Gurutattva App Closed =====
ğŸ—‘ï¸ Cleared download directory: /var/jenkins_home/workspace/Guruttava-E2E-Tests/downloads
===== Test Teardown Completed =====
| FAIL |
WebDriverException: Message: Service /var/jenkins_home/.cache/selenium/chromedriver/linux64/144.0.7559.96/chromedriver unexpectedly exited. Status code was: 127
------------------------------------------------------------------------------
Test Sanchalak Adds Local News And Super Admin Rejects It :: Sanch... ===== Starting Test Setup =====
===== Test Setup Completed =====
ğŸ¯ Generated E2E English News Test Data:
ğŸ¯ Title: E2E English News Title 2515
ğŸ¯ Description: E2E English News Description 2515
ğŸ¯ Content: E2E English News Content 2515. This is a test news content generated for automation testing purposes.
ğŸ¯ Step 1: Login as Sanchalak & add a new local news
ğŸŒ Opening web browser: chrome
ğŸ”— Navigating to: https://gurutattvacmsnewdev.rysun.in:9090/
===== Starting Test Teardown =====
âœ… Mobile screenshot captured: /var/jenkins_home/workspace/Guruttava-E2E-Tests/results/Screenshot/Test_Sanchalak_Adds_Local_News_And_Super_Admin_Rejects_It_20260122_143623.png
âš ï¸ Mobile screenshot capture failed, capturing web screenshot...
âœ… Screenshot captured: /var/jenkins_home/workspace/Guruttava-E2E-Tests/results/Screenshot/Test_Sanchalak_Adds_Local_News_And_Super_Admin_Rejects_It_20260122_143623.png
===== Closing Gurutattva App =====
âš ï¸ Graceful termination failed, using force stop
âš ï¸ Mobile session close had issues
===== Gurutattva App Closed =====
ğŸ—‘ï¸ Cleared download directory: /var/jenkins_home/workspace/Guruttava-E2E-Tests/downloads
===== Test Teardown Completed =====
| FAIL |
WebDriverException: Message: Service /var/jenkins_home/.cache/selenium/chromedriver/linux64/144.0.7559.96/chromedriver unexpectedly exited. Status code was: 127
------------------------------------------------------------------------------
Add News Category from CMS. Add News uder that category. check lis... ===== Starting Test Setup =====
===== Test Setup Completed =====
Generated random number: 405
English Category Name: News_Category_405
Hindi Category Name: à¤à¤•à¥€à¤•à¤°à¤£ à¤ªà¤°à¥€à¤•à¥à¤·à¤£_Category_405
Updated English Category Name: News_Category_405_Updated Category English
Updated Hindi Category Name: News_Category_405_à¤…à¤ªà¤¡à¥‡à¤Ÿà¥‡à¤¡ à¤¶à¥à¤°à¥‡à¤£à¥€ à¤¹à¤¿à¤‚à¤¦à¥€
ğŸŒ Opening web browser: chrome
ğŸ”— Navigating to: https://gurutattvacmsnewdev.rysun.in:9090/
===== Starting Test Teardown =====
âœ… Mobile screenshot captured: /var/jenkins_home/workspace/Guruttava-E2E-Tests/results/Screenshot/Add_News_Category_from_CMS__Add_News_uder_that_category__check_list_of_all_categories_in_the_Mobile_app_under_Category_tab__20260122_143638.png
âš ï¸ Mobile screenshot capture failed, capturing web screenshot...
âœ… Screenshot captured: /var/jenkins_home/workspace/Guruttava-E2E-Tests/results/Screenshot/Add_News_Category_from_CMS__Add_News_uder_that_category__check_list_of_all_categories_in_the_Mobile_app_under_Category_tab__20260122_143638.png
===== Closing Gurutattva App =====
âš ï¸ Graceful termination failed, using force stop
âš ï¸ Mobile session close had issues
===== Gurutattva App Closed =====
ğŸ—‘ï¸ Cleared download directory: /var/jenkins_home/workspace/Guruttava-E2E-Tests/downloads
===== Test Teardown Completed =====
| FAIL |
WebDriverException: Message: Service /var/jenkins_home/.cache/selenium/chromedriver/linux64/144.0.7559.96/chromedriver unexpectedly exited. Status code was: 127
------------------------------------------------------------------------------
Guruttava_Android_E2E_Tests.E2ENews                                   | FAIL |
9 tests, 0 passed, 9 failed
==============================================================================
Guruttava_Android_E2E_Tests.E2EPrayer                                         
==============================================================================
End-to-End Integration: Verify that user is able to add Prayer wit... ===== Starting Test Setup =====
===== Test Setup Completed =====
ğŸ¯ Generated Test Data for Prayer:
ğŸ¯ Person: E2E_Person_Name_4133
ğŸ¯ Full Address: E2E_Full_Address_4133
ğŸ¯ Description: E2E_Prayer_Description_4133
===== Opening Gurutattva App =====
[ WARN ] Retrying (Retry(total=2, connect=None, read=None, redirect=None, status=None)) after connection broken by 'NewConnectionError('<urllib3.connection.HTTPConnection object at 0x78b0435bfdf0>: Failed to establish a new connection: [Errno 111] Connection refused')': /session
[ WARN ] Retrying (Retry(total=1, connect=None, read=None, redirect=None, status=None)) after connection broken by 'NewConnectionError('<urllib3.connection.HTTPConnection object at 0x78b0435bfac0>: Failed to establish a new connection: [Errno 111] Connection refused')': /session
[ WARN ] Retrying (Retry(total=0, connect=None, read=None, redirect=None, status=None)) after connection broken by 'NewConnectionError('<urllib3.connection.HTTPConnection object at 0x78b0435bebe0>: Failed to establish a new connection: [Errno 111] Connection refused')': /session
===== Starting Test Teardown =====
âœ… Mobile screenshot captured: /var/jenkins_home/workspace/Guruttava-E2E-Tests/results/Screenshot/End-to-End_Integration:_Verify_that_user_is_able_to_add_Prayer_with_Self_Option_on_the_mobile_app_and_verify_it_in_CMS_20260122_143654.png
âš ï¸ Mobile screenshot capture failed, capturing web screenshot...
âœ… Screenshot captured: /var/jenkins_home/workspace/Guruttava-E2E-Tests/results/Screenshot/End-to-End_Integration:_Verify_that_user_is_able_to_add_Prayer_with_Self_Option_on_the_mobile_app_and_verify_it_in_CMS_20260122_143654.png
===== Closing Gurutattva App =====
âš ï¸ Graceful termination failed, using force stop
âš ï¸ Mobile session close had issues
===== Gurutattva App Closed =====
ğŸ—‘ï¸ Cleared download directory: /var/jenkins_home/workspace/Guruttava-E2E-Tests/downloads
===== Test Teardown Completed =====
| FAIL |
MaxRetryError: HTTPConnectionPool(host='localhost', port=4723): Max retries exceeded with url: /session (Caused by NewConnectionError('<urllib3.connection.HTTPConnection object at 0x78b0435becf0>: Failed to establish a new connection: [Errno 111] Connection refused'))
------------------------------------------------------------------------------
End-to-End Integration:Verify that user is able to add Prayer with... ===== Starting Test Setup =====
===== Test Setup Completed =====
ğŸ¯ Generated Test Data for Prayer:
ğŸ¯ Applicant: E2E_Applicant_Name_Other_5849
ğŸ¯ Person: E2E_Other_Name_5849
ğŸ¯ Full Address: E2E_Other_Full_Address_5849
ğŸ¯ Description: E2E_Prayer_Description_Other_5849
===== Opening Gurutattva App =====
[ WARN ] Retrying (Retry(total=2, connect=None, read=None, redirect=None, status=None)) after connection broken by 'NewConnectionError('<urllib3.connection.HTTPConnection object at 0x78b043cb3ac0>: Failed to establish a new connection: [Errno 111] Connection refused')': /session
[ WARN ] Retrying (Retry(total=1, connect=None, read=None, redirect=None, status=None)) after connection broken by 'NewConnectionError('<urllib3.connection.HTTPConnection object at 0x78b043cb0490>: Failed to establish a new connection: [Errno 111] Connection refused')': /session
[ WARN ] Retrying (Retry(total=0, connect=None, read=None, redirect=None, status=None)) after connection broken by 'NewConnectionError('<urllib3.connection.HTTPConnection object at 0x78b043cb1260>: Failed to establish a new connection: [Errno 111] Connection refused')': /session
===== Starting Test Teardown =====
âœ… Mobile screenshot captured: /var/jenkins_home/workspace/Guruttava-E2E-Tests/results/Screenshot/End-to-End_Integration:Verify_that_user_is_able_to_add_Prayer_with_Other_Option_on_the_mobile_app_and_verify_it_in_CMS_20260122_143706.png
âš ï¸ Mobile screenshot capture failed, capturing web screenshot...
âœ… Screenshot captured: /var/jenkins_home/workspace/Guruttava-E2E-Tests/results/Screenshot/End-to-End_Integration:Verify_that_user_is_able_to_add_Prayer_with_Other_Option_on_the_mobile_app_and_verify_it_in_CMS_20260122_143706.png
===== Closing Gurutattva App =====
âš ï¸ Graceful termination failed, using force stop
âš ï¸ Mobile session close had issues
===== Gurutattva App Closed =====
ğŸ—‘ï¸ Cleared download directory: /var/jenkins_home/workspace/Guruttava-E2E-Tests/downloads
===== Test Teardown Completed =====
| FAIL |
MaxRetryError: HTTPConnectionPool(host='localhost', port=4723): Max retries exceeded with url: /session (Caused by NewConnectionError('<urllib3.connection.HTTPConnection object at 0x78b043cb0f30>: Failed to establish a new connection: [Errno 111] Connection refused'))
------------------------------------------------------------------------------
Verify that user is able to export the Prayer in CMS :: End-to-end... ===== Starting Test Setup =====
===== Test Setup Completed =====
ğŸ¯ Generated Test Data for Prayer:
ğŸ¯ Person: E2E_Person_Name_1328
ğŸ¯ Full Address: E2E_Full_Address_1328
ğŸ¯ Description: E2E_Prayer_Description_1328
===== Opening Gurutattva App =====
[ WARN ] Retrying (Retry(total=2, connect=None, read=None, redirect=None, status=None)) after connection broken by 'NewConnectionError('<urllib3.connection.HTTPConnection object at 0x78b0435bfdf0>: Failed to establish a new connection: [Errno 111] Connection refused')': /session
[ WARN ] Retrying (Retry(total=1, connect=None, read=None, redirect=None, status=None)) after connection broken by 'NewConnectionError('<urllib3.connection.HTTPConnection object at 0x78b0435bfac0>: Failed to establish a new connection: [Errno 111] Connection refused')': /session
[ WARN ] Retrying (Retry(total=0, connect=None, read=None, redirect=None, status=None)) after connection broken by 'NewConnectionError('<urllib3.connection.HTTPConnection object at 0x78b0435bf9b0>: Failed to establish a new connection: [Errno 111] Connection refused')': /session
===== Starting Test Teardown =====
âœ… Mobile screenshot captured: /var/jenkins_home/workspace/Guruttava-E2E-Tests/results/Screenshot/Verify_that_user_is_able_to_export_the_Prayer_in_CMS_20260122_143719.png
âš ï¸ Mobile screenshot capture failed, capturing web screenshot...
âœ… Screenshot captured: /var/jenkins_home/workspace/Guruttava-E2E-Tests/results/Screenshot/Verify_that_user_is_able_to_export_the_Prayer_in_CMS_20260122_143719.png
===== Closing Gurutattva App =====
âš ï¸ Graceful termination failed, using force stop
âš ï¸ Mobile session close had issues
===== Gurutattva App Closed =====
ğŸ—‘ï¸ Cleared download directory: /var/jenkins_home/workspace/Guruttava-E2E-Tests/downloads
===== Test Teardown Completed =====
| FAIL |
MaxRetryError: HTTPConnectionPool(host='localhost', port=4723): Max retries exceeded with url: /session (Caused by NewConnectionError('<urllib3.connection.HTTPConnection object at 0x78b0435bc050>: Failed to establish a new connection: [Errno 111] Connection refused'))
------------------------------------------------------------------------------
Guruttava_Android_E2E_Tests.E2EPrayer                                 | FAIL |
3 tests, 0 passed, 3 failed
==============================================================================
Guruttava_Android_E2E_Tests.E2ERegistration                                   
==============================================================================
Verify that quick registration on the mobile app reflects correctl... ===== Starting Test Setup =====
===== Test Setup Completed =====
Generated E2E Registration Test Data:
First Name: TestFirstName
Last Name: TestLastName
Email: qa.e2etest9538@gurutattva.com
Mobile: 9960232311
Gender: Male
DOB: 2005
Country: India
State: Gujarat
District: Ahmedabad
City: Ahmedabad City
Area: Ahmedabad (City)
===== Opening Gurutattva App =====
[ WARN ] Retrying (Retry(total=2, connect=None, read=None, redirect=None, status=None)) after connection broken by 'NewConnectionError('<urllib3.connection.HTTPConnection object at 0x78b043cb0270>: Failed to establish a new connection: [Errno 111] Connection refused')': /session
[ WARN ] Retrying (Retry(total=1, connect=None, read=None, redirect=None, status=None)) after connection broken by 'NewConnectionError('<urllib3.connection.HTTPConnection object at 0x78b043cb07c0>: Failed to establish a new connection: [Errno 111] Connection refused')': /session
[ WARN ] Retrying (Retry(total=0, connect=None, read=None, redirect=None, status=None)) after connection broken by 'NewConnectionError('<urllib3.connection.HTTPConnection object at 0x78b043cb0c00>: Failed to establish a new connection: [Errno 111] Connection refused')': /session
===== Starting Test Teardown =====
âœ… Mobile screenshot captured: /var/jenkins_home/workspace/Guruttava-E2E-Tests/results/Screenshot/Verify_that_quick_registration_on_the_mobile_app_reflects_correctly_in_the_CMS_and_user_details_are_displayed_properly_in_profile_and_flip_card__20260122_143735.png
âš ï¸ Mobile screenshot capture failed, capturing web screenshot...
âœ… Screenshot captured: /var/jenkins_home/workspace/Guruttava-E2E-Tests/results/Screenshot/Verify_that_quick_registration_on_the_mobile_app_reflects_correctly_in_the_CMS_and_user_details_are_displayed_properly_in_profile_and_flip_card__20260122_143735.png
===== Closing Gurutattva App =====
âš ï¸ Graceful termination failed, using force stop
âš ï¸ Mobile session close had issues
===== Gurutattva App Closed =====
ğŸ—‘ï¸ Cleared download directory: /var/jenkins_home/workspace/Guruttava-E2E-Tests/downloads
===== Test Teardown Completed =====
| FAIL |
MaxRetryError: HTTPConnectionPool(host='localhost', port=4723): Max retries exceeded with url: /session (Caused by NewConnectionError('<urllib3.connection.HTTPConnection object at 0x78b043cb05a0>: Failed to establish a new connection: [Errno 111] Connection refused'))
------------------------------------------------------------------------------
Verify user is not able to do quick registration on mobile app wit... ===== Starting Test Setup =====
===== Test Setup Completed =====
===== Opening Gurutattva App =====
[ WARN ] Retrying (Retry(total=2, connect=None, read=None, redirect=None, status=None)) after connection broken by 'NewConnectionError('<urllib3.connection.HTTPConnection object at 0x78b043cb1150>: Failed to establish a new connection: [Errno 111] Connection refused')': /session
[ WARN ] Retrying (Retry(total=1, connect=None, read=None, redirect=None, status=None)) after connection broken by 'NewConnectionError('<urllib3.connection.HTTPConnection object at 0x78b043cb17b0>: Failed to establish a new connection: [Errno 111] Connection refused')': /session
[ WARN ] Retrying (Retry(total=0, connect=None, read=None, redirect=None, status=None)) after connection broken by 'NewConnectionError('<urllib3.connection.HTTPConnection object at 0x78b043cb16a0>: Failed to establish a new connection: [Errno 111] Connection refused')': /session
===== Starting Test Teardown =====
âœ… Mobile screenshot captured: /var/jenkins_home/workspace/Guruttava-E2E-Tests/results/Screenshot/Verify_user_is_not_able_to_do_quick_registration_on_mobile_app_with_already_used_email_id_and_phone_number_20260122_143748.png
âš ï¸ Mobile screenshot capture failed, capturing web screenshot...
âœ… Screenshot captured: /var/jenkins_home/workspace/Guruttava-E2E-Tests/results/Screenshot/Verify_user_is_not_able_to_do_quick_registration_on_mobile_app_with_already_used_email_id_and_phone_number_20260122_143748.png
===== Closing Gurutattva App =====
âš ï¸ Graceful termination failed, using force stop
âš ï¸ Mobile session close had issues
===== Gurutattva App Closed =====
ğŸ—‘ï¸ Cleared download directory: /var/jenkins_home/workspace/Guruttava-E2E-Tests/downloads
===== Test Teardown Completed =====
| FAIL |
MaxRetryError: HTTPConnectionPool(host='localhost', port=4723): Max retries exceeded with url: /session (Caused by NewConnectionError('<urllib3.connection.HTTPConnection object at 0x78b043cb3bd0>: Failed to establish a new connection: [Errno 111] Connection refused'))
------------------------------------------------------------------------------
Verify that the quick registration user is not able to access Even... ===== Starting Test Setup =====
===== Test Setup Completed =====
===== Opening Gurutattva App =====
[ WARN ] Retrying (Retry(total=2, connect=None, read=None, redirect=None, status=None)) after connection broken by 'NewConnectionError('<urllib3.connection.HTTPConnection object at 0x78b043cb3680>: Failed to establish a new connection: [Errno 111] Connection refused')': /session
[ WARN ] Retrying (Retry(total=1, connect=None, read=None, redirect=None, status=None)) after connection broken by 'NewConnectionError('<urllib3.connection.HTTPConnection object at 0x78b043cb08d0>: Failed to establish a new connection: [Errno 111] Connection refused')': /session
[ WARN ] Retrying (Retry(total=0, connect=None, read=None, redirect=None, status=None)) after connection broken by 'NewConnectionError('<urllib3.connection.HTTPConnection object at 0x78b043cb1040>: Failed to establish a new connection: [Errno 111] Connection refused')': /session
===== Starting Test Teardown =====
âœ… Mobile screenshot captured: /var/jenkins_home/workspace/Guruttava-E2E-Tests/results/Screenshot/Verify_that_the_quick_registration_user_is_not_able_to_access_Events,_Dhyan_Kendra,_and_Podcasts_,_Home_screen_on_the_mobile_app,_and_that_a_pop-up_message_is_displayed_20260122_143800.png
âš ï¸ Mobile screenshot capture failed, capturing web screenshot...
âœ… Screenshot captured: /var/jenkins_home/workspace/Guruttava-E2E-Tests/results/Screenshot/Verify_that_the_quick_registration_user_is_not_able_to_access_Events,_Dhyan_Kendra,_and_Podcasts_,_Home_screen_on_the_mobile_app,_and_that_a_pop-up_message_is_displayed_20260122_143800.png
===== Closing Gurutattva App =====
âš ï¸ Graceful termination failed, using force stop
âš ï¸ Mobile session close had issues
===== Gurutattva App Closed =====
ğŸ—‘ï¸ Cleared download directory: /var/jenkins_home/workspace/Guruttava-E2E-Tests/downloads
===== Test Teardown Completed =====
| FAIL |
MaxRetryError: HTTPConnectionPool(host='localhost', port=4723): Max retries exceeded with url: /session (Caused by NewConnectionError('<urllib3.connection.HTTPConnection object at 0x78b043cb1ae0>: Failed to establish a new connection: [Errno 111] Connection refused'))
------------------------------------------------------------------------------
Verify that the quick registration user is able to become a member... ===== Starting Test Setup =====
===== Test Setup Completed =====
===== Opening Gurutattva App =====
[ WARN ] Retrying (Retry(total=2, connect=None, read=None, redirect=None, status=None)) after connection broken by 'NewConnectionError('<urllib3.connection.HTTPConnection object at 0x78b043cb1040>: Failed to establish a new connection: [Errno 111] Connection refused')': /session
[ WARN ] Retrying (Retry(total=1, connect=None, read=None, redirect=None, status=None)) after connection broken by 'NewConnectionError('<urllib3.connection.HTTPConnection object at 0x78b043cb09e0>: Failed to establish a new connection: [Errno 111] Connection refused')': /session
[ WARN ] Retrying (Retry(total=0, connect=None, read=None, redirect=None, status=None)) after connection broken by 'NewConnectionError('<urllib3.connection.HTTPConnection object at 0x78b043cb3ac0>: Failed to establish a new connection: [Errno 111] Connection refused')': /session
===== Starting Test Teardown =====
âœ… Mobile screenshot captured: /var/jenkins_home/workspace/Guruttava-E2E-Tests/results/Screenshot/Verify_that_the_quick_registration_user_is_able_to_become_a_member_on_the_mobile_app_20260122_143813.png
âš ï¸ Mobile screenshot capture failed, capturing web screenshot...
âœ… Screenshot captured: /var/jenkins_home/workspace/Guruttava-E2E-Tests/results/Screenshot/Verify_that_the_quick_registration_user_is_able_to_become_a_member_on_the_mobile_app_20260122_143813.png
===== Closing Gurutattva App =====
âš ï¸ Graceful termination failed, using force stop
âš ï¸ Mobile session close had issues
===== Gurutattva App Closed =====
ğŸ—‘ï¸ Cleared download directory: /var/jenkins_home/workspace/Guruttava-E2E-Tests/downloads
===== Test Teardown Completed =====
| FAIL |
MaxRetryError: HTTPConnectionPool(host='localhost', port=4723): Max retries exceeded with url: /session (Caused by NewConnectionError('<urllib3.connection.HTTPConnection object at 0x78b043cb05a0>: Failed to establish a new connection: [Errno 111] Connection refused'))
------------------------------------------------------------------------------
Verify that Community registration on the mobile app reflects corr... ===== Starting Test Setup =====
===== Test Setup Completed =====
===== Opening Gurutattva App =====
[ WARN ] Retrying (Retry(total=2, connect=None, read=None, redirect=None, status=None)) after connection broken by 'NewConnectionError('<urllib3.connection.HTTPConnection object at 0x78b043cb16a0>: Failed to establish a new connection: [Errno 111] Connection refused')': /session
[ WARN ] Retrying (Retry(total=1, connect=None, read=None, redirect=None, status=None)) after connection broken by 'NewConnectionError('<urllib3.connection.HTTPConnection object at 0x78b043cb07c0>: Failed to establish a new connection: [Errno 111] Connection refused')': /session
[ WARN ] Retrying (Retry(total=0, connect=None, read=None, redirect=None, status=None)) after connection broken by 'NewConnectionError('<urllib3.connection.HTTPConnection object at 0x78b043cb1590>: Failed to establish a new connection: [Errno 111] Connection refused')': /session
===== Starting Test Teardown =====
âœ… Mobile screenshot captured: /var/jenkins_home/workspace/Guruttava-E2E-Tests/results/Screenshot/Verify_that_Community_registration_on_the_mobile_app_reflects_correctly_in_the_CMS_and_user_details_are_displayed_properly_in_profile_and_flip_card__20260122_143825.png
âš ï¸ Mobile screenshot capture failed, capturing web screenshot...
âœ… Screenshot captured: /var/jenkins_home/workspace/Guruttava-E2E-Tests/results/Screenshot/Verify_that_Community_registration_on_the_mobile_app_reflects_correctly_in_the_CMS_and_user_details_are_displayed_properly_in_profile_and_flip_card__20260122_143825.png
===== Closing Gurutattva App =====
âš ï¸ Graceful termination failed, using force stop
âš ï¸ Mobile session close had issues
===== Gurutattva App Closed =====
ğŸ—‘ï¸ Cleared download directory: /var/jenkins_home/workspace/Guruttava-E2E-Tests/downloads
===== Test Teardown Completed =====
| FAIL |
MaxRetryError: HTTPConnectionPool(host='localhost', port=4723): Max retries exceeded with url: /session (Caused by NewConnectionError('<urllib3.connection.HTTPConnection object at 0x78b043cb08d0>: Failed to establish a new connection: [Errno 111] Connection refused'))
------------------------------------------------------------------------------
Verify that the community registered user is able to access Events... ===== Starting Test Setup =====
===== Test Setup Completed =====
===== Opening Gurutattva App =====
[ WARN ] Retrying (Retry(total=2, connect=None, read=None, redirect=None, status=None)) after connection broken by 'NewConnectionError('<urllib3.connection.HTTPConnection object at 0x78b043cb07c0>: Failed to establish a new connection: [Errno 111] Connection refused')': /session
[ WARN ] Retrying (Retry(total=1, connect=None, read=None, redirect=None, status=None)) after connection broken by 'NewConnectionError('<urllib3.connection.HTTPConnection object at 0x78b043cb1590>: Failed to establish a new connection: [Errno 111] Connection refused')': /session
[ WARN ] Retrying (Retry(total=0, connect=None, read=None, redirect=None, status=None)) after connection broken by 'NewConnectionError('<urllib3.connection.HTTPConnection object at 0x78b043cb06b0>: Failed to establish a new connection: [Errno 111] Connection refused')': /session
===== Starting Test Teardown =====
âœ… Mobile screenshot captured: /var/jenkins_home/workspace/Guruttava-E2E-Tests/results/Screenshot/Verify_that_the_community_registered_user_is_able_to_access_Events,_Dhyan_Kendra,_and_Podcasts_on_the_mobile_app,_and_ensure_that_no_pop-up_message_is_displayed_20260122_143838.png
âš ï¸ Mobile screenshot capture failed, capturing web screenshot...
âœ… Screenshot captured: /var/jenkins_home/workspace/Guruttava-E2E-Tests/results/Screenshot/Verify_that_the_community_registered_user_is_able_to_access_Events,_Dhyan_Kendra,_and_Podcasts_on_the_mobile_app,_and_ensure_that_no_pop-up_message_is_displayed_20260122_143838.png
===== Closing Gurutattva App =====
âš ï¸ Graceful termination failed, using force stop
âš ï¸ Mobile session close had issues
===== Gurutattva App Closed =====
ğŸ—‘ï¸ Cleared download directory: /var/jenkins_home/workspace/Guruttava-E2E-Tests/downloads
===== Test Teardown Completed =====
| FAIL |
MaxRetryError: HTTPConnectionPool(host='localhost', port=4723): Max retries exceeded with url: /session (Caused by NewConnectionError('<urllib3.connection.HTTPConnection object at 0x78b043cb1040>: Failed to establish a new connection: [Errno 111] Connection refused'))
------------------------------------------------------------------------------
Guruttava_Android_E2E_Tests.E2ERegistration                           | FAIL |
6 tests, 0 passed, 6 failed
==============================================================================
[ WARN ] Error in file '/var/jenkins_home/workspace/Guruttava-E2E-Tests/pages/E2ERoleRightPage.robot' on line 92: The '[Return]' setting is deprecated. Use the 'RETURN' statement instead.
[ WARN ] Error in file '/var/jenkins_home/workspace/Guruttava-E2E-Tests/pages/E2ERoleRightPage.robot' on line 111: The '[Return]' setting is deprecated. Use the 'RETURN' statement instead.
[ WARN ] Error in file '/var/jenkins_home/workspace/Guruttava-E2E-Tests/pages/E2ERoleRightPage.robot' on line 256: The '[Return]' setting is deprecated. Use the 'RETURN' statement instead.
[ WARN ] Error in file '/var/jenkins_home/workspace/Guruttava-E2E-Tests/pages/E2ERoleRightPage.robot' on line 272: The '[Return]' setting is deprecated. Use the 'RETURN' statement instead.
[ WARN ] Error in file '/var/jenkins_home/workspace/Guruttava-E2E-Tests/pages/E2ERoleRightPage.robot' on line 296: The '[Return]' setting is deprecated. Use the 'RETURN' statement instead.
[ WARN ] Error in file '/var/jenkins_home/workspace/Guruttava-E2E-Tests/pages/E2ERoleRightPage.robot' on line 315: The '[Return]' setting is deprecated. Use the 'RETURN' statement instead.
[ WARN ] Error in file '/var/jenkins_home/workspace/Guruttava-E2E-Tests/pages/E2ERoleRightPage.robot' on line 510: The '[Return]' setting is deprecated. Use the 'RETURN' statement instead.
[ WARN ] Error in file '/var/jenkins_home/workspace/Guruttava-E2E-Tests/pages/E2ERoleRightPage.robot' on line 542: The '[Return]' setting is deprecated. Use the 'RETURN' statement instead.
[ WARN ] Error in file '/var/jenkins_home/workspace/Guruttava-E2E-Tests/pages/E2ERoleRightPage.robot' on line 573: The '[Return]' setting is deprecated. Use the 'RETURN' statement instead.
Guruttava_Android_E2E_Tests.E2ERoleRight                                      
==============================================================================
Test Prayer Coordinator Role Access :: Login as Prayer Coordinator... ===== Starting Test Setup =====
===== Test Setup Completed =====
ğŸ§ª Testing role access for: Prayer Coordinator
ğŸŒ Opening web browser: chrome
ğŸ”— Navigating to: https://gurutattvacmsnewdev.rysun.in:9090/
===== Starting Test Teardown =====
âœ… Mobile screenshot captured: /var/jenkins_home/workspace/Guruttava-E2E-Tests/results/Screenshot/Test_Prayer_Coordinator_Role_Access_20260122_143854.png
âš ï¸ Mobile screenshot capture failed, capturing web screenshot...
âœ… Screenshot captured: /var/jenkins_home/workspace/Guruttava-E2E-Tests/results/Screenshot/Test_Prayer_Coordinator_Role_Access_20260122_143854.png
===== Closing Gurutattva App =====
âš ï¸ Graceful termination failed, using force stop
âš ï¸ Mobile session close had issues
===== Gurutattva App Closed =====
ğŸ—‘ï¸ Cleared download directory: /var/jenkins_home/workspace/Guruttava-E2E-Tests/downloads
===== Test Teardown Completed =====
| FAIL |
WebDriverException: Message: Service /var/jenkins_home/.cache/selenium/chromedriver/linux64/144.0.7559.96/chromedriver unexpectedly exited. Status code was: 127
------------------------------------------------------------------------------
Test Global Event Coordinator Role Access :: Login as Global Event... ===== Starting Test Setup =====
===== Test Setup Completed =====
ğŸ§ª Testing role access for: Global Event Coordinator
ğŸŒ Opening web browser: chrome
ğŸ”— Navigating to: https://gurutattvacmsnewdev.rysun.in:9090/
===== Starting Test Teardown =====
âœ… Mobile screenshot captured: /var/jenkins_home/workspace/Guruttava-E2E-Tests/results/Screenshot/Test_Global_Event_Coordinator_Role_Access_20260122_143914.png
âš ï¸ Mobile screenshot capture failed, capturing web screenshot...
âœ… Screenshot captured: /var/jenkins_home/workspace/Guruttava-E2E-Tests/results/Screenshot/Test_Global_Event_Coordinator_Role_Access_20260122_143914.png
===== Closing Gurutattva App =====
âš ï¸ Graceful termination failed, using force stop
âš ï¸ Mobile session close had issues
===== Gurutattva App Closed =====
ğŸ—‘ï¸ Cleared download directory: /var/jenkins_home/workspace/Guruttava-E2E-Tests/downloads
===== Test Teardown Completed =====
| FAIL |
WebDriverException: Message: Service /var/jenkins_home/.cache/selenium/chromedriver/linux64/144.0.7559.96/chromedriver unexpectedly exited. Status code was: 127
------------------------------------------------------------------------------
Test Acharya Role Access :: Login as Acharya and validate menu acc... ===== Starting Test Setup =====
===== Test Setup Completed =====
ğŸ§ª Testing role access for: Acharya
ğŸŒ Opening web browser: chrome
ğŸ”— Navigating to: https://gurutattvacmsnewdev.rysun.in:9090/
===== Starting Test Teardown =====
âœ… Mobile screenshot captured: /var/jenkins_home/workspace/Guruttava-E2E-Tests/results/Screenshot/Test_Acharya_Role_Access_20260122_143932.png
âš ï¸ Mobile screenshot capture failed, capturing web screenshot...
âœ… Screenshot captured: /var/jenkins_home/workspace/Guruttava-E2E-Tests/results/Screenshot/Test_Acharya_Role_Access_20260122_143932.png
===== Closing Gurutattva App =====
âš ï¸ Graceful termination failed, using force stop
âš ï¸ Mobile session close had issues
===== Gurutattva App Closed =====
ğŸ—‘ï¸ Cleared download directory: /var/jenkins_home/workspace/Guruttava-E2E-Tests/downloads
===== Test Teardown Completed =====
| FAIL |
WebDriverException: Message: Service /var/jenkins_home/.cache/selenium/chromedriver/linux64/144.0.7559.96/chromedriver unexpectedly exited. Status code was: 127
------------------------------------------------------------------------------
Test Maha Acharya Role Access :: Login as Maha Acharya and validat... ===== Starting Test Setup =====
===== Test Setup Completed =====
ğŸ§ª Testing role access for: Maha Acharya
ğŸŒ Opening web browser: chrome
ğŸ”— Navigating to: https://gurutattvacmsnewdev.rysun.in:9090/
===== Starting Test Teardown =====
âœ… Mobile screenshot captured: /var/jenkins_home/workspace/Guruttava-E2E-Tests/results/Screenshot/Test_Maha_Acharya_Role_Access_20260122_143947.png
âš ï¸ Mobile screenshot capture failed, capturing web screenshot...
âœ… Screenshot captured: /var/jenkins_home/workspace/Guruttava-E2E-Tests/results/Screenshot/Test_Maha_Acharya_Role_Access_20260122_143947.png
===== Closing Gurutattva App =====
âš ï¸ Graceful termination failed, using force stop
âš ï¸ Mobile session close had issues
===== Gurutattva App Closed =====
ğŸ—‘ï¸ Cleared download directory: /var/jenkins_home/workspace/Guruttava-E2E-Tests/downloads
===== Test Teardown Completed =====
| FAIL |
WebDriverException: Message: Service /var/jenkins_home/.cache/selenium/chromedriver/linux64/144.0.7559.96/chromedriver unexpectedly exited. Status code was: 127
------------------------------------------------------------------------------
Test Namkaran Coordinator Role Access :: Login as Namkaran Coordin... ===== Starting Test Setup =====
===== Test Setup Completed =====
ğŸ§ª Testing role access for: Namkaran Coordinator
ğŸŒ Opening web browser: chrome
ğŸ”— Navigating to: https://gurutattvacmsnewdev.rysun.in:9090/
===== Starting Test Teardown =====
âœ… Mobile screenshot captured: /var/jenkins_home/workspace/Guruttava-E2E-Tests/results/Screenshot/Test_Namkaran_Coordinator_Role_Access_20260122_144002.png
âš ï¸ Mobile screenshot capture failed, capturing web screenshot...
âœ… Screenshot captured: /var/jenkins_home/workspace/Guruttava-E2E-Tests/results/Screenshot/Test_Namkaran_Coordinator_Role_Access_20260122_144002.png
===== Closing Gurutattva App =====
âš ï¸ Graceful termination failed, using force stop
âš ï¸ Mobile session close had issues
===== Gurutattva App Closed =====
ğŸ—‘ï¸ Cleared download directory: /var/jenkins_home/workspace/Guruttava-E2E-Tests/downloads
===== Test Teardown Completed =====
| FAIL |
WebDriverException: Message: Service /var/jenkins_home/.cache/selenium/chromedriver/linux64/144.0.7559.96/chromedriver unexpectedly exited. Status code was: 127
------------------------------------------------------------------------------
Guruttava_Android_E2E_Tests.E2ERoleRight                              | FAIL |
5 tests, 0 passed, 5 failed
==============================================================================
Guruttava_Android_E2E_Tests                                           | FAIL |
78 tests, 0 passed, 78 failed
==============================================================================
Output:  /var/jenkins_home/workspace/Guruttava-E2E-Tests/robot-results/output.xml
XUnit:   /var/jenkins_home/workspace/Guruttava-E2E-Tests/robot-results/robot-results/xunit.xml
Log:     /var/jenkins_home/workspace/Guruttava-E2E-Tests/robot-results/log.html
Report:  /var/jenkins_home/workspace/Guruttava-E2E-Tests/robot-results/report.html
Robot Framework exit code: 78
Parsing test results and uploading to platform...
Triggering AI analysis for failures...
{
  "error": "Missing required field: build_id"
}
=========================================
Guruttava Tests completed!
Platform: Android
Results uploaded to project_id: 2
=========================================
Build step 'Execute shell' marked build as failure
Archiving artifacts
Recording test results
No test report files were found. Configuration error?
[Checks API] No suitable checks publisher found.
Finished: FAILURE
