<?xml version="1.0" encoding="UTF-8"?>
<testsuite name="Guruttava_Android_E2E_Tests" tests="78" errors="0" failures="78" skipped="0" time="1335.123" timestamp="2026-01-26T18:17:58.469320">
<testsuite name="E2EAudio" tests="20" errors="0" failures="20" skipped="0" time="428.847" timestamp="2026-01-26T18:18:00.827431">
<testcase classname="Guruttava_Android_E2E_Tests.E2EAudio" name="End-to-End Integration Create and Publish Music Track in Web CRM and Verify Playback in Mobile App" time="38.932">
<failure message="WebDriverException: Message: Service /var/jenkins_home/.cache/selenium/chromedriver/linux64/144.0.7559.96/chromedriver unexpectedly exited. Status code was: 127&#10;" type="AssertionError"/>
</testcase>
<testcase classname="Guruttava_Android_E2E_Tests.E2EAudio" name="Unpublish Music Track And Validate In Mobile App" time="16.539">
<failure message="WebDriverException: Message: Service /var/jenkins_home/.cache/selenium/chromedriver/linux64/144.0.7559.96/chromedriver unexpectedly exited. Status code was: 127&#10;" type="AssertionError"/>
</testcase>
<testcase classname="Guruttava_Android_E2E_Tests.E2EAudio" name="End-to-End Integration Create and Publish Podcast in Web CRM and Verify Playback in Mobile App" time="16.794">
<failure message="WebDriverException: Message: Service /var/jenkins_home/.cache/selenium/chromedriver/linux64/144.0.7559.96/chromedriver unexpectedly exited. Status code was: 127&#10;" type="AssertionError"/>
</testcase>
<testcase classname="Guruttava_Android_E2E_Tests.E2EAudio" name="Validate that the mobile app does not display unpublished podcast track" time="15.809">
<failure message="WebDriverException: Message: Service /var/jenkins_home/.cache/selenium/chromedriver/linux64/144.0.7559.96/chromedriver unexpectedly exited. Status code was: 127&#10;" type="AssertionError"/>
</testcase>
<testcase classname="Guruttava_Android_E2E_Tests.E2EAudio" name="Validate mobile app does not show deleted Podcast tracks" time="15.026">
<failure message="WebDriverException: Message: Service /var/jenkins_home/.cache/selenium/chromedriver/linux64/144.0.7559.96/chromedriver unexpectedly exited. Status code was: 127&#10;" type="AssertionError"/>
</testcase>
<testcase classname="Guruttava_Android_E2E_Tests.E2EAudio" name="Validate mobile app does not show deleted Music tracks" time="15.984">
<failure message="WebDriverException: Message: Service /var/jenkins_home/.cache/selenium/chromedriver/linux64/144.0.7559.96/chromedriver unexpectedly exited. Status code was: 127&#10;" type="AssertionError"/>
</testcase>
<testcase classname="Guruttava_Android_E2E_Tests.E2EAudio" name="Validate Editing and Publishing of Music Track in Web CMS and Verify in Mobile App" time="16.211">
<failure message="WebDriverException: Message: Service /var/jenkins_home/.cache/selenium/chromedriver/linux64/144.0.7559.96/chromedriver unexpectedly exited. Status code was: 127&#10;" type="AssertionError"/>
</testcase>
<testcase classname="Guruttava_Android_E2E_Tests.E2EAudio" name="Validate Editing and Publishing of Podcast Track in Web CMS and Verify in Mobile App" time="17.633">
<failure message="WebDriverException: Message: Service /var/jenkins_home/.cache/selenium/chromedriver/linux64/144.0.7559.96/chromedriver unexpectedly exited. Status code was: 127&#10;" type="AssertionError"/>
</testcase>
<testcase classname="Guruttava_Android_E2E_Tests.E2EAudio" name="Delete Music Track And Verify Removal From Mobile App" time="14.643">
<failure message="WebDriverException: Message: Service /var/jenkins_home/.cache/selenium/chromedriver/linux64/144.0.7559.96/chromedriver unexpectedly exited. Status code was: 127&#10;" type="AssertionError"/>
</testcase>
<testcase classname="Guruttava_Android_E2E_Tests.E2EAudio" name="Delete Podcast Track And Verify Removal From Mobile App" time="14.737">
<failure message="WebDriverException: Message: Service /var/jenkins_home/.cache/selenium/chromedriver/linux64/144.0.7559.96/chromedriver unexpectedly exited. Status code was: 127&#10;" type="AssertionError"/>
</testcase>
<testcase classname="Guruttava_Android_E2E_Tests.E2EAudio" name="Add Music Track With Same Track And Thumbnail For Both Languages" time="14.339">
<failure message="WebDriverException: Message: Service /var/jenkins_home/.cache/selenium/chromedriver/linux64/144.0.7559.96/chromedriver unexpectedly exited. Status code was: 127&#10;" type="AssertionError"/>
</testcase>
<testcase classname="Guruttava_Android_E2E_Tests.E2EAudio" name="Add Podcast Track With Same Track And Thumbnail For Both Languages" time="14.509">
<failure message="WebDriverException: Message: Service /var/jenkins_home/.cache/selenium/chromedriver/linux64/144.0.7559.96/chromedriver unexpectedly exited. Status code was: 127&#10;" type="AssertionError"/>
</testcase>
<testcase classname="Guruttava_Android_E2E_Tests.E2EAudio" name="Add Music Track Without Author" time="15.502">
<failure message="WebDriverException: Message: Service /var/jenkins_home/.cache/selenium/chromedriver/linux64/144.0.7559.96/chromedriver unexpectedly exited. Status code was: 127&#10;" type="AssertionError"/>
</testcase>
<testcase classname="Guruttava_Android_E2E_Tests.E2EAudio" name="Add Podcast Track Without Speaker Should not be allowed" time="14.323">
<failure message="WebDriverException: Message: Service /var/jenkins_home/.cache/selenium/chromedriver/linux64/144.0.7559.96/chromedriver unexpectedly exited. Status code was: 127&#10;" type="AssertionError"/>
</testcase>
<testcase classname="Guruttava_Android_E2E_Tests.E2EAudio" name="Test Music Different Filter Functionality" time="14.973">
<failure message="WebDriverException: Message: Service /var/jenkins_home/.cache/selenium/chromedriver/linux64/144.0.7559.96/chromedriver unexpectedly exited. Status code was: 127&#10;" type="AssertionError"/>
</testcase>
<testcase classname="Guruttava_Android_E2E_Tests.E2EAudio" name="Test Podcast Different Filter Functionality" time="15.465">
<failure message="WebDriverException: Message: Service /var/jenkins_home/.cache/selenium/chromedriver/linux64/144.0.7559.96/chromedriver unexpectedly exited. Status code was: 127&#10;" type="AssertionError"/>
</testcase>
<testcase classname="Guruttava_Android_E2E_Tests.E2EAudio" name="Test Music Management Refresh Button Functionality" time="15.114">
<failure message="WebDriverException: Message: Service /var/jenkins_home/.cache/selenium/chromedriver/linux64/144.0.7559.96/chromedriver unexpectedly exited. Status code was: 127&#10;" type="AssertionError"/>
</testcase>
<testcase classname="Guruttava_Android_E2E_Tests.E2EAudio" name="Test Podcast Management Refresh Button Functionality" time="18.980">
<failure message="WebDriverException: Message: Service /var/jenkins_home/.cache/selenium/chromedriver/linux64/144.0.7559.96/chromedriver unexpectedly exited. Status code was: 127&#10;" type="AssertionError"/>
</testcase>
<testcase classname="Guruttava_Android_E2E_Tests.E2EAudio" name="Test Multiple Music Tracks Same Category Same Subcategory" time="15.634">
<failure message="WebDriverException: Message: Service /var/jenkins_home/.cache/selenium/chromedriver/linux64/144.0.7559.96/chromedriver unexpectedly exited. Status code was: 127&#10;" type="AssertionError"/>
</testcase>
<testcase classname="Guruttava_Android_E2E_Tests.E2EAudio" name="Add Audio in English language only" time="16.287">
<failure message="WebDriverException: Message: Service /var/jenkins_home/.cache/selenium/chromedriver/linux64/144.0.7559.96/chromedriver unexpectedly exited. Status code was: 127&#10;" type="AssertionError"/>
</testcase>
</testsuite>
<testsuite name="E2EDhyankendra" tests="8" errors="0" failures="8" skipped="0" time="138.729" timestamp="2026-01-26T18:25:09.682971">
<testcase classname="Guruttava_Android_E2E_Tests.E2EDhyankendra" name="Test Dhyankendra Different Filter Functionality" time="19.975">
<failure message="WebDriverException: Message: Service /var/jenkins_home/.cache/selenium/chromedriver/linux64/144.0.7559.96/chromedriver unexpectedly exited. Status code was: 127&#10;" type="AssertionError"/>
</testcase>
<testcase classname="Guruttava_Android_E2E_Tests.E2EDhyankendra" name="Test Dhyankendra Management Refresh Button Functionality" time="18.112">
<failure message="WebDriverException: Message: Service /var/jenkins_home/.cache/selenium/chromedriver/linux64/144.0.7559.96/chromedriver unexpectedly exited. Status code was: 127&#10;" type="AssertionError"/>
</testcase>
<testcase classname="Guruttava_Android_E2E_Tests.E2EDhyankendra" name="Sanchalak login to CMS application and as per the role and rights it should have access to left menu. News, Event, Dhyankendra added by own, Dhyansthali" time="17.078">
<failure message="WebDriverException: Message: Service /var/jenkins_home/.cache/selenium/chromedriver/linux64/144.0.7559.96/chromedriver unexpectedly exited. Status code was: 127&#10;" type="AssertionError"/>
</testcase>
<testcase classname="Guruttava_Android_E2E_Tests.E2EDhyankendra" name="Login from Mobile as Sadhak and register for Dhyankendra. Compare all the fields of Mobile with CMS." time="14.086">
<failure message="MaxRetryError: HTTPConnectionPool(host='localhost', port=4723): Max retries exceeded with url: /session (Caused by NewConnectionError('&lt;urllib3.connection.HTTPConnection object at 0x7f76b0267100&gt;: Failed to establish a new connection: [Errno 111] Connection refused'))" type="AssertionError"/>
</testcase>
<testcase classname="Guruttava_Android_E2E_Tests.E2EDhyankendra" name="Sanchalak edits any field of Dhyankendra. Super Admin/ Acharya approves the changes requeted. Check refleciton in Mobile app." time="13.195">
<failure message="MaxRetryError: HTTPConnectionPool(host='localhost', port=4723): Max retries exceeded with url: /session (Caused by NewConnectionError('&lt;urllib3.connection.HTTPConnection object at 0x7f76afd16f10&gt;: Failed to establish a new connection: [Errno 111] Connection refused'))" type="AssertionError"/>
</testcase>
<testcase classname="Guruttava_Android_E2E_Tests.E2EDhyankendra" name="Change the Primary Sanchalak from Dhyankendra and add other sanchalak" time="17.656">
<failure message="WebDriverException: Message: Service /var/jenkins_home/.cache/selenium/chromedriver/linux64/144.0.7559.96/chromedriver unexpectedly exited. Status code was: 127&#10;" type="AssertionError"/>
</testcase>
<testcase classname="Guruttava_Android_E2E_Tests.E2EDhyankendra" name="Sanchalak edits any field of Dhyankendra. Super Admin/ Acharya Rejectes the changes requeted. check reflection in mobile app." time="13.189">
<failure message="MaxRetryError: HTTPConnectionPool(host='localhost', port=4723): Max retries exceeded with url: /session (Caused by NewConnectionError('&lt;urllib3.connection.HTTPConnection object at 0x7f76b0400e20&gt;: Failed to establish a new connection: [Errno 111] Connection refused'))" type="AssertionError"/>
</testcase>
<testcase classname="Guruttava_Android_E2E_Tests.E2EDhyankendra" name="Super Admin changes Sanchalak1 of TC67's Dhyankendra to free Vaishali" time="16.790">
<failure message="WebDriverException: Message: Service /var/jenkins_home/.cache/selenium/chromedriver/linux64/144.0.7559.96/chromedriver unexpectedly exited. Status code was: 127&#10;" type="AssertionError"/>
</testcase>
</testsuite>
<testsuite name="E2EEvents" tests="10" errors="0" failures="10" skipped="0" time="164.151" timestamp="2026-01-26T18:27:28.413130">
<testcase classname="Guruttava_Android_E2E_Tests.E2EEvents" name="Verify the image upload validation in CMS for Events" time="14.987">
<failure message="WebDriverException: Message: Service /var/jenkins_home/.cache/selenium/chromedriver/linux64/144.0.7559.96/chromedriver unexpectedly exited. Status code was: 127&#10;" type="AssertionError"/>
</testcase>
<testcase classname="Guruttava_Android_E2E_Tests.E2EEvents" name="Verify that user is not able to publish event when publish date is selected after the event dates" time="13.421">
<failure message="WebDriverException: Message: Service /var/jenkins_home/.cache/selenium/chromedriver/linux64/144.0.7559.96/chromedriver unexpectedly exited. Status code was: 127&#10;" type="AssertionError"/>
</testcase>
<testcase classname="Guruttava_Android_E2E_Tests.E2EEvents" name="Verify that the user is able to add a English event, publish it in the CMS, and verify the english event details on the mobile app" time="14.297">
<failure message="WebDriverException: Message: Service /var/jenkins_home/.cache/selenium/chromedriver/linux64/144.0.7559.96/chromedriver unexpectedly exited. Status code was: 127&#10;" type="AssertionError"/>
</testcase>
<testcase classname="Guruttava_Android_E2E_Tests.E2EEvents" name="Verify that the user is able to add a Hindi event, publish it in the CMS, and verify the hindi event details on the mobile app" time="14.339">
<failure message="WebDriverException: Message: Service /var/jenkins_home/.cache/selenium/chromedriver/linux64/144.0.7559.96/chromedriver unexpectedly exited. Status code was: 127&#10;" type="AssertionError"/>
</testcase>
<testcase classname="Guruttava_Android_E2E_Tests.E2EEvents" name="Test Add Event Category from CMS and Add Events under that Category" time="13.775">
<failure message="WebDriverException: Message: Service /var/jenkins_home/.cache/selenium/chromedriver/linux64/144.0.7559.96/chromedriver unexpectedly exited. Status code was: 127&#10;" type="AssertionError"/>
</testcase>
<testcase classname="Guruttava_Android_E2E_Tests.E2EEvents" name="Test Unpublish Event from CMS and Verify in Mobile App" time="15.388">
<failure message="WebDriverException: Message: Service /var/jenkins_home/.cache/selenium/chromedriver/linux64/144.0.7559.96/chromedriver unexpectedly exited. Status code was: 127&#10;" type="AssertionError"/>
</testcase>
<testcase classname="Guruttava_Android_E2E_Tests.E2EEvents" name="Test Event Category Tab In Mobile App" time="23.041">
<failure message="Could not open Gurutattva App after 3 attempts" type="AssertionError"/>
</testcase>
<testcase classname="Guruttava_Android_E2E_Tests.E2EEvents" name="Test Check Local Event Filter Functionality" time="13.538">
<failure message="WebDriverException: Message: Service /var/jenkins_home/.cache/selenium/chromedriver/linux64/144.0.7559.96/chromedriver unexpectedly exited. Status code was: 127&#10;" type="AssertionError"/>
</testcase>
<testcase classname="Guruttava_Android_E2E_Tests.E2EEvents" name="Sanchalak adds local Event, once Acharya/Super Admin Approves it then only that Event is reflected in Mobile app uncer Local Event section." time="16.574">
<failure message="WebDriverException: Message: Service /var/jenkins_home/.cache/selenium/chromedriver/linux64/144.0.7559.96/chromedriver unexpectedly exited. Status code was: 127&#10;" type="AssertionError"/>
</testcase>
<testcase classname="Guruttava_Android_E2E_Tests.E2EEvents" name="Sanchalak adds local event and Acharya/Super Admin Rejects that event." time="17.560">
<failure message="WebDriverException: Message: Service /var/jenkins_home/.cache/selenium/chromedriver/linux64/144.0.7559.96/chromedriver unexpectedly exited. Status code was: 127&#10;" type="AssertionError"/>
</testcase>
</testsuite>
<testsuite name="E2EHindi" tests="1" errors="0" failures="1" skipped="0" time="34.978" timestamp="2026-01-26T18:30:12.568137">
<testcase classname="Guruttava_Android_E2E_Tests.E2EHindi" name="Test Mobile Language Change To Hindi" time="31.530">
<failure message="MaxRetryError: HTTPConnectionPool(host='localhost', port=4723): Max retries exceeded with url: /session (Caused by NewConnectionError('&lt;urllib3.connection.HTTPConnection object at 0x7f76afd17350&gt;: Failed to establish a new connection: [Errno 111] Connection refused'))" type="AssertionError"/>
</testcase>
</testsuite>
<testsuite name="E2ENamkaran" tests="16" errors="0" failures="16" skipped="0" time="205.696" timestamp="2026-01-26T18:30:47.546619">
<testcase classname="Guruttava_Android_E2E_Tests.E2ENamkaran" name="Verify user is able to add Bride Namkaran with NO Option on the mobile app and verify the details in CSM" time="12.556">
<failure message="MaxRetryError: HTTPConnectionPool(host='localhost', port=4723): Max retries exceeded with url: /session (Caused by NewConnectionError('&lt;urllib3.connection.HTTPConnection object at 0x7f76b04005a0&gt;: Failed to establish a new connection: [Errno 111] Connection refused'))" type="AssertionError"/>
</testcase>
<testcase classname="Guruttava_Android_E2E_Tests.E2ENamkaran" name="Verify user is able to add Business Namkaran with NO Option on the mobile app and verify the details in CSM" time="12.364">
<failure message="MaxRetryError: HTTPConnectionPool(host='localhost', port=4723): Max retries exceeded with url: /session (Caused by NewConnectionError('&lt;urllib3.connection.HTTPConnection object at 0x7f76b0400380&gt;: Failed to establish a new connection: [Errno 111] Connection refused'))" type="AssertionError"/>
</testcase>
<testcase classname="Guruttava_Android_E2E_Tests.E2ENamkaran" name="Verify user is able to add House Namkaran with NO Option on the mobile app and verify the details in CSM" time="12.434">
<failure message="MaxRetryError: HTTPConnectionPool(host='localhost', port=4723): Max retries exceeded with url: /session (Caused by NewConnectionError('&lt;urllib3.connection.HTTPConnection object at 0x7f76b04005a0&gt;: Failed to establish a new connection: [Errno 111] Connection refused'))" type="AssertionError"/>
</testcase>
<testcase classname="Guruttava_Android_E2E_Tests.E2ENamkaran" name="Verify user is able to add Child Namkaran with NO Option on the mobile app and verify the details in CSM" time="12.709">
<failure message="MaxRetryError: HTTPConnectionPool(host='localhost', port=4723): Max retries exceeded with url: /session (Caused by NewConnectionError('&lt;urllib3.connection.HTTPConnection object at 0x7f76b04017b0&gt;: Failed to establish a new connection: [Errno 111] Connection refused'))" type="AssertionError"/>
</testcase>
<testcase classname="Guruttava_Android_E2E_Tests.E2ENamkaran" name="Verify user is able to add Bride Namkaran with YES Option on the mobile app and verify the details in CSM" time="12.577">
<failure message="MaxRetryError: HTTPConnectionPool(host='localhost', port=4723): Max retries exceeded with url: /session (Caused by NewConnectionError('&lt;urllib3.connection.HTTPConnection object at 0x7f76b04016a0&gt;: Failed to establish a new connection: [Errno 111] Connection refused'))" type="AssertionError"/>
</testcase>
<testcase classname="Guruttava_Android_E2E_Tests.E2ENamkaran" name="Verify user is able to add Business Namkaran with YES Option on the mobile app and verify the details in CSM" time="12.601">
<failure message="MaxRetryError: HTTPConnectionPool(host='localhost', port=4723): Max retries exceeded with url: /session (Caused by NewConnectionError('&lt;urllib3.connection.HTTPConnection object at 0x7f76b04007c0&gt;: Failed to establish a new connection: [Errno 111] Connection refused'))" type="AssertionError"/>
</testcase>
<testcase classname="Guruttava_Android_E2E_Tests.E2ENamkaran" name="Verify user is able to add House Namkaran with YES Option on the mobile app and verify the details in CSM" time="12.463">
<failure message="MaxRetryError: HTTPConnectionPool(host='localhost', port=4723): Max retries exceeded with url: /session (Caused by NewConnectionError('&lt;urllib3.connection.HTTPConnection object at 0x7f76b0400c00&gt;: Failed to establish a new connection: [Errno 111] Connection refused'))" type="AssertionError"/>
</testcase>
<testcase classname="Guruttava_Android_E2E_Tests.E2ENamkaran" name="Verify user is able to add Child Namkaran with YES Option on the mobile app and verify the details in CSM" time="12.494">
<failure message="MaxRetryError: HTTPConnectionPool(host='localhost', port=4723): Max retries exceeded with url: /session (Caused by NewConnectionError('&lt;urllib3.connection.HTTPConnection object at 0x7f76b0400490&gt;: Failed to establish a new connection: [Errno 111] Connection refused'))" type="AssertionError"/>
</testcase>
<testcase classname="Guruttava_Android_E2E_Tests.E2ENamkaran" name="Verify that admin user is able to approve Bride Namkaran in CMS and verify the details on mobile app" time="12.647">
<failure message="MaxRetryError: HTTPConnectionPool(host='localhost', port=4723): Max retries exceeded with url: /session (Caused by NewConnectionError('&lt;urllib3.connection.HTTPConnection object at 0x7f76b04009e0&gt;: Failed to establish a new connection: [Errno 111] Connection refused'))" type="AssertionError"/>
</testcase>
<testcase classname="Guruttava_Android_E2E_Tests.E2ENamkaran" name="Verify that admin user is able to approve Business Namkaran in CMS and verify the details on mobile app" time="12.846">
<failure message="MaxRetryError: HTTPConnectionPool(host='localhost', port=4723): Max retries exceeded with url: /session (Caused by NewConnectionError('&lt;urllib3.connection.HTTPConnection object at 0x7f76b0400af0&gt;: Failed to establish a new connection: [Errno 111] Connection refused'))" type="AssertionError"/>
</testcase>
<testcase classname="Guruttava_Android_E2E_Tests.E2ENamkaran" name="Verify that admin user is able to approve House Namkaran in CMS and verify the details on mobile app" time="13.383">
<failure message="MaxRetryError: HTTPConnectionPool(host='localhost', port=4723): Max retries exceeded with url: /session (Caused by NewConnectionError('&lt;urllib3.connection.HTTPConnection object at 0x7f76afd17020&gt;: Failed to establish a new connection: [Errno 111] Connection refused'))" type="AssertionError"/>
</testcase>
<testcase classname="Guruttava_Android_E2E_Tests.E2ENamkaran" name="Verify that admin user is able to approve Child Namkaran in CMS and verify the details on mobile app" time="12.467">
<failure message="MaxRetryError: HTTPConnectionPool(host='localhost', port=4723): Max retries exceeded with url: /session (Caused by NewConnectionError('&lt;urllib3.connection.HTTPConnection object at 0x7f76b0899150&gt;: Failed to establish a new connection: [Errno 111] Connection refused'))" type="AssertionError"/>
</testcase>
<testcase classname="Guruttava_Android_E2E_Tests.E2ENamkaran" name="Verify that admin user is able to reject Bride Namkaran in CMS and verify the details on mobile app" time="12.410">
<failure message="MaxRetryError: HTTPConnectionPool(host='localhost', port=4723): Max retries exceeded with url: /session (Caused by NewConnectionError('&lt;urllib3.connection.HTTPConnection object at 0x7f76afd159d0&gt;: Failed to establish a new connection: [Errno 111] Connection refused'))" type="AssertionError"/>
</testcase>
<testcase classname="Guruttava_Android_E2E_Tests.E2ENamkaran" name="Verify that admin user is able to reject Business Namkaran in CMS and verify the details on mobile app" time="12.532">
<failure message="MaxRetryError: HTTPConnectionPool(host='localhost', port=4723): Max retries exceeded with url: /session (Caused by NewConnectionError('&lt;urllib3.connection.HTTPConnection object at 0x7f76af828af0&gt;: Failed to establish a new connection: [Errno 111] Connection refused'))" type="AssertionError"/>
</testcase>
<testcase classname="Guruttava_Android_E2E_Tests.E2ENamkaran" name="Verify that admin user is able to reject House Namkaran in CMS and verify the details on mobile app" time="12.512">
<failure message="MaxRetryError: HTTPConnectionPool(host='localhost', port=4723): Max retries exceeded with url: /session (Caused by NewConnectionError('&lt;urllib3.connection.HTTPConnection object at 0x7f76af82a8b0&gt;: Failed to establish a new connection: [Errno 111] Connection refused'))" type="AssertionError"/>
</testcase>
<testcase classname="Guruttava_Android_E2E_Tests.E2ENamkaran" name="Verify that admin user is able to reject Child Namkaran in CMS and verify the details on mobile app" time="12.672">
<failure message="MaxRetryError: HTTPConnectionPool(host='localhost', port=4723): Max retries exceeded with url: /session (Caused by NewConnectionError('&lt;urllib3.connection.HTTPConnection object at 0x7f76afd16360&gt;: Failed to establish a new connection: [Errno 111] Connection refused'))" type="AssertionError"/>
</testcase>
</testsuite>
<testsuite name="E2ENews" tests="9" errors="0" failures="9" skipped="0" time="167.415" timestamp="2026-01-26T18:34:13.244042">
<testcase classname="Guruttava_Android_E2E_Tests.E2ENews" name="Verify the image upload validation in CMS" time="13.999">
<failure message="WebDriverException: Message: Service /var/jenkins_home/.cache/selenium/chromedriver/linux64/144.0.7559.96/chromedriver unexpectedly exited. Status code was: 127&#10;" type="AssertionError"/>
</testcase>
<testcase classname="Guruttava_Android_E2E_Tests.E2ENews" name="Verify that the user is able to add a English news, publish it in the CMS, and verify the english news details on the mobile app" time="14.470">
<failure message="WebDriverException: Message: Service /var/jenkins_home/.cache/selenium/chromedriver/linux64/144.0.7559.96/chromedriver unexpectedly exited. Status code was: 127&#10;" type="AssertionError"/>
</testcase>
<testcase classname="Guruttava_Android_E2E_Tests.E2ENews" name="Verify that the user is able to add a Hindi news, publish it in the CMS, and verify the hindi news details on the mobile app" time="33.997">
<failure message="WebDriverException: Message: Service /var/jenkins_home/.cache/selenium/chromedriver/linux64/144.0.7559.96/chromedriver unexpectedly exited. Status code was: 127&#10;" type="AssertionError"/>
</testcase>
<testcase classname="Guruttava_Android_E2E_Tests.E2ENews" name="Test Unpublish News from CMS and Verify in Mobile App" time="13.391">
<failure message="WebDriverException: Message: Service /var/jenkins_home/.cache/selenium/chromedriver/linux64/144.0.7559.96/chromedriver unexpectedly exited. Status code was: 127&#10;" type="AssertionError"/>
</testcase>
<testcase classname="Guruttava_Android_E2E_Tests.E2ENews" name="Test News Category Tab In Mobile App" time="22.727">
<failure message="Could not open Gurutattva App after 3 attempts" type="AssertionError"/>
</testcase>
<testcase classname="Guruttava_Android_E2E_Tests.E2ENews" name="Test Check Local News Filter Functionality" time="22.788">
<failure message="Could not open Gurutattva App after 3 attempts" type="AssertionError"/>
</testcase>
<testcase classname="Guruttava_Android_E2E_Tests.E2ENews" name="Test Sanchalak Adds Local News And Super Admin Approves It" time="14.868">
<failure message="WebDriverException: Message: Service /var/jenkins_home/.cache/selenium/chromedriver/linux64/144.0.7559.96/chromedriver unexpectedly exited. Status code was: 127&#10;" type="AssertionError"/>
</testcase>
<testcase classname="Guruttava_Android_E2E_Tests.E2ENews" name="Test Sanchalak Adds Local News And Super Admin Rejects It" time="14.782">
<failure message="WebDriverException: Message: Service /var/jenkins_home/.cache/selenium/chromedriver/linux64/144.0.7559.96/chromedriver unexpectedly exited. Status code was: 127&#10;" type="AssertionError"/>
</testcase>
<testcase classname="Guruttava_Android_E2E_Tests.E2ENews" name="Add News Category from CMS. Add News uder that category. check list of all categories in the Mobile app under Category tab." time="14.148">
<failure message="WebDriverException: Message: Service /var/jenkins_home/.cache/selenium/chromedriver/linux64/144.0.7559.96/chromedriver unexpectedly exited. Status code was: 127&#10;" type="AssertionError"/>
</testcase>
</testsuite>
<testsuite name="E2EPrayer" tests="3" errors="0" failures="3" skipped="0" time="40.388" timestamp="2026-01-26T18:37:00.660107">
<testcase classname="Guruttava_Android_E2E_Tests.E2EPrayer" name="End-to-End Integration: Verify that user is able to add Prayer with Self Option on the mobile app and verify it in CMS" time="12.655">
<failure message="MaxRetryError: HTTPConnectionPool(host='localhost', port=4723): Max retries exceeded with url: /session (Caused by NewConnectionError('&lt;urllib3.connection.HTTPConnection object at 0x7f76afd16cf0&gt;: Failed to establish a new connection: [Errno 111] Connection refused'))" type="AssertionError"/>
</testcase>
<testcase classname="Guruttava_Android_E2E_Tests.E2EPrayer" name="End-to-End Integration:Verify that user is able to add Prayer with Other Option on the mobile app and verify it in CMS" time="12.499">
<failure message="MaxRetryError: HTTPConnectionPool(host='localhost', port=4723): Max retries exceeded with url: /session (Caused by NewConnectionError('&lt;urllib3.connection.HTTPConnection object at 0x7f76b0400f30&gt;: Failed to establish a new connection: [Errno 111] Connection refused'))" type="AssertionError"/>
</testcase>
<testcase classname="Guruttava_Android_E2E_Tests.E2EPrayer" name="Verify that user is able to export the Prayer in CMS" time="12.580">
<failure message="MaxRetryError: HTTPConnectionPool(host='localhost', port=4723): Max retries exceeded with url: /session (Caused by NewConnectionError('&lt;urllib3.connection.HTTPConnection object at 0x7f76afd14050&gt;: Failed to establish a new connection: [Errno 111] Connection refused'))" type="AssertionError"/>
</testcase>
</testsuite>
<testsuite name="E2ERegistration" tests="6" errors="0" failures="6" skipped="0" time="78.292" timestamp="2026-01-26T18:37:41.048826">
<testcase classname="Guruttava_Android_E2E_Tests.E2ERegistration" name="Verify that quick registration on the mobile app reflects correctly in the CMS and user details are displayed properly in profile and flip card." time="12.623">
<failure message="MaxRetryError: HTTPConnectionPool(host='localhost', port=4723): Max retries exceeded with url: /session (Caused by NewConnectionError('&lt;urllib3.connection.HTTPConnection object at 0x7f76b04005a0&gt;: Failed to establish a new connection: [Errno 111] Connection refused'))" type="AssertionError"/>
</testcase>
<testcase classname="Guruttava_Android_E2E_Tests.E2ERegistration" name="Verify user is not able to do quick registration on mobile app with already used email id and phone number" time="12.733">
<failure message="MaxRetryError: HTTPConnectionPool(host='localhost', port=4723): Max retries exceeded with url: /session (Caused by NewConnectionError('&lt;urllib3.connection.HTTPConnection object at 0x7f76b0403bd0&gt;: Failed to establish a new connection: [Errno 111] Connection refused'))" type="AssertionError"/>
</testcase>
<testcase classname="Guruttava_Android_E2E_Tests.E2ERegistration" name="Verify that the quick registration user is not able to access Events, Dhyan Kendra, and Podcasts , Home screen on the mobile app, and that a pop-up message is displayed" time="12.711">
<failure message="MaxRetryError: HTTPConnectionPool(host='localhost', port=4723): Max retries exceeded with url: /session (Caused by NewConnectionError('&lt;urllib3.connection.HTTPConnection object at 0x7f76b0401ae0&gt;: Failed to establish a new connection: [Errno 111] Connection refused'))" type="AssertionError"/>
</testcase>
<testcase classname="Guruttava_Android_E2E_Tests.E2ERegistration" name="Verify that the quick registration user is able to become a member on the mobile app" time="12.548">
<failure message="MaxRetryError: HTTPConnectionPool(host='localhost', port=4723): Max retries exceeded with url: /session (Caused by NewConnectionError('&lt;urllib3.connection.HTTPConnection object at 0x7f76b04005a0&gt;: Failed to establish a new connection: [Errno 111] Connection refused'))" type="AssertionError"/>
</testcase>
<testcase classname="Guruttava_Android_E2E_Tests.E2ERegistration" name="Verify that Community registration on the mobile app reflects correctly in the CMS and user details are displayed properly in profile and flip card." time="12.787">
<failure message="MaxRetryError: HTTPConnectionPool(host='localhost', port=4723): Max retries exceeded with url: /session (Caused by NewConnectionError('&lt;urllib3.connection.HTTPConnection object at 0x7f76b04008d0&gt;: Failed to establish a new connection: [Errno 111] Connection refused'))" type="AssertionError"/>
</testcase>
<testcase classname="Guruttava_Android_E2E_Tests.E2ERegistration" name="Verify that the community registered user is able to access Events, Dhyan Kendra, and Podcasts on the mobile app, and ensure that no pop-up message is displayed" time="12.627">
<failure message="MaxRetryError: HTTPConnectionPool(host='localhost', port=4723): Max retries exceeded with url: /session (Caused by NewConnectionError('&lt;urllib3.connection.HTTPConnection object at 0x7f76b0401040&gt;: Failed to establish a new connection: [Errno 111] Connection refused'))" type="AssertionError"/>
</testcase>
</testsuite>
<testsuite name="E2ERoleRight" tests="5" errors="0" failures="5" skipped="0" time="74.241" timestamp="2026-01-26T18:38:59.343387">
<testcase classname="Guruttava_Android_E2E_Tests.E2ERoleRight" name="Test Prayer Coordinator Role Access" time="15.574">
<failure message="WebDriverException: Message: Service /var/jenkins_home/.cache/selenium/chromedriver/linux64/144.0.7559.96/chromedriver unexpectedly exited. Status code was: 127&#10;" type="AssertionError"/>
</testcase>
<testcase classname="Guruttava_Android_E2E_Tests.E2ERoleRight" name="Test Global Event Coordinator Role Access" time="15.575">
<failure message="WebDriverException: Message: Service /var/jenkins_home/.cache/selenium/chromedriver/linux64/144.0.7559.96/chromedriver unexpectedly exited. Status code was: 127&#10;" type="AssertionError"/>
</testcase>
<testcase classname="Guruttava_Android_E2E_Tests.E2ERoleRight" name="Test Acharya Role Access" time="14.132">
<failure message="WebDriverException: Message: Service /var/jenkins_home/.cache/selenium/chromedriver/linux64/144.0.7559.96/chromedriver unexpectedly exited. Status code was: 127&#10;" type="AssertionError"/>
</testcase>
<testcase classname="Guruttava_Android_E2E_Tests.E2ERoleRight" name="Test Maha Acharya Role Access" time="13.736">
<failure message="WebDriverException: Message: Service /var/jenkins_home/.cache/selenium/chromedriver/linux64/144.0.7559.96/chromedriver unexpectedly exited. Status code was: 127&#10;" type="AssertionError"/>
</testcase>
<testcase classname="Guruttava_Android_E2E_Tests.E2ERoleRight" name="Test Namkaran Coordinator Role Access" time="13.704">
<failure message="WebDriverException: Message: Service /var/jenkins_home/.cache/selenium/chromedriver/linux64/144.0.7559.96/chromedriver unexpectedly exited. Status code was: 127&#10;" type="AssertionError"/>
</testcase>
</testsuite>
</testsuite>
