Started by timer
Running as SYSTEM
Building in workspace /var/jenkins_home/workspace/Guruttava-E2E-Tests
[Guruttava-E2E-Tests] $ /bin/bash /tmp/jenkins14489562500141549904.sh
=========================================
Guruttava E2E Tests (Robot Framework)
Build: 21
Job: Guruttava-E2E-Tests
Platform: Android
Test Type: Smoke
=========================================
Project ID: 2 | Slug: guruttava
Checking out code from https://github.com/Sushrut-01/gurutattva-e2e-automation (branch: Sushrut-laptop)...
HEAD is now at 2d288d7 feat: add Jenkins pipeline to run all E2E suites sequentially (PROJECT_ID=2, Multi-Project)
Removing resources/DockerChromeLibrary.py
Git Branch: Sushrut-laptop | Commit: 2d288d73cc10e6006e222d80af955d53a97f6623
Installing Robot Framework and dependencies...
Creating Docker Chrome library wrapper (proven web solution)...
âœ… Docker Chrome library created
Running E2E tests from: tests/E2E*.robot
Appium Server: http://host.docker.internal:4723
Configuring Chrome for headless mode in Docker...
Installing ChromeDriver...
Chrome Binary: /usr/bin/google-chrome
ChromeDriver: /usr/bin/chromedriver
Chrome Options: --headless --no-sandbox --disable-dev-shm-usage --disable-gpu --disable-software-rasterizer --disable-extensions --remote-debugging-port=9222 --user-data-dir=/tmp/chrome-user-data --window-size=1920,1080 --single-process
Running Android E2E tests
Test Type: Smoke
Executing Robot Framework E2E tests (E2E* files only)...
==============================================================================
Guruttava_Android_E2E_Tests                                                   
==============================================================================
[ WARN ] Error in file '/var/jenkins_home/workspace/Guruttava-E2E-Tests/pages/E2EAudioPage.robot' on line 4800: The '[Return]' setting is deprecated. Use the 'RETURN' statement instead.
[ WARN ] Error in file '/var/jenkins_home/workspace/Guruttava-E2E-Tests/pages/E2EAudioPage.robot' on line 4946: The '[Return]' setting is deprecated. Use the 'RETURN' statement instead.
[ WARN ] Error in file '/var/jenkins_home/workspace/Guruttava-E2E-Tests/pages/E2EAudioPage.robot' on line 4962: The '[Return]' setting is deprecated. Use the 'RETURN' statement instead.
[ WARN ] Error in file '/var/jenkins_home/workspace/Guruttava-E2E-Tests/pages/E2EAudioPage.robot' on line 4993: The '[Return]' setting is deprecated. Use the 'RETURN' statement instead.
[ WARN ] Error in file '/var/jenkins_home/workspace/Guruttava-E2E-Tests/pages/E2EAudioPage.robot' on line 5533: The '[Return]' setting is deprecated. Use the 'RETURN' statement instead.
[ WARN ] Error in file '/var/jenkins_home/workspace/Guruttava-E2E-Tests/pages/E2EAudioPage.robot' on line 5644: The '[Return]' setting is deprecated. Use the 'RETURN' statement instead.
[ WARN ] Error in file '/var/jenkins_home/workspace/Guruttava-E2E-Tests/pages/E2ENewsPage.robot' on line 798: The '[Return]' setting is deprecated. Use the 'RETURN' statement instead.
Guruttava_Android_E2E_Tests.E2EAudio                                          
==============================================================================
End-to-End Integration Create and Publish Music Track in Web CRM a... ===== Starting Test Setup =====
===== Test Setup Completed =====
ğŸ¯ Generated E2E Test Data:
ğŸ¯ Category: E2E_Category_4812
ğŸ¯ SubCategory: E2E_SubCategory_4812
ğŸ¯ Audio Track: E2E_Track_4812
ğŸ¯ Author: E2E_Author_4812
ğŸŒ Opening web browser: chrome
ğŸ”— Navigating to: https://gurutattvacmsnewdev.rysun.in:9090/
[ WARN ] There was an error managing chrome; using browser found in the cache
===== Starting Test Teardown =====
âœ… Mobile screenshot captured: /var/jenkins_home/workspace/Guruttava-E2E-Tests/results/Screenshot/End-to-End_Integration_Create_and_Publish_Music_Track_in_Web_CRM_and_Verify_Playback_in_Mobile_App_20260203_002241.png
âš ï¸ Mobile screenshot capture failed, capturing web screenshot...
âœ… Screenshot captured: /var/jenkins_home/workspace/Guruttava-E2E-Tests/results/Screenshot/End-to-End_Integration_Create_and_Publish_Music_Track_in_Web_CRM_and_Verify_Playback_in_Mobile_App_20260203_002241.png
===== Closing Gurutattva App =====
âš ï¸ Graceful termination failed, using force stop
âš ï¸ Mobile session close had issues
===== Gurutattva App Closed =====
ğŸ—‘ï¸ Cleared download directory: /var/jenkins_home/workspace/Guruttava-E2E-Tests/downloads
===== Test Teardown Completed =====
| FAIL |
NoSuchDriverException: Message: Unable to obtain driver for chrome; For documentation on this error, please visit: https://www.selenium.dev/documentation/webdriver/troubleshooting/errors/driver_location
------------------------------------------------------------------------------
Unpublish Music Track And Validate In Mobile App :: Unpublish the ... ===== Starting Test Setup =====
===== Test Setup Completed =====
ğŸŒ Opening web browser: chrome
ğŸ”— Navigating to: https://gurutattvacmsnewdev.rysun.in:9090/
[ WARN ] There was an error managing chrome; using browser found in the cache
===== Starting Test Teardown =====
âœ… Mobile screenshot captured: /var/jenkins_home/workspace/Guruttava-E2E-Tests/results/Screenshot/Unpublish_Music_Track_And_Validate_In_Mobile_App_20260203_002820.png
âš ï¸ Mobile screenshot capture failed, capturing web screenshot...
âœ… Screenshot captured: /var/jenkins_home/workspace/Guruttava-E2E-Tests/results/Screenshot/Unpublish_Music_Track_And_Validate_In_Mobile_App_20260203_002820.png
===== Closing Gurutattva App =====
âš ï¸ Graceful termination failed, using force stop
âš ï¸ Mobile session close had issues
===== Gurutattva App Closed =====
ğŸ—‘ï¸ Cleared download directory: /var/jenkins_home/workspace/Guruttava-E2E-Tests/downloads
===== Test Teardown Completed =====
| FAIL |
NoSuchDriverException: Message: Unable to obtain driver for chrome; For documentation on this error, please visit: https://www.selenium.dev/documentation/webdriver/troubleshooting/errors/driver_location
------------------------------------------------------------------------------
End-to-End Integration Create and Publish Podcast in Web CRM and V... ===== Starting Test Setup =====
===== Test Setup Completed =====
ğŸ¯ Generated E2E Test Data:
ğŸ¯ Category: PodcastCategory_6864
ğŸ¯ SubCategory: Podcast_SubCategory_6864
ğŸ¯ Audio Track: Podcast_Track_6864
ğŸ¯ Speaker: E2E_Speaker_6864
ğŸŒ Opening web browser: chrome
ğŸ”— Navigating to: https://gurutattvacmsnewdev.rysun.in:9090/
[ WARN ] There was an error managing chrome; using browser found in the cache
===== Starting Test Teardown =====
âœ… Mobile screenshot captured: /var/jenkins_home/workspace/Guruttava-E2E-Tests/results/Screenshot/End-to-End_Integration_Create_and_Publish_Podcast_in_Web_CRM_and_Verify_Playback_in_Mobile_App_20260203_003359.png
âš ï¸ Mobile screenshot capture failed, capturing web screenshot...
âœ… Screenshot captured: /var/jenkins_home/workspace/Guruttava-E2E-Tests/results/Screenshot/End-to-End_Integration_Create_and_Publish_Podcast_in_Web_CRM_and_Verify_Playback_in_Mobile_App_20260203_003359.png
===== Closing Gurutattva App =====
âš ï¸ Graceful termination failed, using force stop
âš ï¸ Mobile session close had issues
===== Gurutattva App Closed =====
ğŸ—‘ï¸ Cleared download directory: /var/jenkins_home/workspace/Guruttava-E2E-Tests/downloads
===== Test Teardown Completed =====
| FAIL |
NoSuchDriverException: Message: Unable to obtain driver for chrome; For documentation on this error, please visit: https://www.selenium.dev/documentation/webdriver/troubleshooting/errors/driver_location
------------------------------------------------------------------------------
Validate that the mobile app does not display unpublished podcast ... ===== Starting Test Setup =====
===== Test Setup Completed =====
ğŸŒ Opening web browser: chrome
ğŸ”— Navigating to: https://gurutattvacmsnewdev.rysun.in:9090/
[ WARN ] There was an error managing chrome; using browser found in the cache
===== Starting Test Teardown =====
âœ… Mobile screenshot captured: /var/jenkins_home/workspace/Guruttava-E2E-Tests/results/Screenshot/Validate_that_the_mobile_app_does_not_display_unpublished_podcast_track_20260203_003941.png
âš ï¸ Mobile screenshot capture failed, capturing web screenshot...
âœ… Screenshot captured: /var/jenkins_home/workspace/Guruttava-E2E-Tests/results/Screenshot/Validate_that_the_mobile_app_does_not_display_unpublished_podcast_track_20260203_003941.png
===== Closing Gurutattva App =====
âš ï¸ Graceful termination failed, using force stop
âš ï¸ Mobile session close had issues
===== Gurutattva App Closed =====
ğŸ—‘ï¸ Cleared download directory: /var/jenkins_home/workspace/Guruttava-E2E-Tests/downloads
===== Test Teardown Completed =====
| FAIL |
NoSuchDriverException: Message: Unable to obtain driver for chrome; For documentation on this error, please visit: https://www.selenium.dev/documentation/webdriver/troubleshooting/errors/driver_location
------------------------------------------------------------------------------
Validate mobile app does not show deleted Podcast tracks :: Valida... ===== Starting Test Setup =====
===== Test Setup Completed =====
ğŸ¯ Generated E2E Test Data:
ğŸ¯ Category: PodcastCategory_7704
ğŸ¯ SubCategory: Podcast_SubCategory_7704
ğŸ¯ Audio Track: Podcast_Track_7704
ğŸ¯ Speaker: E2E_Speaker_7704
ğŸŒ Opening web browser: chrome
ğŸ”— Navigating to: https://gurutattvacmsnewdev.rysun.in:9090/
[ WARN ] There was an error managing chrome; using browser found in the cache
===== Starting Test Teardown =====
âœ… Mobile screenshot captured: /var/jenkins_home/workspace/Guruttava-E2E-Tests/results/Screenshot/Validate_mobile_app_does_not_show_deleted_Podcast_tracks_20260203_004518.png
âš ï¸ Mobile screenshot capture failed, capturing web screenshot...
âœ… Screenshot captured: /var/jenkins_home/workspace/Guruttava-E2E-Tests/results/Screenshot/Validate_mobile_app_does_not_show_deleted_Podcast_tracks_20260203_004518.png
===== Closing Gurutattva App =====
âš ï¸ Graceful termination failed, using force stop
âš ï¸ Mobile session close had issues
===== Gurutattva App Closed =====
ğŸ—‘ï¸ Cleared download directory: /var/jenkins_home/workspace/Guruttava-E2E-Tests/downloads
===== Test Teardown Completed =====
| FAIL |
NoSuchDriverException: Message: Unable to obtain driver for chrome; For documentation on this error, please visit: https://www.selenium.dev/documentation/webdriver/troubleshooting/errors/driver_location
------------------------------------------------------------------------------
Validate mobile app does not show deleted Music tracks :: Validate... ===== Starting Test Setup =====
===== Test Setup Completed =====
ğŸ¯ Generated E2E Test Data:
ğŸ¯ Category: E2E_Category_7803
ğŸ¯ SubCategory: E2E_SubCategory_7803
ğŸ¯ Audio Track: E2E_Track_7803
ğŸ¯ Author: E2E_Author_7803
ğŸŒ Opening web browser: chrome
ğŸ”— Navigating to: https://gurutattvacmsnewdev.rysun.in:9090/
[ WARN ] There was an error managing chrome; using browser found in the cache
===== Starting Test Teardown =====
âœ… Mobile screenshot captured: /var/jenkins_home/workspace/Guruttava-E2E-Tests/results/Screenshot/Validate_mobile_app_does_not_show_deleted_Music_tracks_20260203_005057.png
âš ï¸ Mobile screenshot capture failed, capturing web screenshot...
âœ… Screenshot captured: /var/jenkins_home/workspace/Guruttava-E2E-Tests/results/Screenshot/Validate_mobile_app_does_not_show_deleted_Music_tracks_20260203_005057.png
===== Closing Gurutattva App =====
âš ï¸ Graceful termination failed, using force stop
âš ï¸ Mobile session close had issues
===== Gurutattva App Closed =====
ğŸ—‘ï¸ Cleared download directory: /var/jenkins_home/workspace/Guruttava-E2E-Tests/downloads
===== Test Teardown Completed =====
| FAIL |
NoSuchDriverException: Message: Unable to obtain driver for chrome; For documentation on this error, please visit: https://www.selenium.dev/documentation/webdriver/troubleshooting/errors/driver_location
------------------------------------------------------------------------------
Validate Editing and Publishing of Music Track in Web CMS and Veri... ===== Starting Test Setup =====
===== Test Setup Completed =====
ğŸ¯ Generated E2E Test Data:
ğŸ¯ Category: E2E_Category_4736
ğŸ¯ SubCategory: E2E_SubCategory_4736
ğŸ¯ Audio Track: E2E_Track_4736
ğŸ¯ Author: E2E_Author_4736
ğŸŒ Opening web browser: chrome
ğŸ”— Navigating to: https://gurutattvacmsnewdev.rysun.in:9090/
[ WARN ] There was an error managing chrome; using browser found in the cache
===== Starting Test Teardown =====
âœ… Mobile screenshot captured: /var/jenkins_home/workspace/Guruttava-E2E-Tests/results/Screenshot/Validate_Editing_and_Publishing_of_Music_Track_in_Web_CMS_and_Verify_in_Mobile_App_20260203_005635.png
âš ï¸ Mobile screenshot capture failed, capturing web screenshot...
âœ… Screenshot captured: /var/jenkins_home/workspace/Guruttava-E2E-Tests/results/Screenshot/Validate_Editing_and_Publishing_of_Music_Track_in_Web_CMS_and_Verify_in_Mobile_App_20260203_005635.png
===== Closing Gurutattva App =====
âš ï¸ Graceful termination failed, using force stop
âš ï¸ Mobile session close had issues
===== Gurutattva App Closed =====
ğŸ—‘ï¸ Cleared download directory: /var/jenkins_home/workspace/Guruttava-E2E-Tests/downloads
===== Test Teardown Completed =====
| FAIL |
NoSuchDriverException: Message: Unable to obtain driver for chrome; For documentation on this error, please visit: https://www.selenium.dev/documentation/webdriver/troubleshooting/errors/driver_location
------------------------------------------------------------------------------
Validate Editing and Publishing of Podcast Track in Web CMS and Ve... ===== Starting Test Setup =====
===== Test Setup Completed =====
ğŸ¯ Generated E2E Test Data:
ğŸ¯ Category: PodcastCategory_7577
ğŸ¯ SubCategory: Podcast_SubCategory_7577
ğŸ¯ Audio Track: Podcast_Track_7577
ğŸ¯ Speaker: E2E_Speaker_7577
ğŸŒ Opening web browser: chrome
ğŸ”— Navigating to: https://gurutattvacmsnewdev.rysun.in:9090/
[ WARN ] There was an error managing chrome; using browser found in the cache
===== Starting Test Teardown =====
âœ… Mobile screenshot captured: /var/jenkins_home/workspace/Guruttava-E2E-Tests/results/Screenshot/Validate_Editing_and_Publishing_of_Podcast_Track_in_Web_CMS_and_Verify_in_Mobile_App_20260203_010206.png
âš ï¸ Mobile screenshot capture failed, capturing web screenshot...
âœ… Screenshot captured: /var/jenkins_home/workspace/Guruttava-E2E-Tests/results/Screenshot/Validate_Editing_and_Publishing_of_Podcast_Track_in_Web_CMS_and_Verify_in_Mobile_App_20260203_010206.png
===== Closing Gurutattva App =====
âš ï¸ Graceful termination failed, using force stop
âš ï¸ Mobile session close had issues
===== Gurutattva App Closed =====
ğŸ—‘ï¸ Cleared download directory: /var/jenkins_home/workspace/Guruttava-E2E-Tests/downloads
===== Test Teardown Completed =====
| FAIL |
NoSuchDriverException: Message: Unable to obtain driver for chrome; For documentation on this error, please visit: https://www.selenium.dev/documentation/webdriver/troubleshooting/errors/driver_location
------------------------------------------------------------------------------
Delete Music Track And Verify Removal From Mobile App :: Delete a ... ===== Starting Test Setup =====
===== Test Setup Completed =====
ğŸ¯ Generated E2E Test Data:
ğŸ¯ Category: E2E_Category_5419
ğŸ¯ SubCategory: E2E_SubCategory_5419
ğŸ¯ Audio Track: E2E_Track_5419
ğŸ¯ Author: E2E_Author_5419
ğŸŒ Opening web browser: chrome
ğŸ”— Navigating to: https://gurutattvacmsnewdev.rysun.in:9090/
[ WARN ] There was an error managing chrome; using browser found in the cache
===== Starting Test Teardown =====
âœ… Mobile screenshot captured: /var/jenkins_home/workspace/Guruttava-E2E-Tests/results/Screenshot/Delete_Music_Track_And_Verify_Removal_From_Mobile_App_20260203_010737.png
âš ï¸ Mobile screenshot capture failed, capturing web screenshot...
âœ… Screenshot captured: /var/jenkins_home/workspace/Guruttava-E2E-Tests/results/Screenshot/Delete_Music_Track_And_Verify_Removal_From_Mobile_App_20260203_010737.png
===== Closing Gurutattva App =====
âš ï¸ Graceful termination failed, using force stop
âš ï¸ Mobile session close had issues
===== Gurutattva App Closed =====
ğŸ—‘ï¸ Cleared download directory: /var/jenkins_home/workspace/Guruttava-E2E-Tests/downloads
===== Test Teardown Completed =====
| FAIL |
NoSuchDriverException: Message: Unable to obtain driver for chrome; For documentation on this error, please visit: https://www.selenium.dev/documentation/webdriver/troubleshooting/errors/driver_location
------------------------------------------------------------------------------
Delete Podcast Track And Verify Removal From Mobile App :: Delete ... ===== Starting Test Setup =====
===== Test Setup Completed =====
ğŸ¯ Generated E2E Test Data:
ğŸ¯ Category: PodcastCategory_2642
ğŸ¯ SubCategory: Podcast_SubCategory_2642
ğŸ¯ Audio Track: Podcast_Track_2642
ğŸ¯ Speaker: E2E_Speaker_2642
ğŸŒ Opening web browser: chrome
ğŸ”— Navigating to: https://gurutattvacmsnewdev.rysun.in:9090/
[ WARN ] There was an error managing chrome; using browser found in the cache
===== Starting Test Teardown =====
âœ… Mobile screenshot captured: /var/jenkins_home/workspace/Guruttava-E2E-Tests/results/Screenshot/Delete_Podcast_Track_And_Verify_Removal_From_Mobile_App_20260203_011306.png
âš ï¸ Mobile screenshot capture failed, capturing web screenshot...
âœ… Screenshot captured: /var/jenkins_home/workspace/Guruttava-E2E-Tests/results/Screenshot/Delete_Podcast_Track_And_Verify_Removal_From_Mobile_App_20260203_011306.png
===== Closing Gurutattva App =====
âš ï¸ Graceful termination failed, using force stop
âš ï¸ Mobile session close had issues
===== Gurutattva App Closed =====
ğŸ—‘ï¸ Cleared download directory: /var/jenkins_home/workspace/Guruttava-E2E-Tests/downloads
===== Test Teardown Completed =====
| FAIL |
NoSuchDriverException: Message: Unable to obtain driver for chrome; For documentation on this error, please visit: https://www.selenium.dev/documentation/webdriver/troubleshooting/errors/driver_location
------------------------------------------------------------------------------
Add Music Track With Same Track And Thumbnail For Both Languages :... ===== Starting Test Setup =====
===== Test Setup Completed =====
ğŸ¯ Generated E2E Test Data:
ğŸ¯ Category: E2E_Category_8858
ğŸ¯ SubCategory: E2E_SubCategory_8858
ğŸ¯ Audio Track: E2E_Track_8858
ğŸ¯ Author: E2E_Author_8858
ğŸŒ Opening web browser: chrome
ğŸ”— Navigating to: https://gurutattvacmsnewdev.rysun.in:9090/
[ WARN ] There was an error managing chrome; using browser found in the cache
===== Starting Test Teardown =====
âœ… Mobile screenshot captured: /var/jenkins_home/workspace/Guruttava-E2E-Tests/results/Screenshot/Add_Music_Track_With_Same_Track_And_Thumbnail_For_Both_Languages_20260203_011839.png
âš ï¸ Mobile screenshot capture failed, capturing web screenshot...
âœ… Screenshot captured: /var/jenkins_home/workspace/Guruttava-E2E-Tests/results/Screenshot/Add_Music_Track_With_Same_Track_And_Thumbnail_For_Both_Languages_20260203_011839.png
===== Closing Gurutattva App =====
âš ï¸ Graceful termination failed, using force stop
âš ï¸ Mobile session close had issues
===== Gurutattva App Closed =====
ğŸ—‘ï¸ Cleared download directory: /var/jenkins_home/workspace/Guruttava-E2E-Tests/downloads
===== Test Teardown Completed =====
| FAIL |
NoSuchDriverException: Message: Unable to obtain driver for chrome; For documentation on this error, please visit: https://www.selenium.dev/documentation/webdriver/troubleshooting/errors/driver_location
------------------------------------------------------------------------------
Add Podcast Track With Same Track And Thumbnail For Both Languages... ===== Starting Test Setup =====
===== Test Setup Completed =====
ğŸ¯ Generated E2E Test Data:
ğŸ¯ Category: PodcastCategory_2269
ğŸ¯ SubCategory: Podcast_SubCategory_2269
ğŸ¯ Audio Track: Podcast_Track_2269
ğŸ¯ Speaker: E2E_Speaker_2269
ğŸŒ Opening web browser: chrome
ğŸ”— Navigating to: https://gurutattvacmsnewdev.rysun.in:9090/
[ WARN ] There was an error managing chrome; using browser found in the cache
===== Starting Test Teardown =====
âœ… Mobile screenshot captured: /var/jenkins_home/workspace/Guruttava-E2E-Tests/results/Screenshot/Add_Podcast_Track_With_Same_Track_And_Thumbnail_For_Both_Languages_20260203_012400.png
âš ï¸ Mobile screenshot capture failed, capturing web screenshot...
âœ… Screenshot captured: /var/jenkins_home/workspace/Guruttava-E2E-Tests/results/Screenshot/Add_Podcast_Track_With_Same_Track_And_Thumbnail_For_Both_Languages_20260203_012400.png
===== Closing Gurutattva App =====
âš ï¸ Graceful termination failed, using force stop
âš ï¸ Mobile session close had issues
===== Gurutattva App Closed =====
ğŸ—‘ï¸ Cleared download directory: /var/jenkins_home/workspace/Guruttava-E2E-Tests/downloads
===== Test Teardown Completed =====
| FAIL |
NoSuchDriverException: Message: Unable to obtain driver for chrome; For documentation on this error, please visit: https://www.selenium.dev/documentation/webdriver/troubleshooting/errors/driver_location
------------------------------------------------------------------------------
Add Music Track Without Author :: NEGATIVE TEST: Verify that music... ===== Starting Test Setup =====
===== Test Setup Completed =====
ğŸ¯ Generated E2E Test Data:
ğŸ¯ Category: E2E_Category_9436
ğŸ¯ SubCategory: E2E_SubCategory_9436
ğŸ¯ Audio Track: E2E_Track_9436
ğŸ¯ Author: E2E_Author_9436
ğŸŒ Opening web browser: chrome
ğŸ”— Navigating to: https://gurutattvacmsnewdev.rysun.in:9090/
[ WARN ] There was an error managing chrome; using browser found in the cache
===== Starting Test Teardown =====
âœ… Mobile screenshot captured: /var/jenkins_home/workspace/Guruttava-E2E-Tests/results/Screenshot/Add_Music_Track_Without_Author_20260203_012931.png
âš ï¸ Mobile screenshot capture failed, capturing web screenshot...
âœ… Screenshot captured: /var/jenkins_home/workspace/Guruttava-E2E-Tests/results/Screenshot/Add_Music_Track_Without_Author_20260203_012931.png
===== Closing Gurutattva App =====
âš ï¸ Graceful termination failed, using force stop
âš ï¸ Mobile session close had issues
===== Gurutattva App Closed =====
ğŸ—‘ï¸ Cleared download directory: /var/jenkins_home/workspace/Guruttava-E2E-Tests/downloads
===== Test Teardown Completed =====
| FAIL |
NoSuchDriverException: Message: Unable to obtain driver for chrome; For documentation on this error, please visit: https://www.selenium.dev/documentation/webdriver/troubleshooting/errors/driver_location
------------------------------------------------------------------------------
Add Podcast Track Without Speaker Should not be allowed :: Attempt... ===== Starting Test Setup =====
===== Test Setup Completed =====
ğŸ¯ Generated E2E Test Data:
ğŸ¯ Category: PodcastCategory_8311
ğŸ¯ SubCategory: Podcast_SubCategory_8311
ğŸ¯ Audio Track: Podcast_Track_8311
ğŸ¯ Speaker: E2E_Speaker_8311
ğŸŒ Opening web browser: chrome
ğŸ”— Navigating to: https://gurutattvacmsnewdev.rysun.in:9090/
[ WARN ] There was an error managing chrome; using browser found in the cache
===== Starting Test Teardown =====
âœ… Mobile screenshot captured: /var/jenkins_home/workspace/Guruttava-E2E-Tests/results/Screenshot/Add_Podcast_Track_Without_Speaker_Should_not_be_allowed_20260203_013501.png
âš ï¸ Mobile screenshot capture failed, capturing web screenshot...
âœ… Screenshot captured: /var/jenkins_home/workspace/Guruttava-E2E-Tests/results/Screenshot/Add_Podcast_Track_Without_Speaker_Should_not_be_allowed_20260203_013501.png
===== Closing Gurutattva App =====
âš ï¸ Graceful termination failed, using force stop
âš ï¸ Mobile session close had issues
===== Gurutattva App Closed =====
ğŸ—‘ï¸ Cleared download directory: /var/jenkins_home/workspace/Guruttava-E2E-Tests/downloads
===== Test Teardown Completed =====
| FAIL |
NoSuchDriverException: Message: Unable to obtain driver for chrome; For documentation on this error, please visit: https://www.selenium.dev/documentation/webdriver/troubleshooting/errors/driver_location
------------------------------------------------------------------------------
Test Music Different Filter Functionality :: Test different filter... ===== Starting Test Setup =====
===== Test Setup Completed =====
ğŸŒ Opening web browser: chrome
ğŸ”— Navigating to: https://gurutattvacmsnewdev.rysun.in:9090/
[ WARN ] There was an error managing chrome; using browser found in the cache
===== Starting Test Teardown =====
âœ… Mobile screenshot captured: /var/jenkins_home/workspace/Guruttava-E2E-Tests/results/Screenshot/Test_Music_Different_Filter_Functionality_20260203_014031.png
âš ï¸ Mobile screenshot capture failed, capturing web screenshot...
âœ… Screenshot captured: /var/jenkins_home/workspace/Guruttava-E2E-Tests/results/Screenshot/Test_Music_Different_Filter_Functionality_20260203_014031.png
===== Closing Gurutattva App =====
âš ï¸ Graceful termination failed, using force stop
âš ï¸ Mobile session close had issues
===== Gurutattva App Closed =====
ğŸ—‘ï¸ Cleared download directory: /var/jenkins_home/workspace/Guruttava-E2E-Tests/downloads
===== Test Teardown Completed =====
| FAIL |
NoSuchDriverException: Message: Unable to obtain driver for chrome; For documentation on this error, please visit: https://www.selenium.dev/documentation/webdriver/troubleshooting/errors/driver_location
------------------------------------------------------------------------------
Test Podcast Different Filter Functionality :: Test different filt... ===== Starting Test Setup =====
===== Test Setup Completed =====
ğŸŒ Opening web browser: chrome
ğŸ”— Navigating to: https://gurutattvacmsnewdev.rysun.in:9090/
[ WARN ] There was an error managing chrome; using browser found in the cache
===== Starting Test Teardown =====
âœ… Mobile screenshot captured: /var/jenkins_home/workspace/Guruttava-E2E-Tests/results/Screenshot/Test_Podcast_Different_Filter_Functionality_20260203_014618.png
âš ï¸ Mobile screenshot capture failed, capturing web screenshot...
âœ… Screenshot captured: /var/jenkins_home/workspace/Guruttava-E2E-Tests/results/Screenshot/Test_Podcast_Different_Filter_Functionality_20260203_014618.png
===== Closing Gurutattva App =====
âš ï¸ Graceful termination failed, using force stop
âš ï¸ Mobile session close had issues
===== Gurutattva App Closed =====
ğŸ—‘ï¸ Cleared download directory: /var/jenkins_home/workspace/Guruttava-E2E-Tests/downloads
===== Test Teardown Completed =====
| FAIL |
NoSuchDriverException: Message: Unable to obtain driver for chrome; For documentation on this error, please visit: https://www.selenium.dev/documentation/webdriver/troubleshooting/errors/driver_location
------------------------------------------------------------------------------
Test Music Management Refresh Button Functionality :: Test refresh... ===== Starting Test Setup =====
===== Test Setup Completed =====
ğŸŒ Opening web browser: chrome
ğŸ”— Navigating to: https://gurutattvacmsnewdev.rysun.in:9090/
[ WARN ] There was an error managing chrome; using browser found in the cache
===== Starting Test Teardown =====
âœ… Mobile screenshot captured: /var/jenkins_home/workspace/Guruttava-E2E-Tests/results/Screenshot/Test_Music_Management_Refresh_Button_Functionality_20260203_015220.png
âš ï¸ Mobile screenshot capture failed, capturing web screenshot...
âœ… Screenshot captured: /var/jenkins_home/workspace/Guruttava-E2E-Tests/results/Screenshot/Test_Music_Management_Refresh_Button_Functionality_20260203_015220.png
===== Closing Gurutattva App =====
âš ï¸ Graceful termination failed, using force stop
âš ï¸ Mobile session close had issues
===== Gurutattva App Closed =====
ğŸ—‘ï¸ Cleared download directory: /var/jenkins_home/workspace/Guruttava-E2E-Tests/downloads
===== Test Teardown Completed =====
| FAIL |
NoSuchDriverException: Message: Unable to obtain driver for chrome; For documentation on this error, please visit: https://www.selenium.dev/documentation/webdriver/troubleshooting/errors/driver_location
------------------------------------------------------------------------------
Test Podcast Management Refresh Button Functionality :: Test refre... ===== Starting Test Setup =====
===== Test Setup Completed =====
ğŸŒ Opening web browser: chrome
ğŸ”— Navigating to: https://gurutattvacmsnewdev.rysun.in:9090/
[ WARN ] There was an error managing chrome; using browser found in the cache
===== Starting Test Teardown =====
âœ… Mobile screenshot captured: /var/jenkins_home/workspace/Guruttava-E2E-Tests/results/Screenshot/Test_Podcast_Management_Refresh_Button_Functionality_20260203_015623.png
âš ï¸ Mobile screenshot capture failed, capturing web screenshot...
âœ… Screenshot captured: /var/jenkins_home/workspace/Guruttava-E2E-Tests/results/Screenshot/Test_Podcast_Management_Refresh_Button_Functionality_20260203_015623.png
===== Closing Gurutattva App =====
âš ï¸ Graceful termination failed, using force stop
âš ï¸ Mobile session close had issues
===== Gurutattva App Closed =====
ğŸ—‘ï¸ Cleared download directory: /var/jenkins_home/workspace/Guruttava-E2E-Tests/downloads
===== Test Teardown Completed =====
| FAIL |
NoSuchDriverException: Message: Unable to obtain driver for chrome; For documentation on this error, please visit: https://www.selenium.dev/documentation/webdriver/troubleshooting/errors/driver_location
------------------------------------------------------------------------------
Test Multiple Music Tracks Same Category Same Subcategory :: Add 4... ===== Starting Test Setup =====
===== Test Setup Completed =====
ğŸ¯ Generated E2E Test Data:
ğŸ¯ Category: E2E_Category_8908
ğŸ¯ SubCategory: E2E_SubCategory_8908
ğŸ¯ Audio Track: E2E_Track_8908
ğŸ¯ Author: E2E_Author_8908
ğŸŒ Opening web browser: chrome
ğŸ”— Navigating to: https://gurutattvacmsnewdev.rysun.in:9090/
[ WARN ] There was an error managing chrome; using browser found in the cache
===== Starting Test Teardown =====
âœ… Mobile screenshot captured: /var/jenkins_home/workspace/Guruttava-E2E-Tests/results/Screenshot/Test_Multiple_Music_Tracks_Same_Category_Same_Subcategory_20260203_020006.png
âš ï¸ Mobile screenshot capture failed, capturing web screenshot...
âœ… Screenshot captured: /var/jenkins_home/workspace/Guruttava-E2E-Tests/results/Screenshot/Test_Multiple_Music_Tracks_Same_Category_Same_Subcategory_20260203_020006.png
===== Closing Gurutattva App =====
âš ï¸ Graceful termination failed, using force stop
âš ï¸ Mobile session close had issues
===== Gurutattva App Closed =====
ğŸ—‘ï¸ Cleared download directory: /var/jenkins_home/workspace/Guruttava-E2E-Tests/downloads
===== Test Teardown Completed =====
| FAIL |
NoSuchDriverException: Message: Unable to obtain driver for chrome; For documentation on this error, please visit: https://www.selenium.dev/documentation/webdriver/troubleshooting/errors/driver_location
------------------------------------------------------------------------------
Add Audio in English language only :: Add an audio track using Eng... ===== Starting Test Setup =====
===== Test Setup Completed =====
ğŸ¯ Generated E2E Test Data:
ğŸ¯ Category: E2E_Category_6994
ğŸ¯ SubCategory: E2E_SubCategory_6994
ğŸ¯ Audio Track: E2E_Track_6994
ğŸ¯ Author: E2E_Author_6994
ğŸŒ Opening web browser: chrome
ğŸ”— Navigating to: https://gurutattvacmsnewdev.rysun.in:9090/
[ WARN ] There was an error managing chrome; using browser found in the cache
===== Starting Test Teardown =====
âœ… Mobile screenshot captured: /var/jenkins_home/workspace/Guruttava-E2E-Tests/results/Screenshot/Add_Audio_in_English_language_only_20260203_020823.png
âš ï¸ Mobile screenshot capture failed, capturing web screenshot...
âœ… Screenshot captured: /var/jenkins_home/workspace/Guruttava-E2E-Tests/results/Screenshot/Add_Audio_in_English_language_only_20260203_020823.png
===== Closing Gurutattva App =====
âš ï¸ Graceful termination failed, using force stop
âš ï¸ Mobile session close had issues
===== Gurutattva App Closed =====
ğŸ—‘ï¸ Cleared download directory: /var/jenkins_home/workspace/Guruttava-E2E-Tests/downloads
===== Test Teardown Completed =====
| FAIL |
NoSuchDriverException: Message: Unable to obtain driver for chrome; For documentation on this error, please visit: https://www.selenium.dev/documentation/webdriver/troubleshooting/errors/driver_location
------------------------------------------------------------------------------
Guruttava_Android_E2E_Tests.E2EAudio                                  | FAIL |
20 tests, 0 passed, 20 failed
==============================================================================
Guruttava_Android_E2E_Tests.E2EDhyankendra                                    
==============================================================================
Test Dhyankendra Different Filter Functionality :: Test different ... ===== Starting Test Setup =====
===== Test Setup Completed =====
ğŸŒ Opening web browser: chrome
ğŸ”— Navigating to: https://gurutattvacmsnewdev.rysun.in:9090/
[ WARN ] There was an error managing chrome; using browser found in the cache
===== Starting Test Teardown =====
âœ… Mobile screenshot captured: /var/jenkins_home/workspace/Guruttava-E2E-Tests/results/Screenshot/Test_Dhyankendra_Different_Filter_Functionality_20260203_021800.png
âš ï¸ Mobile screenshot capture failed, capturing web screenshot...
âœ… Screenshot captured: /var/jenkins_home/workspace/Guruttava-E2E-Tests/results/Screenshot/Test_Dhyankendra_Different_Filter_Functionality_20260203_021800.png
===== Closing Gurutattva App =====
âš ï¸ Graceful termination failed, using force stop
âš ï¸ Mobile session close had issues
===== Gurutattva App Closed =====
ğŸ—‘ï¸ Cleared download directory: /var/jenkins_home/workspace/Guruttava-E2E-Tests/downloads
===== Test Teardown Completed =====
| FAIL |
NoSuchDriverException: Message: Unable to obtain driver for chrome; For documentation on this error, please visit: https://www.selenium.dev/documentation/webdriver/troubleshooting/errors/driver_location
------------------------------------------------------------------------------
Test Dhyankendra Management Refresh Button Functionality :: Test r... ===== Starting Test Setup =====
===== Test Setup Completed =====
ğŸŒ Opening web browser: chrome
ğŸ”— Navigating to: https://gurutattvacmsnewdev.rysun.in:9090/
[ WARN ] There was an error managing chrome; using browser found in the cache
===== Starting Test Teardown =====
âœ… Mobile screenshot captured: /var/jenkins_home/workspace/Guruttava-E2E-Tests/results/Screenshot/Test_Dhyankendra_Management_Refresh_Button_Functionality_20260203_022116.png
âš ï¸ Mobile screenshot capture failed, capturing web screenshot...
âœ… Screenshot captured: /var/jenkins_home/workspace/Guruttava-E2E-Tests/results/Screenshot/Test_Dhyankendra_Management_Refresh_Button_Functionality_20260203_022116.png
===== Closing Gurutattva App =====
âš ï¸ Graceful termination failed, using force stop
âš ï¸ Mobile session close had issues
===== Gurutattva App Closed =====
ğŸ—‘ï¸ Cleared download directory: /var/jenkins_home/workspace/Guruttava-E2E-Tests/downloads
===== Test Teardown Completed =====
| FAIL |
NoSuchDriverException: Message: Unable to obtain driver for chrome; For documentation on this error, please visit: https://www.selenium.dev/documentation/webdriver/troubleshooting/errors/driver_location
------------------------------------------------------------------------------
Sanchalak login to CMS application and as per the role and rights ... ===== Starting Test Setup =====
===== Test Setup Completed =====
ğŸŒ Opening web browser: chrome
ğŸ”— Navigating to: https://gurutattvacmsnewdev.rysun.in:9090/
[ WARN ] There was an error managing chrome; using browser found in the cache
===== Starting Test Teardown =====
âœ… Mobile screenshot captured: /var/jenkins_home/workspace/Guruttava-E2E-Tests/results/Screenshot/Sanchalak_login_to_CMS_application_and_as_per_the_role_and_rights_it_should_have_access_to_left_menu__News,_Event,_Dhyankendra_added_by_own,_Dhyansthali_20260203_022843.png
âš ï¸ Mobile screenshot capture failed, capturing web screenshot...
âœ… Screenshot captured: /var/jenkins_home/workspace/Guruttava-E2E-Tests/results/Screenshot/Sanchalak_login_to_CMS_application_and_as_per_the_role_and_rights_it_should_have_access_to_left_menu__News,_Event,_Dhyankendra_added_by_own,_Dhyansthali_20260203_022843.png
===== Closing Gurutattva App =====
âš ï¸ Graceful termination failed, using force stop
âš ï¸ Mobile session close had issues
===== Gurutattva App Closed =====
ğŸ—‘ï¸ Cleared download directory: /var/jenkins_home/workspace/Guruttava-E2E-Tests/downloads
===== Test Teardown Completed =====
| FAIL |
NoSuchDriverException: Message: Unable to obtain driver for chrome; For documentation on this error, please visit: https://www.selenium.dev/documentation/webdriver/troubleshooting/errors/driver_location
------------------------------------------------------------------------------
Login from Mobile as Sadhak and register for Dhyankendra. Compare ... ===== Starting Test Setup =====
===== Test Setup Completed =====
Generated Test Data for Center Name:
Center Name: E2E_Center_Name_740
Email: e2euser.740@test.com
Mobile: 9188773740
Full Address: E2E_Full_Address_740
===== Opening Gurutattva App =====
[ WARN ] Retrying (Retry(total=2, connect=None, read=None, redirect=None, status=None)) after connection broken by 'NewConnectionError('<urllib3.connection.HTTPConnection object at 0x7d772f714c20>: Failed to establish a new connection: [Errno 111] Connection refused')': /session
[ WARN ] Retrying (Retry(total=1, connect=None, read=None, redirect=None, status=None)) after connection broken by 'NewConnectionError('<urllib3.connection.HTTPConnection object at 0x7d772f6df610>: Failed to establish a new connection: [Errno 111] Connection refused')': /session
[ WARN ] Retrying (Retry(total=0, connect=None, read=None, redirect=None, status=None)) after connection broken by 'NewConnectionError('<urllib3.connection.HTTPConnection object at 0x7d772f6df9d0>: Failed to establish a new connection: [Errno 111] Connection refused')': /session
===== Starting Test Teardown =====
âœ… Mobile screenshot captured: /var/jenkins_home/workspace/Guruttava-E2E-Tests/results/Screenshot/Login_from_Mobile_as_Sadhak_and_register_for_Dhyankendra__Compare_all_the_fields_of_Mobile_with_CMS__20260203_022904.png
âš ï¸ Mobile screenshot capture failed, capturing web screenshot...
âœ… Screenshot captured: /var/jenkins_home/workspace/Guruttava-E2E-Tests/results/Screenshot/Login_from_Mobile_as_Sadhak_and_register_for_Dhyankendra__Compare_all_the_fields_of_Mobile_with_CMS__20260203_022904.png
===== Closing Gurutattva App =====
âš ï¸ Graceful termination failed, using force stop
âš ï¸ Mobile session close had issues
===== Gurutattva App Closed =====
ğŸ—‘ï¸ Cleared download directory: /var/jenkins_home/workspace/Guruttava-E2E-Tests/downloads
===== Test Teardown Completed =====
| FAIL |
MaxRetryError: HTTPConnectionPool(host='localhost', port=4723): Max retries exceeded with url: /session (Caused by NewConnectionError('<urllib3.connection.HTTPConnection object at 0x7d772f5bfa80>: Failed to establish a new connection: [Errno 111] Connection refused'))
------------------------------------------------------------------------------
Sanchalak edits any field of Dhyankendra. Super Admin/ Acharya app... ===== Starting Test Setup =====
===== Test Setup Completed =====
Generated Test Data for Center Name:
Center Name: E2E_Center_Name_789
Email: e2euser.789@test.com
Mobile: 9188773789
Full Address: E2E_Full_Address_789
===== Opening Gurutattva App =====
[ WARN ] Retrying (Retry(total=2, connect=None, read=None, redirect=None, status=None)) after connection broken by 'NewConnectionError('<urllib3.connection.HTTPConnection object at 0x7d772f5bd5b0>: Failed to establish a new connection: [Errno 111] Connection refused')': /session
[ WARN ] Retrying (Retry(total=1, connect=None, read=None, redirect=None, status=None)) after connection broken by 'NewConnectionError('<urllib3.connection.HTTPConnection object at 0x7d772f005490>: Failed to establish a new connection: [Errno 111] Connection refused')': /session
[ WARN ] Retrying (Retry(total=0, connect=None, read=None, redirect=None, status=None)) after connection broken by 'NewConnectionError('<urllib3.connection.HTTPConnection object at 0x7d772f064050>: Failed to establish a new connection: [Errno 111] Connection refused')': /session
===== Starting Test Teardown =====
âœ… Mobile screenshot captured: /var/jenkins_home/workspace/Guruttava-E2E-Tests/results/Screenshot/Sanchalak_edits_any_field_of_Dhyankendra__Super_Admin/_Acharya_approves_the_changes_requeted__Check_refleciton_in_Mobile_app__20260203_022921.png
âš ï¸ Mobile screenshot capture failed, capturing web screenshot...
âœ… Screenshot captured: /var/jenkins_home/workspace/Guruttava-E2E-Tests/results/Screenshot/Sanchalak_edits_any_field_of_Dhyankendra__Super_Admin/_Acharya_approves_the_changes_requeted__Check_refleciton_in_Mobile_app__20260203_022921.png
===== Closing Gurutattva App =====
âš ï¸ Graceful termination failed, using force stop
âš ï¸ Mobile session close had issues
===== Gurutattva App Closed =====
ğŸ—‘ï¸ Cleared download directory: /var/jenkins_home/workspace/Guruttava-E2E-Tests/downloads
===== Test Teardown Completed =====
| FAIL |
MaxRetryError: HTTPConnectionPool(host='localhost', port=4723): Max retries exceeded with url: /session (Caused by NewConnectionError('<urllib3.connection.HTTPConnection object at 0x7d772f0667a0>: Failed to establish a new connection: [Errno 111] Connection refused'))
------------------------------------------------------------------------------
Change the Primary Sanchalak from Dhyankendra and add other sanchalak ===== Starting Test Setup =====
===== Test Setup Completed =====
ğŸŒ Opening web browser: chrome
ğŸ”— Navigating to: https://gurutattvacmsnewdev.rysun.in:9090/
[ WARN ] There was an error managing chrome; using browser found in the cache
===== Starting Test Teardown =====
âœ… Mobile screenshot captured: /var/jenkins_home/workspace/Guruttava-E2E-Tests/results/Screenshot/Change_the_Primary_Sanchalak_from_Dhyankendra_and_add_other_sanchalak_20260203_024117.png
âš ï¸ Mobile screenshot capture failed, capturing web screenshot...
âœ… Screenshot captured: /var/jenkins_home/workspace/Guruttava-E2E-Tests/results/Screenshot/Change_the_Primary_Sanchalak_from_Dhyankendra_and_add_other_sanchalak_20260203_024117.png
===== Closing Gurutattva App =====
âš ï¸ Graceful termination failed, using force stop
âš ï¸ Mobile session close had issues
===== Gurutattva App Closed =====
ğŸ—‘ï¸ Cleared download directory: /var/jenkins_home/workspace/Guruttava-E2E-Tests/downloads
===== Test Teardown Completed =====
| FAIL |
NoSuchDriverException: Message: Unable to obtain driver for chrome; For documentation on this error, please visit: https://www.selenium.dev/documentation/webdriver/troubleshooting/errors/driver_location
------------------------------------------------------------------------------
Sanchalak edits any field of Dhyankendra. Super Admin/ Acharya Rej... ===== Starting Test Setup =====
===== Test Setup Completed =====
Generated Test Data for Center Name:
Center Name: E2E_Center_Name_770
Email: e2euser.770@test.com
Mobile: 9188773770
Full Address: E2E_Full_Address_770
===== Opening Gurutattva App =====
[ WARN ] Retrying (Retry(total=2, connect=None, read=None, redirect=None, status=None)) after connection broken by 'NewConnectionError('<urllib3.connection.HTTPConnection object at 0x7d772f75c270>: Failed to establish a new connection: [Errno 111] Connection refused')': /session
[ WARN ] Retrying (Retry(total=1, connect=None, read=None, redirect=None, status=None)) after connection broken by 'NewConnectionError('<urllib3.connection.HTTPConnection object at 0x7d772f75d480>: Failed to establish a new connection: [Errno 111] Connection refused')': /session
[ WARN ] Retrying (Retry(total=0, connect=None, read=None, redirect=None, status=None)) after connection broken by 'NewConnectionError('<urllib3.connection.HTTPConnection object at 0x7d772f75cf30>: Failed to establish a new connection: [Errno 111] Connection refused')': /session
===== Starting Test Teardown =====
âœ… Mobile screenshot captured: /var/jenkins_home/workspace/Guruttava-E2E-Tests/results/Screenshot/Sanchalak_edits_any_field_of_Dhyankendra__Super_Admin/_Acharya_Rejectes_the_changes_requeted__check_reflection_in_mobile_app__20260203_024133.png
âš ï¸ Mobile screenshot capture failed, capturing web screenshot...
âœ… Screenshot captured: /var/jenkins_home/workspace/Guruttava-E2E-Tests/results/Screenshot/Sanchalak_edits_any_field_of_Dhyankendra__Super_Admin/_Acharya_Rejectes_the_changes_requeted__check_reflection_in_mobile_app__20260203_024133.png
===== Closing Gurutattva App =====
âš ï¸ Graceful termination failed, using force stop
âš ï¸ Mobile session close had issues
===== Gurutattva App Closed =====
ğŸ—‘ï¸ Cleared download directory: /var/jenkins_home/workspace/Guruttava-E2E-Tests/downloads
===== Test Teardown Completed =====
| FAIL |
MaxRetryError: HTTPConnectionPool(host='localhost', port=4723): Max retries exceeded with url: /session (Caused by NewConnectionError('<urllib3.connection.HTTPConnection object at 0x7d772f75d260>: Failed to establish a new connection: [Errno 111] Connection refused'))
------------------------------------------------------------------------------
Super Admin changes Sanchalak1 of TC67's Dhyankendra to free Vaishali ===== Starting Test Setup =====
===== Test Setup Completed =====
ğŸŒ Opening web browser: chrome
ğŸ”— Navigating to: https://gurutattvacmsnewdev.rysun.in:9090/
[ WARN ] There was an error managing chrome; using browser found in the cache
===== Starting Test Teardown =====
âœ… Mobile screenshot captured: /var/jenkins_home/workspace/Guruttava-E2E-Tests/results/Screenshot/Super_Admin_changes_Sanchalak1_of_TC67's_Dhyankendra_to_free_Vaishali_20260203_024808.png
âš ï¸ Mobile screenshot capture failed, capturing web screenshot...
âœ… Screenshot captured: /var/jenkins_home/workspace/Guruttava-E2E-Tests/results/Screenshot/Super_Admin_changes_Sanchalak1_of_TC67's_Dhyankendra_to_free_Vaishali_20260203_024808.png
===== Closing Gurutattva App =====
âš ï¸ Graceful termination failed, using force stop
âš ï¸ Mobile session close had issues
===== Gurutattva App Closed =====
ğŸ—‘ï¸ Cleared download directory: /var/jenkins_home/workspace/Guruttava-E2E-Tests/downloads
===== Test Teardown Completed =====
| FAIL |
NoSuchDriverException: Message: Unable to obtain driver for chrome; For documentation on this error, please visit: https://www.selenium.dev/documentation/webdriver/troubleshooting/errors/driver_location
------------------------------------------------------------------------------
Guruttava_Android_E2E_Tests.E2EDhyankendra                            | FAIL |
8 tests, 0 passed, 8 failed
==============================================================================
Guruttava_Android_E2E_Tests.E2EEvents                                         
==============================================================================
Verify the image upload validation in CMS for Events                  ===== Starting Test Setup =====
===== Test Setup Completed =====
ğŸŒ Opening web browser: chrome
ğŸ”— Navigating to: https://gurutattvacmsnewdev.rysun.in:9090/
[ WARN ] There was an error managing chrome; using browser found in the cache
===== Starting Test Teardown =====
âœ… Mobile screenshot captured: /var/jenkins_home/workspace/Guruttava-E2E-Tests/results/Screenshot/Verify_the_image_upload_validation_in_CMS_for_Events_20260203_025700.png
âš ï¸ Mobile screenshot capture failed, capturing web screenshot...
âœ… Screenshot captured: /var/jenkins_home/workspace/Guruttava-E2E-Tests/results/Screenshot/Verify_the_image_upload_validation_in_CMS_for_Events_20260203_025700.png
===== Closing Gurutattva App =====
âš ï¸ Graceful termination failed, using force stop
âš ï¸ Mobile session close had issues
===== Gurutattva App Closed =====
ğŸ—‘ï¸ Cleared download directory: /var/jenkins_home/workspace/Guruttava-E2E-Tests/downloads
===== Test Teardown Completed =====
| FAIL |
NoSuchDriverException: Message: Unable to obtain driver for chrome; For documentation on this error, please visit: https://www.selenium.dev/documentation/webdriver/troubleshooting/errors/driver_location
------------------------------------------------------------------------------
Verify that user is not able to publish event when publish date is... ===== Starting Test Setup =====
===== Test Setup Completed =====
ğŸ¯ Generated E2E English Events Test Data:
ğŸ¯ Title: E2E English Events Title 8399
ğŸ¯ Description: E2E English Events Description 8399
ğŸ¯ Content: E2E English Events Content 8399. This is a test events content generated for automation testing purposes.
ğŸ¯ Publish Status: Publish
ğŸŒ Opening web browser: chrome
ğŸ”— Navigating to: https://gurutattvacmsnewdev.rysun.in:9090/
[ WARN ] There was an error managing chrome; using browser found in the cache
===== Starting Test Teardown =====
âœ… Mobile screenshot captured: /var/jenkins_home/workspace/Guruttava-E2E-Tests/results/Screenshot/Verify_that_user_is_not_able_to_publish_event_when_publish_date_is_selected_after_the_event_dates_20260203_030248.png
âš ï¸ Mobile screenshot capture failed, capturing web screenshot...
âœ… Screenshot captured: /var/jenkins_home/workspace/Guruttava-E2E-Tests/results/Screenshot/Verify_that_user_is_not_able_to_publish_event_when_publish_date_is_selected_after_the_event_dates_20260203_030248.png
===== Closing Gurutattva App =====
âš ï¸ Graceful termination failed, using force stop
âš ï¸ Mobile session close had issues
===== Gurutattva App Closed =====
ğŸ—‘ï¸ Cleared download directory: /var/jenkins_home/workspace/Guruttava-E2E-Tests/downloads
===== Test Teardown Completed =====
| FAIL |
NoSuchDriverException: Message: Unable to obtain driver for chrome; For documentation on this error, please visit: https://www.selenium.dev/documentation/webdriver/troubleshooting/errors/driver_location
------------------------------------------------------------------------------
Verify that the user is able to add a English event, publish it in... ===== Starting Test Setup =====
===== Test Setup Completed =====
ğŸ¯ Generated E2E English Events Test Data:
ğŸ¯ Title: E2E English Events Title 1911
ğŸ¯ Description: E2E English Events Description 1911
ğŸ¯ Content: E2E English Events Content 1911. This is a test events content generated for automation testing purposes.
ğŸ¯ Publish Status: Publish
ğŸŒ Opening web browser: chrome
ğŸ”— Navigating to: https://gurutattvacmsnewdev.rysun.in:9090/
[ WARN ] There was an error managing chrome; using browser found in the cache
===== Starting Test Teardown =====
âœ… Mobile screenshot captured: /var/jenkins_home/workspace/Guruttava-E2E-Tests/results/Screenshot/Verify_that_the_user_is_able_to_add_a_English_event,_publish_it_in_the_CMS,_and_verify_the_english_event_details_on_the_mobile_app_20260203_030838.png
âš ï¸ Mobile screenshot capture failed, capturing web screenshot...
âœ… Screenshot captured: /var/jenkins_home/workspace/Guruttava-E2E-Tests/results/Screenshot/Verify_that_the_user_is_able_to_add_a_English_event,_publish_it_in_the_CMS,_and_verify_the_english_event_details_on_the_mobile_app_20260203_030838.png
===== Closing Gurutattva App =====
âš ï¸ Graceful termination failed, using force stop
âš ï¸ Mobile session close had issues
===== Gurutattva App Closed =====
ğŸ—‘ï¸ Cleared download directory: /var/jenkins_home/workspace/Guruttava-E2E-Tests/downloads
===== Test Teardown Completed =====
| FAIL |
NoSuchDriverException: Message: Unable to obtain driver for chrome; For documentation on this error, please visit: https://www.selenium.dev/documentation/webdriver/troubleshooting/errors/driver_location
------------------------------------------------------------------------------
Verify that the user is able to add a Hindi event, publish it in t... ===== Starting Test Setup =====
===== Test Setup Completed =====
ğŸ¯ Generated E2E Hindi Events Test Data:
ğŸ¯ Title: E2E à¤¹à¤¿à¤‚à¤¦à¥€ à¤¸à¤®à¤¾à¤šà¤¾à¤° à¤¶à¥€à¤°à¥à¤·à¤• 7528
ğŸ¯ Description: E2E à¤¹à¤¿à¤‚à¤¦à¥€ à¤¸à¤®à¤¾à¤šà¤¾à¤° à¤µà¤¿à¤µà¤°à¤£ 7528
ğŸ¯ Content: E2E à¤¹à¤¿à¤‚à¤¦à¥€ à¤¸à¤®à¤¾à¤šà¤¾à¤° à¤¸à¤¾à¤®à¤—à¥à¤°à¥€ 7528. à¤¯à¤¹ à¤¸à¥à¤µà¤šà¤¾à¤²à¤¨ à¤ªà¤°à¥€à¤•à¥à¤·à¤£ à¤•à¥‡ à¤²à¤¿à¤ à¤‰à¤¤à¥à¤ªà¤¨à¥à¤¨ à¤•à¤¿à¤¯à¤¾ à¤—à¤¯à¤¾ à¤à¤• à¤ªà¤°à¥€à¤•à¥à¤·à¤£ à¤¸à¤®à¤¾à¤šà¤¾à¤° à¤¸à¤¾à¤®à¤—à¥à¤°à¥€ à¤¹à¥ˆà¥¤
ğŸ¯ Publish Date: 
ğŸŒ Opening web browser: chrome
ğŸ”— Navigating to: https://gurutattvacmsnewdev.rysun.in:9090/
[ WARN ] There was an error managing chrome; using browser found in the cache
===== Starting Test Teardown =====
âœ… Mobile screenshot captured: /var/jenkins_home/workspace/Guruttava-E2E-Tests/results/Screenshot/Verify_that_the_user_is_able_to_add_a_Hindi_event,_publish_it_in_the_CMS,_and_verify_the_hindi_event_details_on_the_mobile_app_20260203_031416.png
âš ï¸ Mobile screenshot capture failed, capturing web screenshot...
âœ… Screenshot captured: /var/jenkins_home/workspace/Guruttava-E2E-Tests/results/Screenshot/Verify_that_the_user_is_able_to_add_a_Hindi_event,_publish_it_in_the_CMS,_and_verify_the_hindi_event_details_on_the_mobile_app_20260203_031416.png
===== Closing Gurutattva App =====
âš ï¸ Graceful termination failed, using force stop
âš ï¸ Mobile session close had issues
===== Gurutattva App Closed =====
ğŸ—‘ï¸ Cleared download directory: /var/jenkins_home/workspace/Guruttava-E2E-Tests/downloads
===== Test Teardown Completed =====
| FAIL |
NoSuchDriverException: Message: Unable to obtain driver for chrome; For documentation on this error, please visit: https://www.selenium.dev/documentation/webdriver/troubleshooting/errors/driver_location
------------------------------------------------------------------------------
Test Add Event Category from CMS and Add Events under that Categor... ===== Starting Test Setup =====
===== Test Setup Completed =====
ğŸ¯ Generated E2E Event Category Test Data:
ğŸ¯ Category Name: E2E Event Category 5477
ğŸ¯ Category Description: E2E Event Category Description 5477
ğŸ¯ Events Title: E2E English Events Title 5477
ğŸŒ Opening web browser: chrome
ğŸ”— Navigating to: https://gurutattvacmsnewdev.rysun.in:9090/
[ WARN ] There was an error managing chrome; using browser found in the cache
===== Starting Test Teardown =====
âœ… Mobile screenshot captured: /var/jenkins_home/workspace/Guruttava-E2E-Tests/results/Screenshot/Test_Add_Event_Category_from_CMS_and_Add_Events_under_that_Category_20260203_031953.png
âš ï¸ Mobile screenshot capture failed, capturing web screenshot...
âœ… Screenshot captured: /var/jenkins_home/workspace/Guruttava-E2E-Tests/results/Screenshot/Test_Add_Event_Category_from_CMS_and_Add_Events_under_that_Category_20260203_031953.png
===== Closing Gurutattva App =====
âš ï¸ Graceful termination failed, using force stop
âš ï¸ Mobile session close had issues
===== Gurutattva App Closed =====
ğŸ—‘ï¸ Cleared download directory: /var/jenkins_home/workspace/Guruttava-E2E-Tests/downloads
===== Test Teardown Completed =====
| FAIL |
NoSuchDriverException: Message: Unable to obtain driver for chrome; For documentation on this error, please visit: https://www.selenium.dev/documentation/webdriver/troubleshooting/errors/driver_location
------------------------------------------------------------------------------
Test Unpublish Event from CMS and Verify in Mobile App :: Unpublis... ===== Starting Test Setup =====
===== Test Setup Completed =====
ğŸ¯ Generated E2E Event Category Test Data:
ğŸ¯ Category Name: E2E Event Category 9192
ğŸ¯ Category Description: E2E Event Category Description 9192
ğŸ¯ Events Title: E2E English Events Title 9192
ğŸŒ Opening web browser: chrome
ğŸ”— Navigating to: https://gurutattvacmsnewdev.rysun.in:9090/
[ WARN ] There was an error managing chrome; using browser found in the cache
===== Starting Test Teardown =====
âœ… Mobile screenshot captured: /var/jenkins_home/workspace/Guruttava-E2E-Tests/results/Screenshot/Test_Unpublish_Event_from_CMS_and_Verify_in_Mobile_App_20260203_032529.png
âš ï¸ Mobile screenshot capture failed, capturing web screenshot...
âœ… Screenshot captured: /var/jenkins_home/workspace/Guruttava-E2E-Tests/results/Screenshot/Test_Unpublish_Event_from_CMS_and_Verify_in_Mobile_App_20260203_032529.png
===== Closing Gurutattva App =====
âš ï¸ Graceful termination failed, using force stop
âš ï¸ Mobile session close had issues
===== Gurutattva App Closed =====
ğŸ—‘ï¸ Cleared download directory: /var/jenkins_home/workspace/Guruttava-E2E-Tests/downloads
===== Test Teardown Completed =====
| FAIL |
NoSuchDriverException: Message: Unable to obtain driver for chrome; For documentation on this error, please visit: https://www.selenium.dev/documentation/webdriver/troubleshooting/errors/driver_location
------------------------------------------------------------------------------
Test Event Category Tab In Mobile App :: In Mobile app, check for ... ===== Starting Test Setup =====
===== Test Setup Completed =====
ğŸ“± Attempting to open Gurutattva App (1/3)
===== Opening Gurutattva App =====
[ WARN ] Retrying (Retry(total=2, connect=None, read=None, redirect=None, status=None)) after connection broken by 'NewConnectionError('<urllib3.connection.HTTPConnection object at 0x7d772f065bf0>: Failed to establish a new connection: [Errno 111] Connection refused')': /session
[ WARN ] Retrying (Retry(total=1, connect=None, read=None, redirect=None, status=None)) after connection broken by 'NewConnectionError('<urllib3.connection.HTTPConnection object at 0x7d772f067f00>: Failed to establish a new connection: [Errno 111] Connection refused')': /session
[ WARN ] Retrying (Retry(total=0, connect=None, read=None, redirect=None, status=None)) after connection broken by 'NewConnectionError('<urllib3.connection.HTTPConnection object at 0x7d772f065480>: Failed to establish a new connection: [Errno 111] Connection refused')': /session
âš ï¸ Failed to open app on attempt 1: MaxRetryError: HTTPConnectionPool(host='localhost', port=4723): Max retries exceeded with url: /session (Caused by NewConnectionError('<urllib3.connection.HTTPConnection object at 0x7d772f066690>: Failed to establish a new connection: [Errno 111] Connection refused'))
ğŸ”„ Retrying in 5 seconds...
ğŸ“± Attempting to open Gurutattva App (2/3)
===== Opening Gurutattva App =====
[ WARN ] Retrying (Retry(total=2, connect=None, read=None, redirect=None, status=None)) after connection broken by 'NewConnectionError('<urllib3.connection.HTTPConnection object at 0x7d772fbf5480>: Failed to establish a new connection: [Errno 111] Connection refused')': /session
[ WARN ] Retrying (Retry(total=1, connect=None, read=None, redirect=None, status=None)) after connection broken by 'NewConnectionError('<urllib3.connection.HTTPConnection object at 0x7d772f95bbd0>: Failed to establish a new connection: [Errno 111] Connection refused')': /session
[ WARN ] Retrying (Retry(total=0, connect=None, read=None, redirect=None, status=None)) after connection broken by 'NewConnectionError('<urllib3.connection.HTTPConnection object at 0x7d772f959480>: Failed to establish a new connection: [Errno 111] Connection refused')': /session
âš ï¸ Failed to open app on attempt 2: MaxRetryError: HTTPConnectionPool(host='localhost', port=4723): Max retries exceeded with url: /session (Caused by NewConnectionError('<urllib3.connection.HTTPConnection object at 0x7d772f75d480>: Failed to establish a new connection: [Errno 111] Connection refused'))
ğŸ”„ Retrying in 5 seconds...
ğŸ“± Attempting to open Gurutattva App (3/3)
===== Opening Gurutattva App =====
[ WARN ] Retrying (Retry(total=2, connect=None, read=None, redirect=None, status=None)) after connection broken by 'NewConnectionError('<urllib3.connection.HTTPConnection object at 0x7d772f75c380>: Failed to establish a new connection: [Errno 111] Connection refused')': /session
[ WARN ] Retrying (Retry(total=1, connect=None, read=None, redirect=None, status=None)) after connection broken by 'NewConnectionError('<urllib3.connection.HTTPConnection object at 0x7d772f75dbf0>: Failed to establish a new connection: [Errno 111] Connection refused')': /session
[ WARN ] Retrying (Retry(total=0, connect=None, read=None, redirect=None, status=None)) after connection broken by 'NewConnectionError('<urllib3.connection.HTTPConnection object at 0x7d772f066f10>: Failed to establish a new connection: [Errno 111] Connection refused')': /session
âš ï¸ Failed to open app on attempt 3: MaxRetryError: HTTPConnectionPool(host='localhost', port=4723): Max retries exceeded with url: /session (Caused by NewConnectionError('<urllib3.connection.HTTPConnection object at 0x7d772f066be0>: Failed to establish a new connection: [Errno 111] Connection refused'))
âŒ Failed to open Gurutattva App after 3 attempts
===== Starting Test Teardown =====
âœ… Mobile screenshot captured: /var/jenkins_home/workspace/Guruttava-E2E-Tests/results/Screenshot/Test_Event_Category_Tab_In_Mobile_App_20260203_032552.png
âš ï¸ Mobile screenshot capture failed, capturing web screenshot...
âœ… Screenshot captured: /var/jenkins_home/workspace/Guruttava-E2E-Tests/results/Screenshot/Test_Event_Category_Tab_In_Mobile_App_20260203_032552.png
===== Closing Gurutattva App =====
âš ï¸ Graceful termination failed, using force stop
âš ï¸ Mobile session close had issues
===== Gurutattva App Closed =====
ğŸ—‘ï¸ Cleared download directory: /var/jenkins_home/workspace/Guruttava-E2E-Tests/downloads
===== Test Teardown Completed =====
| FAIL |
Could not open Gurutattva App after 3 attempts
------------------------------------------------------------------------------
Test Check Local Event Filter Functionality :: E2E test: Create Lo... ===== Starting Test Setup =====
===== Test Setup Completed =====
ğŸ¯ Generated E2E English Events Test Data:
ğŸ¯ Title: E2E English Events Title 6828
ğŸ¯ Description: E2E English Events Description 6828
ğŸ¯ Content: E2E English Events Content 6828. This is a test events content generated for automation testing purposes.
ğŸ¯ Publish Status: Publish
ğŸŒ Opening web browser: chrome
ğŸ”— Navigating to: https://gurutattvacmsnewdev.rysun.in:9090/
[ WARN ] There was an error managing chrome; using browser found in the cache
===== Starting Test Teardown =====
âœ… Mobile screenshot captured: /var/jenkins_home/workspace/Guruttava-E2E-Tests/results/Screenshot/Test_Check_Local_Event_Filter_Functionality_20260203_033113.png
âš ï¸ Mobile screenshot capture failed, capturing web screenshot...
âœ… Screenshot captured: /var/jenkins_home/workspace/Guruttava-E2E-Tests/results/Screenshot/Test_Check_Local_Event_Filter_Functionality_20260203_033113.png
===== Closing Gurutattva App =====
âš ï¸ Graceful termination failed, using force stop
âš ï¸ Mobile session close had issues
===== Gurutattva App Closed =====
ğŸ—‘ï¸ Cleared download directory: /var/jenkins_home/workspace/Guruttava-E2E-Tests/downloads
===== Test Teardown Completed =====
| FAIL |
NoSuchDriverException: Message: Unable to obtain driver for chrome; For documentation on this error, please visit: https://www.selenium.dev/documentation/webdriver/troubleshooting/errors/driver_location
------------------------------------------------------------------------------
Sanchalak adds local Event, once Acharya/Super Admin Approves it t... ===== Starting Test Setup =====
===== Test Setup Completed =====
ğŸ¯ Generated E2E English Events Test Data:
ğŸ¯ Title: E2E English Events Title 8929
ğŸ¯ Description: E2E English Events Description 8929
ğŸ¯ Content: E2E English Events Content 8929. This is a test events content generated for automation testing purposes.
ğŸ¯ Publish Status: Publish
ğŸŒ Opening web browser: chrome
ğŸ”— Navigating to: https://gurutattvacmsnewdev.rysun.in:9090/
[ WARN ] There was an error managing chrome; using browser found in the cache
===== Starting Test Teardown =====
âœ… Mobile screenshot captured: /var/jenkins_home/workspace/Guruttava-E2E-Tests/results/Screenshot/Sanchalak_adds_local_Event,_once_Acharya/Super_Admin_Approves_it_then_only_that_Event_is_reflected_in_Mobile_app_uncer_Local_Event_section__20260203_033643.png
âš ï¸ Mobile screenshot capture failed, capturing web screenshot...
âœ… Screenshot captured: /var/jenkins_home/workspace/Guruttava-E2E-Tests/results/Screenshot/Sanchalak_adds_local_Event,_once_Acharya/Super_Admin_Approves_it_then_only_that_Event_is_reflected_in_Mobile_app_uncer_Local_Event_section__20260203_033643.png
===== Closing Gurutattva App =====
âš ï¸ Graceful termination failed, using force stop
âš ï¸ Mobile session close had issues
===== Gurutattva App Closed =====
ğŸ—‘ï¸ Cleared download directory: /var/jenkins_home/workspace/Guruttava-E2E-Tests/downloads
===== Test Teardown Completed =====
| FAIL |
NoSuchDriverException: Message: Unable to obtain driver for chrome; For documentation on this error, please visit: https://www.selenium.dev/documentation/webdriver/troubleshooting/errors/driver_location
------------------------------------------------------------------------------
Sanchalak adds local event and Acharya/Super Admin Rejects that ev... ===== Starting Test Setup =====
===== Test Setup Completed =====
ğŸ¯ Generated E2E English Events Test Data:
ğŸ¯ Title: E2E English Events Title 7574
ğŸ¯ Description: E2E English Events Description 7574
ğŸ¯ Content: E2E English Events Content 7574. This is a test events content generated for automation testing purposes.
ğŸ¯ Publish Status: Publish
ğŸŒ Opening web browser: chrome
ğŸ”— Navigating to: https://gurutattvacmsnewdev.rysun.in:9090/
[ WARN ] There was an error managing chrome; using browser found in the cache
===== Starting Test Teardown =====
âœ… Mobile screenshot captured: /var/jenkins_home/workspace/Guruttava-E2E-Tests/results/Screenshot/Sanchalak_adds_local_event_and_Acharya/Super_Admin_Rejects_that_event__20260203_034215.png
âš ï¸ Mobile screenshot capture failed, capturing web screenshot...
âœ… Screenshot captured: /var/jenkins_home/workspace/Guruttava-E2E-Tests/results/Screenshot/Sanchalak_adds_local_event_and_Acharya/Super_Admin_Rejects_that_event__20260203_034215.png
===== Closing Gurutattva App =====
âš ï¸ Graceful termination failed, using force stop
âš ï¸ Mobile session close had issues
===== Gurutattva App Closed =====
ğŸ—‘ï¸ Cleared download directory: /var/jenkins_home/workspace/Guruttava-E2E-Tests/downloads
===== Test Teardown Completed =====
| FAIL |
NoSuchDriverException: Message: Unable to obtain driver for chrome; For documentation on this error, please visit: https://www.selenium.dev/documentation/webdriver/troubleshooting/errors/driver_location
------------------------------------------------------------------------------
Guruttava_Android_E2E_Tests.E2EEvents                                 | FAIL |
10 tests, 0 passed, 10 failed
==============================================================================
Guruttava_Android_E2E_Tests.E2EHindi                                          
==============================================================================
Test Mobile Language Change To Hindi :: Test case to change mobile... ===== Starting Test Setup =====
===== Test Setup Completed =====
===== Opening Gurutattva App =====
[ WARN ] Retrying (Retry(total=2, connect=None, read=None, redirect=None, status=None)) after connection broken by 'NewConnectionError('<urllib3.connection.HTTPConnection object at 0x7d772f75c490>: Failed to establish a new connection: [Errno 111] Connection refused')': /session
[ WARN ] Retrying (Retry(total=1, connect=None, read=None, redirect=None, status=None)) after connection broken by 'NewConnectionError('<urllib3.connection.HTTPConnection object at 0x7d772f75cf30>: Failed to establish a new connection: [Errno 111] Connection refused')': /session
[ WARN ] Retrying (Retry(total=0, connect=None, read=None, redirect=None, status=None)) after connection broken by 'NewConnectionError('<urllib3.connection.HTTPConnection object at 0x7d772f065150>: Failed to establish a new connection: [Errno 111] Connection refused')': /session
ğŸ”„ Starting language reversion to English...
ğŸ” Step 1: Clicking Profile icon from Home screen
ğŸ” Step 2: Clicking on Language setting (Hindi)
ğŸ” Step 3: Selecting English language
ğŸ” Step 4: Clicking Save button
â³ Waiting for language change to apply...
âœ… Language successfully reverted to English
â³ Waiting for language change to take effect...
âœ… Language change should be effective now
===== Starting Test Teardown =====
âœ… Mobile screenshot captured: /var/jenkins_home/workspace/Guruttava-E2E-Tests/results/Screenshot/Test_Mobile_Language_Change_To_Hindi_20260203_034249.png
âš ï¸ Mobile screenshot capture failed, capturing web screenshot...
âœ… Screenshot captured: /var/jenkins_home/workspace/Guruttava-E2E-Tests/results/Screenshot/Test_Mobile_Language_Change_To_Hindi_20260203_034249.png
===== Closing Gurutattva App =====
âš ï¸ Graceful termination failed, using force stop
âš ï¸ Mobile session close had issues
===== Gurutattva App Closed =====
ğŸ—‘ï¸ Cleared download directory: /var/jenkins_home/workspace/Guruttava-E2E-Tests/downloads
===== Test Teardown Completed =====
| FAIL |
MaxRetryError: HTTPConnectionPool(host='localhost', port=4723): Max retries exceeded with url: /session (Caused by NewConnectionError('<urllib3.connection.HTTPConnection object at 0x7d772f0679b0>: Failed to establish a new connection: [Errno 111] Connection refused'))
------------------------------------------------------------------------------
Guruttava_Android_E2E_Tests.E2EHindi                                  | FAIL |
1 test, 0 passed, 1 failed
==============================================================================
[ WARN ] Error in file '/var/jenkins_home/workspace/Guruttava-E2E-Tests/pages/E2ENamkaranPage.robot' on line 1306: The '[Return]' setting is deprecated. Use the 'RETURN' statement instead.
[ WARN ] Error in file '/var/jenkins_home/workspace/Guruttava-E2E-Tests/pages/E2ENamkaranPage.robot' on line 1313: The '[Return]' setting is deprecated. Use the 'RETURN' statement instead.
[ WARN ] Error in file '/var/jenkins_home/workspace/Guruttava-E2E-Tests/pages/E2ENamkaranPage.robot' on line 1356: The '[Return]' setting is deprecated. Use the 'RETURN' statement instead.
Guruttava_Android_E2E_Tests.E2ENamkaran                                       
==============================================================================
Verify user is able to add Bride Namkaran with NO Option on the mo... ===== Starting Test Setup =====
===== Test Setup Completed =====
===== Opening Gurutattva App =====
[ WARN ] Retrying (Retry(total=2, connect=None, read=None, redirect=None, status=None)) after connection broken by 'NewConnectionError('<urllib3.connection.HTTPConnection object at 0x7d772f75dae0>: Failed to establish a new connection: [Errno 111] Connection refused')': /session
[ WARN ] Retrying (Retry(total=1, connect=None, read=None, redirect=None, status=None)) after connection broken by 'NewConnectionError('<urllib3.connection.HTTPConnection object at 0x7d772f75c270>: Failed to establish a new connection: [Errno 111] Connection refused')': /session
[ WARN ] Retrying (Retry(total=0, connect=None, read=None, redirect=None, status=None)) after connection broken by 'NewConnectionError('<urllib3.connection.HTTPConnection object at 0x7d772f75d150>: Failed to establish a new connection: [Errno 111] Connection refused')': /session
===== Starting Test Teardown =====
âœ… Mobile screenshot captured: /var/jenkins_home/workspace/Guruttava-E2E-Tests/results/Screenshot/Verify_user_is_able_to_add_Bride_Namkaran_with_NO_Option_on_the_mobile_app_and_verify_the_details_in_CSM_20260203_034305.png
âš ï¸ Mobile screenshot capture failed, capturing web screenshot...
âœ… Screenshot captured: /var/jenkins_home/workspace/Guruttava-E2E-Tests/results/Screenshot/Verify_user_is_able_to_add_Bride_Namkaran_with_NO_Option_on_the_mobile_app_and_verify_the_details_in_CSM_20260203_034305.png
===== Closing Gurutattva App =====
âš ï¸ Graceful termination failed, using force stop
âš ï¸ Mobile session close had issues
===== Gurutattva App Closed =====
ğŸ—‘ï¸ Cleared download directory: /var/jenkins_home/workspace/Guruttava-E2E-Tests/downloads
===== Test Teardown Completed =====
| FAIL |
MaxRetryError: HTTPConnectionPool(host='localhost', port=4723): Max retries exceeded with url: /session (Caused by NewConnectionError('<urllib3.connection.HTTPConnection object at 0x7d772f065e10>: Failed to establish a new connection: [Errno 111] Connection refused'))
------------------------------------------------------------------------------
Verify user is able to add Business Namkaran with NO Option on the... ===== Starting Test Setup =====
===== Test Setup Completed =====
===== Opening Gurutattva App =====
[ WARN ] Retrying (Retry(total=2, connect=None, read=None, redirect=None, status=None)) after connection broken by 'NewConnectionError('<urllib3.connection.HTTPConnection object at 0x7d772f75cc00>: Failed to establish a new connection: [Errno 111] Connection refused')': /session
[ WARN ] Retrying (Retry(total=1, connect=None, read=None, redirect=None, status=None)) after connection broken by 'NewConnectionError('<urllib3.connection.HTTPConnection object at 0x7d772f75d480>: Failed to establish a new connection: [Errno 111] Connection refused')': /session
[ WARN ] Retrying (Retry(total=0, connect=None, read=None, redirect=None, status=None)) after connection broken by 'NewConnectionError('<urllib3.connection.HTTPConnection object at 0x7d772f75d6a0>: Failed to establish a new connection: [Errno 111] Connection refused')': /session
===== Starting Test Teardown =====
âœ… Mobile screenshot captured: /var/jenkins_home/workspace/Guruttava-E2E-Tests/results/Screenshot/Verify_user_is_able_to_add_Business_Namkaran_with_NO_Option_on_the_mobile_app_and_verify_the_details_in_CSM_20260203_034318.png
âš ï¸ Mobile screenshot capture failed, capturing web screenshot...
âœ… Screenshot captured: /var/jenkins_home/workspace/Guruttava-E2E-Tests/results/Screenshot/Verify_user_is_able_to_add_Business_Namkaran_with_NO_Option_on_the_mobile_app_and_verify_the_details_in_CSM_20260203_034318.png
===== Closing Gurutattva App =====
âš ï¸ Graceful termination failed, using force stop
âš ï¸ Mobile session close had issues
===== Gurutattva App Closed =====
ğŸ—‘ï¸ Cleared download directory: /var/jenkins_home/workspace/Guruttava-E2E-Tests/downloads
===== Test Teardown Completed =====
| FAIL |
MaxRetryError: HTTPConnectionPool(host='localhost', port=4723): Max retries exceeded with url: /session (Caused by NewConnectionError('<urllib3.connection.HTTPConnection object at 0x7d772f75d150>: Failed to establish a new connection: [Errno 111] Connection refused'))
------------------------------------------------------------------------------
Verify user is able to add House Namkaran with NO Option on the mo... ===== Starting Test Setup =====
===== Test Setup Completed =====
===== Opening Gurutattva App =====
[ WARN ] Retrying (Retry(total=2, connect=None, read=None, redirect=None, status=None)) after connection broken by 'NewConnectionError('<urllib3.connection.HTTPConnection object at 0x7d772f75dbf0>: Failed to establish a new connection: [Errno 111] Connection refused')': /session
[ WARN ] Retrying (Retry(total=1, connect=None, read=None, redirect=None, status=None)) after connection broken by 'NewConnectionError('<urllib3.connection.HTTPConnection object at 0x7d772f75cc00>: Failed to establish a new connection: [Errno 111] Connection refused')': /session
[ WARN ] Retrying (Retry(total=0, connect=None, read=None, redirect=None, status=None)) after connection broken by 'NewConnectionError('<urllib3.connection.HTTPConnection object at 0x7d772f75c5a0>: Failed to establish a new connection: [Errno 111] Connection refused')': /session
===== Starting Test Teardown =====
âœ… Mobile screenshot captured: /var/jenkins_home/workspace/Guruttava-E2E-Tests/results/Screenshot/Verify_user_is_able_to_add_House_Namkaran_with_NO_Option_on_the_mobile_app_and_verify_the_details_in_CSM_20260203_034330.png
âš ï¸ Mobile screenshot capture failed, capturing web screenshot...
âœ… Screenshot captured: /var/jenkins_home/workspace/Guruttava-E2E-Tests/results/Screenshot/Verify_user_is_able_to_add_House_Namkaran_with_NO_Option_on_the_mobile_app_and_verify_the_details_in_CSM_20260203_034330.png
===== Closing Gurutattva App =====
âš ï¸ Graceful termination failed, using force stop
âš ï¸ Mobile session close had issues
===== Gurutattva App Closed =====
ğŸ—‘ï¸ Cleared download directory: /var/jenkins_home/workspace/Guruttava-E2E-Tests/downloads
===== Test Teardown Completed =====
| FAIL |
MaxRetryError: HTTPConnectionPool(host='localhost', port=4723): Max retries exceeded with url: /session (Caused by NewConnectionError('<urllib3.connection.HTTPConnection object at 0x7d772f75d370>: Failed to establish a new connection: [Errno 111] Connection refused'))
------------------------------------------------------------------------------
Verify user is able to add Child Namkaran with NO Option on the mo... ===== Starting Test Setup =====
===== Test Setup Completed =====
===== Opening Gurutattva App =====
[ WARN ] Retrying (Retry(total=2, connect=None, read=None, redirect=None, status=None)) after connection broken by 'NewConnectionError('<urllib3.connection.HTTPConnection object at 0x7d772f75d260>: Failed to establish a new connection: [Errno 111] Connection refused')': /session
[ WARN ] Retrying (Retry(total=1, connect=None, read=None, redirect=None, status=None)) after connection broken by 'NewConnectionError('<urllib3.connection.HTTPConnection object at 0x7d772f75dbf0>: Failed to establish a new connection: [Errno 111] Connection refused')': /session
[ WARN ] Retrying (Retry(total=0, connect=None, read=None, redirect=None, status=None)) after connection broken by 'NewConnectionError('<urllib3.connection.HTTPConnection object at 0x7d772f75ce20>: Failed to establish a new connection: [Errno 111] Connection refused')': /session
===== Starting Test Teardown =====
âœ… Mobile screenshot captured: /var/jenkins_home/workspace/Guruttava-E2E-Tests/results/Screenshot/Verify_user_is_able_to_add_Child_Namkaran_with_NO_Option_on_the_mobile_app_and_verify_the_details_in_CSM_20260203_034343.png
âš ï¸ Mobile screenshot capture failed, capturing web screenshot...
âœ… Screenshot captured: /var/jenkins_home/workspace/Guruttava-E2E-Tests/results/Screenshot/Verify_user_is_able_to_add_Child_Namkaran_with_NO_Option_on_the_mobile_app_and_verify_the_details_in_CSM_20260203_034343.png
===== Closing Gurutattva App =====
âš ï¸ Graceful termination failed, using force stop
âš ï¸ Mobile session close had issues
===== Gurutattva App Closed =====
ğŸ—‘ï¸ Cleared download directory: /var/jenkins_home/workspace/Guruttava-E2E-Tests/downloads
===== Test Teardown Completed =====
| FAIL |
MaxRetryError: HTTPConnectionPool(host='localhost', port=4723): Max retries exceeded with url: /session (Caused by NewConnectionError('<urllib3.connection.HTTPConnection object at 0x7d772f75c9e0>: Failed to establish a new connection: [Errno 111] Connection refused'))
------------------------------------------------------------------------------
Verify user is able to add Bride Namkaran with YES Option on the m... ===== Starting Test Setup =====
===== Test Setup Completed =====
===== Opening Gurutattva App =====
[ WARN ] Retrying (Retry(total=2, connect=None, read=None, redirect=None, status=None)) after connection broken by 'NewConnectionError('<urllib3.connection.HTTPConnection object at 0x7d772f75c6b0>: Failed to establish a new connection: [Errno 111] Connection refused')': /session
[ WARN ] Retrying (Retry(total=1, connect=None, read=None, redirect=None, status=None)) after connection broken by 'NewConnectionError('<urllib3.connection.HTTPConnection object at 0x7d772f75d260>: Failed to establish a new connection: [Errno 111] Connection refused')': /session
[ WARN ] Retrying (Retry(total=0, connect=None, read=None, redirect=None, status=None)) after connection broken by 'NewConnectionError('<urllib3.connection.HTTPConnection object at 0x7d772f75dae0>: Failed to establish a new connection: [Errno 111] Connection refused')': /session
===== Starting Test Teardown =====
âœ… Mobile screenshot captured: /var/jenkins_home/workspace/Guruttava-E2E-Tests/results/Screenshot/Verify_user_is_able_to_add_Bride_Namkaran_with_YES_Option_on_the_mobile_app_and_verify_the_details_in_CSM_20260203_034356.png
âš ï¸ Mobile screenshot capture failed, capturing web screenshot...
âœ… Screenshot captured: /var/jenkins_home/workspace/Guruttava-E2E-Tests/results/Screenshot/Verify_user_is_able_to_add_Bride_Namkaran_with_YES_Option_on_the_mobile_app_and_verify_the_details_in_CSM_20260203_034356.png
===== Closing Gurutattva App =====
âš ï¸ Graceful termination failed, using force stop
âš ï¸ Mobile session close had issues
===== Gurutattva App Closed =====
ğŸ—‘ï¸ Cleared download directory: /var/jenkins_home/workspace/Guruttava-E2E-Tests/downloads
===== Test Teardown Completed =====
| FAIL |
MaxRetryError: HTTPConnectionPool(host='localhost', port=4723): Max retries exceeded with url: /session (Caused by NewConnectionError('<urllib3.connection.HTTPConnection object at 0x7d772f75cf30>: Failed to establish a new connection: [Errno 111] Connection refused'))
------------------------------------------------------------------------------
Verify user is able to add Business Namkaran with YES Option on th... ===== Starting Test Setup =====
===== Test Setup Completed =====
===== Opening Gurutattva App =====
[ WARN ] Retrying (Retry(total=2, connect=None, read=None, redirect=None, status=None)) after connection broken by 'NewConnectionError('<urllib3.connection.HTTPConnection object at 0x7d772f75c5a0>: Failed to establish a new connection: [Errno 111] Connection refused')': /session
[ WARN ] Retrying (Retry(total=1, connect=None, read=None, redirect=None, status=None)) after connection broken by 'NewConnectionError('<urllib3.connection.HTTPConnection object at 0x7d772f75c270>: Failed to establish a new connection: [Errno 111] Connection refused')': /session
[ WARN ] Retrying (Retry(total=0, connect=None, read=None, redirect=None, status=None)) after connection broken by 'NewConnectionError('<urllib3.connection.HTTPConnection object at 0x7d772f75ce20>: Failed to establish a new connection: [Errno 111] Connection refused')': /session
===== Starting Test Teardown =====
âœ… Mobile screenshot captured: /var/jenkins_home/workspace/Guruttava-E2E-Tests/results/Screenshot/Verify_user_is_able_to_add_Business_Namkaran_with_YES_Option_on_the_mobile_app_and_verify_the_details_in_CSM_20260203_034409.png
âš ï¸ Mobile screenshot capture failed, capturing web screenshot...
âœ… Screenshot captured: /var/jenkins_home/workspace/Guruttava-E2E-Tests/results/Screenshot/Verify_user_is_able_to_add_Business_Namkaran_with_YES_Option_on_the_mobile_app_and_verify_the_details_in_CSM_20260203_034409.png
===== Closing Gurutattva App =====
âš ï¸ Graceful termination failed, using force stop
âš ï¸ Mobile session close had issues
===== Gurutattva App Closed =====
ğŸ—‘ï¸ Cleared download directory: /var/jenkins_home/workspace/Guruttava-E2E-Tests/downloads
===== Test Teardown Completed =====
| FAIL |
MaxRetryError: HTTPConnectionPool(host='localhost', port=4723): Max retries exceeded with url: /session (Caused by NewConnectionError('<urllib3.connection.HTTPConnection object at 0x7d772f75d590>: Failed to establish a new connection: [Errno 111] Connection refused'))
------------------------------------------------------------------------------
Verify user is able to add House Namkaran with YES Option on the m... ===== Starting Test Setup =====
===== Test Setup Completed =====
===== Opening Gurutattva App =====
[ WARN ] Retrying (Retry(total=2, connect=None, read=None, redirect=None, status=None)) after connection broken by 'NewConnectionError('<urllib3.connection.HTTPConnection object at 0x7d772f95b460>: Failed to establish a new connection: [Errno 111] Connection refused')': /session
[ WARN ] Retrying (Retry(total=1, connect=None, read=None, redirect=None, status=None)) after connection broken by 'NewConnectionError('<urllib3.connection.HTTPConnection object at 0x7d772f95bac0>: Failed to establish a new connection: [Errno 111] Connection refused')': /session
[ WARN ] Retrying (Retry(total=0, connect=None, read=None, redirect=None, status=None)) after connection broken by 'NewConnectionError('<urllib3.connection.HTTPConnection object at 0x7d772f75c6b0>: Failed to establish a new connection: [Errno 111] Connection refused')': /session
===== Starting Test Teardown =====
âœ… Mobile screenshot captured: /var/jenkins_home/workspace/Guruttava-E2E-Tests/results/Screenshot/Verify_user_is_able_to_add_House_Namkaran_with_YES_Option_on_the_mobile_app_and_verify_the_details_in_CSM_20260203_034421.png
âš ï¸ Mobile screenshot capture failed, capturing web screenshot...
âœ… Screenshot captured: /var/jenkins_home/workspace/Guruttava-E2E-Tests/results/Screenshot/Verify_user_is_able_to_add_House_Namkaran_with_YES_Option_on_the_mobile_app_and_verify_the_details_in_CSM_20260203_034421.png
===== Closing Gurutattva App =====
âš ï¸ Graceful termination failed, using force stop
âš ï¸ Mobile session close had issues
===== Gurutattva App Closed =====
ğŸ—‘ï¸ Cleared download directory: /var/jenkins_home/workspace/Guruttava-E2E-Tests/downloads
===== Test Teardown Completed =====
| FAIL |
MaxRetryError: HTTPConnectionPool(host='localhost', port=4723): Max retries exceeded with url: /session (Caused by NewConnectionError('<urllib3.connection.HTTPConnection object at 0x7d772f75d150>: Failed to establish a new connection: [Errno 111] Connection refused'))
------------------------------------------------------------------------------
Verify user is able to add Child Namkaran with YES Option on the m... ===== Starting Test Setup =====
===== Test Setup Completed =====
===== Opening Gurutattva App =====
[ WARN ] Retrying (Retry(total=2, connect=None, read=None, redirect=None, status=None)) after connection broken by 'NewConnectionError('<urllib3.connection.HTTPConnection object at 0x7d772f75c490>: Failed to establish a new connection: [Errno 111] Connection refused')': /session
[ WARN ] Retrying (Retry(total=1, connect=None, read=None, redirect=None, status=None)) after connection broken by 'NewConnectionError('<urllib3.connection.HTTPConnection object at 0x7d772f75c9e0>: Failed to establish a new connection: [Errno 111] Connection refused')': /session
[ WARN ] Retrying (Retry(total=0, connect=None, read=None, redirect=None, status=None)) after connection broken by 'NewConnectionError('<urllib3.connection.HTTPConnection object at 0x7d772f75d6a0>: Failed to establish a new connection: [Errno 111] Connection refused')': /session
===== Starting Test Teardown =====
âœ… Mobile screenshot captured: /var/jenkins_home/workspace/Guruttava-E2E-Tests/results/Screenshot/Verify_user_is_able_to_add_Child_Namkaran_with_YES_Option_on_the_mobile_app_and_verify_the_details_in_CSM_20260203_034434.png
âš ï¸ Mobile screenshot capture failed, capturing web screenshot...
âœ… Screenshot captured: /var/jenkins_home/workspace/Guruttava-E2E-Tests/results/Screenshot/Verify_user_is_able_to_add_Child_Namkaran_with_YES_Option_on_the_mobile_app_and_verify_the_details_in_CSM_20260203_034434.png
===== Closing Gurutattva App =====
âš ï¸ Graceful termination failed, using force stop
âš ï¸ Mobile session close had issues
===== Gurutattva App Closed =====
ğŸ—‘ï¸ Cleared download directory: /var/jenkins_home/workspace/Guruttava-E2E-Tests/downloads
===== Test Teardown Completed =====
| FAIL |
MaxRetryError: HTTPConnectionPool(host='localhost', port=4723): Max retries exceeded with url: /session (Caused by NewConnectionError('<urllib3.connection.HTTPConnection object at 0x7d772f75d370>: Failed to establish a new connection: [Errno 111] Connection refused'))
------------------------------------------------------------------------------
Verify that admin user is able to approve Bride Namkaran in CMS an... ===== Starting Test Setup =====
===== Test Setup Completed =====
===== Opening Gurutattva App =====
[ WARN ] Retrying (Retry(total=2, connect=None, read=None, redirect=None, status=None)) after connection broken by 'NewConnectionError('<urllib3.connection.HTTPConnection object at 0x7d772f95b8a0>: Failed to establish a new connection: [Errno 111] Connection refused')': /session
[ WARN ] Retrying (Retry(total=1, connect=None, read=None, redirect=None, status=None)) after connection broken by 'NewConnectionError('<urllib3.connection.HTTPConnection object at 0x7d772f959590>: Failed to establish a new connection: [Errno 111] Connection refused')': /session
[ WARN ] Retrying (Retry(total=0, connect=None, read=None, redirect=None, status=None)) after connection broken by 'NewConnectionError('<urllib3.connection.HTTPConnection object at 0x7d772f75cf30>: Failed to establish a new connection: [Errno 111] Connection refused')': /session
===== Starting Test Teardown =====
âœ… Mobile screenshot captured: /var/jenkins_home/workspace/Guruttava-E2E-Tests/results/Screenshot/Verify_that_admin_user_is_able_to_approve_Bride_Namkaran_in_CMS_and_verify_the_details_on_mobile_app_20260203_034447.png
âš ï¸ Mobile screenshot capture failed, capturing web screenshot...
âœ… Screenshot captured: /var/jenkins_home/workspace/Guruttava-E2E-Tests/results/Screenshot/Verify_that_admin_user_is_able_to_approve_Bride_Namkaran_in_CMS_and_verify_the_details_on_mobile_app_20260203_034447.png
===== Closing Gurutattva App =====
âš ï¸ Graceful termination failed, using force stop
âš ï¸ Mobile session close had issues
===== Gurutattva App Closed =====
ğŸ—‘ï¸ Cleared download directory: /var/jenkins_home/workspace/Guruttava-E2E-Tests/downloads
===== Test Teardown Completed =====
| FAIL |
MaxRetryError: HTTPConnectionPool(host='localhost', port=4723): Max retries exceeded with url: /session (Caused by NewConnectionError('<urllib3.connection.HTTPConnection object at 0x7d772f75c9e0>: Failed to establish a new connection: [Errno 111] Connection refused'))
------------------------------------------------------------------------------
Verify that admin user is able to approve Business Namkaran in CMS... ===== Starting Test Setup =====
===== Test Setup Completed =====
===== Opening Gurutattva App =====
[ WARN ] Retrying (Retry(total=2, connect=None, read=None, redirect=None, status=None)) after connection broken by 'NewConnectionError('<urllib3.connection.HTTPConnection object at 0x7d772f9598c0>: Failed to establish a new connection: [Errno 111] Connection refused')': /session
[ WARN ] Retrying (Retry(total=1, connect=None, read=None, redirect=None, status=None)) after connection broken by 'NewConnectionError('<urllib3.connection.HTTPConnection object at 0x7d772f95bac0>: Failed to establish a new connection: [Errno 111] Connection refused')': /session
[ WARN ] Retrying (Retry(total=0, connect=None, read=None, redirect=None, status=None)) after connection broken by 'NewConnectionError('<urllib3.connection.HTTPConnection object at 0x7d772f959260>: Failed to establish a new connection: [Errno 111] Connection refused')': /session
===== Starting Test Teardown =====
âœ… Mobile screenshot captured: /var/jenkins_home/workspace/Guruttava-E2E-Tests/results/Screenshot/Verify_that_admin_user_is_able_to_approve_Business_Namkaran_in_CMS_and_verify_the_details_on_mobile_app_20260203_034459.png
âš ï¸ Mobile screenshot capture failed, capturing web screenshot...
âœ… Screenshot captured: /var/jenkins_home/workspace/Guruttava-E2E-Tests/results/Screenshot/Verify_that_admin_user_is_able_to_approve_Business_Namkaran_in_CMS_and_verify_the_details_on_mobile_app_20260203_034459.png
===== Closing Gurutattva App =====
âš ï¸ Graceful termination failed, using force stop
âš ï¸ Mobile session close had issues
===== Gurutattva App Closed =====
ğŸ—‘ï¸ Cleared download directory: /var/jenkins_home/workspace/Guruttava-E2E-Tests/downloads
===== Test Teardown Completed =====
| FAIL |
MaxRetryError: HTTPConnectionPool(host='localhost', port=4723): Max retries exceeded with url: /session (Caused by NewConnectionError('<urllib3.connection.HTTPConnection object at 0x7d772f959480>: Failed to establish a new connection: [Errno 111] Connection refused'))
------------------------------------------------------------------------------
Verify that admin user is able to approve House Namkaran in CMS an... ===== Starting Test Setup =====
===== Test Setup Completed =====
===== Opening Gurutattva App =====
[ WARN ] Retrying (Retry(total=2, connect=None, read=None, redirect=None, status=None)) after connection broken by 'NewConnectionError('<urllib3.connection.HTTPConnection object at 0x7d772f065150>: Failed to establish a new connection: [Errno 111] Connection refused')': /session
[ WARN ] Retrying (Retry(total=1, connect=None, read=None, redirect=None, status=None)) after connection broken by 'NewConnectionError('<urllib3.connection.HTTPConnection object at 0x7d772f0646b0>: Failed to establish a new connection: [Errno 111] Connection refused')': /session
[ WARN ] Retrying (Retry(total=0, connect=None, read=None, redirect=None, status=None)) after connection broken by 'NewConnectionError('<urllib3.connection.HTTPConnection object at 0x7d772f065d00>: Failed to establish a new connection: [Errno 111] Connection refused')': /session
===== Starting Test Teardown =====
âœ… Mobile screenshot captured: /var/jenkins_home/workspace/Guruttava-E2E-Tests/results/Screenshot/Verify_that_admin_user_is_able_to_approve_House_Namkaran_in_CMS_and_verify_the_details_on_mobile_app_20260203_034512.png
âš ï¸ Mobile screenshot capture failed, capturing web screenshot...
âœ… Screenshot captured: /var/jenkins_home/workspace/Guruttava-E2E-Tests/results/Screenshot/Verify_that_admin_user_is_able_to_approve_House_Namkaran_in_CMS_and_verify_the_details_on_mobile_app_20260203_034512.png
===== Closing Gurutattva App =====
âš ï¸ Graceful termination failed, using force stop
âš ï¸ Mobile session close had issues
===== Gurutattva App Closed =====
ğŸ—‘ï¸ Cleared download directory: /var/jenkins_home/workspace/Guruttava-E2E-Tests/downloads
===== Test Teardown Completed =====
| FAIL |
MaxRetryError: HTTPConnectionPool(host='localhost', port=4723): Max retries exceeded with url: /session (Caused by NewConnectionError('<urllib3.connection.HTTPConnection object at 0x7d772f0658c0>: Failed to establish a new connection: [Errno 111] Connection refused'))
------------------------------------------------------------------------------
Verify that admin user is able to approve Child Namkaran in CMS an... ===== Starting Test Setup =====
===== Test Setup Completed =====
===== Opening Gurutattva App =====
[ WARN ] Retrying (Retry(total=2, connect=None, read=None, redirect=None, status=None)) after connection broken by 'NewConnectionError('<urllib3.connection.HTTPConnection object at 0x7d772f75c6b0>: Failed to establish a new connection: [Errno 111] Connection refused')': /session
[ WARN ] Retrying (Retry(total=1, connect=None, read=None, redirect=None, status=None)) after connection broken by 'NewConnectionError('<urllib3.connection.HTTPConnection object at 0x7d772f75d8c0>: Failed to establish a new connection: [Errno 111] Connection refused')': /session
[ WARN ] Retrying (Retry(total=0, connect=None, read=None, redirect=None, status=None)) after connection broken by 'NewConnectionError('<urllib3.connection.HTTPConnection object at 0x7d772f75d260>: Failed to establish a new connection: [Errno 111] Connection refused')': /session
===== Starting Test Teardown =====
âœ… Mobile screenshot captured: /var/jenkins_home/workspace/Guruttava-E2E-Tests/results/Screenshot/Verify_that_admin_user_is_able_to_approve_Child_Namkaran_in_CMS_and_verify_the_details_on_mobile_app_20260203_034525.png
âš ï¸ Mobile screenshot capture failed, capturing web screenshot...
âœ… Screenshot captured: /var/jenkins_home/workspace/Guruttava-E2E-Tests/results/Screenshot/Verify_that_admin_user_is_able_to_approve_Child_Namkaran_in_CMS_and_verify_the_details_on_mobile_app_20260203_034525.png
===== Closing Gurutattva App =====
âš ï¸ Graceful termination failed, using force stop
âš ï¸ Mobile session close had issues
===== Gurutattva App Closed =====
ğŸ—‘ï¸ Cleared download directory: /var/jenkins_home/workspace/Guruttava-E2E-Tests/downloads
===== Test Teardown Completed =====
| FAIL |
MaxRetryError: HTTPConnectionPool(host='localhost', port=4723): Max retries exceeded with url: /session (Caused by NewConnectionError('<urllib3.connection.HTTPConnection object at 0x7d772f75ce20>: Failed to establish a new connection: [Errno 111] Connection refused'))
------------------------------------------------------------------------------
Verify that admin user is able to reject Bride Namkaran in CMS and... ===== Starting Test Setup =====
===== Test Setup Completed =====
===== Opening Gurutattva App =====
[ WARN ] Retrying (Retry(total=2, connect=None, read=None, redirect=None, status=None)) after connection broken by 'NewConnectionError('<urllib3.connection.HTTPConnection object at 0x7d772f0656a0>: Failed to establish a new connection: [Errno 111] Connection refused')': /session
[ WARN ] Retrying (Retry(total=1, connect=None, read=None, redirect=None, status=None)) after connection broken by 'NewConnectionError('<urllib3.connection.HTTPConnection object at 0x7d772f065f20>: Failed to establish a new connection: [Errno 111] Connection refused')': /session
[ WARN ] Retrying (Retry(total=0, connect=None, read=None, redirect=None, status=None)) after connection broken by 'NewConnectionError('<urllib3.connection.HTTPConnection object at 0x7d772f064e20>: Failed to establish a new connection: [Errno 111] Connection refused')': /session
===== Starting Test Teardown =====
âœ… Mobile screenshot captured: /var/jenkins_home/workspace/Guruttava-E2E-Tests/results/Screenshot/Verify_that_admin_user_is_able_to_reject_Bride_Namkaran_in_CMS_and_verify_the_details_on_mobile_app_20260203_034537.png
âš ï¸ Mobile screenshot capture failed, capturing web screenshot...
âœ… Screenshot captured: /var/jenkins_home/workspace/Guruttava-E2E-Tests/results/Screenshot/Verify_that_admin_user_is_able_to_reject_Bride_Namkaran_in_CMS_and_verify_the_details_on_mobile_app_20260203_034537.png
===== Closing Gurutattva App =====
âš ï¸ Graceful termination failed, using force stop
âš ï¸ Mobile session close had issues
===== Gurutattva App Closed =====
ğŸ—‘ï¸ Cleared download directory: /var/jenkins_home/workspace/Guruttava-E2E-Tests/downloads
===== Test Teardown Completed =====
| FAIL |
MaxRetryError: HTTPConnectionPool(host='localhost', port=4723): Max retries exceeded with url: /session (Caused by NewConnectionError('<urllib3.connection.HTTPConnection object at 0x7d772f066030>: Failed to establish a new connection: [Errno 111] Connection refused'))
------------------------------------------------------------------------------
Verify that admin user is able to reject Business Namkaran in CMS ... ===== Starting Test Setup =====
===== Test Setup Completed =====
===== Opening Gurutattva App =====
[ WARN ] Retrying (Retry(total=2, connect=None, read=None, redirect=None, status=None)) after connection broken by 'NewConnectionError('<urllib3.connection.HTTPConnection object at 0x7d772e9e8490>: Failed to establish a new connection: [Errno 111] Connection refused')': /session
[ WARN ] Retrying (Retry(total=1, connect=None, read=None, redirect=None, status=None)) after connection broken by 'NewConnectionError('<urllib3.connection.HTTPConnection object at 0x7d772e9e86b0>: Failed to establish a new connection: [Errno 111] Connection refused')': /session
[ WARN ] Retrying (Retry(total=0, connect=None, read=None, redirect=None, status=None)) after connection broken by 'NewConnectionError('<urllib3.connection.HTTPConnection object at 0x7d772e9e88d0>: Failed to establish a new connection: [Errno 111] Connection refused')': /session
===== Starting Test Teardown =====
âœ… Mobile screenshot captured: /var/jenkins_home/workspace/Guruttava-E2E-Tests/results/Screenshot/Verify_that_admin_user_is_able_to_reject_Business_Namkaran_in_CMS_and_verify_the_details_on_mobile_app_20260203_034550.png
âš ï¸ Mobile screenshot capture failed, capturing web screenshot...
âœ… Screenshot captured: /var/jenkins_home/workspace/Guruttava-E2E-Tests/results/Screenshot/Verify_that_admin_user_is_able_to_reject_Business_Namkaran_in_CMS_and_verify_the_details_on_mobile_app_20260203_034550.png
===== Closing Gurutattva App =====
âš ï¸ Graceful termination failed, using force stop
âš ï¸ Mobile session close had issues
===== Gurutattva App Closed =====
ğŸ—‘ï¸ Cleared download directory: /var/jenkins_home/workspace/Guruttava-E2E-Tests/downloads
===== Test Teardown Completed =====
| FAIL |
MaxRetryError: HTTPConnectionPool(host='localhost', port=4723): Max retries exceeded with url: /session (Caused by NewConnectionError('<urllib3.connection.HTTPConnection object at 0x7d772e9e8af0>: Failed to establish a new connection: [Errno 111] Connection refused'))
------------------------------------------------------------------------------
Verify that admin user is able to reject House Namkaran in CMS and... ===== Starting Test Setup =====
===== Test Setup Completed =====
===== Opening Gurutattva App =====
[ WARN ] Retrying (Retry(total=2, connect=None, read=None, redirect=None, status=None)) after connection broken by 'NewConnectionError('<urllib3.connection.HTTPConnection object at 0x7d772e9ea250>: Failed to establish a new connection: [Errno 111] Connection refused')': /session
[ WARN ] Retrying (Retry(total=1, connect=None, read=None, redirect=None, status=None)) after connection broken by 'NewConnectionError('<urllib3.connection.HTTPConnection object at 0x7d772e9ea470>: Failed to establish a new connection: [Errno 111] Connection refused')': /session
[ WARN ] Retrying (Retry(total=0, connect=None, read=None, redirect=None, status=None)) after connection broken by 'NewConnectionError('<urllib3.connection.HTTPConnection object at 0x7d772e9ea690>: Failed to establish a new connection: [Errno 111] Connection refused')': /session
===== Starting Test Teardown =====
âœ… Mobile screenshot captured: /var/jenkins_home/workspace/Guruttava-E2E-Tests/results/Screenshot/Verify_that_admin_user_is_able_to_reject_House_Namkaran_in_CMS_and_verify_the_details_on_mobile_app_20260203_034602.png
âš ï¸ Mobile screenshot capture failed, capturing web screenshot...
âœ… Screenshot captured: /var/jenkins_home/workspace/Guruttava-E2E-Tests/results/Screenshot/Verify_that_admin_user_is_able_to_reject_House_Namkaran_in_CMS_and_verify_the_details_on_mobile_app_20260203_034602.png
===== Closing Gurutattva App =====
âš ï¸ Graceful termination failed, using force stop
âš ï¸ Mobile session close had issues
===== Gurutattva App Closed =====
ğŸ—‘ï¸ Cleared download directory: /var/jenkins_home/workspace/Guruttava-E2E-Tests/downloads
===== Test Teardown Completed =====
| FAIL |
MaxRetryError: HTTPConnectionPool(host='localhost', port=4723): Max retries exceeded with url: /session (Caused by NewConnectionError('<urllib3.connection.HTTPConnection object at 0x7d772e9ea8b0>: Failed to establish a new connection: [Errno 111] Connection refused'))
------------------------------------------------------------------------------
Verify that admin user is able to reject Child Namkaran in CMS and... ===== Starting Test Setup =====
===== Test Setup Completed =====
===== Opening Gurutattva App =====
[ WARN ] Retrying (Retry(total=2, connect=None, read=None, redirect=None, status=None)) after connection broken by 'NewConnectionError('<urllib3.connection.HTTPConnection object at 0x7d772f0659d0>: Failed to establish a new connection: [Errno 111] Connection refused')': /session
[ WARN ] Retrying (Retry(total=1, connect=None, read=None, redirect=None, status=None)) after connection broken by 'NewConnectionError('<urllib3.connection.HTTPConnection object at 0x7d772f0647c0>: Failed to establish a new connection: [Errno 111] Connection refused')': /session
[ WARN ] Retrying (Retry(total=0, connect=None, read=None, redirect=None, status=None)) after connection broken by 'NewConnectionError('<urllib3.connection.HTTPConnection object at 0x7d772f0678a0>: Failed to establish a new connection: [Errno 111] Connection refused')': /session
===== Starting Test Teardown =====
âœ… Mobile screenshot captured: /var/jenkins_home/workspace/Guruttava-E2E-Tests/results/Screenshot/Verify_that_admin_user_is_able_to_reject_Child_Namkaran_in_CMS_and_verify_the_details_on_mobile_app_20260203_034615.png
âš ï¸ Mobile screenshot capture failed, capturing web screenshot...
âœ… Screenshot captured: /var/jenkins_home/workspace/Guruttava-E2E-Tests/results/Screenshot/Verify_that_admin_user_is_able_to_reject_Child_Namkaran_in_CMS_and_verify_the_details_on_mobile_app_20260203_034615.png
===== Closing Gurutattva App =====
âš ï¸ Graceful termination failed, using force stop
âš ï¸ Mobile session close had issues
===== Gurutattva App Closed =====
ğŸ—‘ï¸ Cleared download directory: /var/jenkins_home/workspace/Guruttava-E2E-Tests/downloads
===== Test Teardown Completed =====
| FAIL |
MaxRetryError: HTTPConnectionPool(host='localhost', port=4723): Max retries exceeded with url: /session (Caused by NewConnectionError('<urllib3.connection.HTTPConnection object at 0x7d772f066e00>: Failed to establish a new connection: [Errno 111] Connection refused'))
------------------------------------------------------------------------------
Guruttava_Android_E2E_Tests.E2ENamkaran                               | FAIL |
16 tests, 0 passed, 16 failed
==============================================================================
Guruttava_Android_E2E_Tests.E2ENews                                           
==============================================================================
Verify the image upload validation in CMS                             ===== Starting Test Setup =====
===== Test Setup Completed =====
ğŸ¯ Generated E2E English News Test Data:
ğŸ¯ Title: E2E English News Title 2174
ğŸ¯ Description: E2E English News Description 2174
ğŸ¯ Content: E2E English News Content 2174. This is a test news content generated for automation testing purposes.
ğŸŒ Opening web browser: chrome
ğŸ”— Navigating to: https://gurutattvacmsnewdev.rysun.in:9090/
[ WARN ] There was an error managing chrome; using browser found in the cache
===== Starting Test Teardown =====
âœ… Mobile screenshot captured: /var/jenkins_home/workspace/Guruttava-E2E-Tests/results/Screenshot/Verify_the_image_upload_validation_in_CMS_20260203_035021.png
âš ï¸ Mobile screenshot capture failed, capturing web screenshot...
âœ… Screenshot captured: /var/jenkins_home/workspace/Guruttava-E2E-Tests/results/Screenshot/Verify_the_image_upload_validation_in_CMS_20260203_035021.png
===== Closing Gurutattva App =====
âš ï¸ Graceful termination failed, using force stop
âš ï¸ Mobile session close had issues
===== Gurutattva App Closed =====
ğŸ—‘ï¸ Cleared download directory: /var/jenkins_home/workspace/Guruttava-E2E-Tests/downloads
===== Test Teardown Completed =====
| FAIL |
NoSuchDriverException: Message: Unable to obtain driver for chrome; For documentation on this error, please visit: https://www.selenium.dev/documentation/webdriver/troubleshooting/errors/driver_location
------------------------------------------------------------------------------
Verify that the user is able to add a English news, publish it in ... ===== Starting Test Setup =====
===== Test Setup Completed =====
ğŸ¯ Generated E2E English News Test Data:
ğŸ¯ Title: E2E English News Title 7504
ğŸ¯ Description: E2E English News Description 7504
ğŸ¯ Content: E2E English News Content 7504. This is a test news content generated for automation testing purposes.
ğŸŒ Opening web browser: chrome
ğŸ”— Navigating to: https://gurutattvacmsnewdev.rysun.in:9090/
[ WARN ] There was an error managing chrome; using browser found in the cache
===== Starting Test Teardown =====
âœ… Mobile screenshot captured: /var/jenkins_home/workspace/Guruttava-E2E-Tests/results/Screenshot/Verify_that_the_user_is_able_to_add_a_English_news,_publish_it_in_the_CMS,_and_verify_the_english_news_details_on_the_mobile_app_20260203_035044.png
âš ï¸ Mobile screenshot capture failed, capturing web screenshot...
âœ… Screenshot captured: /var/jenkins_home/workspace/Guruttava-E2E-Tests/results/Screenshot/Verify_that_the_user_is_able_to_add_a_English_news,_publish_it_in_the_CMS,_and_verify_the_english_news_details_on_the_mobile_app_20260203_035044.png
===== Closing Gurutattva App =====
âš ï¸ Graceful termination failed, using force stop
âš ï¸ Mobile session close had issues
===== Gurutattva App Closed =====
ğŸ—‘ï¸ Cleared download directory: /var/jenkins_home/workspace/Guruttava-E2E-Tests/downloads
===== Test Teardown Completed =====
| FAIL |
NoSuchDriverException: Message: Unable to obtain driver for chrome; For documentation on this error, please visit: https://www.selenium.dev/documentation/webdriver/troubleshooting/errors/driver_location
------------------------------------------------------------------------------
Verify that the user is able to add a Hindi news, publish it in th... ===== Starting Test Setup =====
===== Test Setup Completed =====
ğŸ¯ Generated E2E Hindi News Test Data:
ğŸ¯ Title: E2E à¤¹à¤¿à¤‚à¤¦à¥€ à¤¸à¤®à¤¾à¤šà¤¾à¤° à¤¶à¥€à¤°à¥à¤·à¤• 1662
ğŸ¯ Description: E2E à¤¹à¤¿à¤‚à¤¦à¥€ à¤¸à¤®à¤¾à¤šà¤¾à¤° à¤µà¤¿à¤µà¤°à¤£ 1662
ğŸ¯ Content: E2E à¤¹à¤¿à¤‚à¤¦à¥€ à¤¸à¤®à¤¾à¤šà¤¾à¤° à¤¸à¤¾à¤®à¤—à¥à¤°à¥€ 1662. à¤¯à¤¹ à¤¸à¥à¤µà¤šà¤¾à¤²à¤¨ à¤ªà¤°à¥€à¤•à¥à¤·à¤£ à¤•à¥‡ à¤²à¤¿à¤ à¤‰à¤¤à¥à¤ªà¤¨à¥à¤¨ à¤•à¤¿à¤¯à¤¾ à¤—à¤¯à¤¾ à¤à¤• à¤ªà¤°à¥€à¤•à¥à¤·à¤£ à¤¸à¤®à¤¾à¤šà¤¾à¤° à¤¸à¤¾à¤®à¤—à¥à¤°à¥€ à¤¹à¥ˆà¥¤
ğŸŒ Opening web browser: chrome
ğŸ”— Navigating to: https://gurutattvacmsnewdev.rysun.in:9090/
[ WARN ] There was an error managing chrome; using browser found in the cache
ğŸ”„ TC02 Teardown: Force reverting language to English...
ğŸ“± Step 1: Clicking Home to make Profile tab visible
âš ï¸ Could not find Home icon - continuing anyway
ğŸ“± Step 2: Clicking Profile tab
âš ï¸ Could not find Profile tab - trying xpath position
ğŸ“± Step 3: Navigating to Language settings
â³ Waiting for language change to persist...
âœ… Language revert sequence completed
ğŸ”„ TC02 Teardown completed - Normal teardown will close app
| FAIL |
NoSuchDriverException: Message: Unable to obtain driver for chrome; For documentation on this error, please visit: https://www.selenium.dev/documentation/webdriver/troubleshooting/errors/driver_location
------------------------------------------------------------------------------
Test Unpublish News from CMS and Verify in Mobile App :: Unpublish... ===== Starting Test Setup =====
===== Test Setup Completed =====
ğŸ¯ Generated E2E English News Test Data:
ğŸ¯ Title: E2E English News Title 8773
ğŸ¯ Description: E2E English News Description 8773
ğŸ¯ Content: E2E English News Content 8773. This is a test news content generated for automation testing purposes.
ğŸŒ Opening web browser: chrome
ğŸ”— Navigating to: https://gurutattvacmsnewdev.rysun.in:9090/
[ WARN ] There was an error managing chrome; using browser found in the cache
===== Starting Test Teardown =====
âœ… Mobile screenshot captured: /var/jenkins_home/workspace/Guruttava-E2E-Tests/results/Screenshot/Test_Unpublish_News_from_CMS_and_Verify_in_Mobile_App_20260203_035151.png
âš ï¸ Mobile screenshot capture failed, capturing web screenshot...
âœ… Screenshot captured: /var/jenkins_home/workspace/Guruttava-E2E-Tests/results/Screenshot/Test_Unpublish_News_from_CMS_and_Verify_in_Mobile_App_20260203_035151.png
===== Closing Gurutattva App =====
âš ï¸ Graceful termination failed, using force stop
âš ï¸ Mobile session close had issues
===== Gurutattva App Closed =====
ğŸ—‘ï¸ Cleared download directory: /var/jenkins_home/workspace/Guruttava-E2E-Tests/downloads
===== Test Teardown Completed =====
| FAIL |
NoSuchDriverException: Message: Unable to obtain driver for chrome; For documentation on this error, please visit: https://www.selenium.dev/documentation/webdriver/troubleshooting/errors/driver_location
------------------------------------------------------------------------------
Test News Category Tab In Mobile App :: In Mobile app, check for C... ===== Starting Test Setup =====
===== Test Setup Completed =====
ğŸ“± Attempting to open Gurutattva App (1/3)
===== Opening Gurutattva App =====
[ WARN ] Retrying (Retry(total=2, connect=None, read=None, redirect=None, status=None)) after connection broken by 'NewConnectionError('<urllib3.connection.HTTPConnection object at 0x7d772e9e89e0>: Failed to establish a new connection: [Errno 111] Connection refused')': /session
[ WARN ] Retrying (Retry(total=1, connect=None, read=None, redirect=None, status=None)) after connection broken by 'NewConnectionError('<urllib3.connection.HTTPConnection object at 0x7d772e9e9480>: Failed to establish a new connection: [Errno 111] Connection refused')': /session
[ WARN ] Retrying (Retry(total=0, connect=None, read=None, redirect=None, status=None)) after connection broken by 'NewConnectionError('<urllib3.connection.HTTPConnection object at 0x7d772e9e9590>: Failed to establish a new connection: [Errno 111] Connection refused')': /session
âš ï¸ Failed to open app on attempt 1: MaxRetryError: HTTPConnectionPool(host='localhost', port=4723): Max retries exceeded with url: /session (Caused by NewConnectionError('<urllib3.connection.HTTPConnection object at 0x7d772e9e97b0>: Failed to establish a new connection: [Errno 111] Connection refused'))
ğŸ”„ Retrying in 5 seconds...
ğŸ“± Attempting to open Gurutattva App (2/3)
===== Opening Gurutattva App =====
[ WARN ] Retrying (Retry(total=2, connect=None, read=None, redirect=None, status=None)) after connection broken by 'NewConnectionError('<urllib3.connection.HTTPConnection object at 0x7d772f75c270>: Failed to establish a new connection: [Errno 111] Connection refused')': /session
[ WARN ] Retrying (Retry(total=1, connect=None, read=None, redirect=None, status=None)) after connection broken by 'NewConnectionError('<urllib3.connection.HTTPConnection object at 0x7d77302dc7c0>: Failed to establish a new connection: [Errno 111] Connection refused')': /session
[ WARN ] Retrying (Retry(total=0, connect=None, read=None, redirect=None, status=None)) after connection broken by 'NewConnectionError('<urllib3.connection.HTTPConnection object at 0x7d77303f3bd0>: Failed to establish a new connection: [Errno 111] Connection refused')': /session
âš ï¸ Failed to open app on attempt 2: MaxRetryError: HTTPConnectionPool(host='localhost', port=4723): Max retries exceeded with url: /session (Caused by NewConnectionError('<urllib3.connection.HTTPConnection object at 0x7d772f0659d0>: Failed to establish a new connection: [Errno 111] Connection refused'))
ğŸ”„ Retrying in 5 seconds...
ğŸ“± Attempting to open Gurutattva App (3/3)
===== Opening Gurutattva App =====
[ WARN ] Retrying (Retry(total=2, connect=None, read=None, redirect=None, status=None)) after connection broken by 'NewConnectionError('<urllib3.connection.HTTPConnection object at 0x7d772f0645a0>: Failed to establish a new connection: [Errno 111] Connection refused')': /session
[ WARN ] Retrying (Retry(total=1, connect=None, read=None, redirect=None, status=None)) after connection broken by 'NewConnectionError('<urllib3.connection.HTTPConnection object at 0x7d772f065f20>: Failed to establish a new connection: [Errno 111] Connection refused')': /session
[ WARN ] Retrying (Retry(total=0, connect=None, read=None, redirect=None, status=None)) after connection broken by 'NewConnectionError('<urllib3.connection.HTTPConnection object at 0x7d772f067ce0>: Failed to establish a new connection: [Errno 111] Connection refused')': /session
âš ï¸ Failed to open app on attempt 3: MaxRetryError: HTTPConnectionPool(host='localhost', port=4723): Max retries exceeded with url: /session (Caused by NewConnectionError('<urllib3.connection.HTTPConnection object at 0x7d772f067680>: Failed to establish a new connection: [Errno 111] Connection refused'))
âŒ Failed to open Gurutattva App after 3 attempts
===== Starting Test Teardown =====
âœ… Mobile screenshot captured: /var/jenkins_home/workspace/Guruttava-E2E-Tests/results/Screenshot/Test_News_Category_Tab_In_Mobile_App_20260203_035214.png
âš ï¸ Mobile screenshot capture failed, capturing web screenshot...
âœ… Screenshot captured: /var/jenkins_home/workspace/Guruttava-E2E-Tests/results/Screenshot/Test_News_Category_Tab_In_Mobile_App_20260203_035214.png
===== Closing Gurutattva App =====
âš ï¸ Graceful termination failed, using force stop
âš ï¸ Mobile session close had issues
===== Gurutattva App Closed =====
ğŸ—‘ï¸ Cleared download directory: /var/jenkins_home/workspace/Guruttava-E2E-Tests/downloads
===== Test Teardown Completed =====
| FAIL |
Could not open Gurutattva App after 3 attempts
------------------------------------------------------------------------------
Test Check Local News Filter Functionality :: Check Local News Fil... ===== Starting Test Setup =====
===== Test Setup Completed =====
ğŸ“± Attempting to open Gurutattva App (1/3)
===== Opening Gurutattva App =====
[ WARN ] Retrying (Retry(total=2, connect=None, read=None, redirect=None, status=None)) after connection broken by 'NewConnectionError('<urllib3.connection.HTTPConnection object at 0x7d772f067790>: Failed to establish a new connection: [Errno 111] Connection refused')': /session
[ WARN ] Retrying (Retry(total=1, connect=None, read=None, redirect=None, status=None)) after connection broken by 'NewConnectionError('<urllib3.connection.HTTPConnection object at 0x7d772f067f00>: Failed to establish a new connection: [Errno 111] Connection refused')': /session
[ WARN ] Retrying (Retry(total=0, connect=None, read=None, redirect=None, status=None)) after connection broken by 'NewConnectionError('<urllib3.connection.HTTPConnection object at 0x7d772f065bf0>: Failed to establish a new connection: [Errno 111] Connection refused')': /session
âš ï¸ Failed to open app on attempt 1: MaxRetryError: HTTPConnectionPool(host='localhost', port=4723): Max retries exceeded with url: /session (Caused by NewConnectionError('<urllib3.connection.HTTPConnection object at 0x7d772f064e20>: Failed to establish a new connection: [Errno 111] Connection refused'))
ğŸ”„ Retrying in 5 seconds...
ğŸ“± Attempting to open Gurutattva App (2/3)
===== Opening Gurutattva App =====
[ WARN ] Retrying (Retry(total=2, connect=None, read=None, redirect=None, status=None)) after connection broken by 'NewConnectionError('<urllib3.connection.HTTPConnection object at 0x7d772e9e8e20>: Failed to establish a new connection: [Errno 111] Connection refused')': /session
[ WARN ] Retrying (Retry(total=1, connect=None, read=None, redirect=None, status=None)) after connection broken by 'NewConnectionError('<urllib3.connection.HTTPConnection object at 0x7d772e9e96a0>: Failed to establish a new connection: [Errno 111] Connection refused')': /session
[ WARN ] Retrying (Retry(total=0, connect=None, read=None, redirect=None, status=None)) after connection broken by 'NewConnectionError('<urllib3.connection.HTTPConnection object at 0x7d772e9e9d00>: Failed to establish a new connection: [Errno 111] Connection refused')': /session
âš ï¸ Failed to open app on attempt 2: MaxRetryError: HTTPConnectionPool(host='localhost', port=4723): Max retries exceeded with url: /session (Caused by NewConnectionError('<urllib3.connection.HTTPConnection object at 0x7d772e9ea8b0>: Failed to establish a new connection: [Errno 111] Connection refused'))
ğŸ”„ Retrying in 5 seconds...
ğŸ“± Attempting to open Gurutattva App (3/3)
===== Opening Gurutattva App =====
[ WARN ] Retrying (Retry(total=2, connect=None, read=None, redirect=None, status=None)) after connection broken by 'NewConnectionError('<urllib3.connection.HTTPConnection object at 0x7d772e9eb350>: Failed to establish a new connection: [Errno 111] Connection refused')': /session
[ WARN ] Retrying (Retry(total=1, connect=None, read=None, redirect=None, status=None)) after connection broken by 'NewConnectionError('<urllib3.connection.HTTPConnection object at 0x7d772f064270>: Failed to establish a new connection: [Errno 111] Connection refused')': /session
[ WARN ] Retrying (Retry(total=0, connect=None, read=None, redirect=None, status=None)) after connection broken by 'NewConnectionError('<urllib3.connection.HTTPConnection object at 0x7d772f067df0>: Failed to establish a new connection: [Errno 111] Connection refused')': /session
âš ï¸ Failed to open app on attempt 3: MaxRetryError: HTTPConnectionPool(host='localhost', port=4723): Max retries exceeded with url: /session (Caused by NewConnectionError('<urllib3.connection.HTTPConnection object at 0x7d772f067680>: Failed to establish a new connection: [Errno 111] Connection refused'))
âŒ Failed to open Gurutattva App after 3 attempts
===== Starting Test Teardown =====
âœ… Mobile screenshot captured: /var/jenkins_home/workspace/Guruttava-E2E-Tests/results/Screenshot/Test_Check_Local_News_Filter_Functionality_20260203_035237.png
âš ï¸ Mobile screenshot capture failed, capturing web screenshot...
âœ… Screenshot captured: /var/jenkins_home/workspace/Guruttava-E2E-Tests/results/Screenshot/Test_Check_Local_News_Filter_Functionality_20260203_035237.png
===== Closing Gurutattva App =====
âš ï¸ Graceful termination failed, using force stop
âš ï¸ Mobile session close had issues
===== Gurutattva App Closed =====
ğŸ—‘ï¸ Cleared download directory: /var/jenkins_home/workspace/Guruttava-E2E-Tests/downloads
===== Test Teardown Completed =====
| FAIL |
Could not open Gurutattva App after 3 attempts
------------------------------------------------------------------------------
Test Sanchalak Adds Local News And Super Admin Approves It :: Sanc... ===== Starting Test Setup =====
===== Test Setup Completed =====
ğŸ¯ Generated E2E English News Test Data:
ğŸ¯ Title: E2E English News Title 8836
ğŸ¯ Description: E2E English News Description 8836
ğŸ¯ Content: E2E English News Content 8836. This is a test news content generated for automation testing purposes.
ğŸ¯ Step 1: Login as Sanchalak & add a new local news
ğŸŒ Opening web browser: chrome
ğŸ”— Navigating to: https://gurutattvacmsnewdev.rysun.in:9090/
[ WARN ] There was an error managing chrome; using browser found in the cache
===== Starting Test Teardown =====
âœ… Mobile screenshot captured: /var/jenkins_home/workspace/Guruttava-E2E-Tests/results/Screenshot/Test_Sanchalak_Adds_Local_News_And_Super_Admin_Approves_It_20260203_035301.png
âš ï¸ Mobile screenshot capture failed, capturing web screenshot...
âœ… Screenshot captured: /var/jenkins_home/workspace/Guruttava-E2E-Tests/results/Screenshot/Test_Sanchalak_Adds_Local_News_And_Super_Admin_Approves_It_20260203_035301.png
===== Closing Gurutattva App =====
âš ï¸ Graceful termination failed, using force stop
âš ï¸ Mobile session close had issues
===== Gurutattva App Closed =====
ğŸ—‘ï¸ Cleared download directory: /var/jenkins_home/workspace/Guruttava-E2E-Tests/downloads
===== Test Teardown Completed =====
| FAIL |
NoSuchDriverException: Message: Unable to obtain driver for chrome; For documentation on this error, please visit: https://www.selenium.dev/documentation/webdriver/troubleshooting/errors/driver_location
------------------------------------------------------------------------------
Test Sanchalak Adds Local News And Super Admin Rejects It :: Sanch... ===== Starting Test Setup =====
===== Test Setup Completed =====
ğŸ¯ Generated E2E English News Test Data:
ğŸ¯ Title: E2E English News Title 1351
ğŸ¯ Description: E2E English News Description 1351
ğŸ¯ Content: E2E English News Content 1351. This is a test news content generated for automation testing purposes.
ğŸ¯ Step 1: Login as Sanchalak & add a new local news
ğŸŒ Opening web browser: chrome
ğŸ”— Navigating to: https://gurutattvacmsnewdev.rysun.in:9090/
[ WARN ] There was an error managing chrome; using browser found in the cache
===== Starting Test Teardown =====
âœ… Mobile screenshot captured: /var/jenkins_home/workspace/Guruttava-E2E-Tests/results/Screenshot/Test_Sanchalak_Adds_Local_News_And_Super_Admin_Rejects_It_20260203_035325.png
âš ï¸ Mobile screenshot capture failed, capturing web screenshot...
âœ… Screenshot captured: /var/jenkins_home/workspace/Guruttava-E2E-Tests/results/Screenshot/Test_Sanchalak_Adds_Local_News_And_Super_Admin_Rejects_It_20260203_035325.png
===== Closing Gurutattva App =====
âš ï¸ Graceful termination failed, using force stop
âš ï¸ Mobile session close had issues
===== Gurutattva App Closed =====
ğŸ—‘ï¸ Cleared download directory: /var/jenkins_home/workspace/Guruttava-E2E-Tests/downloads
===== Test Teardown Completed =====
| FAIL |
NoSuchDriverException: Message: Unable to obtain driver for chrome; For documentation on this error, please visit: https://www.selenium.dev/documentation/webdriver/troubleshooting/errors/driver_location
------------------------------------------------------------------------------
Add News Category from CMS. Add News uder that category. check lis... ===== Starting Test Setup =====
===== Test Setup Completed =====
Generated random number: 392
English Category Name: News_Category_392
Hindi Category Name: à¤à¤•à¥€à¤•à¤°à¤£ à¤ªà¤°à¥€à¤•à¥à¤·à¤£_Category_392
Updated English Category Name: News_Category_392_Updated Category English
Updated Hindi Category Name: News_Category_392_à¤…à¤ªà¤¡à¥‡à¤Ÿà¥‡à¤¡ à¤¶à¥à¤°à¥‡à¤£à¥€ à¤¹à¤¿à¤‚à¤¦à¥€
ğŸŒ Opening web browser: chrome
ğŸ”— Navigating to: https://gurutattvacmsnewdev.rysun.in:9090/
[ WARN ] There was an error managing chrome; using browser found in the cache
===== Starting Test Teardown =====
âœ… Mobile screenshot captured: /var/jenkins_home/workspace/Guruttava-E2E-Tests/results/Screenshot/Add_News_Category_from_CMS__Add_News_uder_that_category__check_list_of_all_categories_in_the_Mobile_app_under_Category_tab__20260203_035347.png
âš ï¸ Mobile screenshot capture failed, capturing web screenshot...
âœ… Screenshot captured: /var/jenkins_home/workspace/Guruttava-E2E-Tests/results/Screenshot/Add_News_Category_from_CMS__Add_News_uder_that_category__check_list_of_all_categories_in_the_Mobile_app_under_Category_tab__20260203_035347.png
===== Closing Gurutattva App =====
âš ï¸ Graceful termination failed, using force stop
âš ï¸ Mobile session close had issues
===== Gurutattva App Closed =====
ğŸ—‘ï¸ Cleared download directory: /var/jenkins_home/workspace/Guruttava-E2E-Tests/downloads
===== Test Teardown Completed =====
| FAIL |
NoSuchDriverException: Message: Unable to obtain driver for chrome; For documentation on this error, please visit: https://www.selenium.dev/documentation/webdriver/troubleshooting/errors/driver_location
------------------------------------------------------------------------------
Guruttava_Android_E2E_Tests.E2ENews                                   | FAIL |
9 tests, 0 passed, 9 failed
==============================================================================
Guruttava_Android_E2E_Tests.E2EPrayer                                         
==============================================================================
End-to-End Integration: Verify that user is able to add Prayer wit... ===== Starting Test Setup =====
===== Test Setup Completed =====
ğŸ¯ Generated Test Data for Prayer:
ğŸ¯ Person: E2E_Person_Name_4580
ğŸ¯ Full Address: E2E_Full_Address_4580
ğŸ¯ Description: E2E_Prayer_Description_4580
===== Opening Gurutattva App =====
[ WARN ] Retrying (Retry(total=2, connect=None, read=None, redirect=None, status=None)) after connection broken by 'NewConnectionError('<urllib3.connection.HTTPConnection object at 0x7d772f065370>: Failed to establish a new connection: [Errno 111] Connection refused')': /session
[ WARN ] Retrying (Retry(total=1, connect=None, read=None, redirect=None, status=None)) after connection broken by 'NewConnectionError('<urllib3.connection.HTTPConnection object at 0x7d772f064e20>: Failed to establish a new connection: [Errno 111] Connection refused')': /session
[ WARN ] Retrying (Retry(total=0, connect=None, read=None, redirect=None, status=None)) after connection broken by 'NewConnectionError('<urllib3.connection.HTTPConnection object at 0x7d772f065bf0>: Failed to establish a new connection: [Errno 111] Connection refused')': /session
===== Starting Test Teardown =====
âœ… Mobile screenshot captured: /var/jenkins_home/workspace/Guruttava-E2E-Tests/results/Screenshot/End-to-End_Integration:_Verify_that_user_is_able_to_add_Prayer_with_Self_Option_on_the_mobile_app_and_verify_it_in_CMS_20260203_035407.png
âš ï¸ Mobile screenshot capture failed, capturing web screenshot...
âœ… Screenshot captured: /var/jenkins_home/workspace/Guruttava-E2E-Tests/results/Screenshot/End-to-End_Integration:_Verify_that_user_is_able_to_add_Prayer_with_Self_Option_on_the_mobile_app_and_verify_it_in_CMS_20260203_035407.png
===== Closing Gurutattva App =====
âš ï¸ Graceful termination failed, using force stop
âš ï¸ Mobile session close had issues
===== Gurutattva App Closed =====
ğŸ—‘ï¸ Cleared download directory: /var/jenkins_home/workspace/Guruttava-E2E-Tests/downloads
===== Test Teardown Completed =====
| FAIL |
MaxRetryError: HTTPConnectionPool(host='localhost', port=4723): Max retries exceeded with url: /session (Caused by NewConnectionError('<urllib3.connection.HTTPConnection object at 0x7d772f067f00>: Failed to establish a new connection: [Errno 111] Connection refused'))
------------------------------------------------------------------------------
End-to-End Integration:Verify that user is able to add Prayer with... ===== Starting Test Setup =====
===== Test Setup Completed =====
ğŸ¯ Generated Test Data for Prayer:
ğŸ¯ Applicant: E2E_Applicant_Name_Other_5492
ğŸ¯ Person: E2E_Other_Name_5492
ğŸ¯ Full Address: E2E_Other_Full_Address_5492
ğŸ¯ Description: E2E_Prayer_Description_Other_5492
===== Opening Gurutattva App =====
[ WARN ] Retrying (Retry(total=2, connect=None, read=None, redirect=None, status=None)) after connection broken by 'NewConnectionError('<urllib3.connection.HTTPConnection object at 0x7d772f958c00>: Failed to establish a new connection: [Errno 111] Connection refused')': /session
[ WARN ] Retrying (Retry(total=1, connect=None, read=None, redirect=None, status=None)) after connection broken by 'NewConnectionError('<urllib3.connection.HTTPConnection object at 0x7d772f95b570>: Failed to establish a new connection: [Errno 111] Connection refused')': /session
[ WARN ] Retrying (Retry(total=0, connect=None, read=None, redirect=None, status=None)) after connection broken by 'NewConnectionError('<urllib3.connection.HTTPConnection object at 0x7d772f959590>: Failed to establish a new connection: [Errno 111] Connection refused')': /session
===== Starting Test Teardown =====
âœ… Mobile screenshot captured: /var/jenkins_home/workspace/Guruttava-E2E-Tests/results/Screenshot/End-to-End_Integration:Verify_that_user_is_able_to_add_Prayer_with_Other_Option_on_the_mobile_app_and_verify_it_in_CMS_20260203_035420.png
âš ï¸ Mobile screenshot capture failed, capturing web screenshot...
âœ… Screenshot captured: /var/jenkins_home/workspace/Guruttava-E2E-Tests/results/Screenshot/End-to-End_Integration:Verify_that_user_is_able_to_add_Prayer_with_Other_Option_on_the_mobile_app_and_verify_it_in_CMS_20260203_035420.png
===== Closing Gurutattva App =====
âš ï¸ Graceful termination failed, using force stop
âš ï¸ Mobile session close had issues
===== Gurutattva App Closed =====
ğŸ—‘ï¸ Cleared download directory: /var/jenkins_home/workspace/Guruttava-E2E-Tests/downloads
===== Test Teardown Completed =====
| FAIL |
MaxRetryError: HTTPConnectionPool(host='localhost', port=4723): Max retries exceeded with url: /session (Caused by NewConnectionError('<urllib3.connection.HTTPConnection object at 0x7d772f9598c0>: Failed to establish a new connection: [Errno 111] Connection refused'))
------------------------------------------------------------------------------
Verify that user is able to export the Prayer in CMS :: End-to-end... ===== Starting Test Setup =====
===== Test Setup Completed =====
ğŸ¯ Generated Test Data for Prayer:
ğŸ¯ Person: E2E_Person_Name_9037
ğŸ¯ Full Address: E2E_Full_Address_9037
ğŸ¯ Description: E2E_Prayer_Description_9037
===== Opening Gurutattva App =====
[ WARN ] Retrying (Retry(total=2, connect=None, read=None, redirect=None, status=None)) after connection broken by 'NewConnectionError('<urllib3.connection.HTTPConnection object at 0x7d772f064e20>: Failed to establish a new connection: [Errno 111] Connection refused')': /session
[ WARN ] Retrying (Retry(total=1, connect=None, read=None, redirect=None, status=None)) after connection broken by 'NewConnectionError('<urllib3.connection.HTTPConnection object at 0x7d772f067790>: Failed to establish a new connection: [Errno 111] Connection refused')': /session
[ WARN ] Retrying (Retry(total=0, connect=None, read=None, redirect=None, status=None)) after connection broken by 'NewConnectionError('<urllib3.connection.HTTPConnection object at 0x7d772f0645a0>: Failed to establish a new connection: [Errno 111] Connection refused')': /session
===== Starting Test Teardown =====
âœ… Mobile screenshot captured: /var/jenkins_home/workspace/Guruttava-E2E-Tests/results/Screenshot/Verify_that_user_is_able_to_export_the_Prayer_in_CMS_20260203_035433.png
âš ï¸ Mobile screenshot capture failed, capturing web screenshot...
âœ… Screenshot captured: /var/jenkins_home/workspace/Guruttava-E2E-Tests/results/Screenshot/Verify_that_user_is_able_to_export_the_Prayer_in_CMS_20260203_035433.png
===== Closing Gurutattva App =====
âš ï¸ Graceful termination failed, using force stop
âš ï¸ Mobile session close had issues
===== Gurutattva App Closed =====
ğŸ—‘ï¸ Cleared download directory: /var/jenkins_home/workspace/Guruttava-E2E-Tests/downloads
===== Test Teardown Completed =====
| FAIL |
MaxRetryError: HTTPConnectionPool(host='localhost', port=4723): Max retries exceeded with url: /session (Caused by NewConnectionError('<urllib3.connection.HTTPConnection object at 0x7d772f065bf0>: Failed to establish a new connection: [Errno 111] Connection refused'))
------------------------------------------------------------------------------
Guruttava_Android_E2E_Tests.E2EPrayer                                 | FAIL |
3 tests, 0 passed, 3 failed
==============================================================================
Guruttava_Android_E2E_Tests.E2ERegistration                                   
==============================================================================
Verify that quick registration on the mobile app reflects correctl... ===== Starting Test Setup =====
===== Test Setup Completed =====
Generated E2E Registration Test Data:
First Name: TestFirstName
Last Name: TestLastName
Email: qa.e2etest1764@gurutattva.com
Mobile: 9960232311
Gender: Male
DOB: 2005
Country: India
State: Gujarat
District: Ahmedabad
City: Ahmedabad City
Area: Ahmedabad (City)
===== Opening Gurutattva App =====
[ WARN ] Retrying (Retry(total=2, connect=None, read=None, redirect=None, status=None)) after connection broken by 'NewConnectionError('<urllib3.connection.HTTPConnection object at 0x7d772f959480>: Failed to establish a new connection: [Errno 111] Connection refused')': /session
[ WARN ] Retrying (Retry(total=1, connect=None, read=None, redirect=None, status=None)) after connection broken by 'NewConnectionError('<urllib3.connection.HTTPConnection object at 0x7d772f95b460>: Failed to establish a new connection: [Errno 111] Connection refused')': /session
[ WARN ] Retrying (Retry(total=0, connect=None, read=None, redirect=None, status=None)) after connection broken by 'NewConnectionError('<urllib3.connection.HTTPConnection object at 0x7d772f95af10>: Failed to establish a new connection: [Errno 111] Connection refused')': /session
===== Starting Test Teardown =====
âœ… Mobile screenshot captured: /var/jenkins_home/workspace/Guruttava-E2E-Tests/results/Screenshot/Verify_that_quick_registration_on_the_mobile_app_reflects_correctly_in_the_CMS_and_user_details_are_displayed_properly_in_profile_and_flip_card__20260203_035449.png
âš ï¸ Mobile screenshot capture failed, capturing web screenshot...
âœ… Screenshot captured: /var/jenkins_home/workspace/Guruttava-E2E-Tests/results/Screenshot/Verify_that_quick_registration_on_the_mobile_app_reflects_correctly_in_the_CMS_and_user_details_are_displayed_properly_in_profile_and_flip_card__20260203_035449.png
===== Closing Gurutattva App =====
âš ï¸ Graceful termination failed, using force stop
âš ï¸ Mobile session close had issues
===== Gurutattva App Closed =====
ğŸ—‘ï¸ Cleared download directory: /var/jenkins_home/workspace/Guruttava-E2E-Tests/downloads
===== Test Teardown Completed =====
| FAIL |
MaxRetryError: HTTPConnectionPool(host='localhost', port=4723): Max retries exceeded with url: /session (Caused by NewConnectionError('<urllib3.connection.HTTPConnection object at 0x7d772f958af0>: Failed to establish a new connection: [Errno 111] Connection refused'))
------------------------------------------------------------------------------
Verify user is not able to do quick registration on mobile app wit... ===== Starting Test Setup =====
===== Test Setup Completed =====
===== Opening Gurutattva App =====
[ WARN ] Retrying (Retry(total=2, connect=None, read=None, redirect=None, status=None)) after connection broken by 'NewConnectionError('<urllib3.connection.HTTPConnection object at 0x7d772e9e89e0>: Failed to establish a new connection: [Errno 111] Connection refused')': /session
[ WARN ] Retrying (Retry(total=1, connect=None, read=None, redirect=None, status=None)) after connection broken by 'NewConnectionError('<urllib3.connection.HTTPConnection object at 0x7d772e9e8490>: Failed to establish a new connection: [Errno 111] Connection refused')': /session
[ WARN ] Retrying (Retry(total=0, connect=None, read=None, redirect=None, status=None)) after connection broken by 'NewConnectionError('<urllib3.connection.HTTPConnection object at 0x7d772e9e88d0>: Failed to establish a new connection: [Errno 111] Connection refused')': /session
===== Starting Test Teardown =====
âœ… Mobile screenshot captured: /var/jenkins_home/workspace/Guruttava-E2E-Tests/results/Screenshot/Verify_user_is_not_able_to_do_quick_registration_on_mobile_app_with_already_used_email_id_and_phone_number_20260203_035502.png
âš ï¸ Mobile screenshot capture failed, capturing web screenshot...
âœ… Screenshot captured: /var/jenkins_home/workspace/Guruttava-E2E-Tests/results/Screenshot/Verify_user_is_not_able_to_do_quick_registration_on_mobile_app_with_already_used_email_id_and_phone_number_20260203_035502.png
===== Closing Gurutattva App =====
âš ï¸ Graceful termination failed, using force stop
âš ï¸ Mobile session close had issues
===== Gurutattva App Closed =====
ğŸ—‘ï¸ Cleared download directory: /var/jenkins_home/workspace/Guruttava-E2E-Tests/downloads
===== Test Teardown Completed =====
| FAIL |
MaxRetryError: HTTPConnectionPool(host='localhost', port=4723): Max retries exceeded with url: /session (Caused by NewConnectionError('<urllib3.connection.HTTPConnection object at 0x7d772e9ea360>: Failed to establish a new connection: [Errno 111] Connection refused'))
------------------------------------------------------------------------------
Verify that the quick registration user is not able to access Even... ===== Starting Test Setup =====
===== Test Setup Completed =====
===== Opening Gurutattva App =====
[ WARN ] Retrying (Retry(total=2, connect=None, read=None, redirect=None, status=None)) after connection broken by 'NewConnectionError('<urllib3.connection.HTTPConnection object at 0x7d772e9eabe0>: Failed to establish a new connection: [Errno 111] Connection refused')': /session
[ WARN ] Retrying (Retry(total=1, connect=None, read=None, redirect=None, status=None)) after connection broken by 'NewConnectionError('<urllib3.connection.HTTPConnection object at 0x7d772e9eacf0>: Failed to establish a new connection: [Errno 111] Connection refused')': /session
[ WARN ] Retrying (Retry(total=0, connect=None, read=None, redirect=None, status=None)) after connection broken by 'NewConnectionError('<urllib3.connection.HTTPConnection object at 0x7d772e9e9040>: Failed to establish a new connection: [Errno 111] Connection refused')': /session
===== Starting Test Teardown =====
âœ… Mobile screenshot captured: /var/jenkins_home/workspace/Guruttava-E2E-Tests/results/Screenshot/Verify_that_the_quick_registration_user_is_not_able_to_access_Events,_Dhyan_Kendra,_and_Podcasts_,_Home_screen_on_the_mobile_app,_and_that_a_pop-up_message_is_displayed_20260203_035515.png
âš ï¸ Mobile screenshot capture failed, capturing web screenshot...
âœ… Screenshot captured: /var/jenkins_home/workspace/Guruttava-E2E-Tests/results/Screenshot/Verify_that_the_quick_registration_user_is_not_able_to_access_Events,_Dhyan_Kendra,_and_Podcasts_,_Home_screen_on_the_mobile_app,_and_that_a_pop-up_message_is_displayed_20260203_035515.png
===== Closing Gurutattva App =====
âš ï¸ Graceful termination failed, using force stop
âš ï¸ Mobile session close had issues
===== Gurutattva App Closed =====
ğŸ—‘ï¸ Cleared download directory: /var/jenkins_home/workspace/Guruttava-E2E-Tests/downloads
===== Test Teardown Completed =====
| FAIL |
MaxRetryError: HTTPConnectionPool(host='localhost', port=4723): Max retries exceeded with url: /session (Caused by NewConnectionError('<urllib3.connection.HTTPConnection object at 0x7d772e9e9590>: Failed to establish a new connection: [Errno 111] Connection refused'))
------------------------------------------------------------------------------
Verify that the quick registration user is able to become a member... ===== Starting Test Setup =====
===== Test Setup Completed =====
===== Opening Gurutattva App =====
[ WARN ] Retrying (Retry(total=2, connect=None, read=None, redirect=None, status=None)) after connection broken by 'NewConnectionError('<urllib3.connection.HTTPConnection object at 0x7d772e9e8160>: Failed to establish a new connection: [Errno 111] Connection refused')': /session
[ WARN ] Retrying (Retry(total=1, connect=None, read=None, redirect=None, status=None)) after connection broken by 'NewConnectionError('<urllib3.connection.HTTPConnection object at 0x7d772e9e8e20>: Failed to establish a new connection: [Errno 111] Connection refused')': /session
[ WARN ] Retrying (Retry(total=0, connect=None, read=None, redirect=None, status=None)) after connection broken by 'NewConnectionError('<urllib3.connection.HTTPConnection object at 0x7d772e9e85a0>: Failed to establish a new connection: [Errno 111] Connection refused')': /session
===== Starting Test Teardown =====
âœ… Mobile screenshot captured: /var/jenkins_home/workspace/Guruttava-E2E-Tests/results/Screenshot/Verify_that_the_quick_registration_user_is_able_to_become_a_member_on_the_mobile_app_20260203_035528.png
âš ï¸ Mobile screenshot capture failed, capturing web screenshot...
âœ… Screenshot captured: /var/jenkins_home/workspace/Guruttava-E2E-Tests/results/Screenshot/Verify_that_the_quick_registration_user_is_able_to_become_a_member_on_the_mobile_app_20260203_035528.png
===== Closing Gurutattva App =====
âš ï¸ Graceful termination failed, using force stop
âš ï¸ Mobile session close had issues
===== Gurutattva App Closed =====
ğŸ—‘ï¸ Cleared download directory: /var/jenkins_home/workspace/Guruttava-E2E-Tests/downloads
===== Test Teardown Completed =====
| FAIL |
MaxRetryError: HTTPConnectionPool(host='localhost', port=4723): Max retries exceeded with url: /session (Caused by NewConnectionError('<urllib3.connection.HTTPConnection object at 0x7d772e9e8f30>: Failed to establish a new connection: [Errno 111] Connection refused'))
------------------------------------------------------------------------------
Verify that Community registration on the mobile app reflects corr... ===== Starting Test Setup =====
===== Test Setup Completed =====
===== Opening Gurutattva App =====
[ WARN ] Retrying (Retry(total=2, connect=None, read=None, redirect=None, status=None)) after connection broken by 'NewConnectionError('<urllib3.connection.HTTPConnection object at 0x7d772e9ea9c0>: Failed to establish a new connection: [Errno 111] Connection refused')': /session
[ WARN ] Retrying (Retry(total=1, connect=None, read=None, redirect=None, status=None)) after connection broken by 'NewConnectionError('<urllib3.connection.HTTPConnection object at 0x7d772e9eb680>: Failed to establish a new connection: [Errno 111] Connection refused')': /session
[ WARN ] Retrying (Retry(total=0, connect=None, read=None, redirect=None, status=None)) after connection broken by 'NewConnectionError('<urllib3.connection.HTTPConnection object at 0x7d772e9eb9b0>: Failed to establish a new connection: [Errno 111] Connection refused')': /session
===== Starting Test Teardown =====
âœ… Mobile screenshot captured: /var/jenkins_home/workspace/Guruttava-E2E-Tests/results/Screenshot/Verify_that_Community_registration_on_the_mobile_app_reflects_correctly_in_the_CMS_and_user_details_are_displayed_properly_in_profile_and_flip_card__20260203_035541.png
âš ï¸ Mobile screenshot capture failed, capturing web screenshot...
âœ… Screenshot captured: /var/jenkins_home/workspace/Guruttava-E2E-Tests/results/Screenshot/Verify_that_Community_registration_on_the_mobile_app_reflects_correctly_in_the_CMS_and_user_details_are_displayed_properly_in_profile_and_flip_card__20260203_035541.png
===== Closing Gurutattva App =====
âš ï¸ Graceful termination failed, using force stop
âš ï¸ Mobile session close had issues
===== Gurutattva App Closed =====
ğŸ—‘ï¸ Cleared download directory: /var/jenkins_home/workspace/Guruttava-E2E-Tests/downloads
===== Test Teardown Completed =====
| FAIL |
MaxRetryError: HTTPConnectionPool(host='localhost', port=4723): Max retries exceeded with url: /session (Caused by NewConnectionError('<urllib3.connection.HTTPConnection object at 0x7d772e9ea690>: Failed to establish a new connection: [Errno 111] Connection refused'))
------------------------------------------------------------------------------
Verify that the community registered user is able to access Events... ===== Starting Test Setup =====
===== Test Setup Completed =====
===== Opening Gurutattva App =====
[ WARN ] Retrying (Retry(total=2, connect=None, read=None, redirect=None, status=None)) after connection broken by 'NewConnectionError('<urllib3.connection.HTTPConnection object at 0x7d772e9eb570>: Failed to establish a new connection: [Errno 111] Connection refused')': /session
[ WARN ] Retrying (Retry(total=1, connect=None, read=None, redirect=None, status=None)) after connection broken by 'NewConnectionError('<urllib3.connection.HTTPConnection object at 0x7d772e9eb020>: Failed to establish a new connection: [Errno 111] Connection refused')': /session
[ WARN ] Retrying (Retry(total=0, connect=None, read=None, redirect=None, status=None)) after connection broken by 'NewConnectionError('<urllib3.connection.HTTPConnection object at 0x7d772e9eb460>: Failed to establish a new connection: [Errno 111] Connection refused')': /session
===== Starting Test Teardown =====
âœ… Mobile screenshot captured: /var/jenkins_home/workspace/Guruttava-E2E-Tests/results/Screenshot/Verify_that_the_community_registered_user_is_able_to_access_Events,_Dhyan_Kendra,_and_Podcasts_on_the_mobile_app,_and_ensure_that_no_pop-up_message_is_displayed_20260203_035554.png
âš ï¸ Mobile screenshot capture failed, capturing web screenshot...
âœ… Screenshot captured: /var/jenkins_home/workspace/Guruttava-E2E-Tests/results/Screenshot/Verify_that_the_community_registered_user_is_able_to_access_Events,_Dhyan_Kendra,_and_Podcasts_on_the_mobile_app,_and_ensure_that_no_pop-up_message_is_displayed_20260203_035554.png
===== Closing Gurutattva App =====
âš ï¸ Graceful termination failed, using force stop
âš ï¸ Mobile session close had issues
===== Gurutattva App Closed =====
ğŸ—‘ï¸ Cleared download directory: /var/jenkins_home/workspace/Guruttava-E2E-Tests/downloads
===== Test Teardown Completed =====
| FAIL |
MaxRetryError: HTTPConnectionPool(host='localhost', port=4723): Max retries exceeded with url: /session (Caused by NewConnectionError('<urllib3.connection.HTTPConnection object at 0x7d772e9e86b0>: Failed to establish a new connection: [Errno 111] Connection refused'))
------------------------------------------------------------------------------
Guruttava_Android_E2E_Tests.E2ERegistration                           | FAIL |
6 tests, 0 passed, 6 failed
==============================================================================
[ WARN ] Error in file '/var/jenkins_home/workspace/Guruttava-E2E-Tests/pages/E2ERoleRightPage.robot' on line 92: The '[Return]' setting is deprecated. Use the 'RETURN' statement instead.
[ WARN ] Error in file '/var/jenkins_home/workspace/Guruttava-E2E-Tests/pages/E2ERoleRightPage.robot' on line 111: The '[Return]' setting is deprecated. Use the 'RETURN' statement instead.
[ WARN ] Error in file '/var/jenkins_home/workspace/Guruttava-E2E-Tests/pages/E2ERoleRightPage.robot' on line 256: The '[Return]' setting is deprecated. Use the 'RETURN' statement instead.
[ WARN ] Error in file '/var/jenkins_home/workspace/Guruttava-E2E-Tests/pages/E2ERoleRightPage.robot' on line 272: The '[Return]' setting is deprecated. Use the 'RETURN' statement instead.
[ WARN ] Error in file '/var/jenkins_home/workspace/Guruttava-E2E-Tests/pages/E2ERoleRightPage.robot' on line 296: The '[Return]' setting is deprecated. Use the 'RETURN' statement instead.
[ WARN ] Error in file '/var/jenkins_home/workspace/Guruttava-E2E-Tests/pages/E2ERoleRightPage.robot' on line 315: The '[Return]' setting is deprecated. Use the 'RETURN' statement instead.
[ WARN ] Error in file '/var/jenkins_home/workspace/Guruttava-E2E-Tests/pages/E2ERoleRightPage.robot' on line 510: The '[Return]' setting is deprecated. Use the 'RETURN' statement instead.
[ WARN ] Error in file '/var/jenkins_home/workspace/Guruttava-E2E-Tests/pages/E2ERoleRightPage.robot' on line 542: The '[Return]' setting is deprecated. Use the 'RETURN' statement instead.
[ WARN ] Error in file '/var/jenkins_home/workspace/Guruttava-E2E-Tests/pages/E2ERoleRightPage.robot' on line 573: The '[Return]' setting is deprecated. Use the 'RETURN' statement instead.
Guruttava_Android_E2E_Tests.E2ERoleRight                                      
==============================================================================
Test Prayer Coordinator Role Access :: Login as Prayer Coordinator... ===== Starting Test Setup =====
===== Test Setup Completed =====
ğŸ§ª Testing role access for: Prayer Coordinator
ğŸŒ Opening web browser: chrome
ğŸ”— Navigating to: https://gurutattvacmsnewdev.rysun.in:9090/
[ WARN ] There was an error managing chrome; using browser found in the cache
===== Starting Test Teardown =====
âœ… Mobile screenshot captured: /var/jenkins_home/workspace/Guruttava-E2E-Tests/results/Screenshot/Test_Prayer_Coordinator_Role_Access_20260203_035622.png
âš ï¸ Mobile screenshot capture failed, capturing web screenshot...
âœ… Screenshot captured: /var/jenkins_home/workspace/Guruttava-E2E-Tests/results/Screenshot/Test_Prayer_Coordinator_Role_Access_20260203_035622.png
===== Closing Gurutattva App =====
âš ï¸ Graceful termination failed, using force stop
âš ï¸ Mobile session close had issues
===== Gurutattva App Closed =====
ğŸ—‘ï¸ Cleared download directory: /var/jenkins_home/workspace/Guruttava-E2E-Tests/downloads
===== Test Teardown Completed =====
| FAIL |
NoSuchDriverException: Message: Unable to obtain driver for chrome; For documentation on this error, please visit: https://www.selenium.dev/documentation/webdriver/troubleshooting/errors/driver_location
------------------------------------------------------------------------------
Test Global Event Coordinator Role Access :: Login as Global Event... ===== Starting Test Setup =====
===== Test Setup Completed =====
ğŸ§ª Testing role access for: Global Event Coordinator
ğŸŒ Opening web browser: chrome
ğŸ”— Navigating to: https://gurutattvacmsnewdev.rysun.in:9090/
[ WARN ] There was an error managing chrome; using browser found in the cache
===== Starting Test Teardown =====
âœ… Mobile screenshot captured: /var/jenkins_home/workspace/Guruttava-E2E-Tests/results/Screenshot/Test_Global_Event_Coordinator_Role_Access_20260203_035651.png
âš ï¸ Mobile screenshot capture failed, capturing web screenshot...
âœ… Screenshot captured: /var/jenkins_home/workspace/Guruttava-E2E-Tests/results/Screenshot/Test_Global_Event_Coordinator_Role_Access_20260203_035651.png
===== Closing Gurutattva App =====
âš ï¸ Graceful termination failed, using force stop
âš ï¸ Mobile session close had issues
===== Gurutattva App Closed =====
ğŸ—‘ï¸ Cleared download directory: /var/jenkins_home/workspace/Guruttava-E2E-Tests/downloads
===== Test Teardown Completed =====
| FAIL |
NoSuchDriverException: Message: Unable to obtain driver for chrome; For documentation on this error, please visit: https://www.selenium.dev/documentation/webdriver/troubleshooting/errors/driver_location
------------------------------------------------------------------------------
Test Acharya Role Access :: Login as Acharya and validate menu acc... ===== Starting Test Setup =====
===== Test Setup Completed =====
ğŸ§ª Testing role access for: Acharya
ğŸŒ Opening web browser: chrome
ğŸ”— Navigating to: https://gurutattvacmsnewdev.rysun.in:9090/
[ WARN ] There was an error managing chrome; using browser found in the cache
===== Starting Test Teardown =====
âœ… Mobile screenshot captured: /var/jenkins_home/workspace/Guruttava-E2E-Tests/results/Screenshot/Test_Acharya_Role_Access_20260203_035715.png
âš ï¸ Mobile screenshot capture failed, capturing web screenshot...
âœ… Screenshot captured: /var/jenkins_home/workspace/Guruttava-E2E-Tests/results/Screenshot/Test_Acharya_Role_Access_20260203_035715.png
===== Closing Gurutattva App =====
âš ï¸ Graceful termination failed, using force stop
âš ï¸ Mobile session close had issues
===== Gurutattva App Closed =====
ğŸ—‘ï¸ Cleared download directory: /var/jenkins_home/workspace/Guruttava-E2E-Tests/downloads
===== Test Teardown Completed =====
| FAIL |
NoSuchDriverException: Message: Unable to obtain driver for chrome; For documentation on this error, please visit: https://www.selenium.dev/documentation/webdriver/troubleshooting/errors/driver_location
------------------------------------------------------------------------------
Test Maha Acharya Role Access :: Login as Maha Acharya and validat... ===== Starting Test Setup =====
===== Test Setup Completed =====
ğŸ§ª Testing role access for: Maha Acharya
ğŸŒ Opening web browser: chrome
ğŸ”— Navigating to: https://gurutattvacmsnewdev.rysun.in:9090/
[ WARN ] There was an error managing chrome; using browser found in the cache
===== Starting Test Teardown =====
âœ… Mobile screenshot captured: /var/jenkins_home/workspace/Guruttava-E2E-Tests/results/Screenshot/Test_Maha_Acharya_Role_Access_20260203_035741.png
âš ï¸ Mobile screenshot capture failed, capturing web screenshot...
âœ… Screenshot captured: /var/jenkins_home/workspace/Guruttava-E2E-Tests/results/Screenshot/Test_Maha_Acharya_Role_Access_20260203_035741.png
===== Closing Gurutattva App =====
âš ï¸ Graceful termination failed, using force stop
âš ï¸ Mobile session close had issues
===== Gurutattva App Closed =====
ğŸ—‘ï¸ Cleared download directory: /var/jenkins_home/workspace/Guruttava-E2E-Tests/downloads
===== Test Teardown Completed =====
| FAIL |
NoSuchDriverException: Message: Unable to obtain driver for chrome; For documentation on this error, please visit: https://www.selenium.dev/documentation/webdriver/troubleshooting/errors/driver_location
------------------------------------------------------------------------------
Test Namkaran Coordinator Role Access :: Login as Namkaran Coordin... ===== Starting Test Setup =====
===== Test Setup Completed =====
ğŸ§ª Testing role access for: Namkaran Coordinator
ğŸŒ Opening web browser: chrome
ğŸ”— Navigating to: https://gurutattvacmsnewdev.rysun.in:9090/
[ WARN ] There was an error managing chrome; using browser found in the cache
===== Starting Test Teardown =====
âœ… Mobile screenshot captured: /var/jenkins_home/workspace/Guruttava-E2E-Tests/results/Screenshot/Test_Namkaran_Coordinator_Role_Access_20260203_035807.png
âš ï¸ Mobile screenshot capture failed, capturing web screenshot...
âœ… Screenshot captured: /var/jenkins_home/workspace/Guruttava-E2E-Tests/results/Screenshot/Test_Namkaran_Coordinator_Role_Access_20260203_035807.png
===== Closing Gurutattva App =====
âš ï¸ Graceful termination failed, using force stop
âš ï¸ Mobile session close had issues
===== Gurutattva App Closed =====
ğŸ—‘ï¸ Cleared download directory: /var/jenkins_home/workspace/Guruttava-E2E-Tests/downloads
===== Test Teardown Completed =====
| FAIL |
NoSuchDriverException: Message: Unable to obtain driver for chrome; For documentation on this error, please visit: https://www.selenium.dev/documentation/webdriver/troubleshooting/errors/driver_location
------------------------------------------------------------------------------
Guruttava_Android_E2E_Tests.E2ERoleRight                              | FAIL |
5 tests, 0 passed, 5 failed
==============================================================================
Guruttava_Android_E2E_Tests                                           | FAIL |
78 tests, 0 passed, 78 failed
==============================================================================
Output:  /var/jenkins_home/workspace/Guruttava-E2E-Tests/robot-results/output.xml
XUnit:   /var/jenkins_home/workspace/Guruttava-E2E-Tests/robot-results/robot-results/xunit.xml
Log:     /var/jenkins_home/workspace/Guruttava-E2E-Tests/robot-results/log.html
Report:  /var/jenkins_home/workspace/Guruttava-E2E-Tests/robot-results/report.html
Robot Framework exit code: 78
Parsing test results and uploading to platform...
Triggering AI analysis for failures...
{
  "error": "Missing required field: build_id"
}
=========================================
Guruttava Tests completed!
Platform: Android
Results uploaded to project_id: 2
=========================================
Build step 'Execute shell' marked build as failure
Archiving artifacts
Recording test results
No test report files were found. Configuration error?
[Checks API] No suitable checks publisher found.
Finished: FAILURE
