<?xml version="1.0" encoding="UTF-8"?>
<robot generator="Robot 7.3.2 (Python 3.13.5 on linux)" generated="2026-01-18T18:44:09.813563" rpa="false" schemaversion="5">
<suite id="s1" name="Guruttava_Android_E2E_Tests">
<suite id="s1-s1" name="E2EAudio" source="/var/jenkins_home/workspace/Guruttava-E2E-Tests/tests/E2EAudio.robot">
<test id="s1-s1-t1" name="End-to-End Integration Create and Publish Music Track in Web CRM and Verify Playback in Mobile App" line="24">
<kw name="Test Setup" owner="test_setup_teardown" type="SETUP">
<kw name="Log To Console" owner="BuiltIn">
<arg>===== Starting Test Setup =====</arg>
<doc>Logs the given message to the console.</doc>
<status status="PASS" start="2026-01-18T18:45:39.426110" elapsed="0.000497"/>
</kw>
<kw name="Register Keyword To Run On Failure" owner="Web">
<msg time="2026-01-18T18:45:39.427552" level="INFO">No Operation will be run on failure.</msg>
<arg>No Operation</arg>
<doc>Sets the keyword to execute, when a SeleniumLibrary keyword fails.</doc>
<status status="PASS" start="2026-01-18T18:45:39.426989" elapsed="0.000694"/>
</kw>
<kw name="Register Keyword To Run On Failure" owner="Mobile">
<msg time="2026-01-18T18:45:39.525637" level="INFO">No Operation will be run on failure.</msg>
<arg>No Operation</arg>
<doc>Sets the keyword to be executed when an AppiumLibrary keyword fails.</doc>
<status status="PASS" start="2026-01-18T18:45:39.428028" elapsed="0.097892"/>
</kw>
<kw name="Run Keyword And Ignore Error" owner="BuiltIn">
<kw name="Web Close All Browsers" owner="libraries">
<kw name="Close All Browsers" owner="Web">
<doc>Closes all open browsers and resets the browser cache.</doc>
<status status="PASS" start="2026-01-18T18:45:39.538256" elapsed="0.000357"/>
</kw>
<status status="PASS" start="2026-01-18T18:45:39.537113" elapsed="0.001696"/>
</kw>
<arg>Web Close All Browsers</arg>
<doc>Runs the given keyword with the given arguments and ignores possible error.</doc>
<status status="PASS" start="2026-01-18T18:45:39.536012" elapsed="0.002926"/>
</kw>
<kw name="Sleep" owner="BuiltIn">
<msg time="2026-01-18T18:45:40.539923" level="INFO">Slept 1 second.</msg>
<arg>1s</arg>
<doc>Pauses the test executed for the given time.</doc>
<status status="PASS" start="2026-01-18T18:45:39.539308" elapsed="1.000820"/>
</kw>
<kw name="Run Keyword And Ignore Error" owner="BuiltIn">
<kw name="Mobile Close Application" owner="libraries">
<kw name="Close Application" owner="Mobile">
<kw name="No Operation" owner="BuiltIn">
<doc>Does absolutely nothing.</doc>
<status status="PASS" start="2026-01-18T18:45:40.542407" elapsed="0.000236"/>
</kw>
<msg time="2026-01-18T18:45:40.542887" level="FAIL">No application is open</msg>
<doc>Closes the current application and the webdriver session.</doc>
<status status="FAIL" start="2026-01-18T18:45:40.541727" elapsed="0.337094">No application is open</status>
</kw>
<status status="FAIL" start="2026-01-18T18:45:40.541022" elapsed="0.338174">No application is open</status>
</kw>
<arg>Mobile Close Application</arg>
<doc>Runs the given keyword with the given arguments and ignores possible error.</doc>
<status status="PASS" start="2026-01-18T18:45:40.540543" elapsed="0.338874"/>
</kw>
<kw name="Sleep" owner="BuiltIn">
<msg time="2026-01-18T18:45:42.880365" level="INFO">Slept 2 seconds.</msg>
<arg>2s</arg>
<doc>Pauses the test executed for the given time.</doc>
<status status="PASS" start="2026-01-18T18:45:40.879762" elapsed="2.000844"/>
</kw>
<kw name="Log To Console" owner="BuiltIn">
<arg>===== Test Setup Completed =====</arg>
<doc>Logs the given message to the console.</doc>
<status status="PASS" start="2026-01-18T18:45:42.881050" elapsed="0.000418"/>
</kw>
<doc>Setup for each test case - ensures clean state</doc>
<status status="PASS" start="2026-01-18T18:45:39.413212" elapsed="3.468469"/>
</kw>
<kw name="Generate E2E Test Data" owner="E2EAudioPage">
<kw name="Evaluate" owner="BuiltIn">
<msg time="2026-01-18T18:45:42.884389" level="INFO">${random_num} = 3320</msg>
<var>${random_num}</var>
<arg>random.randint(1000, 9999)</arg>
<arg>random</arg>
<doc>Evaluates the given expression in Python and returns the result.</doc>
<status status="PASS" start="2026-01-18T18:45:42.883046" elapsed="0.001426"/>
</kw>
<kw name="Set Suite Variable" owner="BuiltIn">
<msg time="2026-01-18T18:45:42.891115" level="INFO">${E2E_RANDOM_NUMBER} = 3320</msg>
<arg>${E2E_RANDOM_NUMBER}</arg>
<arg>${random_num}</arg>
<doc>Makes a variable available everywhere within the scope of the current suite.</doc>
<status status="PASS" start="2026-01-18T18:45:42.890407" elapsed="0.000839"/>
</kw>
<kw name="Set Suite Variable" owner="BuiltIn">
<msg time="2026-01-18T18:45:42.893016" level="INFO">${E2E_CATEGORY_NAME} = E2E_Category_3320</msg>
<arg>${E2E_CATEGORY_NAME}</arg>
<arg>E2E_Category_${random_num}</arg>
<doc>Makes a variable available everywhere within the scope of the current suite.</doc>
<status status="PASS" start="2026-01-18T18:45:42.891972" elapsed="0.001285"/>
</kw>
<kw name="Set Suite Variable" owner="BuiltIn">
<msg time="2026-01-18T18:45:42.894472" level="INFO">${E2E_SUBCATEGORY_NAME} = E2E_SubCategory_3320</msg>
<arg>${E2E_SUBCATEGORY_NAME}</arg>
<arg>E2E_SubCategory_${random_num}</arg>
<doc>Makes a variable available everywhere within the scope of the current suite.</doc>
<status status="PASS" start="2026-01-18T18:45:42.893766" elapsed="0.000876"/>
</kw>
<kw name="Set Suite Variable" owner="BuiltIn">
<msg time="2026-01-18T18:45:42.895871" level="INFO">${E2E_AUDIO_TRACK_TITLE} = E2E_Track_3320</msg>
<arg>${E2E_AUDIO_TRACK_TITLE}</arg>
<arg>E2E_Track_${random_num}</arg>
<doc>Makes a variable available everywhere within the scope of the current suite.</doc>
<status status="PASS" start="2026-01-18T18:45:42.895045" elapsed="0.001070"/>
</kw>
<kw name="Set Suite Variable" owner="BuiltIn">
<msg time="2026-01-18T18:45:42.897638" level="INFO">${E2E_AUTHOR_NAME} = E2E_Author_3320</msg>
<arg>${E2E_AUTHOR_NAME}</arg>
<arg>E2E_Author_${random_num}</arg>
<doc>Makes a variable available everywhere within the scope of the current suite.</doc>
<status status="PASS" start="2026-01-18T18:45:42.896855" elapsed="0.000948"/>
</kw>
<kw name="Log To Console" owner="BuiltIn">
<arg>🎯 Generated E2E Test Data:</arg>
<doc>Logs the given message to the console.</doc>
<status status="PASS" start="2026-01-18T18:45:42.898521" elapsed="0.000443"/>
</kw>
<kw name="Log To Console" owner="BuiltIn">
<arg>🎯 Category: ${E2E_CATEGORY_NAME}</arg>
<doc>Logs the given message to the console.</doc>
<status status="PASS" start="2026-01-18T18:45:42.899633" elapsed="0.000728"/>
</kw>
<kw name="Log To Console" owner="BuiltIn">
<arg>🎯 SubCategory: ${E2E_SUBCATEGORY_NAME}</arg>
<doc>Logs the given message to the console.</doc>
<status status="PASS" start="2026-01-18T18:45:42.901019" elapsed="0.000845"/>
</kw>
<kw name="Log To Console" owner="BuiltIn">
<arg>🎯 Audio Track: ${E2E_AUDIO_TRACK_TITLE}</arg>
<doc>Logs the given message to the console.</doc>
<status status="PASS" start="2026-01-18T18:45:42.910821" elapsed="0.001476"/>
</kw>
<kw name="Log To Console" owner="BuiltIn">
<arg>🎯 Author: ${E2E_AUTHOR_NAME}</arg>
<doc>Logs the given message to the console.</doc>
<status status="PASS" start="2026-01-18T18:45:42.913004" elapsed="0.000869"/>
</kw>
<doc>Generates unique test data for end-to-end validation</doc>
<status status="PASS" start="2026-01-18T18:45:42.882272" elapsed="0.032209"/>
</kw>
<kw name="Open Web Browser" owner="web_keywords">
<kw name="Log To Console" owner="BuiltIn">
<arg>🌐 Opening web browser: ${WEB_BROWSER}</arg>
<doc>Logs the given message to the console.</doc>
<status status="PASS" start="2026-01-18T18:45:42.916567" elapsed="0.000885"/>
</kw>
<kw name="Log To Console" owner="BuiltIn">
<arg>🔗 Navigating to: ${WEB_BASE_URL}</arg>
<doc>Logs the given message to the console.</doc>
<status status="PASS" start="2026-01-18T18:45:42.918099" elapsed="0.000575"/>
</kw>
<kw name="Web Open Browser" owner="libraries">
<kw name="Open Browser" owner="Web">
<msg time="2026-01-18T18:45:42.922278" level="INFO">Opening browser 'chrome' to base url 'https://gurutattvacmsnewdev.rysun.in:9090/'.</msg>
<kw name="No Operation" owner="BuiltIn">
<doc>Does absolutely nothing.</doc>
<status status="PASS" start="2026-01-18T18:46:55.772940" elapsed="0.000286"/>
</kw>
<msg time="2026-01-18T18:46:55.775035" level="FAIL">SessionNotCreatedException: Message: session not created: Chrome instance exited. Examine ChromeDriver verbose log to determine the cause.; For documentation on this error, please visit: https://www.selenium.dev/documentation/webdriver/troubleshooting/errors#sessionnotcreatedexception
Stacktrace:
#0 0x5b0a2f323c3a &lt;unknown&gt;
#1 0x5b0a2ed3d969 &lt;unknown&gt;
#2 0x5b0a2ed7b51d &lt;unknown&gt;
#3 0x5b0a2ed76239 &lt;unknown&gt;
#4 0x5b0a2edc845e &lt;unknown&gt;
#5 0x5b0a2edc7b4c &lt;unknown&gt;
#6 0x5b0a2ed84be2 &lt;unknown&gt;
#7 0x5b0a2ed85991 &lt;unknown&gt;
#8 0x5b0a2f2e9a99 &lt;unknown&gt;
#9 0x5b0a2f2ec9b1 &lt;unknown&gt;
#10 0x5b0a2f2d60a9 &lt;unknown&gt;
#11 0x5b0a2f2ed56e &lt;unknown&gt;
#12 0x5b0a2f2bc5e0 &lt;unknown&gt;
#13 0x5b0a2f311358 &lt;unknown&gt;
#14 0x5b0a2f311528 &lt;unknown&gt;
#15 0x5b0a2f322fa8 &lt;unknown&gt;
#16 0x74163b69ab7b &lt;unknown&gt;
</msg>
<arg>${url}</arg>
<arg>${browser}</arg>
<arg>${alias}</arg>
<arg>${remote_url}</arg>
<arg>&amp;{kwargs}</arg>
<doc>Opens a new browser instance to the optional ``url``.</doc>
<status status="FAIL" start="2026-01-18T18:45:42.920925" elapsed="74.066542">SessionNotCreatedException: Message: session not created: Chrome instance exited. Examine ChromeDriver verbose log to determine the cause.; For documentation on this error, please visit: https://www.selenium.dev/documentation/webdriver/troubleshooting/errors#sessionnotcreatedexception
Stacktrace:
#0 0x5b0a2f323c3a &lt;unknown&gt;
#1 0x5b0a2ed3d969 &lt;unknown&gt;
#2 0x5b0a2ed7b51d &lt;unknown&gt;
#3 0x5b0a2ed76239 &lt;unknown&gt;
#4 0x5b0a2edc845e &lt;unknown&gt;
#5 0x5b0a2edc7b4c &lt;unknown&gt;
#6 0x5b0a2ed84be2 &lt;unknown&gt;
#7 0x5b0a2ed85991 &lt;unknown&gt;
#8 0x5b0a2f2e9a99 &lt;unknown&gt;
#9 0x5b0a2f2ec9b1 &lt;unknown&gt;
#10 0x5b0a2f2d60a9 &lt;unknown&gt;
#11 0x5b0a2f2ed56e &lt;unknown&gt;
#12 0x5b0a2f2bc5e0 &lt;unknown&gt;
#13 0x5b0a2f311358 &lt;unknown&gt;
#14 0x5b0a2f311528 &lt;unknown&gt;
#15 0x5b0a2f322fa8 &lt;unknown&gt;
#16 0x74163b69ab7b &lt;unknown&gt;
</status>
</kw>
<arg>${WEB_BASE_URL}</arg>
<arg>${WEB_BROWSER}</arg>
<status status="FAIL" start="2026-01-18T18:45:42.919167" elapsed="74.068903">SessionNotCreatedException: Message: session not created: Chrome instance exited. Examine ChromeDriver verbose log to determine the cause.; For documentation on this error, please visit: https://www.selenium.dev/documentation/webdriver/troubleshooting/errors#sessionnotcreatedexception
Stacktrace:
#0 0x5b0a2f323c3a &lt;unknown&gt;
#1 0x5b0a2ed3d969 &lt;unknown&gt;
#2 0x5b0a2ed7b51d &lt;unknown&gt;
#3 0x5b0a2ed76239 &lt;unknown&gt;
#4 0x5b0a2edc845e &lt;unknown&gt;
#5 0x5b0a2edc7b4c &lt;unknown&gt;
#6 0x5b0a2ed84be2 &lt;unknown&gt;
#7 0x5b0a2ed85991 &lt;unknown&gt;
#8 0x5b0a2f2e9a99 &lt;unknown&gt;
#9 0x5b0a2f2ec9b1 &lt;unknown&gt;
#10 0x5b0a2f2d60a9 &lt;unknown&gt;
#11 0x5b0a2f2ed56e &lt;unknown&gt;
#12 0x5b0a2f2bc5e0 &lt;unknown&gt;
#13 0x5b0a2f311358 &lt;unknown&gt;
#14 0x5b0a2f311528 &lt;unknown&gt;
#15 0x5b0a2f322fa8 &lt;unknown&gt;
#16 0x74163b69ab7b &lt;unknown&gt;
</status>
</kw>
<kw name="Web Maximize Browser Window" owner="libraries">
<status status="NOT RUN" start="2026-01-18T18:46:56.988776" elapsed="0.000121"/>
</kw>
<kw name="Web Set Selenium Implicit Wait" owner="libraries">
<arg>${WEB_IMPLICIT_WAIT}</arg>
<status status="NOT RUN" start="2026-01-18T18:46:56.989643" elapsed="0.000112"/>
</kw>
<kw name="Log To Console" owner="BuiltIn">
<arg>✅ Web browser opened successfully</arg>
<doc>Logs the given message to the console.</doc>
<status status="NOT RUN" start="2026-01-18T18:46:56.990365" elapsed="0.000174"/>
</kw>
<kw name="Run Keyword And Return Status" owner="BuiltIn">
<var>${ssl_warning_present}</var>
<arg>Web Wait Until Page Contains Element</arg>
<arg>id=details-button</arg>
<arg>3s</arg>
<doc>Runs the given keyword with given arguments and returns the status as a Boolean value.</doc>
<status status="NOT RUN" start="2026-01-18T18:46:56.991228" elapsed="0.000140"/>
</kw>
<if>
<branch type="IF" condition="${ssl_warning_present}">
<kw name="Log To Console" owner="BuiltIn">
<arg>⚠️ SSL Certificate warning detected, clicking Advanced...</arg>
<doc>Logs the given message to the console.</doc>
<status status="NOT RUN" start="2026-01-18T18:46:56.992394" elapsed="0.000179"/>
</kw>
<kw name="Web Click Element" owner="libraries">
<arg>id=details-button</arg>
<status status="NOT RUN" start="2026-01-18T18:46:56.993196" elapsed="0.000232"/>
</kw>
<kw name="Sleep" owner="BuiltIn">
<arg>1s</arg>
<doc>Pauses the test executed for the given time.</doc>
<status status="NOT RUN" start="2026-01-18T18:46:56.993917" elapsed="0.000191"/>
</kw>
<kw name="Web Click Element" owner="libraries">
<arg>id=proceed-link</arg>
<status status="NOT RUN" start="2026-01-18T18:46:56.994871" elapsed="0.000256"/>
</kw>
<kw name="Sleep" owner="BuiltIn">
<arg>2s</arg>
<doc>Pauses the test executed for the given time.</doc>
<status status="NOT RUN" start="2026-01-18T18:46:56.995653" elapsed="0.000245"/>
</kw>
<kw name="Log To Console" owner="BuiltIn">
<arg>✅ Proceeded past SSL warning</arg>
<doc>Logs the given message to the console.</doc>
<status status="NOT RUN" start="2026-01-18T18:46:56.996466" elapsed="0.000092"/>
</kw>
<status status="NOT RUN" start="2026-01-18T18:46:56.991737" elapsed="0.005015"/>
</branch>
<status status="NOT RUN" start="2026-01-18T18:46:56.991615" elapsed="0.005339"/>
</if>
<kw name="Delete All Cookies" owner="Web">
<doc>Deletes all cookies.</doc>
<status status="NOT RUN" start="2026-01-18T18:46:56.997424" elapsed="0.000084"/>
</kw>
<kw name="Execute Javascript" owner="Web">
<arg>window.localStorage.clear();</arg>
<doc>Executes the given JavaScript code with possible arguments.</doc>
<status status="NOT RUN" start="2026-01-18T18:46:57.004389" elapsed="0.000105"/>
</kw>
<kw name="Execute Javascript" owner="Web">
<arg>window.sessionStorage.clear();</arg>
<doc>Executes the given JavaScript code with possible arguments.</doc>
<status status="NOT RUN" start="2026-01-18T18:46:57.005180" elapsed="0.000092"/>
</kw>
<kw name="Log To Console" owner="BuiltIn">
<arg>✅ Cookies and cache cleared</arg>
<doc>Logs the given message to the console.</doc>
<status status="NOT RUN" start="2026-01-18T18:46:57.005568" elapsed="0.000050"/>
</kw>
<kw name="Wait For Page To Be Ready" owner="web_keywords">
<doc>Waits for page to be fully loaded including JavaScript</doc>
<status status="NOT RUN" start="2026-01-18T18:46:57.006748" elapsed="0.000200"/>
</kw>
<kw name="Log To Console" owner="BuiltIn">
<arg>✅ Page is fully loaded and ready</arg>
<doc>Logs the given message to the console.</doc>
<status status="NOT RUN" start="2026-01-18T18:46:57.007275" elapsed="0.000208"/>
</kw>
<doc>Opens web browser and navigates to Gurutattva website</doc>
<status status="FAIL" start="2026-01-18T18:45:42.915413" elapsed="74.092942">SessionNotCreatedException: Message: session not created: Chrome instance exited. Examine ChromeDriver verbose log to determine the cause.; For documentation on this error, please visit: https://www.selenium.dev/documentation/webdriver/troubleshooting/errors#sessionnotcreatedexception
Stacktrace:
#0 0x5b0a2f323c3a &lt;unknown&gt;
#1 0x5b0a2ed3d969 &lt;unknown&gt;
#2 0x5b0a2ed7b51d &lt;unknown&gt;
#3 0x5b0a2ed76239 &lt;unknown&gt;
#4 0x5b0a2edc845e &lt;unknown&gt;
#5 0x5b0a2edc7b4c &lt;unknown&gt;
#6 0x5b0a2ed84be2 &lt;unknown&gt;
#7 0x5b0a2ed85991 &lt;unknown&gt;
#8 0x5b0a2f2e9a99 &lt;unknown&gt;
#9 0x5b0a2f2ec9b1 &lt;unknown&gt;
#10 0x5b0a2f2d60a9 &lt;unknown&gt;
#11 0x5b0a2f2ed56e &lt;unknown&gt;
#12 0x5b0a2f2bc5e0 &lt;unknown&gt;
#13 0x5b0a2f311358 &lt;unknown&gt;
#14 0x5b0a2f311528 &lt;unknown&gt;
#15 0x5b0a2f322fa8 &lt;unknown&gt;
#16 0x74163b69ab7b &lt;unknown&gt;
</status>
</kw>
<kw name="Login in with valid credentials" owner="web_keywords">
<doc>Logs in to web application with valid credentials</doc>
<status status="NOT RUN" start="2026-01-18T18:46:57.009009" elapsed="0.000094"/>
</kw>
<kw name="Click on the Master Management Menu" owner="CRM_AudioCategoryPage">
<doc>Clicks on the Master Management menu in the web application (DEPRECATED - redirects to Audio menu)</doc>
<status status="NOT RUN" start="2026-01-18T18:46:57.010387" elapsed="0.002882"/>
</kw>
<kw name="Click on the Manage Audio Categories Submenu" owner="CRM_AudioCategoryPage">
<doc>Clicks on the Manage Categories submenu under Audio menu (Updated for new UI)</doc>
<status status="NOT RUN" start="2026-01-18T18:46:57.018762" elapsed="0.000194"/>
</kw>
<kw name="Create New Music Category" owner="E2EAudioPage">
<status status="NOT RUN" start="2026-01-18T18:46:57.019474" elapsed="0.000106"/>
</kw>
<kw name="Create New Music SubCategory" owner="E2EAudioPage">
<status status="NOT RUN" start="2026-01-18T18:46:57.020299" elapsed="0.000160"/>
</kw>
<kw name="Add a new Author for Music" owner="E2EAudioPage">
<status status="NOT RUN" start="2026-01-18T18:46:57.020843" elapsed="0.000098"/>
</kw>
<kw name="Create New Audio Track" owner="E2EAudioPage">
<status status="NOT RUN" start="2026-01-18T18:46:57.021323" elapsed="0.000071"/>
</kw>
<kw name="Publish Music Track" owner="E2EAudioPage">
<doc>Publishes or activates the newly created music track (using exact pattern from PASSING Podcast publish)</doc>
<status status="NOT RUN" start="2026-01-18T18:46:57.021679" elapsed="0.000068"/>
</kw>
<kw name="Close Web Browser" owner="web_keywords">
<doc>Closes web browser</doc>
<status status="NOT RUN" start="2026-01-18T18:46:57.022109" elapsed="0.000074"/>
</kw>
<kw name="Open Gurutattva App" owner="keywords">
<doc>Opens Gurutattva app with proper session creation</doc>
<status status="NOT RUN" start="2026-01-18T18:46:57.022558" elapsed="0.000102"/>
</kw>
<kw name="Handle First Time Setup" owner="loginPage">
<status status="NOT RUN" start="2026-01-18T18:46:57.032126" elapsed="0.000447"/>
</kw>
<kw name="Launch Mobile App And Login" owner="E2EAudioPage">
<doc>Handles login - EXACTLY matches TC07 Pre-Registration Setup approach
Flow: Check for Home screen → if found, logout → then login</doc>
<status status="NOT RUN" start="2026-01-18T18:46:57.033908" elapsed="0.000172"/>
</kw>
<kw name="Verify Track &amp; Category On Home Page In Audio Of The Day Section" owner="E2EAudioPage">
<status status="NOT RUN" start="2026-01-18T18:46:57.034728" elapsed="0.000121"/>
</kw>
<kw name="Verify Track On Audio Page In Recently Added Section" owner="E2EAudioPage">
<status status="NOT RUN" start="2026-01-18T18:46:57.035617" elapsed="0.000132"/>
</kw>
<kw name="Verify Track within the newly created category and subcategory" owner="E2EAudioPage">
<status status="NOT RUN" start="2026-01-18T18:46:57.036268" elapsed="0.000106"/>
</kw>
<kw name="Search And Select Newly Created Track" owner="E2EAudioPage">
<status status="NOT RUN" start="2026-01-18T18:46:57.036808" elapsed="0.000093"/>
</kw>
<kw name="Close Gurutattva App" owner="keywords">
<doc>Safely closes app with proper cleanup sequence</doc>
<status status="NOT RUN" start="2026-01-18T18:46:57.037410" elapsed="0.000097"/>
</kw>
<kw name="Test Teardown" owner="test_setup_teardown" type="TEARDOWN">
<kw name="Log To Console" owner="BuiltIn">
<arg>===== Starting Test Teardown =====</arg>
<doc>Logs the given message to the console.</doc>
<status status="PASS" start="2026-01-18T18:46:57.038984" elapsed="0.000394"/>
</kw>
<kw name="Run Keyword If Test Failed" owner="BuiltIn">
<kw name="Take Screenshot On Failure" owner="test_setup_teardown">
<try>
<branch type="TRY">
<kw name="Create Directory" owner="OperatingSystem">
<msg time="2026-01-18T18:46:57.057642" level="INFO" html="true">Directory '&lt;a href="file:///var/jenkins_home/workspace/Guruttava-E2E-Tests/results/Screenshot"&gt;/var/jenkins_home/workspace/Guruttava-E2E-Tests/results/Screenshot&lt;/a&gt;' already exists.</msg>
<arg>${SCREENSHOT_DIR}</arg>
<doc>Creates the specified directory.</doc>
<status status="PASS" start="2026-01-18T18:46:57.051576" elapsed="0.006362"/>
</kw>
<kw name="Get Current Date" owner="DateTime">
<msg time="2026-01-18T18:46:57.058935" level="INFO">${timestamp} = 20260118_184657</msg>
<var>${timestamp}</var>
<arg>result_format=%Y%m%d_%H%M%S</arg>
<doc>Returns current local or UTC time with an optional increment.</doc>
<status status="PASS" start="2026-01-18T18:46:57.058403" elapsed="0.000605"/>
</kw>
<kw name="Replace String" owner="String">
<msg time="2026-01-18T18:46:57.059884" level="INFO">${safe_test_name} = End-to-End_Integration_Create_and_Publish_Music_Track_in_Web_CRM_and_Verify_Playback_in_Mobile_App</msg>
<var>${safe_test_name}</var>
<arg>${test_name}</arg>
<arg>${SPACE}</arg>
<arg>_</arg>
<doc>Replaces ``search_for`` in the given ``string`` with ``replace_with``.</doc>
<status status="PASS" start="2026-01-18T18:46:57.059376" elapsed="0.000578"/>
</kw>
<kw name="Replace String" owner="String">
<msg time="2026-01-18T18:46:57.060720" level="INFO">${safe_test_name} = End-to-End_Integration_Create_and_Publish_Music_Track_in_Web_CRM_and_Verify_Playback_in_Mobile_App</msg>
<var>${safe_test_name}</var>
<arg>${safe_test_name}</arg>
<arg>.</arg>
<arg>_</arg>
<doc>Replaces ``search_for`` in the given ``string`` with ``replace_with``.</doc>
<status status="PASS" start="2026-01-18T18:46:57.060306" elapsed="0.000479"/>
</kw>
<kw name="Set Variable" owner="BuiltIn">
<msg time="2026-01-18T18:46:57.061640" level="INFO">${filename} = /var/jenkins_home/workspace/Guruttava-E2E-Tests/results/Screenshot/End-to-End_Integration_Create_and_Publish_Music_Track_in_Web_CRM_and_Verify_Playback_in_Mobile_App_20260118_184657.png</msg>
<var>${filename}</var>
<arg>${SCREENSHOT_DIR}/${safe_test_name}_${timestamp}.png</arg>
<doc>Returns the given values which can then be assigned to a variables.</doc>
<status status="PASS" start="2026-01-18T18:46:57.061188" elapsed="0.000509"/>
</kw>
<kw name="Custom Capture Screenshot" owner="libraries">
<kw name="Run Keyword And Return Status" owner="BuiltIn">
<kw name="Capture Page Screenshot" owner="Mobile">
<kw name="No Operation" owner="BuiltIn">
<doc>Does absolutely nothing.</doc>
<status status="PASS" start="2026-01-18T18:46:57.094865" elapsed="0.000281"/>
</kw>
<msg time="2026-01-18T18:46:57.095403" level="FAIL">No application is open</msg>
<arg>${filename}</arg>
<doc>Takes a screenshot of the current page and embeds it into the log.</doc>
<status status="FAIL" start="2026-01-18T18:46:57.063522" elapsed="0.223458">No application is open</status>
</kw>
<msg time="2026-01-18T18:46:57.287287" level="INFO">${mobile_status} = False</msg>
<var>${mobile_status}</var>
<arg>Mobile.Capture Page Screenshot</arg>
<arg>${filename}</arg>
<doc>Runs the given keyword with given arguments and returns the status as a Boolean value.</doc>
<status status="PASS" start="2026-01-18T18:46:57.063074" elapsed="0.224283"/>
</kw>
<kw name="Log To Console" owner="BuiltIn">
<arg>✅ Mobile screenshot captured: ${filename}</arg>
<doc>Logs the given message to the console.</doc>
<status status="PASS" start="2026-01-18T18:46:57.287717" elapsed="0.000549"/>
</kw>
<if>
<branch type="IF" condition="not ${mobile_status}">
<kw name="Log To Console" owner="BuiltIn">
<arg>⚠️ Mobile screenshot capture failed, capturing web screenshot...</arg>
<doc>Logs the given message to the console.</doc>
<status status="PASS" start="2026-01-18T18:46:57.289063" elapsed="0.000365"/>
</kw>
<kw name="Capture Page Screenshot" owner="Web">
<msg time="2026-01-18T18:46:57.290762" level="INFO">Cannot capture screenshot because no browser is open.</msg>
<arg>${filename}</arg>
<doc>Takes a screenshot of the current page and embeds it into a log file.</doc>
<status status="PASS" start="2026-01-18T18:46:57.289780" elapsed="0.001112"/>
</kw>
<status status="PASS" start="2026-01-18T18:46:57.288566" elapsed="0.002435"/>
</branch>
<status status="PASS" start="2026-01-18T18:46:57.288500" elapsed="0.002598"/>
</if>
<arg>${filename}</arg>
<status status="PASS" start="2026-01-18T18:46:57.062242" elapsed="0.228970"/>
</kw>
<kw name="Log To Console" owner="BuiltIn">
<arg>✅ Screenshot captured: ${filename}</arg>
<doc>Logs the given message to the console.</doc>
<status status="PASS" start="2026-01-18T18:46:57.291644" elapsed="0.000507"/>
</kw>
<kw name="Log" owner="BuiltIn">
<msg time="2026-01-18T18:46:57.293007" level="INFO" html="true">&lt;a href="/var/jenkins_home/workspace/Guruttava-E2E-Tests/results/Screenshot/End-to-End_Integration_Create_and_Publish_Music_Track_in_Web_CRM_and_Verify_Playback_in_Mobile_App_20260118_184657.png"&gt;Screenshot for End-to-End Integration Create and Publish Music Track in Web CRM and Verify Playback in Mobile App&lt;/a&gt;</msg>
<arg>&lt;a href="${filename}"&gt;Screenshot for ${test_name}&lt;/a&gt;</arg>
<arg>HTML</arg>
<doc>Logs the given message with the given level.</doc>
<status status="PASS" start="2026-01-18T18:46:57.292550" elapsed="0.003187"/>
</kw>
<status status="PASS" start="2026-01-18T18:46:57.044804" elapsed="0.251088"/>
</branch>
<branch type="EXCEPT" assign="${error}">
<kw name="Log To Console" owner="BuiltIn">
<arg>⚠️ Screenshot capture failed: ${error}</arg>
<doc>Logs the given message to the console.</doc>
<status status="NOT RUN" start="2026-01-18T18:46:57.296444" elapsed="0.000086"/>
</kw>
<try>
<branch type="TRY">
<kw name="Set Variable" owner="BuiltIn">
<var>${alt_filename}</var>
<arg>${SCREENSHOT_DIR}/failed_${test_name}.png</arg>
<doc>Returns the given values which can then be assigned to a variables.</doc>
<status status="NOT RUN" start="2026-01-18T18:46:57.297353" elapsed="0.000081"/>
</kw>
<kw name="Capture Page Screenshot" owner="Mobile">
<arg>${alt_filename}</arg>
<doc>Takes a screenshot of the current page and embeds it into the log.</doc>
<status status="NOT RUN" start="2026-01-18T18:46:57.297809" elapsed="0.000084"/>
</kw>
<kw name="Log To Console" owner="BuiltIn">
<arg>✅ Alternative screenshot captured: ${alt_filename}</arg>
<doc>Logs the given message to the console.</doc>
<status status="NOT RUN" start="2026-01-18T18:46:57.298452" elapsed="0.000104"/>
</kw>
<status status="NOT RUN" start="2026-01-18T18:46:57.297023" elapsed="0.001625"/>
</branch>
<branch type="EXCEPT" assign="${alt_error}">
<kw name="Log To Console" owner="BuiltIn">
<arg>❌ All screenshot methods failed: ${alt_error}</arg>
<doc>Logs the given message to the console.</doc>
<status status="NOT RUN" start="2026-01-18T18:46:57.299106" elapsed="0.000075"/>
</kw>
<status status="NOT RUN" start="2026-01-18T18:46:57.298788" elapsed="0.000482"/>
</branch>
<status status="NOT RUN" start="2026-01-18T18:46:57.296936" elapsed="0.002427"/>
</try>
<status status="NOT RUN" start="2026-01-18T18:46:57.296061" elapsed="0.003348"/>
</branch>
<status status="PASS" start="2026-01-18T18:46:57.044473" elapsed="0.255001"/>
</try>
<arg>${TEST NAME}</arg>
<status status="PASS" start="2026-01-18T18:46:57.040524" elapsed="0.259311"/>
</kw>
<arg>Take Screenshot On Failure</arg>
<arg>${TEST NAME}</arg>
<doc>Runs the given keyword with the given arguments, if the test failed.</doc>
<status status="PASS" start="2026-01-18T18:46:57.039823" elapsed="0.260165"/>
</kw>
<kw name="Run Keyword And Ignore Error" owner="BuiltIn">
<kw name="Web Close All Browsers" owner="libraries">
<kw name="Close All Browsers" owner="Web">
<doc>Closes all open browsers and resets the browser cache.</doc>
<status status="PASS" start="2026-01-18T18:46:57.309169" elapsed="0.000335"/>
</kw>
<status status="PASS" start="2026-01-18T18:46:57.308513" elapsed="0.001161"/>
</kw>
<arg>Web Close All Browsers</arg>
<doc>Runs the given keyword with the given arguments and ignores possible error.</doc>
<status status="PASS" start="2026-01-18T18:46:57.307942" elapsed="0.001954"/>
</kw>
<kw name="Sleep" owner="BuiltIn">
<msg time="2026-01-18T18:46:58.311125" level="INFO">Slept 1 second.</msg>
<arg>1s</arg>
<doc>Pauses the test executed for the given time.</doc>
<status status="PASS" start="2026-01-18T18:46:57.310426" elapsed="1.000922"/>
</kw>
<kw name="Run Keyword And Ignore Error" owner="BuiltIn">
<kw name="Close Gurutattva App" owner="keywords">
<kw name="Log To Console" owner="BuiltIn">
<arg>===== Closing Gurutattva App =====</arg>
<doc>Logs the given message to the console.</doc>
<status status="PASS" start="2026-01-18T18:46:58.313171" elapsed="0.000411"/>
</kw>
<kw name="Run Keyword And Return Status" owner="BuiltIn">
<kw name="Mobile Terminate Application" owner="libraries">
<kw name="Terminate Application" owner="Mobile">
<kw name="No Operation" owner="BuiltIn">
<doc>Does absolutely nothing.</doc>
<status status="PASS" start="2026-01-18T18:46:58.316368" elapsed="0.000298"/>
</kw>
<msg time="2026-01-18T18:46:58.317080" level="FAIL">No application is open</msg>
<arg>${app_id}</arg>
<doc>Terminates the given app on the device.</doc>
<status status="FAIL" start="2026-01-18T18:46:58.315457" elapsed="0.325155">No application is open</status>
</kw>
<arg>${APP_PACKAGE}</arg>
<status status="FAIL" start="2026-01-18T18:46:58.314681" elapsed="0.326282">No application is open</status>
</kw>
<msg time="2026-01-18T18:46:58.641213" level="INFO">${status} = False</msg>
<var>${status}</var>
<arg>Mobile Terminate Application</arg>
<arg>${APP_PACKAGE}</arg>
<doc>Runs the given keyword with given arguments and returns the status as a Boolean value.</doc>
<status status="PASS" start="2026-01-18T18:46:58.314199" elapsed="0.327078"/>
</kw>
<if>
<branch type="IF" condition="${status}">
<kw name="Log To Console" owner="BuiltIn">
<arg>✅ App terminated gracefully</arg>
<doc>Logs the given message to the console.</doc>
<status status="NOT RUN" start="2026-01-18T18:46:58.642059" elapsed="0.000089"/>
</kw>
<kw name="Sleep" owner="BuiltIn">
<arg>2s</arg>
<doc>Pauses the test executed for the given time.</doc>
<status status="NOT RUN" start="2026-01-18T18:46:58.642489" elapsed="0.000071"/>
</kw>
<status status="NOT RUN" start="2026-01-18T18:46:58.641520" elapsed="0.001111"/>
</branch>
<branch type="ELSE">
<kw name="Log To Console" owner="BuiltIn">
<arg>⚠️ Graceful termination failed, using force stop</arg>
<doc>Logs the given message to the console.</doc>
<status status="PASS" start="2026-01-18T18:46:58.642952" elapsed="0.000330"/>
</kw>
<kw name="Run Keyword And Ignore Error" owner="BuiltIn">
<kw name="Run Process" owner="Process">
<msg time="2026-01-18T18:46:58.644553" level="INFO">Starting process:
adb shell am force-stop com.org.gurutattva.app</msg>
<msg time="2026-01-18T18:46:58.645517" level="INFO">Waiting for process to complete.</msg>
<msg time="2026-01-18T18:46:58.660702" level="INFO">Process completed.</msg>
<arg>adb</arg>
<arg>shell</arg>
<arg>am</arg>
<arg>force-stop</arg>
<arg>${APP_PACKAGE}</arg>
<arg>shell=True</arg>
<doc>Runs a process and waits for it to complete.</doc>
<status status="PASS" start="2026-01-18T18:46:58.644055" elapsed="0.016837"/>
</kw>
<arg>Run Process</arg>
<arg>adb</arg>
<arg>shell</arg>
<arg>am</arg>
<arg>force-stop</arg>
<arg>${APP_PACKAGE}</arg>
<arg>shell=True</arg>
<doc>Runs the given keyword with the given arguments and ignores possible error.</doc>
<status status="PASS" start="2026-01-18T18:46:58.643626" elapsed="0.017503"/>
</kw>
<kw name="Sleep" owner="BuiltIn">
<msg time="2026-01-18T18:47:00.661944" level="INFO">Slept 2 seconds.</msg>
<arg>2s</arg>
<doc>Pauses the test executed for the given time.</doc>
<status status="PASS" start="2026-01-18T18:46:58.661469" elapsed="2.000674"/>
</kw>
<status status="PASS" start="2026-01-18T18:46:58.642697" elapsed="2.020175"/>
</branch>
<status status="PASS" start="2026-01-18T18:46:58.641464" elapsed="2.021516"/>
</if>
<kw name="Run Keyword And Return Status" owner="BuiltIn">
<kw name="Mobile Close Application" owner="libraries">
<kw name="Close Application" owner="Mobile">
<kw name="No Operation" owner="BuiltIn">
<doc>Does absolutely nothing.</doc>
<status status="PASS" start="2026-01-18T18:47:00.665091" elapsed="0.000335"/>
</kw>
<msg time="2026-01-18T18:47:00.665709" level="FAIL">No application is open</msg>
<doc>Closes the current application and the webdriver session.</doc>
<status status="FAIL" start="2026-01-18T18:47:00.664603" elapsed="0.036393">No application is open</status>
</kw>
<status status="FAIL" start="2026-01-18T18:47:00.663868" elapsed="0.037486">No application is open</status>
</kw>
<msg time="2026-01-18T18:47:00.701614" level="INFO">${close_status} = False</msg>
<var>${close_status}</var>
<arg>Mobile Close Application</arg>
<doc>Runs the given keyword with given arguments and returns the status as a Boolean value.</doc>
<status status="PASS" start="2026-01-18T18:47:00.663349" elapsed="0.038335"/>
</kw>
<if>
<branch type="IF" condition="${close_status}">
<kw name="Log To Console" owner="BuiltIn">
<arg>✅ Mobile session closed</arg>
<doc>Logs the given message to the console.</doc>
<status status="NOT RUN" start="2026-01-18T18:47:00.711326" elapsed="0.000102"/>
</kw>
<status status="NOT RUN" start="2026-01-18T18:47:00.708394" elapsed="0.003121"/>
</branch>
<branch type="ELSE">
<kw name="Log To Console" owner="BuiltIn">
<arg>⚠️ Mobile session close had issues</arg>
<doc>Logs the given message to the console.</doc>
<status status="PASS" start="2026-01-18T18:47:00.711807" elapsed="0.000258"/>
</kw>
<status status="PASS" start="2026-01-18T18:47:00.711585" elapsed="0.000970"/>
</branch>
<status status="PASS" start="2026-01-18T18:47:00.708331" elapsed="0.004313"/>
</if>
<kw name="Run Keyword And Ignore Error" owner="BuiltIn">
<kw name="Run Process" owner="Process">
<msg time="2026-01-18T18:47:00.718391" level="INFO">Starting process:
adb shell pkill -f com.org.gurutattva.app</msg>
<msg time="2026-01-18T18:47:00.727970" level="INFO">Waiting for process to complete.</msg>
<msg time="2026-01-18T18:47:00.732266" level="INFO">Process completed.</msg>
<arg>adb</arg>
<arg>shell</arg>
<arg>pkill</arg>
<arg>-f</arg>
<arg>${APP_PACKAGE}</arg>
<arg>shell=True</arg>
<doc>Runs a process and waits for it to complete.</doc>
<status status="PASS" start="2026-01-18T18:47:00.715113" elapsed="0.017969"/>
</kw>
<arg>Run Process</arg>
<arg>adb</arg>
<arg>shell</arg>
<arg>pkill</arg>
<arg>-f</arg>
<arg>${APP_PACKAGE}</arg>
<arg>shell=True</arg>
<doc>Runs the given keyword with the given arguments and ignores possible error.</doc>
<status status="PASS" start="2026-01-18T18:47:00.712910" elapsed="0.022871"/>
</kw>
<kw name="Sleep" owner="BuiltIn">
<msg time="2026-01-18T18:47:01.737007" level="INFO">Slept 1 second.</msg>
<arg>1s</arg>
<doc>Pauses the test executed for the given time.</doc>
<status status="PASS" start="2026-01-18T18:47:00.736505" elapsed="1.000705"/>
</kw>
<kw name="Log To Console" owner="BuiltIn">
<arg>===== Gurutattva App Closed =====</arg>
<doc>Logs the given message to the console.</doc>
<status status="PASS" start="2026-01-18T18:47:01.737597" elapsed="0.000461"/>
</kw>
<doc>Safely closes app with proper cleanup sequence</doc>
<status status="PASS" start="2026-01-18T18:46:58.312420" elapsed="3.425868"/>
</kw>
<arg>Close Gurutattva App</arg>
<doc>Runs the given keyword with the given arguments and ignores possible error.</doc>
<status status="PASS" start="2026-01-18T18:46:58.311759" elapsed="3.426696"/>
</kw>
<kw name="Run Keyword And Ignore Error" owner="BuiltIn">
<kw name="Mobile Close Application" owner="libraries">
<kw name="Close Application" owner="Mobile">
<kw name="No Operation" owner="BuiltIn">
<doc>Does absolutely nothing.</doc>
<status status="PASS" start="2026-01-18T18:47:01.742578" elapsed="0.000260"/>
</kw>
<msg time="2026-01-18T18:47:01.748753" level="FAIL">No application is open</msg>
<doc>Closes the current application and the webdriver session.</doc>
<status status="FAIL" start="2026-01-18T18:47:01.742001" elapsed="0.124456">No application is open</status>
</kw>
<status status="FAIL" start="2026-01-18T18:47:01.741228" elapsed="0.125575">No application is open</status>
</kw>
<arg>Mobile Close Application</arg>
<doc>Runs the given keyword with the given arguments and ignores possible error.</doc>
<status status="PASS" start="2026-01-18T18:47:01.738879" elapsed="0.128087"/>
</kw>
<kw name="Sleep" owner="BuiltIn">
<msg time="2026-01-18T18:47:04.867844" level="INFO">Slept 3 seconds.</msg>
<arg>3s</arg>
<doc>Pauses the test executed for the given time.</doc>
<status status="PASS" start="2026-01-18T18:47:01.867288" elapsed="3.000792"/>
</kw>
<kw name="Run Keyword And Ignore Error" owner="BuiltIn">
<kw name="Run" owner="OperatingSystem">
<msg time="2026-01-18T18:47:04.870155" level="INFO">Running command 'adb shell am force-stop com.org.gurutattva.app 2&gt;&amp;1'.</msg>
<arg>adb shell am force-stop ${APP_PACKAGE}</arg>
<doc>Runs the given command in the system and returns the output.</doc>
<status status="PASS" start="2026-01-18T18:47:04.868962" elapsed="0.014445"/>
</kw>
<arg>Run</arg>
<arg>adb shell am force-stop ${APP_PACKAGE}</arg>
<doc>Runs the given keyword with the given arguments and ignores possible error.</doc>
<status status="PASS" start="2026-01-18T18:47:04.868518" elapsed="0.015111"/>
</kw>
<kw name="Sleep" owner="BuiltIn">
<msg time="2026-01-18T18:47:06.884599" level="INFO">Slept 2 seconds.</msg>
<arg>2s</arg>
<doc>Pauses the test executed for the given time.</doc>
<status status="PASS" start="2026-01-18T18:47:04.883972" elapsed="2.000851"/>
</kw>
<kw name="Run Keyword And Ignore Error" owner="BuiltIn">
<kw name="Cleanup Downloaded Files" owner="libraries">
<kw name="Get Download Directory" owner="libraries">
<if>
<branch type="IF" condition="'${custom_path}' != '${EMPTY}'">
<kw name="Normalize Path" owner="OperatingSystem">
<var>${download_dir}</var>
<arg>${custom_path}</arg>
<doc>Normalizes the given path.</doc>
<status status="NOT RUN" start="2026-01-18T18:47:06.888621" elapsed="0.000088"/>
</kw>
<status status="NOT RUN" start="2026-01-18T18:47:06.888050" elapsed="0.000846"/>
</branch>
<branch type="ELSE">
<kw name="Normalize Path" owner="OperatingSystem">
<msg time="2026-01-18T18:47:06.890163" level="INFO">${download_dir} = /var/jenkins_home/workspace/Guruttava-E2E-Tests/downloads</msg>
<var>${download_dir}</var>
<arg>${EXECDIR}/downloads</arg>
<doc>Normalizes the given path.</doc>
<status status="PASS" start="2026-01-18T18:47:06.889473" elapsed="0.000815"/>
</kw>
<status status="PASS" start="2026-01-18T18:47:06.888984" elapsed="0.001428"/>
</branch>
<status status="PASS" start="2026-01-18T18:47:06.887948" elapsed="0.002532"/>
</if>
<return>
<value>${download_dir}</value>
<status status="PASS" start="2026-01-18T18:47:06.890565" elapsed="0.000109"/>
</return>
<msg time="2026-01-18T18:47:06.890997" level="INFO">${download_dir} = /var/jenkins_home/workspace/Guruttava-E2E-Tests/downloads</msg>
<var>${download_dir}</var>
<arg>${custom_path}</arg>
<doc>Returns the path to the downloads directory</doc>
<status status="PASS" start="2026-01-18T18:47:06.887117" elapsed="0.003945"/>
</kw>
<if>
<branch type="IF" condition="'${filename}' == '${EMPTY}'">
<kw name="Clear Download Directory" owner="libraries">
<kw name="Get Download Directory" owner="libraries">
<if>
<branch type="IF" condition="'${custom_path}' != '${EMPTY}'">
<kw name="Normalize Path" owner="OperatingSystem">
<var>${download_dir}</var>
<arg>${custom_path}</arg>
<doc>Normalizes the given path.</doc>
<status status="NOT RUN" start="2026-01-18T18:47:06.894005" elapsed="0.000093"/>
</kw>
<status status="NOT RUN" start="2026-01-18T18:47:06.893426" elapsed="0.000762"/>
</branch>
<branch type="ELSE">
<kw name="Normalize Path" owner="OperatingSystem">
<msg time="2026-01-18T18:47:06.895040" level="INFO">${download_dir} = /var/jenkins_home/workspace/Guruttava-E2E-Tests/downloads</msg>
<var>${download_dir}</var>
<arg>${EXECDIR}/downloads</arg>
<doc>Normalizes the given path.</doc>
<status status="PASS" start="2026-01-18T18:47:06.894621" elapsed="0.000488"/>
</kw>
<status status="PASS" start="2026-01-18T18:47:06.894322" elapsed="0.000902"/>
</branch>
<status status="PASS" start="2026-01-18T18:47:06.893376" elapsed="0.001920"/>
</if>
<return>
<value>${download_dir}</value>
<status status="PASS" start="2026-01-18T18:47:06.895367" elapsed="0.000088"/>
</return>
<msg time="2026-01-18T18:47:06.895743" level="INFO">${download_dir} = /var/jenkins_home/workspace/Guruttava-E2E-Tests/downloads</msg>
<var>${download_dir}</var>
<arg>${custom_path}</arg>
<doc>Returns the path to the downloads directory</doc>
<status status="PASS" start="2026-01-18T18:47:06.892804" elapsed="0.002993"/>
</kw>
<kw name="List Files In Directory" owner="OperatingSystem">
<msg time="2026-01-18T18:47:06.896876" level="INFO" html="true">Listing contents of directory '&lt;a href="file:///var/jenkins_home/workspace/Guruttava-E2E-Tests/downloads"&gt;/var/jenkins_home/workspace/Guruttava-E2E-Tests/downloads&lt;/a&gt;'.</msg>
<msg time="2026-01-18T18:47:06.936176" level="INFO">${files} = None</msg>
<msg time="2026-01-18T18:47:06.951454" level="FAIL">Directory '/var/jenkins_home/workspace/Guruttava-E2E-Tests/downloads' does not exist.</msg>
<var>${files}</var>
<arg>${download_dir}</arg>
<doc>Wrapper for `List Directory` that returns only files.</doc>
<status status="FAIL" start="2026-01-18T18:47:06.896332" elapsed="0.055409">Directory '/var/jenkins_home/workspace/Guruttava-E2E-Tests/downloads' does not exist.</status>
</kw>
<for flavor="IN">
<iter>
<kw name="Remove File" owner="OperatingSystem">
<arg>${download_dir}/${file}</arg>
<doc>Removes a file with the given path.</doc>
<status status="NOT RUN" start="2026-01-18T18:47:06.953059" elapsed="0.000090"/>
</kw>
<var name="${file}"/>
<status status="NOT RUN" start="2026-01-18T18:47:06.952696" elapsed="0.000549"/>
</iter>
<msg time="2026-01-18T18:47:06.953358" level="FAIL">Value of variable '@{files}' is not list or list-like.</msg>
<var>${file}</var>
<value>@{files}</value>
<status status="FAIL" start="2026-01-18T18:47:06.952224" elapsed="0.001226">Value of variable '@{files}' is not list or list-like.</status>
</for>
<kw name="Log To Console" owner="BuiltIn">
<arg>🗑️ Cleared download directory: ${download_dir}</arg>
<doc>Logs the given message to the console.</doc>
<status status="PASS" start="2026-01-18T18:47:06.954007" elapsed="0.000504"/>
</kw>
<arg>${custom_path}</arg>
<doc>Removes all files from the downloads directory</doc>
<status status="FAIL" start="2026-01-18T18:47:06.891867" elapsed="0.062940">Several failures occurred:

1) Directory '/var/jenkins_home/workspace/Guruttava-E2E-Tests/downloads' does not exist.

2) Value of variable '@{files}' is not list or list-like.</status>
</kw>
<status status="FAIL" start="2026-01-18T18:47:06.891243" elapsed="0.063717">Several failures occurred:

1) Directory '/var/jenkins_home/workspace/Guruttava-E2E-Tests/downloads' does not exist.

2) Value of variable '@{files}' is not list or list-like.</status>
</branch>
<branch type="ELSE">
<kw name="Join Path" owner="OperatingSystem">
<var>${file_path}</var>
<arg>${download_dir}</arg>
<arg>${filename}</arg>
<doc>Joins the given path part(s) to the given base path.</doc>
<status status="NOT RUN" start="2026-01-18T18:47:06.955394" elapsed="0.000082"/>
</kw>
<kw name="Remove File" owner="OperatingSystem">
<arg>${file_path}</arg>
<doc>Removes a file with the given path.</doc>
<status status="NOT RUN" start="2026-01-18T18:47:06.955881" elapsed="0.000081"/>
</kw>
<kw name="Log To Console" owner="BuiltIn">
<arg>🗑️ Removed downloaded file: ${filename}</arg>
<doc>Logs the given message to the console.</doc>
<status status="NOT RUN" start="2026-01-18T18:47:06.956235" elapsed="0.000060"/>
</kw>
<status status="NOT RUN" start="2026-01-18T18:47:06.955055" elapsed="0.001327"/>
</branch>
<status status="FAIL" start="2026-01-18T18:47:06.891200" elapsed="0.065256">Several failures occurred:

1) Directory '/var/jenkins_home/workspace/Guruttava-E2E-Tests/downloads' does not exist.

2) Value of variable '@{files}' is not list or list-like.</status>
</if>
<doc>Removes downloaded files, optionally specific file or all files</doc>
<status status="FAIL" start="2026-01-18T18:47:06.885915" elapsed="0.070790">Several failures occurred:

1) Directory '/var/jenkins_home/workspace/Guruttava-E2E-Tests/downloads' does not exist.

2) Value of variable '@{files}' is not list or list-like.</status>
</kw>
<arg>Cleanup Downloaded Files</arg>
<doc>Runs the given keyword with the given arguments and ignores possible error.</doc>
<status status="PASS" start="2026-01-18T18:47:06.885198" elapsed="0.071673"/>
</kw>
<kw name="Log To Console" owner="BuiltIn">
<arg>===== Test Teardown Completed =====</arg>
<doc>Logs the given message to the console.</doc>
<status status="PASS" start="2026-01-18T18:47:06.957173" elapsed="0.000406"/>
</kw>
<doc>Teardown for each test case - ensures app is closed even on failure</doc>
<status status="PASS" start="2026-01-18T18:46:57.038345" elapsed="9.919480"/>
</kw>
<doc>End-to-end test: Create a music track in Web CRM, publish it, and verify playback in the mobile app.</doc>
<tag>audio</tag>
<tag>e2e</tag>
<tag>tc01</tag>
<status status="FAIL" start="2026-01-18T18:45:39.397561" elapsed="87.560385">SessionNotCreatedException: Message: session not created: Chrome instance exited. Examine ChromeDriver verbose log to determine the cause.; For documentation on this error, please visit: https://www.selenium.dev/documentation/webdriver/troubleshooting/errors#sessionnotcreatedexception
Stacktrace:
#0 0x5b0a2f323c3a &lt;unknown&gt;
#1 0x5b0a2ed3d969 &lt;unknown&gt;
#2 0x5b0a2ed7b51d &lt;unknown&gt;
#3 0x5b0a2ed76239 &lt;unknown&gt;
#4 0x5b0a2edc845e &lt;unknown&gt;
#5 0x5b0a2edc7b4c &lt;unknown&gt;
#6 0x5b0a2ed84be2 &lt;unknown&gt;
#7 0x5b0a2ed85991 &lt;unknown&gt;
#8 0x5b0a2f2e9a99 &lt;unknown&gt;
#9 0x5b0a2f2ec9b1 &lt;unknown&gt;
#10 0x5b0a2f2d60a9 &lt;unknown&gt;
#11 0x5b0a2f2ed56e &lt;unknown&gt;
#12 0x5b0a2f2bc5e0 &lt;unknown&gt;
#13 0x5b0a2f311358 &lt;unknown&gt;
#14 0x5b0a2f311528 &lt;unknown&gt;
#15 0x5b0a2f322fa8 &lt;unknown&gt;
#16 0x74163b69ab7b &lt;unknown&gt;
</status>
</test>
<test id="s1-s1-t2" name="Unpublish Music Track And Validate In Mobile App" line="53">
<kw name="Test Setup" owner="test_setup_teardown" type="SETUP">
<kw name="Log To Console" owner="BuiltIn">
<arg>===== Starting Test Setup =====</arg>
<doc>Logs the given message to the console.</doc>
<status status="PASS" start="2026-01-18T18:47:06.970689" elapsed="0.000431"/>
</kw>
<kw name="Register Keyword To Run On Failure" owner="Web">
<msg time="2026-01-18T18:47:06.972008" level="INFO">No Operation will be run on failure.</msg>
<arg>No Operation</arg>
<doc>Sets the keyword to execute, when a SeleniumLibrary keyword fails.</doc>
<status status="PASS" start="2026-01-18T18:47:06.971573" elapsed="0.000568"/>
</kw>
<kw name="Register Keyword To Run On Failure" owner="Mobile">
<msg time="2026-01-18T18:47:07.052323" level="INFO">No Operation will be run on failure.</msg>
<arg>No Operation</arg>
<doc>Sets the keyword to be executed when an AppiumLibrary keyword fails.</doc>
<status status="PASS" start="2026-01-18T18:47:06.972533" elapsed="0.080026"/>
</kw>
<kw name="Run Keyword And Ignore Error" owner="BuiltIn">
<kw name="Web Close All Browsers" owner="libraries">
<kw name="Close All Browsers" owner="Web">
<doc>Closes all open browsers and resets the browser cache.</doc>
<status status="PASS" start="2026-01-18T18:47:07.054136" elapsed="0.000348"/>
</kw>
<status status="PASS" start="2026-01-18T18:47:07.053482" elapsed="0.001165"/>
</kw>
<arg>Web Close All Browsers</arg>
<doc>Runs the given keyword with the given arguments and ignores possible error.</doc>
<status status="PASS" start="2026-01-18T18:47:07.052938" elapsed="0.001806"/>
</kw>
<kw name="Sleep" owner="BuiltIn">
<msg time="2026-01-18T18:47:08.057405" level="INFO">Slept 1 second.</msg>
<arg>1s</arg>
<doc>Pauses the test executed for the given time.</doc>
<status status="PASS" start="2026-01-18T18:47:07.055030" elapsed="1.002541"/>
</kw>
<kw name="Run Keyword And Ignore Error" owner="BuiltIn">
<kw name="Mobile Close Application" owner="libraries">
<kw name="Close Application" owner="Mobile">
<kw name="No Operation" owner="BuiltIn">
<doc>Does absolutely nothing.</doc>
<status status="PASS" start="2026-01-18T18:47:08.067078" elapsed="0.000303"/>
</kw>
<msg time="2026-01-18T18:47:08.067615" level="FAIL">No application is open</msg>
<doc>Closes the current application and the webdriver session.</doc>
<status status="FAIL" start="2026-01-18T18:47:08.065248" elapsed="0.042593">No application is open</status>
</kw>
<status status="FAIL" start="2026-01-18T18:47:08.060745" elapsed="0.055203">No application is open</status>
</kw>
<arg>Mobile Close Application</arg>
<doc>Runs the given keyword with the given arguments and ignores possible error.</doc>
<status status="PASS" start="2026-01-18T18:47:08.058745" elapsed="0.057599"/>
</kw>
<kw name="Sleep" owner="BuiltIn">
<msg time="2026-01-18T18:47:10.117727" level="INFO">Slept 2 seconds.</msg>
<arg>2s</arg>
<doc>Pauses the test executed for the given time.</doc>
<status status="PASS" start="2026-01-18T18:47:08.117165" elapsed="2.001110"/>
</kw>
<kw name="Log To Console" owner="BuiltIn">
<arg>===== Test Setup Completed =====</arg>
<doc>Logs the given message to the console.</doc>
<status status="PASS" start="2026-01-18T18:47:10.119658" elapsed="0.000482"/>
</kw>
<doc>Setup for each test case - ensures clean state</doc>
<status status="PASS" start="2026-01-18T18:47:06.969920" elapsed="3.150428"/>
</kw>
<kw name="Open Web Browser" owner="web_keywords">
<kw name="Log To Console" owner="BuiltIn">
<arg>🌐 Opening web browser: ${WEB_BROWSER}</arg>
<doc>Logs the given message to the console.</doc>
<status status="PASS" start="2026-01-18T18:47:10.121640" elapsed="0.000828"/>
</kw>
<kw name="Log To Console" owner="BuiltIn">
<arg>🔗 Navigating to: ${WEB_BASE_URL}</arg>
<doc>Logs the given message to the console.</doc>
<status status="PASS" start="2026-01-18T18:47:10.122967" elapsed="0.000595"/>
</kw>
<kw name="Web Open Browser" owner="libraries">
<kw name="Open Browser" owner="Web">
<msg time="2026-01-18T18:47:10.125885" level="INFO">Opening browser 'chrome' to base url 'https://gurutattvacmsnewdev.rysun.in:9090/'.</msg>
<kw name="No Operation" owner="BuiltIn">
<doc>Does absolutely nothing.</doc>
<status status="PASS" start="2026-01-18T18:47:30.131238" elapsed="0.000276"/>
</kw>
<msg time="2026-01-18T18:47:30.131725" level="FAIL">SessionNotCreatedException: Message: session not created: Chrome instance exited. Examine ChromeDriver verbose log to determine the cause.; For documentation on this error, please visit: https://www.selenium.dev/documentation/webdriver/troubleshooting/errors#sessionnotcreatedexception
Stacktrace:
#0 0x575f00940c3a &lt;unknown&gt;
#1 0x575f0035a969 &lt;unknown&gt;
#2 0x575f0039851d &lt;unknown&gt;
#3 0x575f00393239 &lt;unknown&gt;
#4 0x575f003e545e &lt;unknown&gt;
#5 0x575f003e4b4c &lt;unknown&gt;
#6 0x575f003a1be2 &lt;unknown&gt;
#7 0x575f003a2991 &lt;unknown&gt;
#8 0x575f00906a99 &lt;unknown&gt;
#9 0x575f009099b1 &lt;unknown&gt;
#10 0x575f008f30a9 &lt;unknown&gt;
#11 0x575f0090a56e &lt;unknown&gt;
#12 0x575f008d95e0 &lt;unknown&gt;
#13 0x575f0092e358 &lt;unknown&gt;
#14 0x575f0092e528 &lt;unknown&gt;
#15 0x575f0093ffa8 &lt;unknown&gt;
#16 0x7d13ed01fb7b &lt;unknown&gt;
</msg>
<arg>${url}</arg>
<arg>${browser}</arg>
<arg>${alias}</arg>
<arg>${remote_url}</arg>
<arg>&amp;{kwargs}</arg>
<doc>Opens a new browser instance to the optional ``url``.</doc>
<status status="FAIL" start="2026-01-18T18:47:10.125189" elapsed="20.225399">SessionNotCreatedException: Message: session not created: Chrome instance exited. Examine ChromeDriver verbose log to determine the cause.; For documentation on this error, please visit: https://www.selenium.dev/documentation/webdriver/troubleshooting/errors#sessionnotcreatedexception
Stacktrace:
#0 0x575f00940c3a &lt;unknown&gt;
#1 0x575f0035a969 &lt;unknown&gt;
#2 0x575f0039851d &lt;unknown&gt;
#3 0x575f00393239 &lt;unknown&gt;
#4 0x575f003e545e &lt;unknown&gt;
#5 0x575f003e4b4c &lt;unknown&gt;
#6 0x575f003a1be2 &lt;unknown&gt;
#7 0x575f003a2991 &lt;unknown&gt;
#8 0x575f00906a99 &lt;unknown&gt;
#9 0x575f009099b1 &lt;unknown&gt;
#10 0x575f008f30a9 &lt;unknown&gt;
#11 0x575f0090a56e &lt;unknown&gt;
#12 0x575f008d95e0 &lt;unknown&gt;
#13 0x575f0092e358 &lt;unknown&gt;
#14 0x575f0092e528 &lt;unknown&gt;
#15 0x575f0093ffa8 &lt;unknown&gt;
#16 0x7d13ed01fb7b &lt;unknown&gt;
</status>
</kw>
<arg>${WEB_BASE_URL}</arg>
<arg>${WEB_BROWSER}</arg>
<status status="FAIL" start="2026-01-18T18:47:10.124052" elapsed="20.226896">SessionNotCreatedException: Message: session not created: Chrome instance exited. Examine ChromeDriver verbose log to determine the cause.; For documentation on this error, please visit: https://www.selenium.dev/documentation/webdriver/troubleshooting/errors#sessionnotcreatedexception
Stacktrace:
#0 0x575f00940c3a &lt;unknown&gt;
#1 0x575f0035a969 &lt;unknown&gt;
#2 0x575f0039851d &lt;unknown&gt;
#3 0x575f00393239 &lt;unknown&gt;
#4 0x575f003e545e &lt;unknown&gt;
#5 0x575f003e4b4c &lt;unknown&gt;
#6 0x575f003a1be2 &lt;unknown&gt;
#7 0x575f003a2991 &lt;unknown&gt;
#8 0x575f00906a99 &lt;unknown&gt;
#9 0x575f009099b1 &lt;unknown&gt;
#10 0x575f008f30a9 &lt;unknown&gt;
#11 0x575f0090a56e &lt;unknown&gt;
#12 0x575f008d95e0 &lt;unknown&gt;
#13 0x575f0092e358 &lt;unknown&gt;
#14 0x575f0092e528 &lt;unknown&gt;
#15 0x575f0093ffa8 &lt;unknown&gt;
#16 0x7d13ed01fb7b &lt;unknown&gt;
</status>
</kw>
<kw name="Web Maximize Browser Window" owner="libraries">
<status status="NOT RUN" start="2026-01-18T18:47:30.351364" elapsed="0.000085"/>
</kw>
<kw name="Web Set Selenium Implicit Wait" owner="libraries">
<arg>${WEB_IMPLICIT_WAIT}</arg>
<status status="NOT RUN" start="2026-01-18T18:47:30.351749" elapsed="0.000070"/>
</kw>
<kw name="Log To Console" owner="BuiltIn">
<arg>✅ Web browser opened successfully</arg>
<doc>Logs the given message to the console.</doc>
<status status="NOT RUN" start="2026-01-18T18:47:30.352093" elapsed="0.000069"/>
</kw>
<kw name="Run Keyword And Return Status" owner="BuiltIn">
<var>${ssl_warning_present}</var>
<arg>Web Wait Until Page Contains Element</arg>
<arg>id=details-button</arg>
<arg>3s</arg>
<doc>Runs the given keyword with given arguments and returns the status as a Boolean value.</doc>
<status status="NOT RUN" start="2026-01-18T18:47:30.352488" elapsed="0.000070"/>
</kw>
<if>
<branch type="IF" condition="${ssl_warning_present}">
<kw name="Log To Console" owner="BuiltIn">
<arg>⚠️ SSL Certificate warning detected, clicking Advanced...</arg>
<doc>Logs the given message to the console.</doc>
<status status="NOT RUN" start="2026-01-18T18:47:30.353060" elapsed="0.000080"/>
</kw>
<kw name="Web Click Element" owner="libraries">
<arg>id=details-button</arg>
<status status="NOT RUN" start="2026-01-18T18:47:30.353497" elapsed="0.000077"/>
</kw>
<kw name="Sleep" owner="BuiltIn">
<arg>1s</arg>
<doc>Pauses the test executed for the given time.</doc>
<status status="NOT RUN" start="2026-01-18T18:47:30.353926" elapsed="0.000073"/>
</kw>
<kw name="Web Click Element" owner="libraries">
<arg>id=proceed-link</arg>
<status status="NOT RUN" start="2026-01-18T18:47:30.354298" elapsed="0.000058"/>
</kw>
<kw name="Sleep" owner="BuiltIn">
<arg>2s</arg>
<doc>Pauses the test executed for the given time.</doc>
<status status="NOT RUN" start="2026-01-18T18:47:30.354631" elapsed="0.000048"/>
</kw>
<kw name="Log To Console" owner="BuiltIn">
<arg>✅ Proceeded past SSL warning</arg>
<doc>Logs the given message to the console.</doc>
<status status="NOT RUN" start="2026-01-18T18:47:30.354875" elapsed="0.000036"/>
</kw>
<status status="NOT RUN" start="2026-01-18T18:47:30.352731" elapsed="0.002234"/>
</branch>
<status status="NOT RUN" start="2026-01-18T18:47:30.352685" elapsed="0.002349"/>
</if>
<kw name="Delete All Cookies" owner="Web">
<doc>Deletes all cookies.</doc>
<status status="NOT RUN" start="2026-01-18T18:47:30.355213" elapsed="0.000037"/>
</kw>
<kw name="Execute Javascript" owner="Web">
<arg>window.localStorage.clear();</arg>
<doc>Executes the given JavaScript code with possible arguments.</doc>
<status status="NOT RUN" start="2026-01-18T18:47:30.355412" elapsed="0.000034"/>
</kw>
<kw name="Execute Javascript" owner="Web">
<arg>window.sessionStorage.clear();</arg>
<doc>Executes the given JavaScript code with possible arguments.</doc>
<status status="NOT RUN" start="2026-01-18T18:47:30.355658" elapsed="0.000042"/>
</kw>
<kw name="Log To Console" owner="BuiltIn">
<arg>✅ Cookies and cache cleared</arg>
<doc>Logs the given message to the console.</doc>
<status status="NOT RUN" start="2026-01-18T18:47:30.355901" elapsed="0.000042"/>
</kw>
<kw name="Wait For Page To Be Ready" owner="web_keywords">
<doc>Waits for page to be fully loaded including JavaScript</doc>
<status status="NOT RUN" start="2026-01-18T18:47:30.356305" elapsed="0.000079"/>
</kw>
<kw name="Log To Console" owner="BuiltIn">
<arg>✅ Page is fully loaded and ready</arg>
<doc>Logs the given message to the console.</doc>
<status status="NOT RUN" start="2026-01-18T18:47:30.356686" elapsed="0.000079"/>
</kw>
<doc>Opens web browser and navigates to Gurutattva website</doc>
<status status="FAIL" start="2026-01-18T18:47:10.120933" elapsed="20.236059">SessionNotCreatedException: Message: session not created: Chrome instance exited. Examine ChromeDriver verbose log to determine the cause.; For documentation on this error, please visit: https://www.selenium.dev/documentation/webdriver/troubleshooting/errors#sessionnotcreatedexception
Stacktrace:
#0 0x575f00940c3a &lt;unknown&gt;
#1 0x575f0035a969 &lt;unknown&gt;
#2 0x575f0039851d &lt;unknown&gt;
#3 0x575f00393239 &lt;unknown&gt;
#4 0x575f003e545e &lt;unknown&gt;
#5 0x575f003e4b4c &lt;unknown&gt;
#6 0x575f003a1be2 &lt;unknown&gt;
#7 0x575f003a2991 &lt;unknown&gt;
#8 0x575f00906a99 &lt;unknown&gt;
#9 0x575f009099b1 &lt;unknown&gt;
#10 0x575f008f30a9 &lt;unknown&gt;
#11 0x575f0090a56e &lt;unknown&gt;
#12 0x575f008d95e0 &lt;unknown&gt;
#13 0x575f0092e358 &lt;unknown&gt;
#14 0x575f0092e528 &lt;unknown&gt;
#15 0x575f0093ffa8 &lt;unknown&gt;
#16 0x7d13ed01fb7b &lt;unknown&gt;
</status>
</kw>
<kw name="Login in with valid credentials" owner="web_keywords">
<doc>Logs in to web application with valid credentials</doc>
<status status="NOT RUN" start="2026-01-18T18:47:30.367105" elapsed="0.000167"/>
</kw>
<kw name="Click on the Audio Menu" owner="CRM_AudioPage">
<doc>Clicks on the Audio menu in the web application and waits for submenu to expand</doc>
<status status="NOT RUN" start="2026-01-18T18:47:30.367733" elapsed="0.000064"/>
</kw>
<kw name="Click on the Music Submenu" owner="CRM_AudioPage">
<doc>Clicks on the Music submenu under Audio with fallback locators</doc>
<status status="NOT RUN" start="2026-01-18T18:47:30.368995" elapsed="0.000117"/>
</kw>
<kw name="Unpublish Music Track From Edit Page And Validate In Mobile App" owner="E2EAudioPage">
<tag>Audio</tag>
<tag>E2E</tag>
<tag>Integration</tag>
<tag>Unpublish</tag>
<doc>Unpublish a music track from the CRM edit page and validate it is not visible in the mobile app.</doc>
<status status="NOT RUN" start="2026-01-18T18:47:30.389307" elapsed="0.009010"/>
</kw>
<kw name="Test Teardown" owner="test_setup_teardown" type="TEARDOWN">
<kw name="Log To Console" owner="BuiltIn">
<arg>===== Starting Test Teardown =====</arg>
<doc>Logs the given message to the console.</doc>
<status status="PASS" start="2026-01-18T18:47:30.400028" elapsed="0.000489"/>
</kw>
<kw name="Run Keyword If Test Failed" owner="BuiltIn">
<kw name="Take Screenshot On Failure" owner="test_setup_teardown">
<try>
<branch type="TRY">
<kw name="Create Directory" owner="OperatingSystem">
<msg time="2026-01-18T18:47:30.429272" level="INFO" html="true">Directory '&lt;a href="file:///var/jenkins_home/workspace/Guruttava-E2E-Tests/results/Screenshot"&gt;/var/jenkins_home/workspace/Guruttava-E2E-Tests/results/Screenshot&lt;/a&gt;' already exists.</msg>
<arg>${SCREENSHOT_DIR}</arg>
<doc>Creates the specified directory.</doc>
<status status="PASS" start="2026-01-18T18:47:30.402809" elapsed="0.026648"/>
</kw>
<kw name="Get Current Date" owner="DateTime">
<msg time="2026-01-18T18:47:30.430351" level="INFO">${timestamp} = 20260118_184730</msg>
<var>${timestamp}</var>
<arg>result_format=%Y%m%d_%H%M%S</arg>
<doc>Returns current local or UTC time with an optional increment.</doc>
<status status="PASS" start="2026-01-18T18:47:30.429884" elapsed="0.000583"/>
</kw>
<kw name="Replace String" owner="String">
<msg time="2026-01-18T18:47:30.431369" level="INFO">${safe_test_name} = Unpublish_Music_Track_And_Validate_In_Mobile_App</msg>
<var>${safe_test_name}</var>
<arg>${test_name}</arg>
<arg>${SPACE}</arg>
<arg>_</arg>
<doc>Replaces ``search_for`` in the given ``string`` with ``replace_with``.</doc>
<status status="PASS" start="2026-01-18T18:47:30.430837" elapsed="0.000607"/>
</kw>
<kw name="Replace String" owner="String">
<msg time="2026-01-18T18:47:30.432136" level="INFO">${safe_test_name} = Unpublish_Music_Track_And_Validate_In_Mobile_App</msg>
<var>${safe_test_name}</var>
<arg>${safe_test_name}</arg>
<arg>.</arg>
<arg>_</arg>
<doc>Replaces ``search_for`` in the given ``string`` with ``replace_with``.</doc>
<status status="PASS" start="2026-01-18T18:47:30.431777" elapsed="0.000402"/>
</kw>
<kw name="Set Variable" owner="BuiltIn">
<msg time="2026-01-18T18:47:30.432799" level="INFO">${filename} = /var/jenkins_home/workspace/Guruttava-E2E-Tests/results/Screenshot/Unpublish_Music_Track_And_Validate_In_Mobile_App_20260118_184730.png</msg>
<var>${filename}</var>
<arg>${SCREENSHOT_DIR}/${safe_test_name}_${timestamp}.png</arg>
<doc>Returns the given values which can then be assigned to a variables.</doc>
<status status="PASS" start="2026-01-18T18:47:30.432450" elapsed="0.000394"/>
</kw>
<kw name="Custom Capture Screenshot" owner="libraries">
<kw name="Run Keyword And Return Status" owner="BuiltIn">
<kw name="Capture Page Screenshot" owner="Mobile">
<kw name="No Operation" owner="BuiltIn">
<doc>Does absolutely nothing.</doc>
<status status="PASS" start="2026-01-18T18:47:30.452446" elapsed="0.000258"/>
</kw>
<msg time="2026-01-18T18:47:30.452944" level="FAIL">No application is open</msg>
<arg>${filename}</arg>
<doc>Takes a screenshot of the current page and embeds it into the log.</doc>
<status status="FAIL" start="2026-01-18T18:47:30.434431" elapsed="0.096935">No application is open</status>
</kw>
<msg time="2026-01-18T18:47:30.531665" level="INFO">${mobile_status} = False</msg>
<var>${mobile_status}</var>
<arg>Mobile.Capture Page Screenshot</arg>
<arg>${filename}</arg>
<doc>Runs the given keyword with given arguments and returns the status as a Boolean value.</doc>
<status status="PASS" start="2026-01-18T18:47:30.434047" elapsed="0.097676"/>
</kw>
<kw name="Log To Console" owner="BuiltIn">
<arg>✅ Mobile screenshot captured: ${filename}</arg>
<doc>Logs the given message to the console.</doc>
<status status="PASS" start="2026-01-18T18:47:30.532059" elapsed="0.000423"/>
</kw>
<if>
<branch type="IF" condition="not ${mobile_status}">
<kw name="Log To Console" owner="BuiltIn">
<arg>⚠️ Mobile screenshot capture failed, capturing web screenshot...</arg>
<doc>Logs the given message to the console.</doc>
<status status="PASS" start="2026-01-18T18:47:30.533140" elapsed="0.000253"/>
</kw>
<kw name="Capture Page Screenshot" owner="Web">
<msg time="2026-01-18T18:47:30.534196" level="INFO">Cannot capture screenshot because no browser is open.</msg>
<arg>${filename}</arg>
<doc>Takes a screenshot of the current page and embeds it into a log file.</doc>
<status status="PASS" start="2026-01-18T18:47:30.533723" elapsed="0.000575"/>
</kw>
<status status="PASS" start="2026-01-18T18:47:30.532687" elapsed="0.001695"/>
</branch>
<status status="PASS" start="2026-01-18T18:47:30.532638" elapsed="0.001805"/>
</if>
<arg>${filename}</arg>
<status status="PASS" start="2026-01-18T18:47:30.433242" elapsed="0.101279"/>
</kw>
<kw name="Log To Console" owner="BuiltIn">
<arg>✅ Screenshot captured: ${filename}</arg>
<doc>Logs the given message to the console.</doc>
<status status="PASS" start="2026-01-18T18:47:30.534790" elapsed="0.000361"/>
</kw>
<kw name="Log" owner="BuiltIn">
<msg time="2026-01-18T18:47:30.535871" level="INFO" html="true">&lt;a href="/var/jenkins_home/workspace/Guruttava-E2E-Tests/results/Screenshot/Unpublish_Music_Track_And_Validate_In_Mobile_App_20260118_184730.png"&gt;Screenshot for Unpublish Music Track And Validate In Mobile App&lt;/a&gt;</msg>
<arg>&lt;a href="${filename}"&gt;Screenshot for ${test_name}&lt;/a&gt;</arg>
<arg>HTML</arg>
<doc>Logs the given message with the given level.</doc>
<status status="PASS" start="2026-01-18T18:47:30.535470" elapsed="0.000565"/>
</kw>
<status status="PASS" start="2026-01-18T18:47:30.402518" elapsed="0.133612"/>
</branch>
<branch type="EXCEPT" assign="${error}">
<kw name="Log To Console" owner="BuiltIn">
<arg>⚠️ Screenshot capture failed: ${error}</arg>
<doc>Logs the given message to the console.</doc>
<status status="NOT RUN" start="2026-01-18T18:47:30.536558" elapsed="0.009308"/>
</kw>
<try>
<branch type="TRY">
<kw name="Set Variable" owner="BuiltIn">
<var>${alt_filename}</var>
<arg>${SCREENSHOT_DIR}/failed_${test_name}.png</arg>
<doc>Returns the given values which can then be assigned to a variables.</doc>
<status status="NOT RUN" start="2026-01-18T18:47:30.546569" elapsed="0.000066"/>
</kw>
<kw name="Capture Page Screenshot" owner="Mobile">
<arg>${alt_filename}</arg>
<doc>Takes a screenshot of the current page and embeds it into the log.</doc>
<status status="NOT RUN" start="2026-01-18T18:47:30.546863" elapsed="0.000048"/>
</kw>
<kw name="Log To Console" owner="BuiltIn">
<arg>✅ Alternative screenshot captured: ${alt_filename}</arg>
<doc>Logs the given message to the console.</doc>
<status status="NOT RUN" start="2026-01-18T18:47:30.547154" elapsed="0.000055"/>
</kw>
<status status="NOT RUN" start="2026-01-18T18:47:30.546213" elapsed="0.001061"/>
</branch>
<branch type="EXCEPT" assign="${alt_error}">
<kw name="Log To Console" owner="BuiltIn">
<arg>❌ All screenshot methods failed: ${alt_error}</arg>
<doc>Logs the given message to the console.</doc>
<status status="NOT RUN" start="2026-01-18T18:47:30.547619" elapsed="0.000066"/>
</kw>
<status status="NOT RUN" start="2026-01-18T18:47:30.547367" elapsed="0.000398"/>
</branch>
<status status="NOT RUN" start="2026-01-18T18:47:30.546138" elapsed="0.002438"/>
</try>
<status status="NOT RUN" start="2026-01-18T18:47:30.536261" elapsed="0.012429"/>
</branch>
<status status="PASS" start="2026-01-18T18:47:30.402449" elapsed="0.146355"/>
</try>
<arg>${TEST NAME}</arg>
<status status="PASS" start="2026-01-18T18:47:30.401873" elapsed="0.147060"/>
</kw>
<arg>Take Screenshot On Failure</arg>
<arg>${TEST NAME}</arg>
<doc>Runs the given keyword with the given arguments, if the test failed.</doc>
<status status="PASS" start="2026-01-18T18:47:30.401037" elapsed="0.148052"/>
</kw>
<kw name="Run Keyword And Ignore Error" owner="BuiltIn">
<kw name="Web Close All Browsers" owner="libraries">
<kw name="Close All Browsers" owner="Web">
<doc>Closes all open browsers and resets the browser cache.</doc>
<status status="PASS" start="2026-01-18T18:47:30.550700" elapsed="0.000294"/>
</kw>
<status status="PASS" start="2026-01-18T18:47:30.550040" elapsed="0.001127"/>
</kw>
<arg>Web Close All Browsers</arg>
<doc>Runs the given keyword with the given arguments and ignores possible error.</doc>
<status status="PASS" start="2026-01-18T18:47:30.549435" elapsed="0.001824"/>
</kw>
<kw name="Sleep" owner="BuiltIn">
<msg time="2026-01-18T18:47:31.552121" level="INFO">Slept 1 second.</msg>
<arg>1s</arg>
<doc>Pauses the test executed for the given time.</doc>
<status status="PASS" start="2026-01-18T18:47:30.551542" elapsed="1.000770"/>
</kw>
<kw name="Run Keyword And Ignore Error" owner="BuiltIn">
<kw name="Close Gurutattva App" owner="keywords">
<kw name="Log To Console" owner="BuiltIn">
<arg>===== Closing Gurutattva App =====</arg>
<doc>Logs the given message to the console.</doc>
<status status="PASS" start="2026-01-18T18:47:31.553996" elapsed="0.000462"/>
</kw>
<kw name="Run Keyword And Return Status" owner="BuiltIn">
<kw name="Mobile Terminate Application" owner="libraries">
<kw name="Terminate Application" owner="Mobile">
<kw name="No Operation" owner="BuiltIn">
<doc>Does absolutely nothing.</doc>
<status status="PASS" start="2026-01-18T18:47:31.556731" elapsed="0.000205"/>
</kw>
<msg time="2026-01-18T18:47:31.557189" level="FAIL">No application is open</msg>
<arg>${app_id}</arg>
<doc>Terminates the given app on the device.</doc>
<status status="FAIL" start="2026-01-18T18:47:31.556185" elapsed="0.188360">No application is open</status>
</kw>
<arg>${APP_PACKAGE}</arg>
<status status="FAIL" start="2026-01-18T18:47:31.555340" elapsed="0.189589">No application is open</status>
</kw>
<msg time="2026-01-18T18:47:31.745157" level="INFO">${status} = False</msg>
<var>${status}</var>
<arg>Mobile Terminate Application</arg>
<arg>${APP_PACKAGE}</arg>
<doc>Runs the given keyword with given arguments and returns the status as a Boolean value.</doc>
<status status="PASS" start="2026-01-18T18:47:31.554862" elapsed="0.190352"/>
</kw>
<if>
<branch type="IF" condition="${status}">
<kw name="Log To Console" owner="BuiltIn">
<arg>✅ App terminated gracefully</arg>
<doc>Logs the given message to the console.</doc>
<status status="NOT RUN" start="2026-01-18T18:47:31.745869" elapsed="0.000089"/>
</kw>
<kw name="Sleep" owner="BuiltIn">
<arg>2s</arg>
<doc>Pauses the test executed for the given time.</doc>
<status status="NOT RUN" start="2026-01-18T18:47:31.746256" elapsed="0.000071"/>
</kw>
<status status="NOT RUN" start="2026-01-18T18:47:31.745399" elapsed="0.000999"/>
</branch>
<branch type="ELSE">
<kw name="Log To Console" owner="BuiltIn">
<arg>⚠️ Graceful termination failed, using force stop</arg>
<doc>Logs the given message to the console.</doc>
<status status="PASS" start="2026-01-18T18:47:31.746746" elapsed="0.000398"/>
</kw>
<kw name="Run Keyword And Ignore Error" owner="BuiltIn">
<kw name="Run Process" owner="Process">
<msg time="2026-01-18T18:47:31.748375" level="INFO">Starting process:
adb shell am force-stop com.org.gurutattva.app</msg>
<msg time="2026-01-18T18:47:31.749163" level="INFO">Waiting for process to complete.</msg>
<msg time="2026-01-18T18:47:31.778950" level="INFO">Process completed.</msg>
<arg>adb</arg>
<arg>shell</arg>
<arg>am</arg>
<arg>force-stop</arg>
<arg>${APP_PACKAGE}</arg>
<arg>shell=True</arg>
<doc>Runs a process and waits for it to complete.</doc>
<status status="PASS" start="2026-01-18T18:47:31.747907" elapsed="0.031219"/>
</kw>
<arg>Run Process</arg>
<arg>adb</arg>
<arg>shell</arg>
<arg>am</arg>
<arg>force-stop</arg>
<arg>${APP_PACKAGE}</arg>
<arg>shell=True</arg>
<doc>Runs the given keyword with the given arguments and ignores possible error.</doc>
<status status="PASS" start="2026-01-18T18:47:31.747491" elapsed="0.031800"/>
</kw>
<kw name="Sleep" owner="BuiltIn">
<msg time="2026-01-18T18:47:33.780173" level="INFO">Slept 2 seconds.</msg>
<arg>2s</arg>
<doc>Pauses the test executed for the given time.</doc>
<status status="PASS" start="2026-01-18T18:47:31.779618" elapsed="2.000751"/>
</kw>
<status status="PASS" start="2026-01-18T18:47:31.746472" elapsed="2.034024"/>
</branch>
<status status="PASS" start="2026-01-18T18:47:31.745346" elapsed="2.035216"/>
</if>
<kw name="Run Keyword And Return Status" owner="BuiltIn">
<kw name="Mobile Close Application" owner="libraries">
<kw name="Close Application" owner="Mobile">
<kw name="No Operation" owner="BuiltIn">
<doc>Does absolutely nothing.</doc>
<status status="PASS" start="2026-01-18T18:47:33.782515" elapsed="0.000220"/>
</kw>
<msg time="2026-01-18T18:47:33.782950" level="FAIL">No application is open</msg>
<doc>Closes the current application and the webdriver session.</doc>
<status status="FAIL" start="2026-01-18T18:47:33.782074" elapsed="0.156090">No application is open</status>
</kw>
<status status="FAIL" start="2026-01-18T18:47:33.781383" elapsed="0.157182">No application is open</status>
</kw>
<msg time="2026-01-18T18:47:33.938827" level="INFO">${close_status} = False</msg>
<var>${close_status}</var>
<arg>Mobile Close Application</arg>
<doc>Runs the given keyword with given arguments and returns the status as a Boolean value.</doc>
<status status="PASS" start="2026-01-18T18:47:33.780876" elapsed="0.158014"/>
</kw>
<if>
<branch type="IF" condition="${close_status}">
<kw name="Log To Console" owner="BuiltIn">
<arg>✅ Mobile session closed</arg>
<doc>Logs the given message to the console.</doc>
<status status="NOT RUN" start="2026-01-18T18:47:33.939570" elapsed="0.000095"/>
</kw>
<status status="NOT RUN" start="2026-01-18T18:47:33.939063" elapsed="0.000692"/>
</branch>
<branch type="ELSE">
<kw name="Log To Console" owner="BuiltIn">
<arg>⚠️ Mobile session close had issues</arg>
<doc>Logs the given message to the console.</doc>
<status status="PASS" start="2026-01-18T18:47:33.940226" elapsed="0.000530"/>
</kw>
<status status="PASS" start="2026-01-18T18:47:33.939833" elapsed="0.001097"/>
</branch>
<status status="PASS" start="2026-01-18T18:47:33.939018" elapsed="0.001986"/>
</if>
<kw name="Run Keyword And Ignore Error" owner="BuiltIn">
<kw name="Run Process" owner="Process">
<msg time="2026-01-18T18:47:33.942444" level="INFO">Starting process:
adb shell pkill -f com.org.gurutattva.app</msg>
<msg time="2026-01-18T18:47:33.943500" level="INFO">Waiting for process to complete.</msg>
<msg time="2026-01-18T18:47:33.948371" level="INFO">Process completed.</msg>
<arg>adb</arg>
<arg>shell</arg>
<arg>pkill</arg>
<arg>-f</arg>
<arg>${APP_PACKAGE}</arg>
<arg>shell=True</arg>
<doc>Runs a process and waits for it to complete.</doc>
<status status="PASS" start="2026-01-18T18:47:33.941925" elapsed="0.006705"/>
</kw>
<arg>Run Process</arg>
<arg>adb</arg>
<arg>shell</arg>
<arg>pkill</arg>
<arg>-f</arg>
<arg>${APP_PACKAGE}</arg>
<arg>shell=True</arg>
<doc>Runs the given keyword with the given arguments and ignores possible error.</doc>
<status status="PASS" start="2026-01-18T18:47:33.941322" elapsed="0.007501"/>
</kw>
<kw name="Sleep" owner="BuiltIn">
<msg time="2026-01-18T18:47:34.949722" level="INFO">Slept 1 second.</msg>
<arg>1s</arg>
<doc>Pauses the test executed for the given time.</doc>
<status status="PASS" start="2026-01-18T18:47:33.949156" elapsed="1.000869"/>
</kw>
<kw name="Log To Console" owner="BuiltIn">
<arg>===== Gurutattva App Closed =====</arg>
<doc>Logs the given message to the console.</doc>
<status status="PASS" start="2026-01-18T18:47:34.950457" elapsed="0.000376"/>
</kw>
<doc>Safely closes app with proper cleanup sequence</doc>
<status status="PASS" start="2026-01-18T18:47:31.553291" elapsed="3.399607"/>
</kw>
<arg>Close Gurutattva App</arg>
<doc>Runs the given keyword with the given arguments and ignores possible error.</doc>
<status status="PASS" start="2026-01-18T18:47:31.552703" elapsed="3.400338"/>
</kw>
<kw name="Run Keyword And Ignore Error" owner="BuiltIn">
<kw name="Mobile Close Application" owner="libraries">
<kw name="Close Application" owner="Mobile">
<kw name="No Operation" owner="BuiltIn">
<doc>Does absolutely nothing.</doc>
<status status="PASS" start="2026-01-18T18:47:34.955050" elapsed="0.000212"/>
</kw>
<msg time="2026-01-18T18:47:34.955482" level="FAIL">No application is open</msg>
<doc>Closes the current application and the webdriver session.</doc>
<status status="FAIL" start="2026-01-18T18:47:34.954573" elapsed="0.102718">No application is open</status>
</kw>
<status status="FAIL" start="2026-01-18T18:47:34.953892" elapsed="0.103701">No application is open</status>
</kw>
<arg>Mobile Close Application</arg>
<doc>Runs the given keyword with the given arguments and ignores possible error.</doc>
<status status="PASS" start="2026-01-18T18:47:34.953371" elapsed="0.104335"/>
</kw>
<kw name="Sleep" owner="BuiltIn">
<msg time="2026-01-18T18:47:38.059010" level="INFO">Slept 3 seconds.</msg>
<arg>3s</arg>
<doc>Pauses the test executed for the given time.</doc>
<status status="PASS" start="2026-01-18T18:47:35.058079" elapsed="3.001161"/>
</kw>
<kw name="Run Keyword And Ignore Error" owner="BuiltIn">
<kw name="Run" owner="OperatingSystem">
<msg time="2026-01-18T18:47:38.061318" level="INFO">Running command 'adb shell am force-stop com.org.gurutattva.app 2&gt;&amp;1'.</msg>
<arg>adb shell am force-stop ${APP_PACKAGE}</arg>
<doc>Runs the given command in the system and returns the output.</doc>
<status status="PASS" start="2026-01-18T18:47:38.060182" elapsed="0.008742"/>
</kw>
<arg>Run</arg>
<arg>adb shell am force-stop ${APP_PACKAGE}</arg>
<doc>Runs the given keyword with the given arguments and ignores possible error.</doc>
<status status="PASS" start="2026-01-18T18:47:38.059675" elapsed="0.009464"/>
</kw>
<kw name="Sleep" owner="BuiltIn">
<msg time="2026-01-18T18:47:40.070172" level="INFO">Slept 2 seconds.</msg>
<arg>2s</arg>
<doc>Pauses the test executed for the given time.</doc>
<status status="PASS" start="2026-01-18T18:47:38.069517" elapsed="2.000879"/>
</kw>
<kw name="Run Keyword And Ignore Error" owner="BuiltIn">
<kw name="Cleanup Downloaded Files" owner="libraries">
<kw name="Get Download Directory" owner="libraries">
<if>
<branch type="IF" condition="'${custom_path}' != '${EMPTY}'">
<kw name="Normalize Path" owner="OperatingSystem">
<var>${download_dir}</var>
<arg>${custom_path}</arg>
<doc>Normalizes the given path.</doc>
<status status="NOT RUN" start="2026-01-18T18:47:40.074085" elapsed="0.000083"/>
</kw>
<status status="NOT RUN" start="2026-01-18T18:47:40.073388" elapsed="0.000866"/>
</branch>
<branch type="ELSE">
<kw name="Normalize Path" owner="OperatingSystem">
<msg time="2026-01-18T18:47:40.074992" level="INFO">${download_dir} = /var/jenkins_home/workspace/Guruttava-E2E-Tests/downloads</msg>
<var>${download_dir}</var>
<arg>${EXECDIR}/downloads</arg>
<doc>Normalizes the given path.</doc>
<status status="PASS" start="2026-01-18T18:47:40.074596" elapsed="0.000466"/>
</kw>
<status status="PASS" start="2026-01-18T18:47:40.074332" elapsed="0.000834"/>
</branch>
<status status="PASS" start="2026-01-18T18:47:40.073330" elapsed="0.001898"/>
</if>
<return>
<value>${download_dir}</value>
<status status="PASS" start="2026-01-18T18:47:40.075300" elapsed="0.000099"/>
</return>
<msg time="2026-01-18T18:47:40.075767" level="INFO">${download_dir} = /var/jenkins_home/workspace/Guruttava-E2E-Tests/downloads</msg>
<var>${download_dir}</var>
<arg>${custom_path}</arg>
<doc>Returns the path to the downloads directory</doc>
<status status="PASS" start="2026-01-18T18:47:40.072629" elapsed="0.003201"/>
</kw>
<if>
<branch type="IF" condition="'${filename}' == '${EMPTY}'">
<kw name="Clear Download Directory" owner="libraries">
<kw name="Get Download Directory" owner="libraries">
<if>
<branch type="IF" condition="'${custom_path}' != '${EMPTY}'">
<kw name="Normalize Path" owner="OperatingSystem">
<var>${download_dir}</var>
<arg>${custom_path}</arg>
<doc>Normalizes the given path.</doc>
<status status="NOT RUN" start="2026-01-18T18:47:40.089491" elapsed="0.001503"/>
</kw>
<status status="NOT RUN" start="2026-01-18T18:47:40.089010" elapsed="0.002114"/>
</branch>
<branch type="ELSE">
<kw name="Normalize Path" owner="OperatingSystem">
<msg time="2026-01-18T18:47:40.102950" level="INFO">${download_dir} = /var/jenkins_home/workspace/Guruttava-E2E-Tests/downloads</msg>
<var>${download_dir}</var>
<arg>${EXECDIR}/downloads</arg>
<doc>Normalizes the given path.</doc>
<status status="PASS" start="2026-01-18T18:47:40.091563" elapsed="0.011480"/>
</kw>
<status status="PASS" start="2026-01-18T18:47:40.091203" elapsed="0.011951"/>
</branch>
<status status="PASS" start="2026-01-18T18:47:40.088959" elapsed="0.014261"/>
</if>
<return>
<value>${download_dir}</value>
<status status="PASS" start="2026-01-18T18:47:40.103290" elapsed="0.000129"/>
</return>
[...]
<tag>Admin</tag>
<tag>E2E</tag>
<tag>Gurutattva</tag>
<tag>Namkaran</tag>
<tag>Reject</tag>
<tag>robot:exit</tag>
<tag>TC24</tag>
<status status="FAIL" start="2026-01-18T18:48:40.900383" elapsed="0.000660">Test execution stopped due to a fatal error.</status>
</test>
<test id="s1-s5-t16" name="Verify that admin user is able to reject Child Namkaran in CMS and verify the details on mobile app" line="1084">
<tag>Admin</tag>
<tag>E2E</tag>
<tag>Gurutattva</tag>
<tag>Namkaran</tag>
<tag>Reject</tag>
<tag>robot:exit</tag>
<tag>TC25</tag>
<status status="FAIL" start="2026-01-18T18:48:40.901332" elapsed="0.000625">Test execution stopped due to a fatal error.</status>
</test>
<status status="FAIL" start="2026-01-18T18:48:40.868555" elapsed="0.033827"/>
</suite>
<suite id="s1-s6" name="E2ENews" source="/var/jenkins_home/workspace/Guruttava-E2E-Tests/tests/E2ENews.robot">
<test id="s1-s6-t1" name="Verify the image upload validation in CMS" line="18">
<tag>E2E</tag>
<tag>E2ENews</tag>
<tag>Gurutattva</tag>
<tag>robot:exit</tag>
<tag>TC03</tag>
<tag>Validation</tag>
<status status="FAIL" start="2026-01-18T18:48:40.903564" elapsed="0.000471">Test execution stopped due to a fatal error.</status>
</test>
<test id="s1-s6-t2" name="Verify that the user is able to add a English news, publish it in the CMS, and verify the english news details on the mobile app" line="65">
<tag>E2E</tag>
<tag>E2ENews</tag>
<tag>English</tag>
<tag>Gurutattva</tag>
<tag>robot:exit</tag>
<tag>TC01</tag>
<status status="FAIL" start="2026-01-18T18:48:40.914703" elapsed="0.018079">Test execution stopped due to a fatal error.</status>
</test>
<test id="s1-s6-t3" name="Verify that the user is able to add a Hindi news, publish it in the CMS, and verify the hindi news details on the mobile app" line="97">
<tag>E2E</tag>
<tag>E2ENews</tag>
<tag>Gurutattva</tag>
<tag>Hindi</tag>
<tag>robot:exit</tag>
<tag>TC02</tag>
<status status="FAIL" start="2026-01-18T18:48:40.933173" elapsed="0.000605">Test execution stopped due to a fatal error.</status>
</test>
<test id="s1-s6-t4" name="Test Unpublish News from CMS and Verify in Mobile App" line="142">
<doc>Unpublish News from CMS app and check reflection in Mobile app</doc>
<tag>E2E</tag>
<tag>E2ENews</tag>
<tag>milestone2</tag>
<tag>robot:exit</tag>
<tag>TC04</tag>
<tag>Unpublish</tag>
<status status="FAIL" start="2026-01-18T18:48:40.934146" elapsed="0.000681">Test execution stopped due to a fatal error.</status>
</test>
<test id="s1-s6-t5" name="Test News Category Tab In Mobile App" line="188">
<doc>In Mobile app, check for Category tab, it should list all the News (Local+ global) of that category</doc>
<tag>E2E</tag>
<tag>E2ENews</tag>
<tag>milestone2</tag>
<tag>robot:exit</tag>
<tag>TC05</tag>
<status status="FAIL" start="2026-01-18T18:48:40.935251" elapsed="0.000617">Test execution stopped due to a fatal error.</status>
</test>
<test id="s1-s6-t6" name="Test Check Local News Filter Functionality" line="222">
<doc>Check Local News Filter UI functionality - Tests that dropdowns work correctly (data found or not found both pass)</doc>
<tag>e2e</tag>
<tag>E2ENews</tag>
<tag>Filter</tag>
<tag>milestone2</tag>
<tag>Mobile</tag>
<tag>robot:exit</tag>
<tag>TC46</tag>
<status status="FAIL" start="2026-01-18T18:48:40.936166" elapsed="0.000606">Test execution stopped due to a fatal error.</status>
</test>
<test id="s1-s6-t7" name="Test Sanchalak Adds Local News And Super Admin Approves It" line="260">
<doc>Sanchalak adds local news, once Acharya/Super Admin Approves it then only that news is reflected in Mobile app under local news section</doc>
<tag>Approval</tag>
<tag>E2E</tag>
<tag>E2ENews</tag>
<tag>milestone2</tag>
<tag>robot:exit</tag>
<tag>Sanchalak</tag>
<tag>TC47</tag>
<status status="FAIL" start="2026-01-18T18:48:40.937106" elapsed="0.000616">Test execution stopped due to a fatal error.</status>
</test>
<test id="s1-s6-t8" name="Test Sanchalak Adds Local News And Super Admin Rejects It" line="350">
<doc>Sanchalak adds local news, once Acharya/Super Admin Rejects it then that news should not be reflected in Mobile app under local news section</doc>
<tag>E2E</tag>
<tag>E2ENews</tag>
<tag>milestone2</tag>
<tag>Rejection</tag>
<tag>robot:exit</tag>
<tag>Sanchalak</tag>
<tag>TC48</tag>
<status status="FAIL" start="2026-01-18T18:48:40.938057" elapsed="0.000728">Test execution stopped due to a fatal error.</status>
</test>
<test id="s1-s6-t9" name="Add News Category from CMS. Add News uder that category. check list of all categories in the Mobile app under Category tab." line="441">
<tag>e2e</tag>
<tag>E2ENews</tag>
<tag>Gurutattva</tag>
<tag>milestone2</tag>
<tag>robot:exit</tag>
<tag>TC78</tag>
<status status="FAIL" start="2026-01-18T18:48:40.939128" elapsed="0.000594">Test execution stopped due to a fatal error.</status>
</test>
<status status="FAIL" start="2026-01-18T18:48:40.903024" elapsed="0.037082"/>
</suite>
<suite id="s1-s7" name="E2EPrayer" source="/var/jenkins_home/workspace/Guruttava-E2E-Tests/tests/E2EPrayer.robot">
<test id="s1-s7-t1" name="End-to-End Integration: Verify that user is able to add Prayer with Self Option on the mobile app and verify it in CMS" line="13">
<doc>End-to-end test: Verify that user is able to add Prayer with Self Option on the mobile app and verify it in CMS</doc>
<tag>E2E</tag>
<tag>Integration</tag>
<tag>robot:exit</tag>
<tag>SelfPrayer</tag>
<tag>TC15</tag>
<status status="FAIL" start="2026-01-18T18:48:40.941211" elapsed="0.000706">Test execution stopped due to a fatal error.</status>
</test>
<test id="s1-s7-t2" name="End-to-End Integration:Verify that user is able to add Prayer with Other Option on the mobile app and verify it in CMS" line="50">
<doc>End-to-end test: Verify that user is able to add Prayer with Other Option on the mobile app and verify it in CMS</doc>
<tag>E2E</tag>
<tag>Integration</tag>
<tag>OtherPrayer</tag>
<tag>robot:exit</tag>
<tag>TC16</tag>
<status status="FAIL" start="2026-01-18T18:48:40.942232" elapsed="0.000632">Test execution stopped due to a fatal error.</status>
</test>
<test id="s1-s7-t3" name="Verify that user is able to export the Prayer in CMS" line="90">
<doc>End-to-end test: Verify that user is able to export the Prayer in CMS</doc>
<tag>E2E</tag>
<tag>ExportPrayer</tag>
<tag>Integration</tag>
<tag>robot:exit</tag>
<tag>TC17</tag>
<status status="FAIL" start="2026-01-18T18:48:40.943213" elapsed="0.000593">Test execution stopped due to a fatal error.</status>
</test>
<status status="FAIL" start="2026-01-18T18:48:40.940641" elapsed="0.012521"/>
</suite>
<suite id="s1-s8" name="E2ERegistration" source="/var/jenkins_home/workspace/Guruttava-E2E-Tests/tests/E2ERegistration.robot">
<test id="s1-s8-t1" name="Verify that quick registration on the mobile app reflects correctly in the CMS and user details are displayed properly in profile and flip card." line="23">
<tag>E2E</tag>
<tag>QuickRegistration</tag>
<tag>Registration</tag>
<tag>robot:exit</tag>
<tag>TC07</tag>
<status status="FAIL" start="2026-01-18T18:48:40.954372" elapsed="0.000732">Test execution stopped due to a fatal error.</status>
</test>
<test id="s1-s8-t2" name="Verify user is not able to do quick registration on mobile app with already used email id and phone number" line="71">
<tag>E2E</tag>
<tag>QuickRegistration</tag>
<tag>Registration</tag>
<tag>robot:exit</tag>
<tag>TC08</tag>
<status status="FAIL" start="2026-01-18T18:48:40.955423" elapsed="0.000591">Test execution stopped due to a fatal error.</status>
</test>
<test id="s1-s8-t3" name="Verify that the quick registration user is not able to access Events, Dhyan Kendra, and Podcasts , Home screen on the mobile app, and that a pop-up message is displayed" line="128">
<tag>E2E</tag>
<tag>QuickRegistration</tag>
<tag>Registration</tag>
<tag>robot:exit</tag>
<tag>TC09</tag>
<status status="FAIL" start="2026-01-18T18:48:40.956263" elapsed="0.000663">Test execution stopped due to a fatal error.</status>
</test>
<test id="s1-s8-t4" name="Verify that the quick registration user is able to become a member on the mobile app" line="151">
<tag>E2E</tag>
<tag>QuickRegistration</tag>
<tag>Registration</tag>
<tag>robot:exit</tag>
<tag>TC10</tag>
<status status="FAIL" start="2026-01-18T18:48:40.957235" elapsed="0.000486">Test execution stopped due to a fatal error.</status>
</test>
<test id="s1-s8-t5" name="Verify that Community registration on the mobile app reflects correctly in the CMS and user details are displayed properly in profile and flip card." line="189">
<tag>CommunityRegistration</tag>
<tag>E2E</tag>
<tag>Registration</tag>
<tag>robot:exit</tag>
<tag>TC11</tag>
<status status="FAIL" start="2026-01-18T18:48:40.958083" elapsed="0.011227">Test execution stopped due to a fatal error.</status>
</test>
<test id="s1-s8-t6" name="Verify that the community registered user is able to access Events, Dhyan Kendra, and Podcasts on the mobile app, and ensure that no pop-up message is displayed" line="291">
<tag>CommunityRegistration</tag>
<tag>E2E</tag>
<tag>Registration</tag>
<tag>robot:exit</tag>
<tag>TC14</tag>
<status status="FAIL" start="2026-01-18T18:48:40.969651" elapsed="0.000724">Test execution stopped due to a fatal error.</status>
</test>
<status status="FAIL" start="2026-01-18T18:48:40.953774" elapsed="0.016960"/>
</suite>
<suite id="s1-s9" name="E2ERoleRight" source="/var/jenkins_home/workspace/Guruttava-E2E-Tests/tests/E2ERoleRight.robot">
<test id="s1-s9-t1" name="Test Prayer Coordinator Role Access" line="12">
<doc>Login as Prayer Coordinator and validate menu access as per role and rights</doc>
<tag>e2e</tag>
<tag>milestone2</tag>
<tag>prayer_coordinator</tag>
<tag>robot:exit</tag>
<tag>role_rights</tag>
<tag>tc01</tag>
<status status="FAIL" start="2026-01-18T18:48:40.971703" elapsed="0.000468">Test execution stopped due to a fatal error.</status>
</test>
<test id="s1-s9-t2" name="Test Global Event Coordinator Role Access" line="18">
<doc>Login as Global Event Coordinator and validate menu access as per role and rights</doc>
<tag>e2e</tag>
<tag>global_event_coordinator</tag>
<tag>milestone2</tag>
<tag>robot:exit</tag>
<tag>role_rights</tag>
<tag>tc02</tag>
<status status="FAIL" start="2026-01-18T18:48:41.017512" elapsed="0.000706">Test execution stopped due to a fatal error.</status>
</test>
<test id="s1-s9-t3" name="Test Acharya Role Access" line="24">
<doc>Login as Acharya and validate menu access as per role and rights</doc>
<tag>acharya</tag>
<tag>e2e</tag>
<tag>milestone2</tag>
<tag>robot:exit</tag>
<tag>role_rights</tag>
<tag>tc03</tag>
<status status="FAIL" start="2026-01-18T18:48:41.018486" elapsed="0.000491">Test execution stopped due to a fatal error.</status>
</test>
<test id="s1-s9-t4" name="Test Maha Acharya Role Access" line="30">
<doc>Login as Maha Acharya and validate menu access as per role and rights</doc>
<tag>e2e</tag>
<tag>maha_acharya</tag>
<tag>milestone2</tag>
<tag>robot:exit</tag>
<tag>role_rights</tag>
<tag>tc04</tag>
<status status="FAIL" start="2026-01-18T18:48:41.019236" elapsed="0.000555">Test execution stopped due to a fatal error.</status>
</test>
<test id="s1-s9-t5" name="Test Namkaran Coordinator Role Access" line="36">
<doc>Login as Namkaran Coordinator and validate menu access as per role and rights</doc>
<tag>e2e</tag>
<tag>milestone2</tag>
<tag>namkaran_coordinator</tag>
<tag>robot:exit</tag>
<tag>role_rights</tag>
<tag>tc05</tag>
<status status="FAIL" start="2026-01-18T18:48:41.020023" elapsed="0.000527">Test execution stopped due to a fatal error.</status>
</test>
<status status="FAIL" start="2026-01-18T18:48:40.971243" elapsed="0.049644"/>
</suite>
<status status="FAIL" start="2026-01-18T18:44:09.822338" elapsed="271.199392"/>
</suite>
<statistics>
<total>
<stat pass="0" fail="78" skip="0">All Tests</stat>
</total>
<tag>
<stat info="combined" combined="NOT robot:exit" pass="0" fail="4" skip="0">NOT robot:exit</stat>
<stat pass="0" fail="1" skip="0">acharya</stat>
<stat pass="0" fail="8" skip="0">Admin</stat>
<stat pass="0" fail="1" skip="0">Approval</stat>
<stat pass="0" fail="7" skip="0">audio</stat>
<stat pass="0" fail="2" skip="0">Category</stat>
<stat pass="0" fail="2" skip="0">checkbox</stat>
<stat pass="0" fail="2" skip="0">CommunityRegistration</stat>
<stat pass="0" fail="2" skip="0">delete</stat>
<stat pass="0" fail="1" skip="0">deletemusic</stat>
<stat pass="0" fail="1" skip="0">deletepodcast</stat>
<stat pass="0" fail="8" skip="0">dhyankendra</stat>
<stat pass="0" fail="78" skip="0">e2e</stat>
<stat pass="0" fail="10" skip="0">E2EEvents</stat>
<stat pass="0" fail="9" skip="0">E2ENews</stat>
<stat pass="0" fail="2" skip="0">editpublish</stat>
<stat pass="0" fail="2" skip="0">English</stat>
<stat pass="0" fail="1" skip="0">english-only</stat>
<stat pass="0" fail="1" skip="0">ExportPrayer</stat>
<stat pass="0" fail="5" skip="0">filter</stat>
<stat pass="0" fail="1" skip="0">global_event_coordinator</stat>
<stat pass="0" fail="20" skip="0">Gurutattva</stat>
<stat pass="0" fail="3" skip="0">Hindi</stat>
<stat pass="0" fail="3" skip="0">Integration</stat>
<stat pass="0" fail="1" skip="0">language</stat>
<stat pass="0" fail="2" skip="0">LocalEvent</stat>
<stat pass="0" fail="1" skip="0">maha_acharya</stat>
<stat pass="0" fail="34" skip="0">milestone2</stat>
<stat pass="0" fail="4" skip="0">Mobile</stat>
<stat pass="0" fail="1" skip="0">multiple_tracks</stat>
<stat pass="0" fail="4" skip="0">music</stat>
<stat pass="0" fail="16" skip="0">Namkaran</stat>
<stat pass="0" fail="1" skip="0">namkaran_coordinator</stat>
<stat pass="0" fail="1" skip="0">negative</stat>
<stat pass="0" fail="1" skip="0">no-author</stat>
<stat pass="0" fail="1" skip="0">no-speaker</stat>
<stat pass="0" fail="1" skip="0">OtherPrayer</stat>
<stat pass="0" fail="9" skip="0">podcast</stat>
<stat pass="0" fail="1" skip="0">prayer_coordinator</stat>
<stat pass="0" fail="1" skip="0">PublishValidation</stat>
<stat pass="0" fail="4" skip="0">QuickRegistration</stat>
<stat pass="0" fail="3" skip="0">refresh</stat>
<stat pass="0" fail="6" skip="0">Registration</stat>
<stat pass="0" fail="4" skip="0">Reject</stat>
<stat pass="0" fail="1" skip="0">Rejection</stat>
<stat pass="0" fail="5" skip="0">role_rights</stat>
<stat pass="0" fail="2" skip="0">Sanchalak</stat>
<stat pass="0" fail="1" skip="0">SelfPrayer</stat>
<stat pass="0" fail="3" skip="0">tc01</stat>
<stat pass="0" fail="3" skip="0">tc02</stat>
<stat pass="0" fail="3" skip="0">tc03</stat>
<stat pass="0" fail="3" skip="0">tc04</stat>
<stat pass="0" fail="3" skip="0">tc05</stat>
<stat pass="0" fail="1" skip="0">tc06</stat>
<stat pass="0" fail="1" skip="0">TC07</stat>
<stat pass="0" fail="2" skip="0">TC08</stat>
<stat pass="0" fail="2" skip="0">TC09</stat>
<stat pass="0" fail="1" skip="0">TC10</stat>
<stat pass="0" fail="1" skip="0">TC11</stat>
<stat pass="0" fail="1" skip="0">TC12</stat>
<stat pass="0" fail="1" skip="0">TC13</stat>
<stat pass="0" fail="2" skip="0">TC14</stat>
<stat pass="0" fail="2" skip="0">TC15</stat>
<stat pass="0" fail="2" skip="0">TC16</stat>
<stat pass="0" fail="2" skip="0">TC17</stat>
<stat pass="0" fail="1" skip="0">TC18</stat>
<stat pass="0" fail="1" skip="0">TC19</stat>
<stat pass="0" fail="1" skip="0">TC20</stat>
<stat pass="0" fail="1" skip="0">TC21</stat>
<stat pass="0" fail="1" skip="0">TC22</stat>
<stat pass="0" fail="1" skip="0">TC23</stat>
<stat pass="0" fail="1" skip="0">TC24</stat>
<stat pass="0" fail="1" skip="0">TC25</stat>
<stat pass="0" fail="1" skip="0">TC39</stat>
<stat pass="0" fail="1" skip="0">TC40</stat>
<stat pass="0" fail="1" skip="0">TC41</stat>
<stat pass="0" fail="1" skip="0">TC42</stat>
<stat pass="0" fail="1" skip="0">TC43</stat>
<stat pass="0" fail="1" skip="0">TC44</stat>
<stat pass="0" fail="1" skip="0">TC45</stat>
<stat pass="0" fail="2" skip="0">TC46</stat>
<stat pass="0" fail="1" skip="0">TC47</stat>
<stat pass="0" fail="1" skip="0">TC48</stat>
<stat pass="0" fail="1" skip="0">tc50</stat>
<stat pass="0" fail="1" skip="0">tc51</stat>
<stat pass="0" fail="1" skip="0">tc52</stat>
<stat pass="0" fail="1" skip="0">tc53</stat>
<stat pass="0" fail="1" skip="0">tc54</stat>
<stat pass="0" fail="1" skip="0">tc55</stat>
<stat pass="0" fail="1" skip="0">tc56</stat>
<stat pass="0" fail="1" skip="0">tc57</stat>
<stat pass="0" fail="1" skip="0">tc58</stat>
<stat pass="0" fail="2" skip="0">tc58_02</stat>
<stat pass="0" fail="1" skip="0">TC59</stat>
<stat pass="0" fail="1" skip="0">TC60</stat>
<stat pass="0" fail="1" skip="0">TC61</stat>
<stat pass="0" fail="2" skip="0">tc62</stat>
<stat pass="0" fail="1" skip="0">tc63</stat>
<stat pass="0" fail="1" skip="0">TC64</stat>
<stat pass="0" fail="1" skip="0">TC65</stat>
<stat pass="0" fail="1" skip="0">TC66</stat>
<stat pass="0" fail="1" skip="0">TC67</stat>
<stat pass="0" fail="1" skip="0">TC68</stat>
<stat pass="0" fail="1" skip="0">TC69</stat>
<stat pass="0" fail="1" skip="0">TC76</stat>
<stat pass="0" fail="1" skip="0">TC77</stat>
<stat pass="0" fail="1" skip="0">TC78</stat>
<stat pass="0" fail="4" skip="0">unpublish</stat>
<stat pass="0" fail="3" skip="0">validation</stat>
<stat pass="0" fail="2" skip="0">Web</stat>
</tag>
<suite>
<stat name="Guruttava_Android_E2E_Tests" id="s1" pass="0" fail="78" skip="0">Guruttava_Android_E2E_Tests</stat>
<stat name="E2EAudio" id="s1-s1" pass="0" fail="20" skip="0">Guruttava_Android_E2E_Tests.E2EAudio</stat>
<stat name="E2EDhyankendra" id="s1-s2" pass="0" fail="8" skip="0">Guruttava_Android_E2E_Tests.E2EDhyankendra</stat>
<stat name="E2EEvents" id="s1-s3" pass="0" fail="10" skip="0">Guruttava_Android_E2E_Tests.E2EEvents</stat>
<stat name="E2EHindi" id="s1-s4" pass="0" fail="1" skip="0">Guruttava_Android_E2E_Tests.E2EHindi</stat>
<stat name="E2ENamkaran" id="s1-s5" pass="0" fail="16" skip="0">Guruttava_Android_E2E_Tests.E2ENamkaran</stat>
<stat name="E2ENews" id="s1-s6" pass="0" fail="9" skip="0">Guruttava_Android_E2E_Tests.E2ENews</stat>
<stat name="E2EPrayer" id="s1-s7" pass="0" fail="3" skip="0">Guruttava_Android_E2E_Tests.E2EPrayer</stat>
<stat name="E2ERegistration" id="s1-s8" pass="0" fail="6" skip="0">Guruttava_Android_E2E_Tests.E2ERegistration</stat>
<stat name="E2ERoleRight" id="s1-s9" pass="0" fail="5" skip="0">Guruttava_Android_E2E_Tests.E2ERoleRight</stat>
</suite>
</statistics>
<errors>
<msg time="2026-01-18T18:45:32.846338" level="WARN">Error in file '/var/jenkins_home/workspace/Guruttava-E2E-Tests/pages/E2EAudioPage.robot' on line 4800: The '[Return]' setting is deprecated. Use the 'RETURN' statement instead.</msg>
<msg time="2026-01-18T18:45:32.848523" level="WARN">Error in file '/var/jenkins_home/workspace/Guruttava-E2E-Tests/pages/E2EAudioPage.robot' on line 4946: The '[Return]' setting is deprecated. Use the 'RETURN' statement instead.</msg>
<msg time="2026-01-18T18:45:32.849226" level="WARN">Error in file '/var/jenkins_home/workspace/Guruttava-E2E-Tests/pages/E2EAudioPage.robot' on line 4962: The '[Return]' setting is deprecated. Use the 'RETURN' statement instead.</msg>
<msg time="2026-01-18T18:45:32.850333" level="WARN">Error in file '/var/jenkins_home/workspace/Guruttava-E2E-Tests/pages/E2EAudioPage.robot' on line 4993: The '[Return]' setting is deprecated. Use the 'RETURN' statement instead.</msg>
<msg time="2026-01-18T18:45:32.879015" level="WARN">Error in file '/var/jenkins_home/workspace/Guruttava-E2E-Tests/pages/E2EAudioPage.robot' on line 5533: The '[Return]' setting is deprecated. Use the 'RETURN' statement instead.</msg>
<msg time="2026-01-18T18:45:32.892878" level="WARN">Error in file '/var/jenkins_home/workspace/Guruttava-E2E-Tests/pages/E2EAudioPage.robot' on line 5644: The '[Return]' setting is deprecated. Use the 'RETURN' statement instead.</msg>
<msg time="2026-01-18T18:45:36.965387" level="WARN">Error in file '/var/jenkins_home/workspace/Guruttava-E2E-Tests/pages/E2ENewsPage.robot' on line 798: The '[Return]' setting is deprecated. Use the 'RETURN' statement instead.</msg>
</errors>
</robot>
