<?xml version="1.0" encoding="UTF-8"?>
<testsuite name="Guruttava_Android_E2E_Tests" tests="78" errors="0" failures="78" skipped="0" time="271.199" timestamp="2026-01-18T18:44:09.822338">
<testsuite name="E2EAudio" tests="20" errors="0" failures="20" skipped="0" time="269.171" timestamp="2026-01-18T18:44:11.592820">
<testcase classname="Guruttava_Android_E2E_Tests.E2EAudio" name="End-to-End Integration Create and Publish Music Track in Web CRM and Verify Playback in Mobile App" time="87.560">
<failure message="SessionNotCreatedException: Message: session not created: Chrome instance exited. Examine ChromeDriver verbose log to determine the cause.; For documentation on this error, please visit: https://www.selenium.dev/documentation/webdriver/troubleshooting/errors#sessionnotcreatedexception&#10;Stacktrace:&#10;#0 0x5b0a2f323c3a &lt;unknown&gt;&#10;#1 0x5b0a2ed3d969 &lt;unknown&gt;&#10;#2 0x5b0a2ed7b51d &lt;unknown&gt;&#10;#3 0x5b0a2ed76239 &lt;unknown&gt;&#10;#4 0x5b0a2edc845e &lt;unknown&gt;&#10;#5 0x5b0a2edc7b4c &lt;unknown&gt;&#10;#6 0x5b0a2ed84be2 &lt;unknown&gt;&#10;#7 0x5b0a2ed85991 &lt;unknown&gt;&#10;#8 0x5b0a2f2e9a99 &lt;unknown&gt;&#10;#9 0x5b0a2f2ec9b1 &lt;unknown&gt;&#10;#10 0x5b0a2f2d60a9 &lt;unknown&gt;&#10;#11 0x5b0a2f2ed56e &lt;unknown&gt;&#10;#12 0x5b0a2f2bc5e0 &lt;unknown&gt;&#10;#13 0x5b0a2f311358 &lt;unknown&gt;&#10;#14 0x5b0a2f311528 &lt;unknown&gt;&#10;#15 0x5b0a2f322fa8 &lt;unknown&gt;&#10;#16 0x74163b69ab7b &lt;unknown&gt;&#10;" type="AssertionError"/>
</testcase>
<testcase classname="Guruttava_Android_E2E_Tests.E2EAudio" name="Unpublish Music Track And Validate In Mobile App" time="33.173">
<failure message="SessionNotCreatedException: Message: session not created: Chrome instance exited. Examine ChromeDriver verbose log to determine the cause.; For documentation on this error, please visit: https://www.selenium.dev/documentation/webdriver/troubleshooting/errors#sessionnotcreatedexception&#10;Stacktrace:&#10;#0 0x575f00940c3a &lt;unknown&gt;&#10;#1 0x575f0035a969 &lt;unknown&gt;&#10;#2 0x575f0039851d &lt;unknown&gt;&#10;#3 0x575f00393239 &lt;unknown&gt;&#10;#4 0x575f003e545e &lt;unknown&gt;&#10;#5 0x575f003e4b4c &lt;unknown&gt;&#10;#6 0x575f003a1be2 &lt;unknown&gt;&#10;#7 0x575f003a2991 &lt;unknown&gt;&#10;#8 0x575f00906a99 &lt;unknown&gt;&#10;#9 0x575f009099b1 &lt;unknown&gt;&#10;#10 0x575f008f30a9 &lt;unknown&gt;&#10;#11 0x575f0090a56e &lt;unknown&gt;&#10;#12 0x575f008d95e0 &lt;unknown&gt;&#10;#13 0x575f0092e358 &lt;unknown&gt;&#10;#14 0x575f0092e528 &lt;unknown&gt;&#10;#15 0x575f0093ffa8 &lt;unknown&gt;&#10;#16 0x7d13ed01fb7b &lt;unknown&gt;&#10;" type="AssertionError"/>
</testcase>
<testcase classname="Guruttava_Android_E2E_Tests.E2EAudio" name="End-to-End Integration Create and Publish Podcast in Web CRM and Verify Playback in Mobile App" time="50.030">
<failure message="ProtocolError: ('Connection aborted.', RemoteDisconnected('Remote end closed connection without response'))&#10;&#10;Also teardown failed:&#10;Several failures occurred:&#10;&#10;1) BrokenPipeError: [Errno 32] Broken pipe&#10;&#10;2) BrokenPipeError: [Errno 32] Broken pipe&#10;&#10;3) BrokenPipeError: [Errno 32] Broken pipe&#10;&#10;4) BrokenPipeError: [Errno 32] Broken pipe" type="AssertionError"/>
</testcase>
<testcase classname="Guruttava_Android_E2E_Tests.E2EAudio" name="Validate that the mobile app does not display unpublished podcast track" time="10.493">
<failure message="Setup failed:&#10;Execution terminated by signal&#10;&#10;Also teardown failed:&#10;Several failures occurred:&#10;&#10;1) BrokenPipeError: [Errno 32] Broken pipe&#10;&#10;2) BrokenPipeError: [Errno 32] Broken pipe&#10;&#10;3) BrokenPipeError: [Errno 32] Broken pipe&#10;&#10;4) BrokenPipeError: [Errno 32] Broken pipe" type="AssertionError"/>
</testcase>
<testcase classname="Guruttava_Android_E2E_Tests.E2EAudio" name="Validate mobile app does not show deleted Podcast tracks" time="0.001">
<failure message="Test execution stopped due to a fatal error." type="AssertionError"/>
</testcase>
<testcase classname="Guruttava_Android_E2E_Tests.E2EAudio" name="Validate mobile app does not show deleted Music tracks" time="0.001">
<failure message="Test execution stopped due to a fatal error." type="AssertionError"/>
</testcase>
<testcase classname="Guruttava_Android_E2E_Tests.E2EAudio" name="Validate Editing and Publishing of Music Track in Web CMS and Verify in Mobile App" time="0.001">
<failure message="Test execution stopped due to a fatal error." type="AssertionError"/>
</testcase>
<testcase classname="Guruttava_Android_E2E_Tests.E2EAudio" name="Validate Editing and Publishing of Podcast Track in Web CMS and Verify in Mobile App" time="0.001">
<failure message="Test execution stopped due to a fatal error." type="AssertionError"/>
</testcase>
<testcase classname="Guruttava_Android_E2E_Tests.E2EAudio" name="Delete Music Track And Verify Removal From Mobile App" time="0.001">
<failure message="Test execution stopped due to a fatal error." type="AssertionError"/>
</testcase>
<testcase classname="Guruttava_Android_E2E_Tests.E2EAudio" name="Delete Podcast Track And Verify Removal From Mobile App" time="0.010">
<failure message="Test execution stopped due to a fatal error." type="AssertionError"/>
</testcase>
<testcase classname="Guruttava_Android_E2E_Tests.E2EAudio" name="Add Music Track With Same Track And Thumbnail For Both Languages" time="0.001">
<failure message="Test execution stopped due to a fatal error." type="AssertionError"/>
</testcase>
<testcase classname="Guruttava_Android_E2E_Tests.E2EAudio" name="Add Podcast Track With Same Track And Thumbnail For Both Languages" time="0.001">
<failure message="Test execution stopped due to a fatal error." type="AssertionError"/>
</testcase>
<testcase classname="Guruttava_Android_E2E_Tests.E2EAudio" name="Add Music Track Without Author" time="0.001">
<failure message="Test execution stopped due to a fatal error." type="AssertionError"/>
</testcase>
<testcase classname="Guruttava_Android_E2E_Tests.E2EAudio" name="Add Podcast Track Without Speaker Should not be allowed" time="0.001">
<failure message="Test execution stopped due to a fatal error." type="AssertionError"/>
</testcase>
<testcase classname="Guruttava_Android_E2E_Tests.E2EAudio" name="Test Music Different Filter Functionality" time="0.001">
<failure message="Test execution stopped due to a fatal error." type="AssertionError"/>
</testcase>
<testcase classname="Guruttava_Android_E2E_Tests.E2EAudio" name="Test Podcast Different Filter Functionality" time="0.001">
<failure message="Test execution stopped due to a fatal error." type="AssertionError"/>
</testcase>
<testcase classname="Guruttava_Android_E2E_Tests.E2EAudio" name="Test Music Management Refresh Button Functionality" time="0.001">
<failure message="Test execution stopped due to a fatal error." type="AssertionError"/>
</testcase>
<testcase classname="Guruttava_Android_E2E_Tests.E2EAudio" name="Test Podcast Management Refresh Button Functionality" time="0.001">
<failure message="Test execution stopped due to a fatal error." type="AssertionError"/>
</testcase>
<testcase classname="Guruttava_Android_E2E_Tests.E2EAudio" name="Test Multiple Music Tracks Same Category Same Subcategory" time="0.001">
<failure message="Test execution stopped due to a fatal error." type="AssertionError"/>
</testcase>
<testcase classname="Guruttava_Android_E2E_Tests.E2EAudio" name="Add Audio in English language only" time="0.001">
<failure message="Test execution stopped due to a fatal error." type="AssertionError"/>
</testcase>
</testsuite>
<testsuite name="E2EDhyankendra" tests="8" errors="0" failures="8" skipped="0" time="0.018" timestamp="2026-01-18T18:48:40.764885">
<testcase classname="Guruttava_Android_E2E_Tests.E2EDhyankendra" name="Test Dhyankendra Different Filter Functionality" time="0.001">
<failure message="Test execution stopped due to a fatal error." type="AssertionError"/>
</testcase>
<testcase classname="Guruttava_Android_E2E_Tests.E2EDhyankendra" name="Test Dhyankendra Management Refresh Button Functionality" time="0.001">
<failure message="Test execution stopped due to a fatal error." type="AssertionError"/>
</testcase>
<testcase classname="Guruttava_Android_E2E_Tests.E2EDhyankendra" name="Sanchalak login to CMS application and as per the role and rights it should have access to left menu. News, Event, Dhyankendra added by own, Dhyansthali" time="0.009">
<failure message="Test execution stopped due to a fatal error." type="AssertionError"/>
</testcase>
<testcase classname="Guruttava_Android_E2E_Tests.E2EDhyankendra" name="Login from Mobile as Sadhak and register for Dhyankendra. Compare all the fields of Mobile with CMS." time="0.001">
<failure message="Test execution stopped due to a fatal error." type="AssertionError"/>
</testcase>
<testcase classname="Guruttava_Android_E2E_Tests.E2EDhyankendra" name="Sanchalak edits any field of Dhyankendra. Super Admin/ Acharya approves the changes requeted. Check refleciton in Mobile app." time="0.001">
<failure message="Test execution stopped due to a fatal error." type="AssertionError"/>
</testcase>
<testcase classname="Guruttava_Android_E2E_Tests.E2EDhyankendra" name="Change the Primary Sanchalak from Dhyankendra and add other sanchalak" time="0.000">
<failure message="Test execution stopped due to a fatal error." type="AssertionError"/>
</testcase>
<testcase classname="Guruttava_Android_E2E_Tests.E2EDhyankendra" name="Sanchalak edits any field of Dhyankendra. Super Admin/ Acharya Rejectes the changes requeted. check reflection in mobile app." time="0.001">
<failure message="Test execution stopped due to a fatal error." type="AssertionError"/>
</testcase>
<testcase classname="Guruttava_Android_E2E_Tests.E2EDhyankendra" name="Super Admin changes Sanchalak1 of TC67's Dhyankendra to free Vaishali" time="0.002">
<failure message="Test execution stopped due to a fatal error." type="AssertionError"/>
</testcase>
</testsuite>
<testsuite name="E2EEvents" tests="10" errors="0" failures="10" skipped="0" time="0.074" timestamp="2026-01-18T18:48:40.792536">
<testcase classname="Guruttava_Android_E2E_Tests.E2EEvents" name="Verify the image upload validation in CMS for Events" time="0.001">
<failure message="Test execution stopped due to a fatal error." type="AssertionError"/>
</testcase>
<testcase classname="Guruttava_Android_E2E_Tests.E2EEvents" name="Verify that user is not able to publish event when publish date is selected after the event dates" time="0.001">
<failure message="Test execution stopped due to a fatal error." type="AssertionError"/>
</testcase>
<testcase classname="Guruttava_Android_E2E_Tests.E2EEvents" name="Verify that the user is able to add a English event, publish it in the CMS, and verify the english event details on the mobile app" time="0.001">
<failure message="Test execution stopped due to a fatal error." type="AssertionError"/>
</testcase>
<testcase classname="Guruttava_Android_E2E_Tests.E2EEvents" name="Verify that the user is able to add a Hindi event, publish it in the CMS, and verify the hindi event details on the mobile app" time="0.001">
<failure message="Test execution stopped due to a fatal error." type="AssertionError"/>
</testcase>
<testcase classname="Guruttava_Android_E2E_Tests.E2EEvents" name="Test Add Event Category from CMS and Add Events under that Category" time="0.001">
<failure message="Test execution stopped due to a fatal error." type="AssertionError"/>
</testcase>
<testcase classname="Guruttava_Android_E2E_Tests.E2EEvents" name="Test Unpublish Event from CMS and Verify in Mobile App" time="0.010">
<failure message="Test execution stopped due to a fatal error." type="AssertionError"/>
</testcase>
<testcase classname="Guruttava_Android_E2E_Tests.E2EEvents" name="Test Event Category Tab In Mobile App" time="0.001">
<failure message="Test execution stopped due to a fatal error." type="AssertionError"/>
</testcase>
<testcase classname="Guruttava_Android_E2E_Tests.E2EEvents" name="Test Check Local Event Filter Functionality" time="0.001">
<failure message="Test execution stopped due to a fatal error." type="AssertionError"/>
</testcase>
<testcase classname="Guruttava_Android_E2E_Tests.E2EEvents" name="Sanchalak adds local Event, once Acharya/Super Admin Approves it then only that Event is reflected in Mobile app uncer Local Event section." time="0.001">
<failure message="Test execution stopped due to a fatal error." type="AssertionError"/>
</testcase>
<testcase classname="Guruttava_Android_E2E_Tests.E2EEvents" name="Sanchalak adds local event and Acharya/Super Admin Rejects that event." time="0.001">
<failure message="Test execution stopped due to a fatal error." type="AssertionError"/>
</testcase>
</testsuite>
<testsuite name="E2EHindi" tests="1" errors="0" failures="1" skipped="0" time="0.001" timestamp="2026-01-18T18:48:40.866771">
<testcase classname="Guruttava_Android_E2E_Tests.E2EHindi" name="Test Mobile Language Change To Hindi" time="0.001">
<failure message="Test execution stopped due to a fatal error." type="AssertionError"/>
</testcase>
</testsuite>
<testsuite name="E2ENamkaran" tests="16" errors="0" failures="16" skipped="0" time="0.034" timestamp="2026-01-18T18:48:40.868555">
<testcase classname="Guruttava_Android_E2E_Tests.E2ENamkaran" name="Verify user is able to add Bride Namkaran with NO Option on the mobile app and verify the details in CSM" time="0.001">
<failure message="Test execution stopped due to a fatal error." type="AssertionError"/>
</testcase>
<testcase classname="Guruttava_Android_E2E_Tests.E2ENamkaran" name="Verify user is able to add Business Namkaran with NO Option on the mobile app and verify the details in CSM" time="0.001">
<failure message="Test execution stopped due to a fatal error." type="AssertionError"/>
</testcase>
<testcase classname="Guruttava_Android_E2E_Tests.E2ENamkaran" name="Verify user is able to add House Namkaran with NO Option on the mobile app and verify the details in CSM" time="0.001">
<failure message="Test execution stopped due to a fatal error." type="AssertionError"/>
</testcase>
<testcase classname="Guruttava_Android_E2E_Tests.E2ENamkaran" name="Verify user is able to add Child Namkaran with NO Option on the mobile app and verify the details in CSM" time="0.001">
<failure message="Test execution stopped due to a fatal error." type="AssertionError"/>
</testcase>
<testcase classname="Guruttava_Android_E2E_Tests.E2ENamkaran" name="Verify user is able to add Bride Namkaran with YES Option on the mobile app and verify the details in CSM" time="0.000">
<failure message="Test execution stopped due to a fatal error." type="AssertionError"/>
</testcase>
<testcase classname="Guruttava_Android_E2E_Tests.E2ENamkaran" name="Verify user is able to add Business Namkaran with YES Option on the mobile app and verify the details in CSM" time="0.009">
<failure message="Test execution stopped due to a fatal error." type="AssertionError"/>
</testcase>
<testcase classname="Guruttava_Android_E2E_Tests.E2ENamkaran" name="Verify user is able to add House Namkaran with YES Option on the mobile app and verify the details in CSM" time="0.001">
<failure message="Test execution stopped due to a fatal error." type="AssertionError"/>
</testcase>
<testcase classname="Guruttava_Android_E2E_Tests.E2ENamkaran" name="Verify user is able to add Child Namkaran with YES Option on the mobile app and verify the details in CSM" time="0.000">
<failure message="Test execution stopped due to a fatal error." type="AssertionError"/>
</testcase>
<testcase classname="Guruttava_Android_E2E_Tests.E2ENamkaran" name="Verify that admin user is able to approve Bride Namkaran in CMS and verify the details on mobile app" time="0.001">
<failure message="Test execution stopped due to a fatal error." type="AssertionError"/>
</testcase>
<testcase classname="Guruttava_Android_E2E_Tests.E2ENamkaran" name="Verify that admin user is able to approve Business Namkaran in CMS and verify the details on mobile app" time="0.001">
<failure message="Test execution stopped due to a fatal error." type="AssertionError"/>
</testcase>
<testcase classname="Guruttava_Android_E2E_Tests.E2ENamkaran" name="Verify that admin user is able to approve House Namkaran in CMS and verify the details on mobile app" time="0.001">
<failure message="Test execution stopped due to a fatal error." type="AssertionError"/>
</testcase>
<testcase classname="Guruttava_Android_E2E_Tests.E2ENamkaran" name="Verify that admin user is able to approve Child Namkaran in CMS and verify the details on mobile app" time="0.001">
<failure message="Test execution stopped due to a fatal error." type="AssertionError"/>
</testcase>
<testcase classname="Guruttava_Android_E2E_Tests.E2ENamkaran" name="Verify that admin user is able to reject Bride Namkaran in CMS and verify the details on mobile app" time="0.001">
<failure message="Test execution stopped due to a fatal error." type="AssertionError"/>
</testcase>
<testcase classname="Guruttava_Android_E2E_Tests.E2ENamkaran" name="Verify that admin user is able to reject Business Namkaran in CMS and verify the details on mobile app" time="0.001">
<failure message="Test execution stopped due to a fatal error." type="AssertionError"/>
</testcase>
<testcase classname="Guruttava_Android_E2E_Tests.E2ENamkaran" name="Verify that admin user is able to reject House Namkaran in CMS and verify the details on mobile app" time="0.001">
<failure message="Test execution stopped due to a fatal error." type="AssertionError"/>
</testcase>
<testcase classname="Guruttava_Android_E2E_Tests.E2ENamkaran" name="Verify that admin user is able to reject Child Namkaran in CMS and verify the details on mobile app" time="0.001">
<failure message="Test execution stopped due to a fatal error." type="AssertionError"/>
</testcase>
</testsuite>
<testsuite name="E2ENews" tests="9" errors="0" failures="9" skipped="0" time="0.037" timestamp="2026-01-18T18:48:40.903024">
<testcase classname="Guruttava_Android_E2E_Tests.E2ENews" name="Verify the image upload validation in CMS" time="0.000">
<failure message="Test execution stopped due to a fatal error." type="AssertionError"/>
</testcase>
<testcase classname="Guruttava_Android_E2E_Tests.E2ENews" name="Verify that the user is able to add a English news, publish it in the CMS, and verify the english news details on the mobile app" time="0.018">
<failure message="Test execution stopped due to a fatal error." type="AssertionError"/>
</testcase>
<testcase classname="Guruttava_Android_E2E_Tests.E2ENews" name="Verify that the user is able to add a Hindi news, publish it in the CMS, and verify the hindi news details on the mobile app" time="0.001">
<failure message="Test execution stopped due to a fatal error." type="AssertionError"/>
</testcase>
<testcase classname="Guruttava_Android_E2E_Tests.E2ENews" name="Test Unpublish News from CMS and Verify in Mobile App" time="0.001">
<failure message="Test execution stopped due to a fatal error." type="AssertionError"/>
</testcase>
<testcase classname="Guruttava_Android_E2E_Tests.E2ENews" name="Test News Category Tab In Mobile App" time="0.001">
<failure message="Test execution stopped due to a fatal error." type="AssertionError"/>
</testcase>
<testcase classname="Guruttava_Android_E2E_Tests.E2ENews" name="Test Check Local News Filter Functionality" time="0.001">
<failure message="Test execution stopped due to a fatal error." type="AssertionError"/>
</testcase>
<testcase classname="Guruttava_Android_E2E_Tests.E2ENews" name="Test Sanchalak Adds Local News And Super Admin Approves It" time="0.001">
<failure message="Test execution stopped due to a fatal error." type="AssertionError"/>
</testcase>
<testcase classname="Guruttava_Android_E2E_Tests.E2ENews" name="Test Sanchalak Adds Local News And Super Admin Rejects It" time="0.001">
<failure message="Test execution stopped due to a fatal error." type="AssertionError"/>
</testcase>
<testcase classname="Guruttava_Android_E2E_Tests.E2ENews" name="Add News Category from CMS. Add News uder that category. check list of all categories in the Mobile app under Category tab." time="0.001">
<failure message="Test execution stopped due to a fatal error." type="AssertionError"/>
</testcase>
</testsuite>
<testsuite name="E2EPrayer" tests="3" errors="0" failures="3" skipped="0" time="0.013" timestamp="2026-01-18T18:48:40.940641">
<testcase classname="Guruttava_Android_E2E_Tests.E2EPrayer" name="End-to-End Integration: Verify that user is able to add Prayer with Self Option on the mobile app and verify it in CMS" time="0.001">
<failure message="Test execution stopped due to a fatal error." type="AssertionError"/>
</testcase>
<testcase classname="Guruttava_Android_E2E_Tests.E2EPrayer" name="End-to-End Integration:Verify that user is able to add Prayer with Other Option on the mobile app and verify it in CMS" time="0.001">
<failure message="Test execution stopped due to a fatal error." type="AssertionError"/>
</testcase>
<testcase classname="Guruttava_Android_E2E_Tests.E2EPrayer" name="Verify that user is able to export the Prayer in CMS" time="0.001">
<failure message="Test execution stopped due to a fatal error." type="AssertionError"/>
</testcase>
</testsuite>
<testsuite name="E2ERegistration" tests="6" errors="0" failures="6" skipped="0" time="0.017" timestamp="2026-01-18T18:48:40.953774">
<testcase classname="Guruttava_Android_E2E_Tests.E2ERegistration" name="Verify that quick registration on the mobile app reflects correctly in the CMS and user details are displayed properly in profile and flip card." time="0.001">
<failure message="Test execution stopped due to a fatal error." type="AssertionError"/>
</testcase>
<testcase classname="Guruttava_Android_E2E_Tests.E2ERegistration" name="Verify user is not able to do quick registration on mobile app with already used email id and phone number" time="0.001">
<failure message="Test execution stopped due to a fatal error." type="AssertionError"/>
</testcase>
<testcase classname="Guruttava_Android_E2E_Tests.E2ERegistration" name="Verify that the quick registration user is not able to access Events, Dhyan Kendra, and Podcasts , Home screen on the mobile app, and that a pop-up message is displayed" time="0.001">
<failure message="Test execution stopped due to a fatal error." type="AssertionError"/>
</testcase>
<testcase classname="Guruttava_Android_E2E_Tests.E2ERegistration" name="Verify that the quick registration user is able to become a member on the mobile app" time="0.000">
<failure message="Test execution stopped due to a fatal error." type="AssertionError"/>
</testcase>
<testcase classname="Guruttava_Android_E2E_Tests.E2ERegistration" name="Verify that Community registration on the mobile app reflects correctly in the CMS and user details are displayed properly in profile and flip card." time="0.011">
<failure message="Test execution stopped due to a fatal error." type="AssertionError"/>
</testcase>
<testcase classname="Guruttava_Android_E2E_Tests.E2ERegistration" name="Verify that the community registered user is able to access Events, Dhyan Kendra, and Podcasts on the mobile app, and ensure that no pop-up message is displayed" time="0.001">
<failure message="Test execution stopped due to a fatal error." type="AssertionError"/>
</testcase>
</testsuite>
<testsuite name="E2ERoleRight" tests="5" errors="0" failures="5" skipped="0" time="0.050" timestamp="2026-01-18T18:48:40.971243">
<testcase classname="Guruttava_Android_E2E_Tests.E2ERoleRight" name="Test Prayer Coordinator Role Access" time="0.000">
<failure message="Test execution stopped due to a fatal error." type="AssertionError"/>
</testcase>
<testcase classname="Guruttava_Android_E2E_Tests.E2ERoleRight" name="Test Global Event Coordinator Role Access" time="0.001">
<failure message="Test execution stopped due to a fatal error." type="AssertionError"/>
</testcase>
<testcase classname="Guruttava_Android_E2E_Tests.E2ERoleRight" name="Test Acharya Role Access" time="0.000">
<failure message="Test execution stopped due to a fatal error." type="AssertionError"/>
</testcase>
<testcase classname="Guruttava_Android_E2E_Tests.E2ERoleRight" name="Test Maha Acharya Role Access" time="0.001">
<failure message="Test execution stopped due to a fatal error." type="AssertionError"/>
</testcase>
<testcase classname="Guruttava_Android_E2E_Tests.E2ERoleRight" name="Test Namkaran Coordinator Role Access" time="0.001">
<failure message="Test execution stopped due to a fatal error." type="AssertionError"/>
</testcase>
</testsuite>
</testsuite>
