<?xml version="1.0" encoding="UTF-8"?>
<robot generator="Robot 7.3.2 (Python 3.11.5 on win32)" generated="2025-11-24T01:32:23.133861" rpa="false" schemaversion="5">
<suite id="s1" name="Robot-Tests" source="C:\DDN-AI-Project-Documentation\robot-tests">
<suite id="s1-s1" name="Ddn Advanced Tests" source="C:\DDN-AI-Project-Documentation\robot-tests\ddn_advanced_tests.robot">
<kw name="Initialize Advanced Test Suite" type="SETUP">
<kw name="Log" owner="BuiltIn">
<msg time="2025-11-24T01:33:13.838341" level="INFO">Starting DDN Advanced Multi-Tenancy Tests</msg>
<arg>Starting DDN Advanced Multi-Tenancy Tests</arg>
<arg>level=INFO</arg>
<doc>Logs the given message with the given level.</doc>
<status status="PASS" start="2025-11-24T01:33:13.838341" elapsed="0.000000"/>
</kw>
<kw name="Log" owner="BuiltIn">
<msg time="2025-11-24T01:33:13.839959" level="INFO">Tenant 1 Domain: tenant1.ddn.local</msg>
<arg>Tenant 1 Domain: ${TENANT1_DOMAIN}</arg>
<arg>level=INFO</arg>
<doc>Logs the given message with the given level.</doc>
<status status="PASS" start="2025-11-24T01:33:13.838341" elapsed="0.001618"/>
</kw>
<kw name="Log" owner="BuiltIn">
<msg time="2025-11-24T01:33:13.840470" level="INFO">Tenant 2 Domain: tenant2.ddn.local</msg>
<arg>Tenant 2 Domain: ${TENANT2_DOMAIN}</arg>
<arg>level=INFO</arg>
<doc>Logs the given message with the given level.</doc>
<status status="PASS" start="2025-11-24T01:33:13.840470" elapsed="0.000000"/>
</kw>
<kw name="Log" owner="BuiltIn">
<msg time="2025-11-24T01:33:13.841690" level="INFO">Tenant 1 Quota: 1000 GB</msg>
<arg>Tenant 1 Quota: ${TENANT1_QUOTA_GB} GB</arg>
<arg>level=INFO</arg>
<doc>Logs the given message with the given level.</doc>
<status status="PASS" start="2025-11-24T01:33:13.841690" elapsed="0.000000"/>
</kw>
<kw name="Log" owner="BuiltIn">
<msg time="2025-11-24T01:33:13.846527" level="INFO">Tenant 2 Quota: 500 GB</msg>
<arg>Tenant 2 Quota: ${TENANT2_QUOTA_GB} GB</arg>
<arg>level=INFO</arg>
<doc>Logs the given message with the given level.</doc>
<status status="PASS" start="2025-11-24T01:33:13.841690" elapsed="0.005365"/>
</kw>
<doc>Initialize advanced test suite with tenant configuration</doc>
<status status="PASS" start="2025-11-24T01:33:13.836881" elapsed="0.010174"/>
</kw>
<test id="s1-s1-t1" name="Domain Should Create Separate Domains For Different Tenants" line="38">
<kw name="Create Domain" owner="DDN_Keywords">
<msg time="2025-11-24T01:33:13.945764" level="FAIL">ConnectionError: HTTPConnectionPool(host='emf.ddn.local', port=80): Max retries exceeded with url: /api/v1/domains/create (Caused by NewConnectionError('&lt;urllib3.connection.HTTPConnection object at 0x000001F6E5EA3D90&gt;: Failed to establish a new connection: [Errno 11001] getaddrinfo failed'))</msg>
<var>${domain1_id}</var>
<arg>domain_name=${TENANT1_DOMAIN}</arg>
<arg>vlan_id=${TENANT1_VLAN}</arg>
<arg>network_segment=10.100.0.0/24</arg>
<arg>isolation_level=strict</arg>
<doc>Create domain for tenant isolation</doc>
<status status="FAIL" start="2025-11-24T01:33:13.852665" elapsed="0.347029">ConnectionError: HTTPConnectionPool(host='emf.ddn.local', port=80): Max retries exceeded with url: /api/v1/domains/create (Caused by NewConnectionError('&lt;urllib3.connection.HTTPConnection object at 0x000001F6E5EA3D90&gt;: Failed to establish a new connection: [Errno 11001] getaddrinfo failed'))</status>
</kw>
<kw name="Should Not Be Empty" owner="BuiltIn">
<arg>${domain1_id}</arg>
<doc>Verifies that the given item is not empty.</doc>
<status status="NOT RUN" start="2025-11-24T01:33:14.200351" elapsed="0.000000"/>
</kw>
<kw name="Set Suite Variable" owner="BuiltIn">
<arg>${DOMAIN1_ID}</arg>
<arg>${domain1_id}</arg>
<doc>Makes a variable available everywhere within the scope of the current suite.</doc>
<status status="NOT RUN" start="2025-11-24T01:33:14.200884" elapsed="0.000000"/>
</kw>
<kw name="Create Domain" owner="DDN_Keywords">
<var>${domain2_id}</var>
<arg>domain_name=${TENANT2_DOMAIN}</arg>
<arg>vlan_id=${TENANT2_VLAN}</arg>
<arg>network_segment=10.200.0.0/24</arg>
<arg>isolation_level=strict</arg>
<doc>Create domain for tenant isolation</doc>
<status status="NOT RUN" start="2025-11-24T01:33:14.201444" elapsed="0.000000"/>
</kw>
<kw name="Should Not Be Empty" owner="BuiltIn">
<arg>${domain2_id}</arg>
<doc>Verifies that the given item is not empty.</doc>
<status status="NOT RUN" start="2025-11-24T01:33:14.201986" elapsed="0.000000"/>
</kw>
<kw name="Set Suite Variable" owner="BuiltIn">
<arg>${DOMAIN2_ID}</arg>
<arg>${domain2_id}</arg>
<doc>Makes a variable available everywhere within the scope of the current suite.</doc>
<status status="NOT RUN" start="2025-11-24T01:33:14.201986" elapsed="0.001029"/>
</kw>
<kw name="Should Not Be Equal" owner="BuiltIn">
<arg>${domain1_id}</arg>
<arg>${domain2_id}</arg>
<doc>Fails if the given objects are equal.</doc>
<status status="NOT RUN" start="2025-11-24T01:33:14.203015" elapsed="0.000000"/>
</kw>
<doc>Create isolated domains for tenant separation</doc>
<tag>critical</tag>
<tag>domain</tag>
<tag>isolation</tag>
<tag>multi-tenancy</tag>
<status status="FAIL" start="2025-11-24T01:33:13.847055" elapsed="0.357727">ConnectionError: HTTPConnectionPool(host='emf.ddn.local', port=80): Max retries exceeded with url: /api/v1/domains/create (Caused by NewConnectionError('&lt;urllib3.connection.HTTPConnection object at 0x000001F6E5EA3D90&gt;: Failed to establish a new connection: [Errno 11001] getaddrinfo failed'))</status>
</test>
<test id="s1-s1-t2" name="Namespace Should Create Isolated Namespaces For Each Tenant" line="66">
<kw name="Create Namespace" owner="DDN_Keywords">
<msg time="2025-11-24T01:33:14.265098" level="FAIL">ConnectionError: HTTPConnectionPool(host='exascaler.ddn.local', port=80): Max retries exceeded with url: /api/v1/namespaces/create (Caused by NewConnectionError('&lt;urllib3.connection.HTTPConnection object at 0x000001F6E5F5CB90&gt;: Failed to establish a new connection: [Errno 11001] getaddrinfo failed'))</msg>
<var>${namespace1_id}</var>
<arg>namespace_name=tenant1_namespace</arg>
<arg>root_path=/lustre/tenant1</arg>
<arg>owner_domain=${TENANT1_DOMAIN}</arg>
<arg>mount_type=subdirectory</arg>
<doc>Create isolated namespace for tenant</doc>
<status status="FAIL" start="2025-11-24T01:33:14.206302" elapsed="0.064603">ConnectionError: HTTPConnectionPool(host='exascaler.ddn.local', port=80): Max retries exceeded with url: /api/v1/namespaces/create (Caused by NewConnectionError('&lt;urllib3.connection.HTTPConnection object at 0x000001F6E5F5CB90&gt;: Failed to establish a new connection: [Errno 11001] getaddrinfo failed'))</status>
</kw>
<kw name="Should Not Be Empty" owner="BuiltIn">
<arg>${namespace1_id}</arg>
<doc>Verifies that the given item is not empty.</doc>
<status status="NOT RUN" start="2025-11-24T01:33:14.270905" elapsed="0.000000"/>
</kw>
<kw name="Set Suite Variable" owner="BuiltIn">
<arg>${NAMESPACE1_ID}</arg>
<arg>${namespace1_id}</arg>
<doc>Makes a variable available everywhere within the scope of the current suite.</doc>
<status status="NOT RUN" start="2025-11-24T01:33:14.272415" elapsed="0.000000"/>
</kw>
<kw name="Create Namespace" owner="DDN_Keywords">
<var>${namespace2_id}</var>
<arg>namespace_name=tenant2_namespace</arg>
<arg>root_path=/lustre/tenant2</arg>
<arg>owner_domain=${TENANT2_DOMAIN}</arg>
<arg>mount_type=subdirectory</arg>
<doc>Create isolated namespace for tenant</doc>
<status status="NOT RUN" start="2025-11-24T01:33:14.272415" elapsed="0.000000"/>
</kw>
<kw name="Should Not Be Empty" owner="BuiltIn">
<arg>${namespace2_id}</arg>
<doc>Verifies that the given item is not empty.</doc>
<status status="NOT RUN" start="2025-11-24T01:33:14.273428" elapsed="0.000000"/>
</kw>
<kw name="Set Suite Variable" owner="BuiltIn">
<arg>${NAMESPACE2_ID}</arg>
<arg>${namespace2_id}</arg>
<doc>Makes a variable available everywhere within the scope of the current suite.</doc>
<status status="NOT RUN" start="2025-11-24T01:33:14.273428" elapsed="0.000000"/>
</kw>
<kw name="Should Not Be Equal" owner="BuiltIn">
<arg>${namespace1_id}</arg>
<arg>${namespace2_id}</arg>
<doc>Fails if the given objects are equal.</doc>
<status status="NOT RUN" start="2025-11-24T01:33:14.274433" elapsed="0.000000"/>
</kw>
<doc>Create separate namespaces with subdirectory mount</doc>
<tag>critical</tag>
<tag>isolation</tag>
<tag>multi-tenancy</tag>
<tag>namespace</tag>
<status status="FAIL" start="2025-11-24T01:33:14.205291" elapsed="0.070140">ConnectionError: HTTPConnectionPool(host='exascaler.ddn.local', port=80): Max retries exceeded with url: /api/v1/namespaces/create (Caused by NewConnectionError('&lt;urllib3.connection.HTTPConnection object at 0x000001F6E5F5CB90&gt;: Failed to establish a new connection: [Errno 11001] getaddrinfo failed'))</status>
</test>
<test id="s1-s1-t3" name="Quota Should Set Storage Quotas For Each Tenant" line="94">
<kw name="Evaluate" owner="BuiltIn">
<msg time="2025-11-24T01:33:14.279071" level="INFO">${soft_limit1} = 900.0</msg>
<var>${soft_limit1}</var>
<arg>${TENANT1_QUOTA_GB} * 0.9</arg>
<doc>Evaluates the given expression in Python and returns the result.</doc>
<status status="PASS" start="2025-11-24T01:33:14.278079" elapsed="0.000992"/>
</kw>
<kw name="Set Storage Quota" owner="DDN_Keywords">
<msg time="2025-11-24T01:33:14.284602" level="FAIL">ConnectionError: HTTPConnectionPool(host='exascaler.ddn.local', port=80): Max retries exceeded with url: /api/v1/quotas/set (Caused by NewConnectionError('&lt;urllib3.connection.HTTPConnection object at 0x000001F6E5F51A90&gt;: Failed to establish a new connection: [Errno 11001] getaddrinfo failed'))</msg>
<var>${quota1_id}</var>
<arg>namespace=tenant1_namespace</arg>
<arg>soft_limit_gb=${soft_limit1}</arg>
<arg>hard_limit_gb=${TENANT1_QUOTA_GB}</arg>
<arg>grace_period_hours=24</arg>
<doc>Set storage quota for namespace</doc>
<status status="FAIL" start="2025-11-24T01:33:14.279584" elapsed="0.010880">ConnectionError: HTTPConnectionPool(host='exascaler.ddn.local', port=80): Max retries exceeded with url: /api/v1/quotas/set (Caused by NewConnectionError('&lt;urllib3.connection.HTTPConnection object at 0x000001F6E5F51A90&gt;: Failed to establish a new connection: [Errno 11001] getaddrinfo failed'))</status>
</kw>
<kw name="Should Not Be Empty" owner="BuiltIn">
<arg>${quota1_id}</arg>
<doc>Verifies that the given item is not empty.</doc>
<status status="NOT RUN" start="2025-11-24T01:33:14.291020" elapsed="0.000000"/>
</kw>
<kw name="Evaluate" owner="BuiltIn">
<var>${soft_limit2}</var>
<arg>${TENANT2_QUOTA_GB} * 0.9</arg>
<doc>Evaluates the given expression in Python and returns the result.</doc>
<status status="NOT RUN" start="2025-11-24T01:33:14.291967" elapsed="0.000510"/>
</kw>
<kw name="Set Storage Quota" owner="DDN_Keywords">
<var>${quota2_id}</var>
<arg>namespace=tenant2_namespace</arg>
<arg>soft_limit_gb=${soft_limit2}</arg>
<arg>hard_limit_gb=${TENANT2_QUOTA_GB}</arg>
<arg>grace_period_hours=24</arg>
<doc>Set storage quota for namespace</doc>
<status status="NOT RUN" start="2025-11-24T01:33:14.292477" elapsed="0.000000"/>
</kw>
<kw name="Should Not Be Empty" owner="BuiltIn">
<arg>${quota2_id}</arg>
<doc>Verifies that the given item is not empty.</doc>
<status status="NOT RUN" start="2025-11-24T01:33:14.293004" elapsed="0.000000"/>
</kw>
<doc>Configure storage quotas with soft and hard limits</doc>
<tag>multi-tenancy</tag>
<tag>quota</tag>
<tag>storage-management</tag>
<status status="FAIL" start="2025-11-24T01:33:14.276846" elapsed="0.018583">ConnectionError: HTTPConnectionPool(host='exascaler.ddn.local', port=80): Max retries exceeded with url: /api/v1/quotas/set (Caused by NewConnectionError('&lt;urllib3.connection.HTTPConnection object at 0x000001F6E5F51A90&gt;: Failed to establish a new connection: [Errno 11001] getaddrinfo failed'))</status>
</test>
<test id="s1-s1-t4" name="Quota Should Provide Accurate Usage Statistics Per Tenant" line="115">
<kw name="Get Quota Usage" owner="DDN_Keywords">
<msg time="2025-11-24T01:33:14.303523" level="FAIL">ConnectionError: HTTPConnectionPool(host='exascaler.ddn.local', port=80): Max retries exceeded with url: /api/v1/quotas/tenant1_namespace/usage (Caused by NewConnectionError('&lt;urllib3.connection.HTTPConnection object at 0x000001F6E5F5E790&gt;: Failed to establish a new connection: [Errno 11001] getaddrinfo failed'))</msg>
<var>${usage}</var>
<arg>tenant1_namespace</arg>
<doc>Get quota usage statistics for namespace</doc>
<status status="FAIL" start="2025-11-24T01:33:14.300251" elapsed="0.014770">ConnectionError: HTTPConnectionPool(host='exascaler.ddn.local', port=80): Max retries exceeded with url: /api/v1/quotas/tenant1_namespace/usage (Caused by NewConnectionError('&lt;urllib3.connection.HTTPConnection object at 0x000001F6E5F5E790&gt;: Failed to establish a new connection: [Errno 11001] getaddrinfo failed'))</status>
</kw>
<kw name="Dictionary Should Contain Key" owner="Collections">
<arg>${usage}</arg>
<arg>used_gb</arg>
<doc>Fails if ``key`` is not found from ``dictionary``.</doc>
<status status="NOT RUN" start="2025-11-24T01:33:14.318260" elapsed="0.000000"/>
</kw>
<kw name="Dictionary Should Contain Key" owner="Collections">
<arg>${usage}</arg>
<arg>available_gb</arg>
<doc>Fails if ``key`` is not found from ``dictionary``.</doc>
<status status="NOT RUN" start="2025-11-24T01:33:14.320564" elapsed="0.000000"/>
</kw>
<kw name="Dictionary Should Contain Key" owner="Collections">
<arg>${usage}</arg>
<arg>soft_limit_gb</arg>
<doc>Fails if ``key`` is not found from ``dictionary``.</doc>
<status status="NOT RUN" start="2025-11-24T01:33:14.321394" elapsed="0.000000"/>
</kw>
<kw name="Dictionary Should Contain Key" owner="Collections">
<arg>${usage}</arg>
<arg>hard_limit_gb</arg>
<doc>Fails if ``key`` is not found from ``dictionary``.</doc>
<status status="NOT RUN" start="2025-11-24T01:33:14.323243" elapsed="0.000000"/>
</kw>
<kw name="Dictionary Should Contain Key" owner="Collections">
<arg>${usage}</arg>
<arg>usage_percentage</arg>
<doc>Fails if ``key`` is not found from ``dictionary``.</doc>
<status status="NOT RUN" start="2025-11-24T01:33:14.324417" elapsed="0.000000"/>
</kw>
<kw name="Evaluate" owner="BuiltIn">
<var>${expected_available}</var>
<arg>${usage}[hard_limit_gb] - ${usage}[used_gb]</arg>
<doc>Evaluates the given expression in Python and returns the result.</doc>
<status status="NOT RUN" start="2025-11-24T01:33:14.324924" elapsed="0.000000"/>
</kw>
<kw name="Get From Dictionary" owner="Collections">
<var>${actual_available}</var>
<arg>${usage}</arg>
<arg>available_gb</arg>
<doc>Returns a value from the given ``dictionary`` based on the given ``key``.</doc>
<status status="NOT RUN" start="2025-11-24T01:33:14.325499" elapsed="0.000543"/>
</kw>
<kw name="Evaluate" owner="BuiltIn">
<var>${difference}</var>
<arg>abs(${expected_available} - ${actual_available})</arg>
<doc>Evaluates the given expression in Python and returns the result.</doc>
<status status="NOT RUN" start="2025-11-24T01:33:14.326042" elapsed="0.000000"/>
</kw>
<kw name="Should Be True" owner="BuiltIn">
<arg>${difference} &lt; 0.1</arg>
<arg>msg=Available space calculation incorrect</arg>
<doc>Fails if the given condition is not true.</doc>
<status status="NOT RUN" start="2025-11-24T01:33:14.327645" elapsed="0.001128"/>
</kw>
<doc>Verify quota usage statistics are calculated correctly</doc>
<tag>monitoring</tag>
<tag>quota</tag>
<tag>statistics</tag>
<status status="FAIL" start="2025-11-24T01:33:14.298578" elapsed="0.030709">ConnectionError: HTTPConnectionPool(host='exascaler.ddn.local', port=80): Max retries exceeded with url: /api/v1/quotas/tenant1_namespace/usage (Caused by NewConnectionError('&lt;urllib3.connection.HTTPConnection object at 0x000001F6E5F5E790&gt;: Failed to establish a new connection: [Errno 11001] getaddrinfo failed'))</status>
</test>
<test id="s1-s1-t5" name="S3 Should Create Isolated Buckets For Each Tenant" line="137">
<kw name="Create S3 Client" owner="DDN_Keywords">
<msg time="2025-11-24T01:33:18.186238" level="INFO">${s3_client1} = &lt;botocore.client.S3 object at 0x000001F6E6D6D010&gt;</msg>
<var>${s3_client1}</var>
<arg>tenant1</arg>
<doc>Create S3 client for tenant</doc>
<status status="PASS" start="2025-11-24T01:33:14.332268" elapsed="3.854773"/>
</kw>
<kw name="Create S3 Bucket" owner="DDN_Keywords">
<msg time="2025-11-24T01:33:18.207344" level="FAIL">UnknownSignatureVersionError: Unknown Signature Version: s4.</msg>
<var>${location1}</var>
<arg>tenant_name=tenant1</arg>
<arg>bucket_name=tenant1-data-bucket</arg>
<arg>location_constraint=${TENANT1_DOMAIN}</arg>
<doc>Create S3 bucket for tenant</doc>
<status status="FAIL" start="2025-11-24T01:33:18.192782" elapsed="1.598354">UnknownSignatureVersionError: Unknown Signature Version: s4.</status>
</kw>
<kw name="Should Not Be Empty" owner="BuiltIn">
<arg>${location1}</arg>
<doc>Verifies that the given item is not empty.</doc>
<status status="NOT RUN" start="2025-11-24T01:33:19.819789" elapsed="0.000000"/>
</kw>
<kw name="Create S3 Client" owner="DDN_Keywords">
<var>${s3_client2}</var>
<arg>tenant2</arg>
<doc>Create S3 client for tenant</doc>
<status status="NOT RUN" start="2025-11-24T01:33:19.834495" elapsed="0.000000"/>
</kw>
<kw name="Create S3 Bucket" owner="DDN_Keywords">
<var>${location2}</var>
<arg>tenant_name=tenant2</arg>
<arg>bucket_name=tenant2-data-bucket</arg>
<arg>location_constraint=${TENANT2_DOMAIN}</arg>
<doc>Create S3 bucket for tenant</doc>
<status status="NOT RUN" start="2025-11-24T01:33:19.837328" elapsed="0.000000"/>
</kw>
<kw name="Should Not Be Empty" owner="BuiltIn">
<arg>${location2}</arg>
<doc>Verifies that the given item is not empty.</doc>
<status status="NOT RUN" start="2025-11-24T01:33:19.839691" elapsed="0.000000"/>
</kw>
<doc>Create S3 buckets with tenant isolation</doc>
<tag>critical</tag>
<tag>multi-tenancy</tag>
<tag>object-storage</tag>
<tag>s3</tag>
<status status="FAIL" start="2025-11-24T01:33:14.330916" elapsed="5.515439">UnknownSignatureVersionError: Unknown Signature Version: s4.</status>
</test>
<test id="s1-s1-t6" name="S3 Should Prevent Cross-Tenant Bucket Access" line="160">
<kw name="Run Keyword And Expect Error" owner="BuiltIn">
<kw name="List S3 Objects" owner="DDN_Keywords">
<msg time="2025-11-24T01:33:19.875227" level="FAIL">UnknownSignatureVersionError: Unknown Signature Version: s4.</msg>
<arg>tenant1</arg>
<arg>tenant2-data-bucket</arg>
<doc>List objects in S3 bucket</doc>
<status status="FAIL" start="2025-11-24T01:33:19.861769" elapsed="0.027486">UnknownSignatureVersionError: Unknown Signature Version: s4.</status>
</kw>
<msg time="2025-11-24T01:33:19.890913" level="FAIL">Expected error '*AccessDenied*' but got 'UnknownSignatureVersionError: Unknown Signature Version: s4.'.</msg>
<arg>*AccessDenied*</arg>
<arg>List S3 Objects</arg>
<arg>tenant1</arg>
<arg>tenant2-data-bucket</arg>
<doc>Runs the keyword and checks that the expected error occurred.</doc>
<status status="FAIL" start="2025-11-24T01:33:19.860849" elapsed="0.030064">Expected error '*AccessDenied*' but got 'UnknownSignatureVersionError: Unknown Signature Version: s4.'.</status>
</kw>
<doc>Verify Tenant 1 cannot access Tenant 2's S3 bucket</doc>
<tag>access-control</tag>
<tag>critical</tag>
<tag>s3</tag>
<tag>security</tag>
<status status="FAIL" start="2025-11-24T01:33:19.855702" elapsed="0.036328">Expected error '*AccessDenied*' but got 'UnknownSignatureVersionError: Unknown Signature Version: s4.'.</status>
</test>
<test id="s1-s1-t7" name="Audit Should Maintain Logs For All Tenant Operations" line="171">
<kw name="Get Audit Logs" owner="DDN_Keywords">
<msg time="2025-11-24T01:33:19.907944" level="FAIL">NameError: name 'timedelta' is not defined</msg>
<var>${audit_entries}</var>
<arg>tenant_domain=${TENANT1_DOMAIN}</arg>
<arg>hours=24</arg>
<doc>Get audit logs for tenant</doc>
<status status="FAIL" start="2025-11-24T01:33:19.906764" elapsed="0.001689">NameError: name 'timedelta' is not defined</status>
</kw>
<kw name="Should Not Be Empty" owner="BuiltIn">
<arg>${audit_entries}</arg>
<doc>Verifies that the given item is not empty.</doc>
<status status="NOT RUN" start="2025-11-24T01:33:19.909435" elapsed="0.000000"/>
</kw>
<kw name="Get From List" owner="Collections">
<var>${first_entry}</var>
<arg>${audit_entries}</arg>
<arg>0</arg>
<doc>Returns the value specified with an ``index`` from ``list``.</doc>
<status status="NOT RUN" start="2025-11-24T01:33:19.910446" elapsed="0.000509"/>
</kw>
<kw name="Dictionary Should Contain Key" owner="Collections">
<arg>${first_entry}</arg>
<arg>timestamp</arg>
<doc>Fails if ``key`` is not found from ``dictionary``.</doc>
<status status="NOT RUN" start="2025-11-24T01:33:19.911526" elapsed="0.000000"/>
</kw>
<kw name="Dictionary Should Contain Key" owner="Collections">
<arg>${first_entry}</arg>
<arg>user</arg>
<doc>Fails if ``key`` is not found from ``dictionary``.</doc>
<status status="NOT RUN" start="2025-11-24T01:33:19.913526" elapsed="0.000000"/>
</kw>
<kw name="Dictionary Should Contain Key" owner="Collections">
<arg>${first_entry}</arg>
<arg>action</arg>
<doc>Fails if ``key`` is not found from ``dictionary``.</doc>
<status status="NOT RUN" start="2025-11-24T01:33:19.914041" elapsed="0.000000"/>
</kw>
<kw name="Dictionary Should Contain Key" owner="Collections">
<arg>${first_entry}</arg>
<arg>resource</arg>
<doc>Fails if ``key`` is not found from ``dictionary``.</doc>
<status status="NOT RUN" start="2025-11-24T01:33:19.914586" elapsed="0.000000"/>
</kw>
<kw name="Dictionary Should Contain Key" owner="Collections">
<arg>${first_entry}</arg>
<arg>result</arg>
<doc>Fails if ``key`` is not found from ``dictionary``.</doc>
<status status="NOT RUN" start="2025-11-24T01:33:19.915192" elapsed="0.000000"/>
</kw>
<kw name="Dictionary Should Contain Key" owner="Collections">
<arg>${first_entry}</arg>
<arg>tenant_domain</arg>
<doc>Fails if ``key`` is not found from ``dictionary``.</doc>
<status status="NOT RUN" start="2025-11-24T01:33:19.915716" elapsed="0.000526"/>
</kw>
<doc>Verify audit logging captures all tenant operations</doc>
<tag>audit</tag>
<tag>compliance</tag>
<tag>governance</tag>
<status status="FAIL" start="2025-11-24T01:33:19.902321" elapsed="0.016044">NameError: name 'timedelta' is not defined</status>
</test>
<kw name="Close DDN Session" type="TEARDOWN">
<kw name="Close Session" owner="DDN_Keywords">
<doc>Close HTTP session</doc>
<status status="PASS" start="2025-11-24T01:33:19.920535" elapsed="0.000000"/>
</kw>
<kw name="Log" owner="BuiltIn">
<msg time="2025-11-24T01:33:19.921556" level="INFO">DDN advanced test suite completed</msg>
<arg>DDN advanced test suite completed</arg>
<arg>level=INFO</arg>
<doc>Logs the given message with the given level.</doc>
<status status="PASS" start="2025-11-24T01:33:19.921556" elapsed="0.000000"/>
</kw>
<doc>Clean up resources after test suite</doc>
<status status="PASS" start="2025-11-24T01:33:19.919935" elapsed="0.002154"/>
</kw>
<doc>DDN Advanced Real-Time Test Scenarios - Robot Framework
Multi-tenancy, Security, and Compliance Tests:
- Domain-based isolation and management
- Multi-tenancy with namespace isolation
- Quota management and enforcement
- S3 protocol multi-tenancy
- Kerberos authentication
- Data governance and compliance
All failures automatically reported to MongoDB via listener</doc>
<status status="FAIL" start="2025-11-24T01:33:10.821320" elapsed="9.100769"/>
</suite>
<suite id="s1-s2" name="Ddn Basic Tests" source="C:\DDN-AI-Project-Documentation\robot-tests\ddn_basic_tests.robot">
<kw name="Initialize Test Suite" type="SETUP">
<kw name="Get Environment Variable">
<msg time="2025-11-24T01:33:19.972220" level="FAIL">No keyword with name 'Get Environment Variable' found.</msg>
<var>${build_num}</var>
<arg>BUILD_NUMBER</arg>
<arg>default=local-run</arg>
<status status="FAIL" start="2025-11-24T01:33:19.970008" elapsed="0.002730">No keyword with name 'Get Environment Variable' found.</status>
</kw>
<kw name="Set Suite Variable" owner="BuiltIn">
<arg>${BUILD_NUMBER}</arg>
<arg>${build_num}</arg>
<doc>Makes a variable available everywhere within the scope of the current suite.</doc>
<status status="NOT RUN" start="2025-11-24T01:33:19.973081" elapsed="0.000000"/>
</kw>
<kw name="Get Environment Variable">
<var>${job_name}</var>
<arg>JOB_NAME</arg>
<arg>default=DDN-Robot-Basic-Tests</arg>
<status status="NOT RUN" start="2025-11-24T01:33:19.973588" elapsed="0.000000"/>
</kw>
<kw name="Set Suite Variable" owner="BuiltIn">
<arg>${JOB_NAME}</arg>
<arg>${job_name}</arg>
<doc>Makes a variable available everywhere within the scope of the current suite.</doc>
<status status="NOT RUN" start="2025-11-24T01:33:19.973588" elapsed="0.000000"/>
</kw>
<kw name="Log" owner="BuiltIn">
<arg>Starting DDN Robot Framework Tests</arg>
<arg>level=INFO</arg>
<doc>Logs the given message with the given level.</doc>
<status status="NOT RUN" start="2025-11-24T01:33:19.974113" elapsed="0.000000"/>
</kw>
<kw name="Log" owner="BuiltIn">
<arg>Build Number: ${BUILD_NUMBER}</arg>
<arg>level=INFO</arg>
<doc>Logs the given message with the given level.</doc>
<status status="NOT RUN" start="2025-11-24T01:33:19.974113" elapsed="0.000000"/>
</kw>
<kw name="Log" owner="BuiltIn">
<arg>Job Name: ${JOB_NAME}</arg>
<arg>level=INFO</arg>
<doc>Logs the given message with the given level.</doc>
<status status="NOT RUN" start="2025-11-24T01:33:19.974113" elapsed="0.000000"/>
</kw>
<doc>Initialize test suite with environment variables</doc>
<status status="FAIL" start="2025-11-24T01:33:19.964279" elapsed="0.010356">No keyword with name 'Get Environment Variable' found.</status>
</kw>
<test id="s1-s2-t1" name="EXAScaler Should Connect To Lustre File System" line="31">
<doc>Verify EXAScaler Lustre file system is reachable and healthy</doc>
<tag>connectivity</tag>
<tag>critical</tag>
<tag>exascaler</tag>
<tag>lustre</tag>
<status status="FAIL" start="2025-11-24T01:33:19.977555" elapsed="0.002067">Parent suite setup failed:
No keyword with name 'Get Environment Variable' found.</status>
</test>
<test id="s1-s2-t2" name="EXAScaler Should Verify Cluster Status And Metadata Servers" line="40">
<doc>Verify EXAScaler cluster has active MDS and OSS servers</doc>
<tag>cluster</tag>
<tag>critical</tag>
<tag>exascaler</tag>
<tag>health-check</tag>
<status status="FAIL" start="2025-11-24T01:33:19.986314" elapsed="0.001746">Parent suite setup failed:
No keyword with name 'Get Environment Variable' found.</status>
</test>
<test id="s1-s2-t3" name="EXAScaler Should Test Lustre Throughput Performance" line="59">
<doc>Verify Lustre file system achieves high throughput (TB/s)</doc>
<tag>exascaler</tag>
<tag>performance</tag>
<tag>throughput</tag>
<status status="FAIL" start="2025-11-24T01:33:19.997905" elapsed="0.003527">Parent suite setup failed:
No keyword with name 'Get Environment Variable' found.</status>
</test>
<test id="s1-s2-t4" name="EXAScaler Should Create And Access Lustre Striped Files" line="70">
<doc>Test Lustre striping feature for parallel I/O performance</doc>
<tag>exascaler</tag>
<tag>file-operations</tag>
<tag>lustre</tag>
<tag>striping</tag>
<status status="FAIL" start="2025-11-24T01:33:20.003942" elapsed="0.006955">Parent suite setup failed:
No keyword with name 'Get Environment Variable' found.</status>
</test>
<test id="s1-s2-t5" name="AI400X Should Connect To Storage Platform" line="92">
<doc>Verify AI400X storage platform is accessible</doc>
<tag>ai-storage</tag>
<tag>ai400x</tag>
<tag>connectivity</tag>
<tag>critical</tag>
<status status="FAIL" start="2025-11-24T01:33:20.014338" elapsed="0.001017">Parent suite setup failed:
No keyword with name 'Get Environment Variable' found.</status>
</test>
<test id="s1-s2-t6" name="AI400X Should Verify GPU-Optimized Storage Performance" line="101">
<doc>Verify GPU Direct Storage is enabled with low latency</doc>
<tag>ai400x</tag>
<tag>critical</tag>
<tag>gpu</tag>
<tag>performance</tag>
<status status="FAIL" start="2025-11-24T01:33:20.018469" elapsed="0.001654">Parent suite setup failed:
No keyword with name 'Get Environment Variable' found.</status>
</test>
<test id="s1-s2-t7" name="AI400X Should Store And Retrieve AI Model Checkpoint" line="117">
<doc>Test AI model checkpoint storage and retrieval functionality</doc>
<tag>ai-model</tag>
<tag>ai400x</tag>
<tag>checkpoint</tag>
<tag>critical</tag>
<status status="FAIL" start="2025-11-24T01:33:20.021644" elapsed="0.001007">Parent suite setup failed:
No keyword with name 'Get Environment Variable' found.</status>
</test>
<test id="s1-s2-t8" name="AI400X Should Verify 4x Faster Data Loading Claim" line="143">
<doc>Verify AI400X achieves claimed 4x faster data loading</doc>
<tag>ai400x</tag>
<tag>data-loading</tag>
<tag>performance</tag>
<status status="FAIL" start="2025-11-24T01:33:20.023867" elapsed="0.001034">Parent suite setup failed:
No keyword with name 'Get Environment Variable' found.</status>
</test>
<test id="s1-s2-t9" name="Infinia Should Connect To Orchestration Platform" line="162">
<doc>Verify Infinia orchestration platform is accessible</doc>
<tag>connectivity</tag>
<tag>critical</tag>
<tag>infinia</tag>
<tag>orchestration</tag>
<status status="FAIL" start="2025-11-24T01:33:20.024901" elapsed="0.001028">Parent suite setup failed:
No keyword with name 'Get Environment Variable' found.</status>
</test>
<test id="s1-s2-t10" name="Infinia Should Optimize LLM Training Workload" line="171">
<doc>Test LLM training workload optimization capabilities</doc>
<tag>infinia</tag>
<tag>llm</tag>
<tag>optimization</tag>
<status status="FAIL" start="2025-11-24T01:33:20.028734" elapsed="0.001443">Parent suite setup failed:
No keyword with name 'Get Environment Variable' found.</status>
</test>
<test id="s1-s2-t11" name="Infinia Should Verify 15x Faster Checkpointing Performance" line="186">
<doc>Verify Infinia achieves 15x faster checkpointing</doc>
<tag>checkpoint</tag>
<tag>infinia</tag>
<tag>performance</tag>
<status status="FAIL" start="2025-11-24T01:33:20.030820" elapsed="0.001359">Parent suite setup failed:
No keyword with name 'Get Environment Variable' found.</status>
</test>
<test id="s1-s2-t12" name="Infinia Should Setup Edge-Core-Cloud Orchestration" line="201">
<doc>Test edge-core-cloud data orchestration setup</doc>
<tag>edge-cloud</tag>
<tag>infinia</tag>
<tag>orchestration</tag>
<status status="FAIL" start="2025-11-24T01:33:20.034881" elapsed="0.003189">Parent suite setup failed:
No keyword with name 'Get Environment Variable' found.</status>
</test>
<test id="s1-s2-t13" name="IntelliFlash Should Connect To Storage System" line="215">
<doc>Verify IntelliFlash storage system is accessible</doc>
<tag>connectivity</tag>
<tag>critical</tag>
<tag>enterprise</tag>
<tag>intelliflash</tag>
<status status="FAIL" start="2025-11-24T01:33:20.040108" elapsed="0.001101">Parent suite setup failed:
No keyword with name 'Get Environment Variable' found.</status>
</test>
<test id="s1-s2-t14" name="IntelliFlash Should Test Flash-Optimized CRUD Operations" line="224">
<doc>Test IntelliFlash Create, Read, Update, Delete operations</doc>
<tag>crud</tag>
<tag>data-operations</tag>
<tag>intelliflash</tag>
<status status="FAIL" start="2025-11-24T01:33:20.042359" elapsed="0.001070">Parent suite setup failed:
No keyword with name 'Get Environment Variable' found.</status>
</test>
<test id="s1-s2-t15" name="IntelliFlash Should Verify Deduplication And Compression Ratios" line="253">
<doc>Verify IntelliFlash storage efficiency features</doc>
<tag>compression</tag>
<tag>deduplication</tag>
<tag>efficiency</tag>
<tag>intelliflash</tag>
<status status="FAIL" start="2025-11-24T01:33:20.044200" elapsed="0.001145">Parent suite setup failed:
No keyword with name 'Get Environment Variable' found.</status>
</test>
<test id="s1-s2-t16" name="DDN Should Complete Full AI Training Pipeline" line="274">
<doc>End-to-end integration test across all DDN products</doc>
<tag>ai-pipeline</tag>
<tag>critical</tag>
<tag>end-to-end</tag>
<tag>integration</tag>
<timeout value="1 minute"/>
<status status="FAIL" start="2025-11-24T01:33:20.046400" elapsed="0.001185">Parent suite setup failed:
No keyword with name 'Get Environment Variable' found.</status>
</test>
<kw name="Close DDN Session" type="TEARDOWN">
<kw name="Close Session" owner="DDN_Keywords">
<doc>Close HTTP session</doc>
<status status="PASS" start="2025-11-24T01:33:20.055339" elapsed="0.000719"/>
</kw>
<kw name="Log" owner="BuiltIn">
<msg time="2025-11-24T01:33:20.057411" level="INFO">DDN test suite completed</msg>
<arg>DDN test suite completed</arg>
<arg>level=INFO</arg>
<doc>Logs the given message with the given level.</doc>
<status status="PASS" start="2025-11-24T01:33:20.056904" elapsed="0.000507"/>
</kw>
<doc>Clean up resources after test suite</doc>
<status status="PASS" start="2025-11-24T01:33:20.053414" elapsed="0.003997"/>
</kw>
<doc>DDN Real-Time Test Scenarios - Robot Framework Version
Comprehensive test suite for DDN Storage Products:
- EXAScaler (Lustre file system)
- AI400X Series (AI storage platforms)
- Infinia (AI workload optimization)
- IntelliFlash (Enterprise storage)
All failures automatically reported to MongoDB via listener</doc>
<status status="FAIL" start="2025-11-24T01:33:19.924248" elapsed="0.133163">Suite setup failed:
No keyword with name 'Get Environment Variable' found.</status>
</suite>
<status status="FAIL" start="2025-11-24T01:33:10.631187" elapsed="9.431105"/>
</suite>
<statistics>
<total>
<stat pass="0" fail="23" skip="0">All Tests</stat>
</total>
<tag>
<stat pass="0" fail="1" skip="0">access-control</stat>
<stat pass="0" fail="1" skip="0">ai-model</stat>
<stat pass="0" fail="1" skip="0">ai-pipeline</stat>
<stat pass="0" fail="1" skip="0">ai-storage</stat>
<stat pass="0" fail="4" skip="0">ai400x</stat>
<stat pass="0" fail="1" skip="0">audit</stat>
<stat pass="0" fail="2" skip="0">checkpoint</stat>
<stat pass="0" fail="1" skip="0">cluster</stat>
<stat pass="0" fail="1" skip="0">compliance</stat>
<stat pass="0" fail="1" skip="0">compression</stat>
<stat pass="0" fail="4" skip="0">connectivity</stat>
<stat pass="0" fail="12" skip="0">critical</stat>
<stat pass="0" fail="1" skip="0">crud</stat>
<stat pass="0" fail="1" skip="0">data-loading</stat>
<stat pass="0" fail="1" skip="0">data-operations</stat>
<stat pass="0" fail="1" skip="0">deduplication</stat>
<stat pass="0" fail="1" skip="0">domain</stat>
<stat pass="0" fail="1" skip="0">edge-cloud</stat>
<stat pass="0" fail="1" skip="0">efficiency</stat>
<stat pass="0" fail="1" skip="0">end-to-end</stat>
<stat pass="0" fail="1" skip="0">enterprise</stat>
<stat pass="0" fail="4" skip="0">exascaler</stat>
<stat pass="0" fail="1" skip="0">file-operations</stat>
<stat pass="0" fail="1" skip="0">governance</stat>
<stat pass="0" fail="1" skip="0">gpu</stat>
<stat pass="0" fail="1" skip="0">health-check</stat>
<stat pass="0" fail="4" skip="0">infinia</stat>
<stat pass="0" fail="1" skip="0">integration</stat>
<stat pass="0" fail="3" skip="0">intelliflash</stat>
<stat pass="0" fail="2" skip="0">isolation</stat>
<stat pass="0" fail="1" skip="0">llm</stat>
<stat pass="0" fail="2" skip="0">lustre</stat>
<stat pass="0" fail="1" skip="0">monitoring</stat>
<stat pass="0" fail="4" skip="0">multi-tenancy</stat>
<stat pass="0" fail="1" skip="0">namespace</stat>
<stat pass="0" fail="1" skip="0">object-storage</stat>
<stat pass="0" fail="1" skip="0">optimization</stat>
<stat pass="0" fail="2" skip="0">orchestration</stat>
<stat pass="0" fail="4" skip="0">performance</stat>
<stat pass="0" fail="2" skip="0">quota</stat>
<stat pass="0" fail="2" skip="0">s3</stat>
<stat pass="0" fail="1" skip="0">security</stat>
<stat pass="0" fail="1" skip="0">statistics</stat>
<stat pass="0" fail="1" skip="0">storage-management</stat>
<stat pass="0" fail="1" skip="0">striping</stat>
<stat pass="0" fail="1" skip="0">throughput</stat>
</tag>
<suite>
<stat name="Robot-Tests" id="s1" pass="0" fail="23" skip="0">Robot-Tests</stat>
<stat name="Ddn Advanced Tests" id="s1-s1" pass="0" fail="7" skip="0">Robot-Tests.Ddn Advanced Tests</stat>
<stat name="Ddn Basic Tests" id="s1-s2" pass="0" fail="16" skip="0">Robot-Tests.Ddn Basic Tests</stat>
</suite>
</statistics>
<errors>
</errors>
</robot>
