Started by timer
Running as SYSTEM
Building in workspace /var/jenkins_home/workspace/Guruttava-E2E-Tests
[Guruttava-E2E-Tests] $ /bin/bash /tmp/jenkins4794199410505973952.sh
=========================================
Guruttava E2E Tests (Robot Framework)
Build: 4
Job: Guruttava-E2E-Tests
Platform: Android
Test Type: Smoke
=========================================
Project ID: 2 | Slug: guruttava
Checking out code from https://github.com/Sushrut-01/gurutattva-e2e-automation (branch: Sushrut-laptop)...
HEAD is now at 2d288d7 feat: add Jenkins pipeline to run all E2E suites sequentially (PROJECT_ID=2, Multi-Project)
Removing resources/DockerChromeLibrary.py
Git Branch: Sushrut-laptop | Commit: 2d288d73cc10e6006e222d80af955d53a97f6623
Installing Robot Framework and dependencies...
Creating Docker Chrome library wrapper (proven web solution)...
âœ… Docker Chrome library created
Running E2E tests from: tests/E2E*.robot
Appium Server: http://host.docker.internal:4723
Configuring Chrome for headless mode in Docker...
Installing ChromeDriver...
Chrome Binary: /usr/bin/google-chrome
ChromeDriver: /usr/bin/chromedriver
Chrome Options: --headless --no-sandbox --disable-dev-shm-usage --disable-gpu --disable-software-rasterizer --disable-extensions --remote-debugging-port=9222 --user-data-dir=/tmp/chrome-user-data --window-size=1920,1080 --single-process
Running Android E2E tests
Test Type: Smoke
Executing Robot Framework E2E tests (E2E* files only)...
==============================================================================
Guruttava_Android_E2E_Tests                                                   
==============================================================================
[ WARN ] Error in file '/var/jenkins_home/workspace/Guruttava-E2E-Tests/pages/E2EAudioPage.robot' on line 4800: The '[Return]' setting is deprecated. Use the 'RETURN' statement instead.
[ WARN ] Error in file '/var/jenkins_home/workspace/Guruttava-E2E-Tests/pages/E2EAudioPage.robot' on line 4946: The '[Return]' setting is deprecated. Use the 'RETURN' statement instead.
[ WARN ] Error in file '/var/jenkins_home/workspace/Guruttava-E2E-Tests/pages/E2EAudioPage.robot' on line 4962: The '[Return]' setting is deprecated. Use the 'RETURN' statement instead.
[ WARN ] Error in file '/var/jenkins_home/workspace/Guruttava-E2E-Tests/pages/E2EAudioPage.robot' on line 4993: The '[Return]' setting is deprecated. Use the 'RETURN' statement instead.
[ WARN ] Error in file '/var/jenkins_home/workspace/Guruttava-E2E-Tests/pages/E2EAudioPage.robot' on line 5533: The '[Return]' setting is deprecated. Use the 'RETURN' statement instead.
[ WARN ] Error in file '/var/jenkins_home/workspace/Guruttava-E2E-Tests/pages/E2EAudioPage.robot' on line 5644: The '[Return]' setting is deprecated. Use the 'RETURN' statement instead.
[ WARN ] Error in file '/var/jenkins_home/workspace/Guruttava-E2E-Tests/pages/E2ENewsPage.robot' on line 798: The '[Return]' setting is deprecated. Use the 'RETURN' statement instead.
Guruttava_Android_E2E_Tests.E2EAudio                                          
==============================================================================
End-to-End Integration Create and Publish Music Track in Web CRM a... ===== Starting Test Setup =====
===== Test Setup Completed =====
ğŸ¯ Generated E2E Test Data:
ğŸ¯ Category: E2E_Category_5817
ğŸ¯ SubCategory: E2E_SubCategory_5817
ğŸ¯ Audio Track: E2E_Track_5817
ğŸ¯ Author: E2E_Author_5817
ğŸŒ Opening web browser: chrome
ğŸ”— Navigating to: https://gurutattvacmsnewdev.rysun.in:9090/
===== Starting Test Teardown =====
âœ… Mobile screenshot captured: /var/jenkins_home/workspace/Guruttava-E2E-Tests/results/Screenshot/End-to-End_Integration_Create_and_Publish_Music_Track_in_Web_CRM_and_Verify_Playback_in_Mobile_App_20260120_183409.png
âš ï¸ Mobile screenshot capture failed, capturing web screenshot...
âœ… Screenshot captured: /var/jenkins_home/workspace/Guruttava-E2E-Tests/results/Screenshot/End-to-End_Integration_Create_and_Publish_Music_Track_in_Web_CRM_and_Verify_Playback_in_Mobile_App_20260120_183409.png
===== Closing Gurutattva App =====
âš ï¸ Graceful termination failed, using force stop
âš ï¸ Mobile session close had issues
===== Gurutattva App Closed =====
ğŸ—‘ï¸ Cleared download directory: /var/jenkins_home/workspace/Guruttava-E2E-Tests/downloads
===== Test Teardown Completed =====
| FAIL |
NoSuchDriverException: Message: Unable to obtain driver for chrome; For documentation on this error, please visit: https://www.selenium.dev/documentation/webdriver/troubleshooting/errors/driver_location
------------------------------------------------------------------------------
Unpublish Music Track And Validate In Mobile App :: Unpublish the ... ===== Starting Test Setup =====
===== Test Setup Completed =====
ğŸŒ Opening web browser: chrome
ğŸ”— Navigating to: https://gurutattvacmsnewdev.rysun.in:9090/
===== Starting Test Teardown =====
âœ… Mobile screenshot captured: /var/jenkins_home/workspace/Guruttava-E2E-Tests/results/Screenshot/Unpublish_Music_Track_And_Validate_In_Mobile_App_20260120_184011.png
âš ï¸ Mobile screenshot capture failed, capturing web screenshot...
âœ… Screenshot captured: /var/jenkins_home/workspace/Guruttava-E2E-Tests/results/Screenshot/Unpublish_Music_Track_And_Validate_In_Mobile_App_20260120_184011.png
===== Closing Gurutattva App =====
âš ï¸ Graceful termination failed, using force stop
âš ï¸ Mobile session close had issues
===== Gurutattva App Closed =====
ğŸ—‘ï¸ Cleared download directory: /var/jenkins_home/workspace/Guruttava-E2E-Tests/downloads
===== Test Teardown Completed =====
| FAIL |
NoSuchDriverException: Message: Unable to obtain driver for chrome; For documentation on this error, please visit: https://www.selenium.dev/documentation/webdriver/troubleshooting/errors/driver_location
------------------------------------------------------------------------------
End-to-End Integration Create and Publish Podcast in Web CRM and V... ===== Starting Test Setup =====
===== Test Setup Completed =====
ğŸ¯ Generated E2E Test Data:
ğŸ¯ Category: PodcastCategory_3972
ğŸ¯ SubCategory: Podcast_SubCategory_3972
ğŸ¯ Audio Track: Podcast_Track_3972
ğŸ¯ Speaker: E2E_Speaker_3972
ğŸŒ Opening web browser: chrome
ğŸ”— Navigating to: https://gurutattvacmsnewdev.rysun.in:9090/
===== Starting Test Teardown =====
âœ… Mobile screenshot captured: /var/jenkins_home/workspace/Guruttava-E2E-Tests/results/Screenshot/End-to-End_Integration_Create_and_Publish_Podcast_in_Web_CRM_and_Verify_Playback_in_Mobile_App_20260120_184643.png
âš ï¸ Mobile screenshot capture failed, capturing web screenshot...
âœ… Screenshot captured: /var/jenkins_home/workspace/Guruttava-E2E-Tests/results/Screenshot/End-to-End_Integration_Create_and_Publish_Podcast_in_Web_CRM_and_Verify_Playback_in_Mobile_App_20260120_184643.png
===== Closing Gurutattva App =====
âš ï¸ Graceful termination failed, using force stop
âš ï¸ Mobile session close had issues
===== Gurutattva App Closed =====
ğŸ—‘ï¸ Cleared download directory: /var/jenkins_home/workspace/Guruttava-E2E-Tests/downloads
===== Test Teardown Completed =====
| FAIL |
NoSuchDriverException: Message: Unable to obtain driver for chrome; For documentation on this error, please visit: https://www.selenium.dev/documentation/webdriver/troubleshooting/errors/driver_location
------------------------------------------------------------------------------
Validate that the mobile app does not display unpublished podcast ... ===== Starting Test Setup =====
===== Test Setup Completed =====
ğŸŒ Opening web browser: chrome
ğŸ”— Navigating to: https://gurutattvacmsnewdev.rysun.in:9090/
===== Starting Test Teardown =====
âœ… Mobile screenshot captured: /var/jenkins_home/workspace/Guruttava-E2E-Tests/results/Screenshot/Validate_that_the_mobile_app_does_not_display_unpublished_podcast_track_20260120_185218.png
âš ï¸ Mobile screenshot capture failed, capturing web screenshot...
âœ… Screenshot captured: /var/jenkins_home/workspace/Guruttava-E2E-Tests/results/Screenshot/Validate_that_the_mobile_app_does_not_display_unpublished_podcast_track_20260120_185218.png
===== Closing Gurutattva App =====
âš ï¸ Graceful termination failed, using force stop
âš ï¸ Mobile session close had issues
===== Gurutattva App Closed =====
ğŸ—‘ï¸ Cleared download directory: /var/jenkins_home/workspace/Guruttava-E2E-Tests/downloads
===== Test Teardown Completed =====
| FAIL |
NoSuchDriverException: Message: Unable to obtain driver for chrome; For documentation on this error, please visit: https://www.selenium.dev/documentation/webdriver/troubleshooting/errors/driver_location
------------------------------------------------------------------------------
Validate mobile app does not show deleted Podcast tracks :: Valida... ===== Starting Test Setup =====
===== Test Setup Completed =====
ğŸ¯ Generated E2E Test Data:
ğŸ¯ Category: PodcastCategory_8809
ğŸ¯ SubCategory: Podcast_SubCategory_8809
ğŸ¯ Audio Track: Podcast_Track_8809
ğŸ¯ Speaker: E2E_Speaker_8809
ğŸŒ Opening web browser: chrome
ğŸ”— Navigating to: https://gurutattvacmsnewdev.rysun.in:9090/
===== Starting Test Teardown =====
âœ… Mobile screenshot captured: /var/jenkins_home/workspace/Guruttava-E2E-Tests/results/Screenshot/Validate_mobile_app_does_not_show_deleted_Podcast_tracks_20260120_190037.png
âš ï¸ Mobile screenshot capture failed, capturing web screenshot...
âœ… Screenshot captured: /var/jenkins_home/workspace/Guruttava-E2E-Tests/results/Screenshot/Validate_mobile_app_does_not_show_deleted_Podcast_tracks_20260120_190037.png
===== Closing Gurutattva App =====
âš ï¸ Graceful termination failed, using force stop
âš ï¸ Mobile session close had issues
===== Gurutattva App Closed =====
ğŸ—‘ï¸ Cleared download directory: /var/jenkins_home/workspace/Guruttava-E2E-Tests/downloads
===== Test Teardown Completed =====
| FAIL |
NoSuchDriverException: Message: Unable to obtain driver for chrome; For documentation on this error, please visit: https://www.selenium.dev/documentation/webdriver/troubleshooting/errors/driver_location
------------------------------------------------------------------------------
Validate mobile app does not show deleted Music tracks :: Validate... ===== Starting Test Setup =====
===== Test Setup Completed =====
ğŸ¯ Generated E2E Test Data:
ğŸ¯ Category: E2E_Category_1041
ğŸ¯ SubCategory: E2E_SubCategory_1041
ğŸ¯ Audio Track: E2E_Track_1041
ğŸ¯ Author: E2E_Author_1041
ğŸŒ Opening web browser: chrome
ğŸ”— Navigating to: https://gurutattvacmsnewdev.rysun.in:9090/
===== Starting Test Teardown =====
âœ… Mobile screenshot captured: /var/jenkins_home/workspace/Guruttava-E2E-Tests/results/Screenshot/Validate_mobile_app_does_not_show_deleted_Music_tracks_20260120_190607.png
âš ï¸ Mobile screenshot capture failed, capturing web screenshot...
âœ… Screenshot captured: /var/jenkins_home/workspace/Guruttava-E2E-Tests/results/Screenshot/Validate_mobile_app_does_not_show_deleted_Music_tracks_20260120_190607.png
===== Closing Gurutattva App =====
âš ï¸ Graceful termination failed, using force stop
âš ï¸ Mobile session close had issues
===== Gurutattva App Closed =====
ğŸ—‘ï¸ Cleared download directory: /var/jenkins_home/workspace/Guruttava-E2E-Tests/downloads
===== Test Teardown Completed =====
| FAIL |
NoSuchDriverException: Message: Unable to obtain driver for chrome; For documentation on this error, please visit: https://www.selenium.dev/documentation/webdriver/troubleshooting/errors/driver_location
------------------------------------------------------------------------------
Validate Editing and Publishing of Music Track in Web CMS and Veri... ===== Starting Test Setup =====
===== Test Setup Completed =====
ğŸ¯ Generated E2E Test Data:
ğŸ¯ Category: E2E_Category_6858
ğŸ¯ SubCategory: E2E_SubCategory_6858
ğŸ¯ Audio Track: E2E_Track_6858
ğŸ¯ Author: E2E_Author_6858
ğŸŒ Opening web browser: chrome
ğŸ”— Navigating to: https://gurutattvacmsnewdev.rysun.in:9090/
===== Starting Test Teardown =====
âœ… Mobile screenshot captured: /var/jenkins_home/workspace/Guruttava-E2E-Tests/results/Screenshot/Validate_Editing_and_Publishing_of_Music_Track_in_Web_CMS_and_Verify_in_Mobile_App_20260120_191137.png
âš ï¸ Mobile screenshot capture failed, capturing web screenshot...
âœ… Screenshot captured: /var/jenkins_home/workspace/Guruttava-E2E-Tests/results/Screenshot/Validate_Editing_and_Publishing_of_Music_Track_in_Web_CMS_and_Verify_in_Mobile_App_20260120_191137.png
===== Closing Gurutattva App =====
âš ï¸ Graceful termination failed, using force stop
âš ï¸ Mobile session close had issues
===== Gurutattva App Closed =====
ğŸ—‘ï¸ Cleared download directory: /var/jenkins_home/workspace/Guruttava-E2E-Tests/downloads
===== Test Teardown Completed =====
| FAIL |
NoSuchDriverException: Message: Unable to obtain driver for chrome; For documentation on this error, please visit: https://www.selenium.dev/documentation/webdriver/troubleshooting/errors/driver_location
------------------------------------------------------------------------------
Validate Editing and Publishing of Podcast Track in Web CMS and Ve... ===== Starting Test Setup =====
===== Test Setup Completed =====
ğŸ¯ Generated E2E Test Data:
ğŸ¯ Category: PodcastCategory_2569
ğŸ¯ SubCategory: Podcast_SubCategory_2569
ğŸ¯ Audio Track: Podcast_Track_2569
ğŸ¯ Speaker: E2E_Speaker_2569
ğŸŒ Opening web browser: chrome
ğŸ”— Navigating to: https://gurutattvacmsnewdev.rysun.in:9090/
===== Starting Test Teardown =====
âœ… Mobile screenshot captured: /var/jenkins_home/workspace/Guruttava-E2E-Tests/results/Screenshot/Validate_Editing_and_Publishing_of_Podcast_Track_in_Web_CMS_and_Verify_in_Mobile_App_20260120_191709.png
âš ï¸ Mobile screenshot capture failed, capturing web screenshot...
âœ… Screenshot captured: /var/jenkins_home/workspace/Guruttava-E2E-Tests/results/Screenshot/Validate_Editing_and_Publishing_of_Podcast_Track_in_Web_CMS_and_Verify_in_Mobile_App_20260120_191709.png
===== Closing Gurutattva App =====
âš ï¸ Graceful termination failed, using force stop
âš ï¸ Mobile session close had issues
===== Gurutattva App Closed =====
ğŸ—‘ï¸ Cleared download directory: /var/jenkins_home/workspace/Guruttava-E2E-Tests/downloads
===== Test Teardown Completed =====
| FAIL |
NoSuchDriverException: Message: Unable to obtain driver for chrome; For documentation on this error, please visit: https://www.selenium.dev/documentation/webdriver/troubleshooting/errors/driver_location
------------------------------------------------------------------------------
Delete Music Track And Verify Removal From Mobile App :: Delete a ... ===== Starting Test Setup =====
===== Test Setup Completed =====
ğŸ¯ Generated E2E Test Data:
ğŸ¯ Category: E2E_Category_4996
ğŸ¯ SubCategory: E2E_SubCategory_4996
ğŸ¯ Audio Track: E2E_Track_4996
ğŸ¯ Author: E2E_Author_4996
ğŸŒ Opening web browser: chrome
ğŸ”— Navigating to: https://gurutattvacmsnewdev.rysun.in:9090/
===== Starting Test Teardown =====
âœ… Mobile screenshot captured: /var/jenkins_home/workspace/Guruttava-E2E-Tests/results/Screenshot/Delete_Music_Track_And_Verify_Removal_From_Mobile_App_20260120_192249.png
âš ï¸ Mobile screenshot capture failed, capturing web screenshot...
âœ… Screenshot captured: /var/jenkins_home/workspace/Guruttava-E2E-Tests/results/Screenshot/Delete_Music_Track_And_Verify_Removal_From_Mobile_App_20260120_192249.png
===== Closing Gurutattva App =====
âš ï¸ Graceful termination failed, using force stop
âš ï¸ Mobile session close had issues
===== Gurutattva App Closed =====
ğŸ—‘ï¸ Cleared download directory: /var/jenkins_home/workspace/Guruttava-E2E-Tests/downloads
===== Test Teardown Completed =====
| FAIL |
NoSuchDriverException: Message: Unable to obtain driver for chrome; For documentation on this error, please visit: https://www.selenium.dev/documentation/webdriver/troubleshooting/errors/driver_location
------------------------------------------------------------------------------
Delete Podcast Track And Verify Removal From Mobile App :: Delete ... ===== Starting Test Setup =====
===== Test Setup Completed =====
ğŸ¯ Generated E2E Test Data:
ğŸ¯ Category: PodcastCategory_6955
ğŸ¯ SubCategory: Podcast_SubCategory_6955
ğŸ¯ Audio Track: Podcast_Track_6955
ğŸ¯ Speaker: E2E_Speaker_6955
ğŸŒ Opening web browser: chrome
ğŸ”— Navigating to: https://gurutattvacmsnewdev.rysun.in:9090/
===== Starting Test Teardown =====
âœ… Mobile screenshot captured: /var/jenkins_home/workspace/Guruttava-E2E-Tests/results/Screenshot/Delete_Podcast_Track_And_Verify_Removal_From_Mobile_App_20260120_192818.png
âš ï¸ Mobile screenshot capture failed, capturing web screenshot...
âœ… Screenshot captured: /var/jenkins_home/workspace/Guruttava-E2E-Tests/results/Screenshot/Delete_Podcast_Track_And_Verify_Removal_From_Mobile_App_20260120_192818.png
===== Closing Gurutattva App =====
âš ï¸ Graceful termination failed, using force stop
âš ï¸ Mobile session close had issues
===== Gurutattva App Closed =====
ğŸ—‘ï¸ Cleared download directory: /var/jenkins_home/workspace/Guruttava-E2E-Tests/downloads
===== Test Teardown Completed =====
| FAIL |
NoSuchDriverException: Message: Unable to obtain driver for chrome; For documentation on this error, please visit: https://www.selenium.dev/documentation/webdriver/troubleshooting/errors/driver_location
------------------------------------------------------------------------------
Add Music Track With Same Track And Thumbnail For Both Languages :... ===== Starting Test Setup =====
===== Test Setup Completed =====
ğŸ¯ Generated E2E Test Data:
ğŸ¯ Category: E2E_Category_2857
ğŸ¯ SubCategory: E2E_SubCategory_2857
ğŸ¯ Audio Track: E2E_Track_2857
ğŸ¯ Author: E2E_Author_2857
ğŸŒ Opening web browser: chrome
ğŸ”— Navigating to: https://gurutattvacmsnewdev.rysun.in:9090/
===== Starting Test Teardown =====
âœ… Mobile screenshot captured: /var/jenkins_home/workspace/Guruttava-E2E-Tests/results/Screenshot/Add_Music_Track_With_Same_Track_And_Thumbnail_For_Both_Languages_20260120_193346.png
âš ï¸ Mobile screenshot capture failed, capturing web screenshot...
âœ… Screenshot captured: /var/jenkins_home/workspace/Guruttava-E2E-Tests/results/Screenshot/Add_Music_Track_With_Same_Track_And_Thumbnail_For_Both_Languages_20260120_193346.png
===== Closing Gurutattva App =====
âš ï¸ Graceful termination failed, using force stop
âš ï¸ Mobile session close had issues
===== Gurutattva App Closed =====
ğŸ—‘ï¸ Cleared download directory: /var/jenkins_home/workspace/Guruttava-E2E-Tests/downloads
===== Test Teardown Completed =====
| FAIL |
NoSuchDriverException: Message: Unable to obtain driver for chrome; For documentation on this error, please visit: https://www.selenium.dev/documentation/webdriver/troubleshooting/errors/driver_location
------------------------------------------------------------------------------
Add Podcast Track With Same Track And Thumbnail For Both Languages... ===== Starting Test Setup =====
===== Test Setup Completed =====
ğŸ¯ Generated E2E Test Data:
ğŸ¯ Category: PodcastCategory_6909
ğŸ¯ SubCategory: Podcast_SubCategory_6909
ğŸ¯ Audio Track: Podcast_Track_6909
ğŸ¯ Speaker: E2E_Speaker_6909
ğŸŒ Opening web browser: chrome
ğŸ”— Navigating to: https://gurutattvacmsnewdev.rysun.in:9090/
===== Starting Test Teardown =====
âœ… Mobile screenshot captured: /var/jenkins_home/workspace/Guruttava-E2E-Tests/results/Screenshot/Add_Podcast_Track_With_Same_Track_And_Thumbnail_For_Both_Languages_20260120_193902.png
âš ï¸ Mobile screenshot capture failed, capturing web screenshot...
âœ… Screenshot captured: /var/jenkins_home/workspace/Guruttava-E2E-Tests/results/Screenshot/Add_Podcast_Track_With_Same_Track_And_Thumbnail_For_Both_Languages_20260120_193902.png
===== Closing Gurutattva App =====
âš ï¸ Graceful termination failed, using force stop
âš ï¸ Mobile session close had issues
===== Gurutattva App Closed =====
ğŸ—‘ï¸ Cleared download directory: /var/jenkins_home/workspace/Guruttava-E2E-Tests/downloads
===== Test Teardown Completed =====
| FAIL |
NoSuchDriverException: Message: Unable to obtain driver for chrome; For documentation on this error, please visit: https://www.selenium.dev/documentation/webdriver/troubleshooting/errors/driver_location
------------------------------------------------------------------------------
Add Music Track Without Author :: NEGATIVE TEST: Verify that music... ===== Starting Test Setup =====
===== Test Setup Completed =====
ğŸ¯ Generated E2E Test Data:
ğŸ¯ Category: E2E_Category_3603
ğŸ¯ SubCategory: E2E_SubCategory_3603
ğŸ¯ Audio Track: E2E_Track_3603
ğŸ¯ Author: E2E_Author_3603
ğŸŒ Opening web browser: chrome
ğŸ”— Navigating to: https://gurutattvacmsnewdev.rysun.in:9090/
===== Starting Test Teardown =====
âœ… Mobile screenshot captured: /var/jenkins_home/workspace/Guruttava-E2E-Tests/results/Screenshot/Add_Music_Track_Without_Author_20260120_194430.png
âš ï¸ Mobile screenshot capture failed, capturing web screenshot...
âœ… Screenshot captured: /var/jenkins_home/workspace/Guruttava-E2E-Tests/results/Screenshot/Add_Music_Track_Without_Author_20260120_194430.png
===== Closing Gurutattva App =====
âš ï¸ Graceful termination failed, using force stop
âš ï¸ Mobile session close had issues
===== Gurutattva App Closed =====
ğŸ—‘ï¸ Cleared download directory: /var/jenkins_home/workspace/Guruttava-E2E-Tests/downloads
===== Test Teardown Completed =====
| FAIL |
NoSuchDriverException: Message: Unable to obtain driver for chrome; For documentation on this error, please visit: https://www.selenium.dev/documentation/webdriver/troubleshooting/errors/driver_location
------------------------------------------------------------------------------
Add Podcast Track Without Speaker Should not be allowed :: Attempt... ===== Starting Test Setup =====
===== Test Setup Completed =====
ğŸ¯ Generated E2E Test Data:
ğŸ¯ Category: PodcastCategory_6533
ğŸ¯ SubCategory: Podcast_SubCategory_6533
ğŸ¯ Audio Track: Podcast_Track_6533
ğŸ¯ Speaker: E2E_Speaker_6533
ğŸŒ Opening web browser: chrome
ğŸ”— Navigating to: https://gurutattvacmsnewdev.rysun.in:9090/
===== Starting Test Teardown =====
âœ… Mobile screenshot captured: /var/jenkins_home/workspace/Guruttava-E2E-Tests/results/Screenshot/Add_Podcast_Track_Without_Speaker_Should_not_be_allowed_20260120_195001.png
âš ï¸ Mobile screenshot capture failed, capturing web screenshot...
âœ… Screenshot captured: /var/jenkins_home/workspace/Guruttava-E2E-Tests/results/Screenshot/Add_Podcast_Track_Without_Speaker_Should_not_be_allowed_20260120_195001.png
===== Closing Gurutattva App =====
âš ï¸ Graceful termination failed, using force stop
âš ï¸ Mobile session close had issues
===== Gurutattva App Closed =====
ğŸ—‘ï¸ Cleared download directory: /var/jenkins_home/workspace/Guruttava-E2E-Tests/downloads
===== Test Teardown Completed =====
| FAIL |
NoSuchDriverException: Message: Unable to obtain driver for chrome; For documentation on this error, please visit: https://www.selenium.dev/documentation/webdriver/troubleshooting/errors/driver_location
------------------------------------------------------------------------------
Test Music Different Filter Functionality :: Test different filter... ===== Starting Test Setup =====
===== Test Setup Completed =====
ğŸŒ Opening web browser: chrome
ğŸ”— Navigating to: https://gurutattvacmsnewdev.rysun.in:9090/
===== Starting Test Teardown =====
âœ… Mobile screenshot captured: /var/jenkins_home/workspace/Guruttava-E2E-Tests/results/Screenshot/Test_Music_Different_Filter_Functionality_20260120_195533.png
âš ï¸ Mobile screenshot capture failed, capturing web screenshot...
âœ… Screenshot captured: /var/jenkins_home/workspace/Guruttava-E2E-Tests/results/Screenshot/Test_Music_Different_Filter_Functionality_20260120_195533.png
===== Closing Gurutattva App =====
âš ï¸ Graceful termination failed, using force stop
âš ï¸ Mobile session close had issues
===== Gurutattva App Closed =====
ğŸ—‘ï¸ Cleared download directory: /var/jenkins_home/workspace/Guruttava-E2E-Tests/downloads
===== Test Teardown Completed =====
| FAIL |
NoSuchDriverException: Message: Unable to obtain driver for chrome; For documentation on this error, please visit: https://www.selenium.dev/documentation/webdriver/troubleshooting/errors/driver_location
------------------------------------------------------------------------------
Test Podcast Different Filter Functionality :: Test different filt... ===== Starting Test Setup =====
===== Test Setup Completed =====
ğŸŒ Opening web browser: chrome
ğŸ”— Navigating to: https://gurutattvacmsnewdev.rysun.in:9090/
===== Starting Test Teardown =====
âœ… Mobile screenshot captured: /var/jenkins_home/workspace/Guruttava-E2E-Tests/results/Screenshot/Test_Podcast_Different_Filter_Functionality_20260120_200102.png
âš ï¸ Mobile screenshot capture failed, capturing web screenshot...
âœ… Screenshot captured: /var/jenkins_home/workspace/Guruttava-E2E-Tests/results/Screenshot/Test_Podcast_Different_Filter_Functionality_20260120_200102.png
===== Closing Gurutattva App =====
âš ï¸ Graceful termination failed, using force stop
âš ï¸ Mobile session close had issues
===== Gurutattva App Closed =====
ğŸ—‘ï¸ Cleared download directory: /var/jenkins_home/workspace/Guruttava-E2E-Tests/downloads
===== Test Teardown Completed =====
| FAIL |
NoSuchDriverException: Message: Unable to obtain driver for chrome; For documentation on this error, please visit: https://www.selenium.dev/documentation/webdriver/troubleshooting/errors/driver_location
------------------------------------------------------------------------------
Test Music Management Refresh Button Functionality :: Test refresh... ===== Starting Test Setup =====
===== Test Setup Completed =====
ğŸŒ Opening web browser: chrome
ğŸ”— Navigating to: https://gurutattvacmsnewdev.rysun.in:9090/
===== Starting Test Teardown =====
âœ… Mobile screenshot captured: /var/jenkins_home/workspace/Guruttava-E2E-Tests/results/Screenshot/Test_Music_Management_Refresh_Button_Functionality_20260120_200627.png
âš ï¸ Mobile screenshot capture failed, capturing web screenshot...
âœ… Screenshot captured: /var/jenkins_home/workspace/Guruttava-E2E-Tests/results/Screenshot/Test_Music_Management_Refresh_Button_Functionality_20260120_200627.png
===== Closing Gurutattva App =====
âš ï¸ Graceful termination failed, using force stop
âš ï¸ Mobile session close had issues
===== Gurutattva App Closed =====
ğŸ—‘ï¸ Cleared download directory: /var/jenkins_home/workspace/Guruttava-E2E-Tests/downloads
===== Test Teardown Completed =====
| FAIL |
NoSuchDriverException: Message: Unable to obtain driver for chrome; For documentation on this error, please visit: https://www.selenium.dev/documentation/webdriver/troubleshooting/errors/driver_location
------------------------------------------------------------------------------
Test Podcast Management Refresh Button Functionality :: Test refre... ===== Starting Test Setup =====
===== Test Setup Completed =====
ğŸŒ Opening web browser: chrome
ğŸ”— Navigating to: https://gurutattvacmsnewdev.rysun.in:9090/
===== Starting Test Teardown =====
âœ… Mobile screenshot captured: /var/jenkins_home/workspace/Guruttava-E2E-Tests/results/Screenshot/Test_Podcast_Management_Refresh_Button_Functionality_20260120_201157.png
âš ï¸ Mobile screenshot capture failed, capturing web screenshot...
âœ… Screenshot captured: /var/jenkins_home/workspace/Guruttava-E2E-Tests/results/Screenshot/Test_Podcast_Management_Refresh_Button_Functionality_20260120_201157.png
===== Closing Gurutattva App =====
âš ï¸ Graceful termination failed, using force stop
âš ï¸ Mobile session close had issues
===== Gurutattva App Closed =====
ğŸ—‘ï¸ Cleared download directory: /var/jenkins_home/workspace/Guruttava-E2E-Tests/downloads
===== Test Teardown Completed =====
| FAIL |
NoSuchDriverException: Message: Unable to obtain driver for chrome; For documentation on this error, please visit: https://www.selenium.dev/documentation/webdriver/troubleshooting/errors/driver_location
------------------------------------------------------------------------------
Test Multiple Music Tracks Same Category Same Subcategory :: Add 4... ===== Starting Test Setup =====
===== Test Setup Completed =====
ğŸ¯ Generated E2E Test Data:
ğŸ¯ Category: E2E_Category_4352
ğŸ¯ SubCategory: E2E_SubCategory_4352
ğŸ¯ Audio Track: E2E_Track_4352
ğŸ¯ Author: E2E_Author_4352
ğŸŒ Opening web browser: chrome
ğŸ”— Navigating to: https://gurutattvacmsnewdev.rysun.in:9090/
===== Starting Test Teardown =====
âœ… Mobile screenshot captured: /var/jenkins_home/workspace/Guruttava-E2E-Tests/results/Screenshot/Test_Multiple_Music_Tracks_Same_Category_Same_Subcategory_20260120_201723.png
âš ï¸ Mobile screenshot capture failed, capturing web screenshot...
âœ… Screenshot captured: /var/jenkins_home/workspace/Guruttava-E2E-Tests/results/Screenshot/Test_Multiple_Music_Tracks_Same_Category_Same_Subcategory_20260120_201723.png
===== Closing Gurutattva App =====
âš ï¸ Graceful termination failed, using force stop
âš ï¸ Mobile session close had issues
===== Gurutattva App Closed =====
ğŸ—‘ï¸ Cleared download directory: /var/jenkins_home/workspace/Guruttava-E2E-Tests/downloads
===== Test Teardown Completed =====
| FAIL |
NoSuchDriverException: Message: Unable to obtain driver for chrome; For documentation on this error, please visit: https://www.selenium.dev/documentation/webdriver/troubleshooting/errors/driver_location
------------------------------------------------------------------------------
Add Audio in English language only :: Add an audio track using Eng... ===== Starting Test Setup =====
===== Test Setup Completed =====
ğŸ¯ Generated E2E Test Data:
ğŸ¯ Category: E2E_Category_3350
ğŸ¯ SubCategory: E2E_SubCategory_3350
ğŸ¯ Audio Track: E2E_Track_3350
ğŸ¯ Author: E2E_Author_3350
ğŸŒ Opening web browser: chrome
ğŸ”— Navigating to: https://gurutattvacmsnewdev.rysun.in:9090/
===== Starting Test Teardown =====
âœ… Mobile screenshot captured: /var/jenkins_home/workspace/Guruttava-E2E-Tests/results/Screenshot/Add_Audio_in_English_language_only_20260120_202259.png
âš ï¸ Mobile screenshot capture failed, capturing web screenshot...
âœ… Screenshot captured: /var/jenkins_home/workspace/Guruttava-E2E-Tests/results/Screenshot/Add_Audio_in_English_language_only_20260120_202259.png
===== Closing Gurutattva App =====
âš ï¸ Graceful termination failed, using force stop
âš ï¸ Mobile session close had issues
===== Gurutattva App Closed =====
ğŸ—‘ï¸ Cleared download directory: /var/jenkins_home/workspace/Guruttava-E2E-Tests/downloads
===== Test Teardown Completed =====
| FAIL |
NoSuchDriverException: Message: Unable to obtain driver for chrome; For documentation on this error, please visit: https://www.selenium.dev/documentation/webdriver/troubleshooting/errors/driver_location
------------------------------------------------------------------------------
Guruttava_Android_E2E_Tests.E2EAudio                                  | FAIL |
20 tests, 0 passed, 20 failed
==============================================================================
Guruttava_Android_E2E_Tests.E2EDhyankendra                                    
==============================================================================
Test Dhyankendra Different Filter Functionality :: Test different ... ===== Starting Test Setup =====
===== Test Setup Completed =====
ğŸŒ Opening web browser: chrome
ğŸ”— Navigating to: https://gurutattvacmsnewdev.rysun.in:9090/
===== Starting Test Teardown =====
âœ… Mobile screenshot captured: /var/jenkins_home/workspace/Guruttava-E2E-Tests/results/Screenshot/Test_Dhyankendra_Different_Filter_Functionality_20260120_202830.png
âš ï¸ Mobile screenshot capture failed, capturing web screenshot...
âœ… Screenshot captured: /var/jenkins_home/workspace/Guruttava-E2E-Tests/results/Screenshot/Test_Dhyankendra_Different_Filter_Functionality_20260120_202830.png
===== Closing Gurutattva App =====
âš ï¸ Graceful termination failed, using force stop
âš ï¸ Mobile session close had issues
===== Gurutattva App Closed =====
ğŸ—‘ï¸ Cleared download directory: /var/jenkins_home/workspace/Guruttava-E2E-Tests/downloads
===== Test Teardown Completed =====
| FAIL |
NoSuchDriverException: Message: Unable to obtain driver for chrome; For documentation on this error, please visit: https://www.selenium.dev/documentation/webdriver/troubleshooting/errors/driver_location
------------------------------------------------------------------------------
Test Dhyankendra Management Refresh Button Functionality :: Test r... ===== Starting Test Setup =====
===== Test Setup Completed =====
ğŸŒ Opening web browser: chrome
ğŸ”— Navigating to: https://gurutattvacmsnewdev.rysun.in:9090/
===== Starting Test Teardown =====
âœ… Mobile screenshot captured: /var/jenkins_home/workspace/Guruttava-E2E-Tests/results/Screenshot/Test_Dhyankendra_Management_Refresh_Button_Functionality_20260120_203359.png
âš ï¸ Mobile screenshot capture failed, capturing web screenshot...
âœ… Screenshot captured: /var/jenkins_home/workspace/Guruttava-E2E-Tests/results/Screenshot/Test_Dhyankendra_Management_Refresh_Button_Functionality_20260120_203359.png
===== Closing Gurutattva App =====
âš ï¸ Graceful termination failed, using force stop
âš ï¸ Mobile session close had issues
===== Gurutattva App Closed =====
ğŸ—‘ï¸ Cleared download directory: /var/jenkins_home/workspace/Guruttava-E2E-Tests/downloads
===== Test Teardown Completed =====
| FAIL |
NoSuchDriverException: Message: Unable to obtain driver for chrome; For documentation on this error, please visit: https://www.selenium.dev/documentation/webdriver/troubleshooting/errors/driver_location
------------------------------------------------------------------------------
Sanchalak login to CMS application and as per the role and rights ... ===== Starting Test Setup =====
===== Test Setup Completed =====
ğŸŒ Opening web browser: chrome
ğŸ”— Navigating to: https://gurutattvacmsnewdev.rysun.in:9090/
===== Starting Test Teardown =====
âœ… Mobile screenshot captured: /var/jenkins_home/workspace/Guruttava-E2E-Tests/results/Screenshot/Sanchalak_login_to_CMS_application_and_as_per_the_role_and_rights_it_should_have_access_to_left_menu__News,_Event,_Dhyankendra_added_by_own,_Dhyansthali_20260120_203914.png
âš ï¸ Mobile screenshot capture failed, capturing web screenshot...
âœ… Screenshot captured: /var/jenkins_home/workspace/Guruttava-E2E-Tests/results/Screenshot/Sanchalak_login_to_CMS_application_and_as_per_the_role_and_rights_it_should_have_access_to_left_menu__News,_Event,_Dhyankendra_added_by_own,_Dhyansthali_20260120_203914.png
===== Closing Gurutattva App =====
âš ï¸ Graceful termination failed, using force stop
âš ï¸ Mobile session close had issues
===== Gurutattva App Closed =====
ğŸ—‘ï¸ Cleared download directory: /var/jenkins_home/workspace/Guruttava-E2E-Tests/downloads
===== Test Teardown Completed =====
| FAIL |
NoSuchDriverException: Message: Unable to obtain driver for chrome; For documentation on this error, please visit: https://www.selenium.dev/documentation/webdriver/troubleshooting/errors/driver_location
------------------------------------------------------------------------------
Login from Mobile as Sadhak and register for Dhyankendra. Compare ... ===== Starting Test Setup =====
===== Test Setup Completed =====
Generated Test Data for Center Name:
Center Name: E2E_Center_Name_679
Email: e2euser.679@test.com
Mobile: 9188773679
Full Address: E2E_Full_Address_679
===== Opening Gurutattva App =====
[ WARN ] Retrying (Retry(total=2, connect=None, read=None, redirect=None, status=None)) after connection broken by 'NewConnectionError('<urllib3.connection.HTTPConnection object at 0x7052dc0c8c20>: Failed to establish a new connection: [Errno 111] Connection refused')': /session
[ WARN ] Retrying (Retry(total=1, connect=None, read=None, redirect=None, status=None)) after connection broken by 'NewConnectionError('<urllib3.connection.HTTPConnection object at 0x7052dc093390>: Failed to establish a new connection: [Errno 111] Connection refused')': /session
[ WARN ] Retrying (Retry(total=0, connect=None, read=None, redirect=None, status=None)) after connection broken by 'NewConnectionError('<urllib3.connection.HTTPConnection object at 0x7052dc093890>: Failed to establish a new connection: [Errno 111] Connection refused')': /session
===== Starting Test Teardown =====
âœ… Mobile screenshot captured: /var/jenkins_home/workspace/Guruttava-E2E-Tests/results/Screenshot/Login_from_Mobile_as_Sadhak_and_register_for_Dhyankendra__Compare_all_the_fields_of_Mobile_with_CMS__20260120_203928.png
âš ï¸ Mobile screenshot capture failed, capturing web screenshot...
âœ… Screenshot captured: /var/jenkins_home/workspace/Guruttava-E2E-Tests/results/Screenshot/Login_from_Mobile_as_Sadhak_and_register_for_Dhyankendra__Compare_all_the_fields_of_Mobile_with_CMS__20260120_203928.png
===== Closing Gurutattva App =====
âš ï¸ Graceful termination failed, using force stop
âš ï¸ Mobile session close had issues
===== Gurutattva App Closed =====
ğŸ—‘ï¸ Cleared download directory: /var/jenkins_home/workspace/Guruttava-E2E-Tests/downloads
===== Test Teardown Completed =====
| FAIL |
MaxRetryError: HTTPConnectionPool(host='localhost', port=4723): Max retries exceeded with url: /session (Caused by NewConnectionError('<urllib3.connection.HTTPConnection object at 0x7052dbf68050>: Failed to establish a new connection: [Errno 111] Connection refused'))
------------------------------------------------------------------------------
Sanchalak edits any field of Dhyankendra. Super Admin/ Acharya app... ===== Starting Test Setup =====
===== Test Setup Completed =====
Generated Test Data for Center Name:
Center Name: E2E_Center_Name_771
Email: e2euser.771@test.com
Mobile: 9188773771
Full Address: E2E_Full_Address_771
===== Opening Gurutattva App =====
[ WARN ] Retrying (Retry(total=2, connect=None, read=None, redirect=None, status=None)) after connection broken by 'NewConnectionError('<urllib3.connection.HTTPConnection object at 0x7052dbf69f30>: Failed to establish a new connection: [Errno 111] Connection refused')': /session
[ WARN ] Retrying (Retry(total=1, connect=None, read=None, redirect=None, status=None)) after connection broken by 'NewConnectionError('<urllib3.connection.HTTPConnection object at 0x7052db9aca70>: Failed to establish a new connection: [Errno 111] Connection refused')': /session
[ WARN ] Retrying (Retry(total=0, connect=None, read=None, redirect=None, status=None)) after connection broken by 'NewConnectionError('<urllib3.connection.HTTPConnection object at 0x7052dba0dae0>: Failed to establish a new connection: [Errno 111] Connection refused')': /session
===== Starting Test Teardown =====
âœ… Mobile screenshot captured: /var/jenkins_home/workspace/Guruttava-E2E-Tests/results/Screenshot/Sanchalak_edits_any_field_of_Dhyankendra__Super_Admin/_Acharya_approves_the_changes_requeted__Check_refleciton_in_Mobile_app__20260120_203941.png
âš ï¸ Mobile screenshot capture failed, capturing web screenshot...
âœ… Screenshot captured: /var/jenkins_home/workspace/Guruttava-E2E-Tests/results/Screenshot/Sanchalak_edits_any_field_of_Dhyankendra__Super_Admin/_Acharya_approves_the_changes_requeted__Check_refleciton_in_Mobile_app__20260120_203941.png
===== Closing Gurutattva App =====
âš ï¸ Graceful termination failed, using force stop
âš ï¸ Mobile session close had issues
===== Gurutattva App Closed =====
ğŸ—‘ï¸ Cleared download directory: /var/jenkins_home/workspace/Guruttava-E2E-Tests/downloads
===== Test Teardown Completed =====
| FAIL |
MaxRetryError: HTTPConnectionPool(host='localhost', port=4723): Max retries exceeded with url: /session (Caused by NewConnectionError('<urllib3.connection.HTTPConnection object at 0x7052dba0fbd0>: Failed to establish a new connection: [Errno 111] Connection refused'))
------------------------------------------------------------------------------
Change the Primary Sanchalak from Dhyankendra and add other sanchalak ===== Starting Test Setup =====
===== Test Setup Completed =====
ğŸŒ Opening web browser: chrome
ğŸ”— Navigating to: https://gurutattvacmsnewdev.rysun.in:9090/
===== Starting Test Teardown =====
âœ… Mobile screenshot captured: /var/jenkins_home/workspace/Guruttava-E2E-Tests/results/Screenshot/Change_the_Primary_Sanchalak_from_Dhyankendra_and_add_other_sanchalak_20260120_204511.png
âš ï¸ Mobile screenshot capture failed, capturing web screenshot...
âœ… Screenshot captured: /var/jenkins_home/workspace/Guruttava-E2E-Tests/results/Screenshot/Change_the_Primary_Sanchalak_from_Dhyankendra_and_add_other_sanchalak_20260120_204511.png
===== Closing Gurutattva App =====
âš ï¸ Graceful termination failed, using force stop
âš ï¸ Mobile session close had issues
===== Gurutattva App Closed =====
ğŸ—‘ï¸ Cleared download directory: /var/jenkins_home/workspace/Guruttava-E2E-Tests/downloads
===== Test Teardown Completed =====
| FAIL |
NoSuchDriverException: Message: Unable to obtain driver for chrome; For documentation on this error, please visit: https://www.selenium.dev/documentation/webdriver/troubleshooting/errors/driver_location
------------------------------------------------------------------------------
Sanchalak edits any field of Dhyankendra. Super Admin/ Acharya Rej... ===== Starting Test Setup =====
===== Test Setup Completed =====
Generated Test Data for Center Name:
Center Name: E2E_Center_Name_895
Email: e2euser.895@test.com
Mobile: 9188773895
Full Address: E2E_Full_Address_895
===== Opening Gurutattva App =====
[ WARN ] Retrying (Retry(total=2, connect=None, read=None, redirect=None, status=None)) after connection broken by 'NewConnectionError('<urllib3.connection.HTTPConnection object at 0x7052dc069370>: Failed to establish a new connection: [Errno 111] Connection refused')': /session
[ WARN ] Retrying (Retry(total=1, connect=None, read=None, redirect=None, status=None)) after connection broken by 'NewConnectionError('<urllib3.connection.HTTPConnection object at 0x7052dc06b680>: Failed to establish a new connection: [Errno 111] Connection refused')': /session
[ WARN ] Retrying (Retry(total=0, connect=None, read=None, redirect=None, status=None)) after connection broken by 'NewConnectionError('<urllib3.connection.HTTPConnection object at 0x7052dc0688d0>: Failed to establish a new connection: [Errno 111] Connection refused')': /session
===== Starting Test Teardown =====
âœ… Mobile screenshot captured: /var/jenkins_home/workspace/Guruttava-E2E-Tests/results/Screenshot/Sanchalak_edits_any_field_of_Dhyankendra__Super_Admin/_Acharya_Rejectes_the_changes_requeted__check_reflection_in_mobile_app__20260120_204523.png
âš ï¸ Mobile screenshot capture failed, capturing web screenshot...
âœ… Screenshot captured: /var/jenkins_home/workspace/Guruttava-E2E-Tests/results/Screenshot/Sanchalak_edits_any_field_of_Dhyankendra__Super_Admin/_Acharya_Rejectes_the_changes_requeted__check_reflection_in_mobile_app__20260120_204523.png
===== Closing Gurutattva App =====
âš ï¸ Graceful termination failed, using force stop
âš ï¸ Mobile session close had issues
===== Gurutattva App Closed =====
ğŸ—‘ï¸ Cleared download directory: /var/jenkins_home/workspace/Guruttava-E2E-Tests/downloads
===== Test Teardown Completed =====
| FAIL |
MaxRetryError: HTTPConnectionPool(host='localhost', port=4723): Max retries exceeded with url: /session (Caused by NewConnectionError('<urllib3.connection.HTTPConnection object at 0x7052dc069260>: Failed to establish a new connection: [Errno 111] Connection refused'))
------------------------------------------------------------------------------
Super Admin changes Sanchalak1 of TC67's Dhyankendra to free Vaishali ===== Starting Test Setup =====
===== Test Setup Completed =====
ğŸŒ Opening web browser: chrome
ğŸ”— Navigating to: https://gurutattvacmsnewdev.rysun.in:9090/
===== Starting Test Teardown =====
âœ… Mobile screenshot captured: /var/jenkins_home/workspace/Guruttava-E2E-Tests/results/Screenshot/Super_Admin_changes_Sanchalak1_of_TC67's_Dhyankendra_to_free_Vaishali_20260120_205102.png
âš ï¸ Mobile screenshot capture failed, capturing web screenshot...
âœ… Screenshot captured: /var/jenkins_home/workspace/Guruttava-E2E-Tests/results/Screenshot/Super_Admin_changes_Sanchalak1_of_TC67's_Dhyankendra_to_free_Vaishali_20260120_205102.png
===== Closing Gurutattva App =====
âš ï¸ Graceful termination failed, using force stop
âš ï¸ Mobile session close had issues
===== Gurutattva App Closed =====
ğŸ—‘ï¸ Cleared download directory: /var/jenkins_home/workspace/Guruttava-E2E-Tests/downloads
===== Test Teardown Completed =====
| FAIL |
NoSuchDriverException: Message: Unable to obtain driver for chrome; For documentation on this error, please visit: https://www.selenium.dev/documentation/webdriver/troubleshooting/errors/driver_location
------------------------------------------------------------------------------
Guruttava_Android_E2E_Tests.E2EDhyankendra                            | FAIL |
8 tests, 0 passed, 8 failed
==============================================================================
Guruttava_Android_E2E_Tests.E2EEvents                                         
==============================================================================
Verify the image upload validation in CMS for Events                  ===== Starting Test Setup =====
===== Test Setup Completed =====
ğŸŒ Opening web browser: chrome
ğŸ”— Navigating to: https://gurutattvacmsnewdev.rysun.in:9090/
===== Starting Test Teardown =====
âœ… Mobile screenshot captured: /var/jenkins_home/workspace/Guruttava-E2E-Tests/results/Screenshot/Verify_the_image_upload_validation_in_CMS_for_Events_20260120_205635.png
âš ï¸ Mobile screenshot capture failed, capturing web screenshot...
âœ… Screenshot captured: /var/jenkins_home/workspace/Guruttava-E2E-Tests/results/Screenshot/Verify_the_image_upload_validation_in_CMS_for_Events_20260120_205635.png
===== Closing Gurutattva App =====
âš ï¸ Graceful termination failed, using force stop
âš ï¸ Mobile session close had issues
===== Gurutattva App Closed =====
ğŸ—‘ï¸ Cleared download directory: /var/jenkins_home/workspace/Guruttava-E2E-Tests/downloads
===== Test Teardown Completed =====
| FAIL |
NoSuchDriverException: Message: Unable to obtain driver for chrome; For documentation on this error, please visit: https://www.selenium.dev/documentation/webdriver/troubleshooting/errors/driver_location
------------------------------------------------------------------------------
Verify that user is not able to publish event when publish date is... ===== Starting Test Setup =====
===== Test Setup Completed =====
ğŸ¯ Generated E2E English Events Test Data:
ğŸ¯ Title: E2E English Events Title 4783
ğŸ¯ Description: E2E English Events Description 4783
ğŸ¯ Content: E2E English Events Content 4783. This is a test events content generated for automation testing purposes.
ğŸ¯ Publish Status: Publish
ğŸŒ Opening web browser: chrome
ğŸ”— Navigating to: https://gurutattvacmsnewdev.rysun.in:9090/
===== Starting Test Teardown =====
âœ… Mobile screenshot captured: /var/jenkins_home/workspace/Guruttava-E2E-Tests/results/Screenshot/Verify_that_user_is_not_able_to_publish_event_when_publish_date_is_selected_after_the_event_dates_20260120_210205.png
âš ï¸ Mobile screenshot capture failed, capturing web screenshot...
âœ… Screenshot captured: /var/jenkins_home/workspace/Guruttava-E2E-Tests/results/Screenshot/Verify_that_user_is_not_able_to_publish_event_when_publish_date_is_selected_after_the_event_dates_20260120_210205.png
===== Closing Gurutattva App =====
âš ï¸ Graceful termination failed, using force stop
âš ï¸ Mobile session close had issues
===== Gurutattva App Closed =====
ğŸ—‘ï¸ Cleared download directory: /var/jenkins_home/workspace/Guruttava-E2E-Tests/downloads
===== Test Teardown Completed =====
| FAIL |
NoSuchDriverException: Message: Unable to obtain driver for chrome; For documentation on this error, please visit: https://www.selenium.dev/documentation/webdriver/troubleshooting/errors/driver_location
------------------------------------------------------------------------------
Verify that the user is able to add a English event, publish it in... ===== Starting Test Setup =====
===== Test Setup Completed =====
ğŸ¯ Generated E2E English Events Test Data:
ğŸ¯ Title: E2E English Events Title 6325
ğŸ¯ Description: E2E English Events Description 6325
ğŸ¯ Content: E2E English Events Content 6325. This is a test events content generated for automation testing purposes.
ğŸ¯ Publish Status: Publish
ğŸŒ Opening web browser: chrome
ğŸ”— Navigating to: https://gurutattvacmsnewdev.rysun.in:9090/
===== Starting Test Teardown =====
âœ… Mobile screenshot captured: /var/jenkins_home/workspace/Guruttava-E2E-Tests/results/Screenshot/Verify_that_the_user_is_able_to_add_a_English_event,_publish_it_in_the_CMS,_and_verify_the_english_event_details_on_the_mobile_app_20260120_210741.png
âš ï¸ Mobile screenshot capture failed, capturing web screenshot...
âœ… Screenshot captured: /var/jenkins_home/workspace/Guruttava-E2E-Tests/results/Screenshot/Verify_that_the_user_is_able_to_add_a_English_event,_publish_it_in_the_CMS,_and_verify_the_english_event_details_on_the_mobile_app_20260120_210741.png
===== Closing Gurutattva App =====
âš ï¸ Graceful termination failed, using force stop
âš ï¸ Mobile session close had issues
===== Gurutattva App Closed =====
ğŸ—‘ï¸ Cleared download directory: /var/jenkins_home/workspace/Guruttava-E2E-Tests/downloads
===== Test Teardown Completed =====
| FAIL |
NoSuchDriverException: Message: Unable to obtain driver for chrome; For documentation on this error, please visit: https://www.selenium.dev/documentation/webdriver/troubleshooting/errors/driver_location
------------------------------------------------------------------------------
Verify that the user is able to add a Hindi event, publish it in t... ===== Starting Test Setup =====
===== Test Setup Completed =====
ğŸ¯ Generated E2E Hindi Events Test Data:
ğŸ¯ Title: E2E à¤¹à¤¿à¤‚à¤¦à¥€ à¤¸à¤®à¤¾à¤šà¤¾à¤° à¤¶à¥€à¤°à¥à¤·à¤• 9314
ğŸ¯ Description: E2E à¤¹à¤¿à¤‚à¤¦à¥€ à¤¸à¤®à¤¾à¤šà¤¾à¤° à¤µà¤¿à¤µà¤°à¤£ 9314
ğŸ¯ Content: E2E à¤¹à¤¿à¤‚à¤¦à¥€ à¤¸à¤®à¤¾à¤šà¤¾à¤° à¤¸à¤¾à¤®à¤—à¥à¤°à¥€ 9314. à¤¯à¤¹ à¤¸à¥à¤µà¤šà¤¾à¤²à¤¨ à¤ªà¤°à¥€à¤•à¥à¤·à¤£ à¤•à¥‡ à¤²à¤¿à¤ à¤‰à¤¤à¥à¤ªà¤¨à¥à¤¨ à¤•à¤¿à¤¯à¤¾ à¤—à¤¯à¤¾ à¤à¤• à¤ªà¤°à¥€à¤•à¥à¤·à¤£ à¤¸à¤®à¤¾à¤šà¤¾à¤° à¤¸à¤¾à¤®à¤—à¥à¤°à¥€ à¤¹à¥ˆà¥¤
ğŸ¯ Publish Date: 
ğŸŒ Opening web browser: chrome
ğŸ”— Navigating to: https://gurutattvacmsnewdev.rysun.in:9090/
===== Starting Test Teardown =====
âœ… Mobile screenshot captured: /var/jenkins_home/workspace/Guruttava-E2E-Tests/results/Screenshot/Verify_that_the_user_is_able_to_add_a_Hindi_event,_publish_it_in_the_CMS,_and_verify_the_hindi_event_details_on_the_mobile_app_20260120_211322.png
âš ï¸ Mobile screenshot capture failed, capturing web screenshot...
âœ… Screenshot captured: /var/jenkins_home/workspace/Guruttava-E2E-Tests/results/Screenshot/Verify_that_the_user_is_able_to_add_a_Hindi_event,_publish_it_in_the_CMS,_and_verify_the_hindi_event_details_on_the_mobile_app_20260120_211322.png
===== Closing Gurutattva App =====
âš ï¸ Graceful termination failed, using force stop
âš ï¸ Mobile session close had issues
===== Gurutattva App Closed =====
ğŸ—‘ï¸ Cleared download directory: /var/jenkins_home/workspace/Guruttava-E2E-Tests/downloads
===== Test Teardown Completed =====
| FAIL |
NoSuchDriverException: Message: Unable to obtain driver for chrome; For documentation on this error, please visit: https://www.selenium.dev/documentation/webdriver/troubleshooting/errors/driver_location
------------------------------------------------------------------------------
Test Add Event Category from CMS and Add Events under that Categor... ===== Starting Test Setup =====
===== Test Setup Completed =====
ğŸ¯ Generated E2E Event Category Test Data:
ğŸ¯ Category Name: E2E Event Category 7951
ğŸ¯ Category Description: E2E Event Category Description 7951
ğŸ¯ Events Title: E2E English Events Title 7951
ğŸŒ Opening web browser: chrome
ğŸ”— Navigating to: https://gurutattvacmsnewdev.rysun.in:9090/
===== Starting Test Teardown =====
âœ… Mobile screenshot captured: /var/jenkins_home/workspace/Guruttava-E2E-Tests/results/Screenshot/Test_Add_Event_Category_from_CMS_and_Add_Events_under_that_Category_20260120_211859.png
âš ï¸ Mobile screenshot capture failed, capturing web screenshot...
âœ… Screenshot captured: /var/jenkins_home/workspace/Guruttava-E2E-Tests/results/Screenshot/Test_Add_Event_Category_from_CMS_and_Add_Events_under_that_Category_20260120_211859.png
===== Closing Gurutattva App =====
âš ï¸ Graceful termination failed, using force stop
âš ï¸ Mobile session close had issues
===== Gurutattva App Closed =====
ğŸ—‘ï¸ Cleared download directory: /var/jenkins_home/workspace/Guruttava-E2E-Tests/downloads
===== Test Teardown Completed =====
| FAIL |
NoSuchDriverException: Message: Unable to obtain driver for chrome; For documentation on this error, please visit: https://www.selenium.dev/documentation/webdriver/troubleshooting/errors/driver_location
------------------------------------------------------------------------------
Test Unpublish Event from CMS and Verify in Mobile App :: Unpublis... ===== Starting Test Setup =====
===== Test Setup Completed =====
ğŸ¯ Generated E2E Event Category Test Data:
ğŸ¯ Category Name: E2E Event Category 9844
ğŸ¯ Category Description: E2E Event Category Description 9844
ğŸ¯ Events Title: E2E English Events Title 9844
ğŸŒ Opening web browser: chrome
ğŸ”— Navigating to: https://gurutattvacmsnewdev.rysun.in:9090/
===== Starting Test Teardown =====
âœ… Mobile screenshot captured: /var/jenkins_home/workspace/Guruttava-E2E-Tests/results/Screenshot/Test_Unpublish_Event_from_CMS_and_Verify_in_Mobile_App_20260120_212438.png
âš ï¸ Mobile screenshot capture failed, capturing web screenshot...
âœ… Screenshot captured: /var/jenkins_home/workspace/Guruttava-E2E-Tests/results/Screenshot/Test_Unpublish_Event_from_CMS_and_Verify_in_Mobile_App_20260120_212438.png
===== Closing Gurutattva App =====
âš ï¸ Graceful termination failed, using force stop
âš ï¸ Mobile session close had issues
===== Gurutattva App Closed =====
ğŸ—‘ï¸ Cleared download directory: /var/jenkins_home/workspace/Guruttava-E2E-Tests/downloads
===== Test Teardown Completed =====
| FAIL |
NoSuchDriverException: Message: Unable to obtain driver for chrome; For documentation on this error, please visit: https://www.selenium.dev/documentation/webdriver/troubleshooting/errors/driver_location
------------------------------------------------------------------------------
Test Event Category Tab In Mobile App :: In Mobile app, check for ... ===== Starting Test Setup =====
===== Test Setup Completed =====
ğŸ“± Attempting to open Gurutattva App (1/3)
===== Opening Gurutattva App =====
[ WARN ] Retrying (Retry(total=2, connect=None, read=None, redirect=None, status=None)) after connection broken by 'NewConnectionError('<urllib3.connection.HTTPConnection object at 0x7052dba0e9c0>: Failed to establish a new connection: [Errno 111] Connection refused')': /session
[ WARN ] Retrying (Retry(total=1, connect=None, read=None, redirect=None, status=None)) after connection broken by 'NewConnectionError('<urllib3.connection.HTTPConnection object at 0x7052dba0f020>: Failed to establish a new connection: [Errno 111] Connection refused')': /session
[ WARN ] Retrying (Retry(total=0, connect=None, read=None, redirect=None, status=None)) after connection broken by 'NewConnectionError('<urllib3.connection.HTTPConnection object at 0x7052dba0e8b0>: Failed to establish a new connection: [Errno 111] Connection refused')': /session
âš ï¸ Failed to open app on attempt 1: MaxRetryError: HTTPConnectionPool(host='localhost', port=4723): Max retries exceeded with url: /session (Caused by NewConnectionError('<urllib3.connection.HTTPConnection object at 0x7052dba0d480>: Failed to establish a new connection: [Errno 111] Connection refused'))
ğŸ”„ Retrying in 5 seconds...
ğŸ“± Attempting to open Gurutattva App (2/3)
===== Opening Gurutattva App =====
[ WARN ] Retrying (Retry(total=2, connect=None, read=None, redirect=None, status=None)) after connection broken by 'NewConnectionError('<urllib3.connection.HTTPConnection object at 0x7052dc3039b0>: Failed to establish a new connection: [Errno 111] Connection refused')': /session
[ WARN ] Retrying (Retry(total=1, connect=None, read=None, redirect=None, status=None)) after connection broken by 'NewConnectionError('<urllib3.connection.HTTPConnection object at 0x7052dc303680>: Failed to establish a new connection: [Errno 111] Connection refused')': /session
[ WARN ] Retrying (Retry(total=0, connect=None, read=None, redirect=None, status=None)) after connection broken by 'NewConnectionError('<urllib3.connection.HTTPConnection object at 0x7052dc0689e0>: Failed to establish a new connection: [Errno 111] Connection refused')': /session
âš ï¸ Failed to open app on attempt 2: MaxRetryError: HTTPConnectionPool(host='localhost', port=4723): Max retries exceeded with url: /session (Caused by NewConnectionError('<urllib3.connection.HTTPConnection object at 0x7052dc068c00>: Failed to establish a new connection: [Errno 111] Connection refused'))
ğŸ”„ Retrying in 5 seconds...
ğŸ“± Attempting to open Gurutattva App (3/3)
===== Opening Gurutattva App =====
[ WARN ] Retrying (Retry(total=2, connect=None, read=None, redirect=None, status=None)) after connection broken by 'NewConnectionError('<urllib3.connection.HTTPConnection object at 0x7052dc069590>: Failed to establish a new connection: [Errno 111] Connection refused')': /session
[ WARN ] Retrying (Retry(total=1, connect=None, read=None, redirect=None, status=None)) after connection broken by 'NewConnectionError('<urllib3.connection.HTTPConnection object at 0x7052dc069260>: Failed to establish a new connection: [Errno 111] Connection refused')': /session
[ WARN ] Retrying (Retry(total=0, connect=None, read=None, redirect=None, status=None)) after connection broken by 'NewConnectionError('<urllib3.connection.HTTPConnection object at 0x7052dba0d8c0>: Failed to establish a new connection: [Errno 111] Connection refused')': /session
âš ï¸ Failed to open app on attempt 3: MaxRetryError: HTTPConnectionPool(host='localhost', port=4723): Max retries exceeded with url: /session (Caused by NewConnectionError('<urllib3.connection.HTTPConnection object at 0x7052dba0d040>: Failed to establish a new connection: [Errno 111] Connection refused'))
âŒ Failed to open Gurutattva App after 3 attempts
===== Starting Test Teardown =====
âœ… Mobile screenshot captured: /var/jenkins_home/workspace/Guruttava-E2E-Tests/results/Screenshot/Test_Event_Category_Tab_In_Mobile_App_20260120_212502.png
âš ï¸ Mobile screenshot capture failed, capturing web screenshot...
âœ… Screenshot captured: /var/jenkins_home/workspace/Guruttava-E2E-Tests/results/Screenshot/Test_Event_Category_Tab_In_Mobile_App_20260120_212502.png
===== Closing Gurutattva App =====
âš ï¸ Graceful termination failed, using force stop
âš ï¸ Mobile session close had issues
===== Gurutattva App Closed =====
ğŸ—‘ï¸ Cleared download directory: /var/jenkins_home/workspace/Guruttava-E2E-Tests/downloads
===== Test Teardown Completed =====
| FAIL |
Could not open Gurutattva App after 3 attempts
------------------------------------------------------------------------------
Test Check Local Event Filter Functionality :: E2E test: Create Lo... ===== Starting Test Setup =====
===== Test Setup Completed =====
ğŸ¯ Generated E2E English Events Test Data:
ğŸ¯ Title: E2E English Events Title 9791
ğŸ¯ Description: E2E English Events Description 9791
ğŸ¯ Content: E2E English Events Content 9791. This is a test events content generated for automation testing purposes.
ğŸ¯ Publish Status: Publish
ğŸŒ Opening web browser: chrome
ğŸ”— Navigating to: https://gurutattvacmsnewdev.rysun.in:9090/
===== Starting Test Teardown =====
âœ… Mobile screenshot captured: /var/jenkins_home/workspace/Guruttava-E2E-Tests/results/Screenshot/Test_Check_Local_Event_Filter_Functionality_20260120_213038.png
âš ï¸ Mobile screenshot capture failed, capturing web screenshot...
âœ… Screenshot captured: /var/jenkins_home/workspace/Guruttava-E2E-Tests/results/Screenshot/Test_Check_Local_Event_Filter_Functionality_20260120_213038.png
===== Closing Gurutattva App =====
âš ï¸ Graceful termination failed, using force stop
âš ï¸ Mobile session close had issues
===== Gurutattva App Closed =====
ğŸ—‘ï¸ Cleared download directory: /var/jenkins_home/workspace/Guruttava-E2E-Tests/downloads
===== Test Teardown Completed =====
| FAIL |
NoSuchDriverException: Message: Unable to obtain driver for chrome; For documentation on this error, please visit: https://www.selenium.dev/documentation/webdriver/troubleshooting/errors/driver_location
------------------------------------------------------------------------------
Sanchalak adds local Event, once Acharya/Super Admin Approves it t... ===== Starting Test Setup =====
===== Test Setup Completed =====
ğŸ¯ Generated E2E English Events Test Data:
ğŸ¯ Title: E2E English Events Title 1432
ğŸ¯ Description: E2E English Events Description 1432
ğŸ¯ Content: E2E English Events Content 1432. This is a test events content generated for automation testing purposes.
ğŸ¯ Publish Status: Publish
ğŸŒ Opening web browser: chrome
ğŸ”— Navigating to: https://gurutattvacmsnewdev.rysun.in:9090/
===== Starting Test Teardown =====
âœ… Mobile screenshot captured: /var/jenkins_home/workspace/Guruttava-E2E-Tests/results/Screenshot/Sanchalak_adds_local_Event,_once_Acharya/Super_Admin_Approves_it_then_only_that_Event_is_reflected_in_Mobile_app_uncer_Local_Event_section__20260120_213612.png
âš ï¸ Mobile screenshot capture failed, capturing web screenshot...
âœ… Screenshot captured: /var/jenkins_home/workspace/Guruttava-E2E-Tests/results/Screenshot/Sanchalak_adds_local_Event,_once_Acharya/Super_Admin_Approves_it_then_only_that_Event_is_reflected_in_Mobile_app_uncer_Local_Event_section__20260120_213612.png
===== Closing Gurutattva App =====
âš ï¸ Graceful termination failed, using force stop
âš ï¸ Mobile session close had issues
===== Gurutattva App Closed =====
ğŸ—‘ï¸ Cleared download directory: /var/jenkins_home/workspace/Guruttava-E2E-Tests/downloads
===== Test Teardown Completed =====
| FAIL |
NoSuchDriverException: Message: Unable to obtain driver for chrome; For documentation on this error, please visit: https://www.selenium.dev/documentation/webdriver/troubleshooting/errors/driver_location
------------------------------------------------------------------------------
Sanchalak adds local event and Acharya/Super Admin Rejects that ev... ===== Starting Test Setup =====
===== Test Setup Completed =====
ğŸ¯ Generated E2E English Events Test Data:
ğŸ¯ Title: E2E English Events Title 7179
ğŸ¯ Description: E2E English Events Description 7179
ğŸ¯ Content: E2E English Events Content 7179. This is a test events content generated for automation testing purposes.
ğŸ¯ Publish Status: Publish
ğŸŒ Opening web browser: chrome
ğŸ”— Navigating to: https://gurutattvacmsnewdev.rysun.in:9090/
===== Starting Test Teardown =====
âœ… Mobile screenshot captured: /var/jenkins_home/workspace/Guruttava-E2E-Tests/results/Screenshot/Sanchalak_adds_local_event_and_Acharya/Super_Admin_Rejects_that_event__20260120_214128.png
âš ï¸ Mobile screenshot capture failed, capturing web screenshot...
âœ… Screenshot captured: /var/jenkins_home/workspace/Guruttava-E2E-Tests/results/Screenshot/Sanchalak_adds_local_event_and_Acharya/Super_Admin_Rejects_that_event__20260120_214128.png
===== Closing Gurutattva App =====
âš ï¸ Graceful termination failed, using force stop
âš ï¸ Mobile session close had issues
===== Gurutattva App Closed =====
ğŸ—‘ï¸ Cleared download directory: /var/jenkins_home/workspace/Guruttava-E2E-Tests/downloads
===== Test Teardown Completed =====
| FAIL |
NoSuchDriverException: Message: Unable to obtain driver for chrome; For documentation on this error, please visit: https://www.selenium.dev/documentation/webdriver/troubleshooting/errors/driver_location
------------------------------------------------------------------------------
Guruttava_Android_E2E_Tests.E2EEvents                                 | FAIL |
10 tests, 0 passed, 10 failed
==============================================================================
Guruttava_Android_E2E_Tests.E2EHindi                                          
==============================================================================
Test Mobile Language Change To Hindi :: Test case to change mobile... ===== Starting Test Setup =====
===== Test Setup Completed =====
===== Opening Gurutattva App =====
[ WARN ] Retrying (Retry(total=2, connect=None, read=None, redirect=None, status=None)) after connection broken by 'NewConnectionError('<urllib3.connection.HTTPConnection object at 0x7052dc06b680>: Failed to establish a new connection: [Errno 111] Connection refused')': /session
[ WARN ] Retrying (Retry(total=1, connect=None, read=None, redirect=None, status=None)) after connection broken by 'NewConnectionError('<urllib3.connection.HTTPConnection object at 0x7052dc0685a0>: Failed to establish a new connection: [Errno 111] Connection refused')': /session
[ WARN ] Retrying (Retry(total=0, connect=None, read=None, redirect=None, status=None)) after connection broken by 'NewConnectionError('<urllib3.connection.HTTPConnection object at 0x7052dba0d370>: Failed to establish a new connection: [Errno 111] Connection refused')': /session
ğŸ”„ Starting language reversion to English...
ğŸ” Step 1: Clicking Profile icon from Home screen
ğŸ” Step 2: Clicking on Language setting (Hindi)
ğŸ” Step 3: Selecting English language
ğŸ” Step 4: Clicking Save button
â³ Waiting for language change to apply...
âœ… Language successfully reverted to English
â³ Waiting for language change to take effect...
âœ… Language change should be effective now
===== Starting Test Teardown =====
âœ… Mobile screenshot captured: /var/jenkins_home/workspace/Guruttava-E2E-Tests/results/Screenshot/Test_Mobile_Language_Change_To_Hindi_20260120_214203.png
âš ï¸ Mobile screenshot capture failed, capturing web screenshot...
âœ… Screenshot captured: /var/jenkins_home/workspace/Guruttava-E2E-Tests/results/Screenshot/Test_Mobile_Language_Change_To_Hindi_20260120_214203.png
===== Closing Gurutattva App =====
âš ï¸ Graceful termination failed, using force stop
âš ï¸ Mobile session close had issues
===== Gurutattva App Closed =====
ğŸ—‘ï¸ Cleared download directory: /var/jenkins_home/workspace/Guruttava-E2E-Tests/downloads
===== Test Teardown Completed =====
| FAIL |
MaxRetryError: HTTPConnectionPool(host='localhost', port=4723): Max retries exceeded with url: /session (Caused by NewConnectionError('<urllib3.connection.HTTPConnection object at 0x7052dba0f570>: Failed to establish a new connection: [Errno 111] Connection refused'))
------------------------------------------------------------------------------
Guruttava_Android_E2E_Tests.E2EHindi                                  | FAIL |
1 test, 0 passed, 1 failed
==============================================================================
[ WARN ] Error in file '/var/jenkins_home/workspace/Guruttava-E2E-Tests/pages/E2ENamkaranPage.robot' on line 1306: The '[Return]' setting is deprecated. Use the 'RETURN' statement instead.
[ WARN ] Error in file '/var/jenkins_home/workspace/Guruttava-E2E-Tests/pages/E2ENamkaranPage.robot' on line 1313: The '[Return]' setting is deprecated. Use the 'RETURN' statement instead.
[ WARN ] Error in file '/var/jenkins_home/workspace/Guruttava-E2E-Tests/pages/E2ENamkaranPage.robot' on line 1356: The '[Return]' setting is deprecated. Use the 'RETURN' statement instead.
Guruttava_Android_E2E_Tests.E2ENamkaran                                       
==============================================================================
Verify user is able to add Bride Namkaran with NO Option on the mo... ===== Starting Test Setup =====
===== Test Setup Completed =====
===== Opening Gurutattva App =====
[ WARN ] Retrying (Retry(total=2, connect=None, read=None, redirect=None, status=None)) after connection broken by 'NewConnectionError('<urllib3.connection.HTTPConnection object at 0x7052dc0699d0>: Failed to establish a new connection: [Errno 111] Connection refused')': /session
[ WARN ] Retrying (Retry(total=1, connect=None, read=None, redirect=None, status=None)) after connection broken by 'NewConnectionError('<urllib3.connection.HTTPConnection object at 0x7052dc068380>: Failed to establish a new connection: [Errno 111] Connection refused')': /session
[ WARN ] Retrying (Retry(total=0, connect=None, read=None, redirect=None, status=None)) after connection broken by 'NewConnectionError('<urllib3.connection.HTTPConnection object at 0x7052dc068490>: Failed to establish a new connection: [Errno 111] Connection refused')': /session
===== Starting Test Teardown =====
âœ… Mobile screenshot captured: /var/jenkins_home/workspace/Guruttava-E2E-Tests/results/Screenshot/Verify_user_is_able_to_add_Bride_Namkaran_with_NO_Option_on_the_mobile_app_and_verify_the_details_in_CSM_20260120_214221.png
âš ï¸ Mobile screenshot capture failed, capturing web screenshot...
âœ… Screenshot captured: /var/jenkins_home/workspace/Guruttava-E2E-Tests/results/Screenshot/Verify_user_is_able_to_add_Bride_Namkaran_with_NO_Option_on_the_mobile_app_and_verify_the_details_in_CSM_20260120_214221.png
===== Closing Gurutattva App =====
âš ï¸ Graceful termination failed, using force stop
âš ï¸ Mobile session close had issues
===== Gurutattva App Closed =====
ğŸ—‘ï¸ Cleared download directory: /var/jenkins_home/workspace/Guruttava-E2E-Tests/downloads
===== Test Teardown Completed =====
| FAIL |
MaxRetryError: HTTPConnectionPool(host='localhost', port=4723): Max retries exceeded with url: /session (Caused by NewConnectionError('<urllib3.connection.HTTPConnection object at 0x7052dba0dd00>: Failed to establish a new connection: [Errno 111] Connection refused'))
------------------------------------------------------------------------------
Verify user is able to add Business Namkaran with NO Option on the... ===== Starting Test Setup =====
===== Test Setup Completed =====
===== Opening Gurutattva App =====
[ WARN ] Retrying (Retry(total=2, connect=None, read=None, redirect=None, status=None)) after connection broken by 'NewConnectionError('<urllib3.connection.HTTPConnection object at 0x7052dc069260>: Failed to establish a new connection: [Errno 111] Connection refused')': /session
[ WARN ] Retrying (Retry(total=1, connect=None, read=None, redirect=None, status=None)) after connection broken by 'NewConnectionError('<urllib3.connection.HTTPConnection object at 0x7052dc068c00>: Failed to establish a new connection: [Errno 111] Connection refused')': /session
[ WARN ] Retrying (Retry(total=0, connect=None, read=None, redirect=None, status=None)) after connection broken by 'NewConnectionError('<urllib3.connection.HTTPConnection object at 0x7052dc069590>: Failed to establish a new connection: [Errno 111] Connection refused')': /session
===== Starting Test Teardown =====
âœ… Mobile screenshot captured: /var/jenkins_home/workspace/Guruttava-E2E-Tests/results/Screenshot/Verify_user_is_able_to_add_Business_Namkaran_with_NO_Option_on_the_mobile_app_and_verify_the_details_in_CSM_20260120_214234.png
âš ï¸ Mobile screenshot capture failed, capturing web screenshot...
âœ… Screenshot captured: /var/jenkins_home/workspace/Guruttava-E2E-Tests/results/Screenshot/Verify_user_is_able_to_add_Business_Namkaran_with_NO_Option_on_the_mobile_app_and_verify_the_details_in_CSM_20260120_214234.png
===== Closing Gurutattva App =====
âš ï¸ Graceful termination failed, using force stop
âš ï¸ Mobile session close had issues
===== Gurutattva App Closed =====
ğŸ—‘ï¸ Cleared download directory: /var/jenkins_home/workspace/Guruttava-E2E-Tests/downloads
===== Test Teardown Completed =====
| FAIL |
MaxRetryError: HTTPConnectionPool(host='localhost', port=4723): Max retries exceeded with url: /session (Caused by NewConnectionError('<urllib3.connection.HTTPConnection object at 0x7052dc068490>: Failed to establish a new connection: [Errno 111] Connection refused'))
------------------------------------------------------------------------------
Verify user is able to add House Namkaran with NO Option on the mo... ===== Starting Test Setup =====
===== Test Setup Completed =====
===== Opening Gurutattva App =====
[ WARN ] Retrying (Retry(total=2, connect=None, read=None, redirect=None, status=None)) after connection broken by 'NewConnectionError('<urllib3.connection.HTTPConnection object at 0x7052dc069480>: Failed to establish a new connection: [Errno 111] Connection refused')': /session
[ WARN ] Retrying (Retry(total=1, connect=None, read=None, redirect=None, status=None)) after connection broken by 'NewConnectionError('<urllib3.connection.HTTPConnection object at 0x7052dc069260>: Failed to establish a new connection: [Errno 111] Connection refused')': /session
[ WARN ] Retrying (Retry(total=0, connect=None, read=None, redirect=None, status=None)) after connection broken by 'NewConnectionError('<urllib3.connection.HTTPConnection object at 0x7052dc068e20>: Failed to establish a new connection: [Errno 111] Connection refused')': /session
===== Starting Test Teardown =====
âœ… Mobile screenshot captured: /var/jenkins_home/workspace/Guruttava-E2E-Tests/results/Screenshot/Verify_user_is_able_to_add_House_Namkaran_with_NO_Option_on_the_mobile_app_and_verify_the_details_in_CSM_20260120_214247.png
âš ï¸ Mobile screenshot capture failed, capturing web screenshot...
âœ… Screenshot captured: /var/jenkins_home/workspace/Guruttava-E2E-Tests/results/Screenshot/Verify_user_is_able_to_add_House_Namkaran_with_NO_Option_on_the_mobile_app_and_verify_the_details_in_CSM_20260120_214247.png
===== Closing Gurutattva App =====
âš ï¸ Graceful termination failed, using force stop
âš ï¸ Mobile session close had issues
===== Gurutattva App Closed =====
ğŸ—‘ï¸ Cleared download directory: /var/jenkins_home/workspace/Guruttava-E2E-Tests/downloads
===== Test Teardown Completed =====
| FAIL |
MaxRetryError: HTTPConnectionPool(host='localhost', port=4723): Max retries exceeded with url: /session (Caused by NewConnectionError('<urllib3.connection.HTTPConnection object at 0x7052dc068270>: Failed to establish a new connection: [Errno 111] Connection refused'))
------------------------------------------------------------------------------
Verify user is able to add Child Namkaran with NO Option on the mo... ===== Starting Test Setup =====
===== Test Setup Completed =====
===== Opening Gurutattva App =====
[ WARN ] Retrying (Retry(total=2, connect=None, read=None, redirect=None, status=None)) after connection broken by 'NewConnectionError('<urllib3.connection.HTTPConnection object at 0x7052dc0686b0>: Failed to establish a new connection: [Errno 111] Connection refused')': /session
[ WARN ] Retrying (Retry(total=1, connect=None, read=None, redirect=None, status=None)) after connection broken by 'NewConnectionError('<urllib3.connection.HTTPConnection object at 0x7052dc069480>: Failed to establish a new connection: [Errno 111] Connection refused')': /session
[ WARN ] Retrying (Retry(total=0, connect=None, read=None, redirect=None, status=None)) after connection broken by 'NewConnectionError('<urllib3.connection.HTTPConnection object at 0x7052dc069bf0>: Failed to establish a new connection: [Errno 111] Connection refused')': /session
===== Starting Test Teardown =====
âœ… Mobile screenshot captured: /var/jenkins_home/workspace/Guruttava-E2E-Tests/results/Screenshot/Verify_user_is_able_to_add_Child_Namkaran_with_NO_Option_on_the_mobile_app_and_verify_the_details_in_CSM_20260120_214300.png
âš ï¸ Mobile screenshot capture failed, capturing web screenshot...
âœ… Screenshot captured: /var/jenkins_home/workspace/Guruttava-E2E-Tests/results/Screenshot/Verify_user_is_able_to_add_Child_Namkaran_with_NO_Option_on_the_mobile_app_and_verify_the_details_in_CSM_20260120_214300.png
===== Closing Gurutattva App =====
âš ï¸ Graceful termination failed, using force stop
âš ï¸ Mobile session close had issues
===== Gurutattva App Closed =====
ğŸ—‘ï¸ Cleared download directory: /var/jenkins_home/workspace/Guruttava-E2E-Tests/downloads
===== Test Teardown Completed =====
| FAIL |
MaxRetryError: HTTPConnectionPool(host='localhost', port=4723): Max retries exceeded with url: /session (Caused by NewConnectionError('<urllib3.connection.HTTPConnection object at 0x7052dc068f30>: Failed to establish a new connection: [Errno 111] Connection refused'))
------------------------------------------------------------------------------
Verify user is able to add Bride Namkaran with YES Option on the m... ===== Starting Test Setup =====
===== Test Setup Completed =====
===== Opening Gurutattva App =====
[ WARN ] Retrying (Retry(total=2, connect=None, read=None, redirect=None, status=None)) after connection broken by 'NewConnectionError('<urllib3.connection.HTTPConnection object at 0x7052dc069370>: Failed to establish a new connection: [Errno 111] Connection refused')': /session
[ WARN ] Retrying (Retry(total=1, connect=None, read=None, redirect=None, status=None)) after connection broken by 'NewConnectionError('<urllib3.connection.HTTPConnection object at 0x7052dc0686b0>: Failed to establish a new connection: [Errno 111] Connection refused')': /session
[ WARN ] Retrying (Retry(total=0, connect=None, read=None, redirect=None, status=None)) after connection broken by 'NewConnectionError('<urllib3.connection.HTTPConnection object at 0x7052dc0699d0>: Failed to establish a new connection: [Errno 111] Connection refused')': /session
===== Starting Test Teardown =====
âœ… Mobile screenshot captured: /var/jenkins_home/workspace/Guruttava-E2E-Tests/results/Screenshot/Verify_user_is_able_to_add_Bride_Namkaran_with_YES_Option_on_the_mobile_app_and_verify_the_details_in_CSM_20260120_214313.png
âš ï¸ Mobile screenshot capture failed, capturing web screenshot...
âœ… Screenshot captured: /var/jenkins_home/workspace/Guruttava-E2E-Tests/results/Screenshot/Verify_user_is_able_to_add_Bride_Namkaran_with_YES_Option_on_the_mobile_app_and_verify_the_details_in_CSM_20260120_214313.png
===== Closing Gurutattva App =====
âš ï¸ Graceful termination failed, using force stop
âš ï¸ Mobile session close had issues
===== Gurutattva App Closed =====
ğŸ—‘ï¸ Cleared download directory: /var/jenkins_home/workspace/Guruttava-E2E-Tests/downloads
===== Test Teardown Completed =====
| FAIL |
MaxRetryError: HTTPConnectionPool(host='localhost', port=4723): Max retries exceeded with url: /session (Caused by NewConnectionError('<urllib3.connection.HTTPConnection object at 0x7052dc0685a0>: Failed to establish a new connection: [Errno 111] Connection refused'))
------------------------------------------------------------------------------
Verify user is able to add Business Namkaran with YES Option on th... ===== Starting Test Setup =====
===== Test Setup Completed =====
===== Opening Gurutattva App =====
[ WARN ] Retrying (Retry(total=2, connect=None, read=None, redirect=None, status=None)) after connection broken by 'NewConnectionError('<urllib3.connection.HTTPConnection object at 0x7052dc068e20>: Failed to establish a new connection: [Errno 111] Connection refused')': /session
[ WARN ] Retrying (Retry(total=1, connect=None, read=None, redirect=None, status=None)) after connection broken by 'NewConnectionError('<urllib3.connection.HTTPConnection object at 0x7052dc068380>: Failed to establish a new connection: [Errno 111] Connection refused')': /session
[ WARN ] Retrying (Retry(total=0, connect=None, read=None, redirect=None, status=None)) after connection broken by 'NewConnectionError('<urllib3.connection.HTTPConnection object at 0x7052dc069bf0>: Failed to establish a new connection: [Errno 111] Connection refused')': /session
===== Starting Test Teardown =====
âœ… Mobile screenshot captured: /var/jenkins_home/workspace/Guruttava-E2E-Tests/results/Screenshot/Verify_user_is_able_to_add_Business_Namkaran_with_YES_Option_on_the_mobile_app_and_verify_the_details_in_CSM_20260120_214326.png
âš ï¸ Mobile screenshot capture failed, capturing web screenshot...
âœ… Screenshot captured: /var/jenkins_home/workspace/Guruttava-E2E-Tests/results/Screenshot/Verify_user_is_able_to_add_Business_Namkaran_with_YES_Option_on_the_mobile_app_and_verify_the_details_in_CSM_20260120_214326.png
===== Closing Gurutattva App =====
âš ï¸ Graceful termination failed, using force stop
âš ï¸ Mobile session close had issues
===== Gurutattva App Closed =====
ğŸ—‘ï¸ Cleared download directory: /var/jenkins_home/workspace/Guruttava-E2E-Tests/downloads
===== Test Teardown Completed =====
| FAIL |
MaxRetryError: HTTPConnectionPool(host='localhost', port=4723): Max retries exceeded with url: /session (Caused by NewConnectionError('<urllib3.connection.HTTPConnection object at 0x7052dc0689e0>: Failed to establish a new connection: [Errno 111] Connection refused'))
------------------------------------------------------------------------------
Verify user is able to add House Namkaran with YES Option on the m... ===== Starting Test Setup =====
===== Test Setup Completed =====
===== Opening Gurutattva App =====
[ WARN ] Retrying (Retry(total=2, connect=None, read=None, redirect=None, status=None)) after connection broken by 'NewConnectionError('<urllib3.connection.HTTPConnection object at 0x7052dc303ac0>: Failed to establish a new connection: [Errno 111] Connection refused')': /session
[ WARN ] Retrying (Retry(total=1, connect=None, read=None, redirect=None, status=None)) after connection broken by 'NewConnectionError('<urllib3.connection.HTTPConnection object at 0x7052dc300c00>: Failed to establish a new connection: [Errno 111] Connection refused')': /session
[ WARN ] Retrying (Retry(total=0, connect=None, read=None, redirect=None, status=None)) after connection broken by 'NewConnectionError('<urllib3.connection.HTTPConnection object at 0x7052dc069370>: Failed to establish a new connection: [Errno 111] Connection refused')': /session
===== Starting Test Teardown =====
âœ… Mobile screenshot captured: /var/jenkins_home/workspace/Guruttava-E2E-Tests/results/Screenshot/Verify_user_is_able_to_add_House_Namkaran_with_YES_Option_on_the_mobile_app_and_verify_the_details_in_CSM_20260120_214339.png
âš ï¸ Mobile screenshot capture failed, capturing web screenshot...
âœ… Screenshot captured: /var/jenkins_home/workspace/Guruttava-E2E-Tests/results/Screenshot/Verify_user_is_able_to_add_House_Namkaran_with_YES_Option_on_the_mobile_app_and_verify_the_details_in_CSM_20260120_214339.png
===== Closing Gurutattva App =====
âš ï¸ Graceful termination failed, using force stop
âš ï¸ Mobile session close had issues
===== Gurutattva App Closed =====
ğŸ—‘ï¸ Cleared download directory: /var/jenkins_home/workspace/Guruttava-E2E-Tests/downloads
===== Test Teardown Completed =====
| FAIL |
MaxRetryError: HTTPConnectionPool(host='localhost', port=4723): Max retries exceeded with url: /session (Caused by NewConnectionError('<urllib3.connection.HTTPConnection object at 0x7052dc068490>: Failed to establish a new connection: [Errno 111] Connection refused'))
------------------------------------------------------------------------------
Verify user is able to add Child Namkaran with YES Option on the m... ===== Starting Test Setup =====
===== Test Setup Completed =====
===== Opening Gurutattva App =====
[ WARN ] Retrying (Retry(total=2, connect=None, read=None, redirect=None, status=None)) after connection broken by 'NewConnectionError('<urllib3.connection.HTTPConnection object at 0x7052dc06b680>: Failed to establish a new connection: [Errno 111] Connection refused')': /session
[ WARN ] Retrying (Retry(total=1, connect=None, read=None, redirect=None, status=None)) after connection broken by 'NewConnectionError('<urllib3.connection.HTTPConnection object at 0x7052dc068f30>: Failed to establish a new connection: [Errno 111] Connection refused')': /session
[ WARN ] Retrying (Retry(total=0, connect=None, read=None, redirect=None, status=None)) after connection broken by 'NewConnectionError('<urllib3.connection.HTTPConnection object at 0x7052dc069590>: Failed to establish a new connection: [Errno 111] Connection refused')': /session
===== Starting Test Teardown =====
âœ… Mobile screenshot captured: /var/jenkins_home/workspace/Guruttava-E2E-Tests/results/Screenshot/Verify_user_is_able_to_add_Child_Namkaran_with_YES_Option_on_the_mobile_app_and_verify_the_details_in_CSM_20260120_214351.png
âš ï¸ Mobile screenshot capture failed, capturing web screenshot...
âœ… Screenshot captured: /var/jenkins_home/workspace/Guruttava-E2E-Tests/results/Screenshot/Verify_user_is_able_to_add_Child_Namkaran_with_YES_Option_on_the_mobile_app_and_verify_the_details_in_CSM_20260120_214351.png
===== Closing Gurutattva App =====
âš ï¸ Graceful termination failed, using force stop
âš ï¸ Mobile session close had issues
===== Gurutattva App Closed =====
ğŸ—‘ï¸ Cleared download directory: /var/jenkins_home/workspace/Guruttava-E2E-Tests/downloads
===== Test Teardown Completed =====
| FAIL |
MaxRetryError: HTTPConnectionPool(host='localhost', port=4723): Max retries exceeded with url: /session (Caused by NewConnectionError('<urllib3.connection.HTTPConnection object at 0x7052dc068270>: Failed to establish a new connection: [Errno 111] Connection refused'))
------------------------------------------------------------------------------
Verify that admin user is able to approve Bride Namkaran in CMS an... ===== Starting Test Setup =====
===== Test Setup Completed =====
===== Opening Gurutattva App =====
[ WARN ] Retrying (Retry(total=2, connect=None, read=None, redirect=None, status=None)) after connection broken by 'NewConnectionError('<urllib3.connection.HTTPConnection object at 0x7052dc3018c0>: Failed to establish a new connection: [Errno 111] Connection refused')': /session
[ WARN ] Retrying (Retry(total=1, connect=None, read=None, redirect=None, status=None)) after connection broken by 'NewConnectionError('<urllib3.connection.HTTPConnection object at 0x7052dc303570>: Failed to establish a new connection: [Errno 111] Connection refused')': /session
[ WARN ] Retrying (Retry(total=0, connect=None, read=None, redirect=None, status=None)) after connection broken by 'NewConnectionError('<urllib3.connection.HTTPConnection object at 0x7052dc0685a0>: Failed to establish a new connection: [Errno 111] Connection refused')': /session
===== Starting Test Teardown =====
âœ… Mobile screenshot captured: /var/jenkins_home/workspace/Guruttava-E2E-Tests/results/Screenshot/Verify_that_admin_user_is_able_to_approve_Bride_Namkaran_in_CMS_and_verify_the_details_on_mobile_app_20260120_214404.png
âš ï¸ Mobile screenshot capture failed, capturing web screenshot...
âœ… Screenshot captured: /var/jenkins_home/workspace/Guruttava-E2E-Tests/results/Screenshot/Verify_that_admin_user_is_able_to_approve_Bride_Namkaran_in_CMS_and_verify_the_details_on_mobile_app_20260120_214404.png
===== Closing Gurutattva App =====
âš ï¸ Graceful termination failed, using force stop
âš ï¸ Mobile session close had issues
===== Gurutattva App Closed =====
ğŸ—‘ï¸ Cleared download directory: /var/jenkins_home/workspace/Guruttava-E2E-Tests/downloads
===== Test Teardown Completed =====
| FAIL |
MaxRetryError: HTTPConnectionPool(host='localhost', port=4723): Max retries exceeded with url: /session (Caused by NewConnectionError('<urllib3.connection.HTTPConnection object at 0x7052dc068f30>: Failed to establish a new connection: [Errno 111] Connection refused'))
------------------------------------------------------------------------------
Verify that admin user is able to approve Business Namkaran in CMS... ===== Starting Test Setup =====
===== Test Setup Completed =====
===== Opening Gurutattva App =====
[ WARN ] Retrying (Retry(total=2, connect=None, read=None, redirect=None, status=None)) after connection broken by 'NewConnectionError('<urllib3.connection.HTTPConnection object at 0x7052dc3038a0>: Failed to establish a new connection: [Errno 111] Connection refused')': /session
[ WARN ] Retrying (Retry(total=1, connect=None, read=None, redirect=None, status=None)) after connection broken by 'NewConnectionError('<urllib3.connection.HTTPConnection object at 0x7052dc300c00>: Failed to establish a new connection: [Errno 111] Connection refused')': /session
[ WARN ] Retrying (Retry(total=0, connect=None, read=None, redirect=None, status=None)) after connection broken by 'NewConnectionError('<urllib3.connection.HTTPConnection object at 0x7052dc303df0>: Failed to establish a new connection: [Errno 111] Connection refused')': /session
===== Starting Test Teardown =====
âœ… Mobile screenshot captured: /var/jenkins_home/workspace/Guruttava-E2E-Tests/results/Screenshot/Verify_that_admin_user_is_able_to_approve_Business_Namkaran_in_CMS_and_verify_the_details_on_mobile_app_20260120_214417.png
âš ï¸ Mobile screenshot capture failed, capturing web screenshot...
âœ… Screenshot captured: /var/jenkins_home/workspace/Guruttava-E2E-Tests/results/Screenshot/Verify_that_admin_user_is_able_to_approve_Business_Namkaran_in_CMS_and_verify_the_details_on_mobile_app_20260120_214417.png
===== Closing Gurutattva App =====
âš ï¸ Graceful termination failed, using force stop
âš ï¸ Mobile session close had issues
===== Gurutattva App Closed =====
ğŸ—‘ï¸ Cleared download directory: /var/jenkins_home/workspace/Guruttava-E2E-Tests/downloads
===== Test Teardown Completed =====
| FAIL |
MaxRetryError: HTTPConnectionPool(host='localhost', port=4723): Max retries exceeded with url: /session (Caused by NewConnectionError('<urllib3.connection.HTTPConnection object at 0x7052dc303680>: Failed to establish a new connection: [Errno 111] Connection refused'))
------------------------------------------------------------------------------
Verify that admin user is able to approve House Namkaran in CMS an... ===== Starting Test Setup =====
===== Test Setup Completed =====
===== Opening Gurutattva App =====
[ WARN ] Retrying (Retry(total=2, connect=None, read=None, redirect=None, status=None)) after connection broken by 'NewConnectionError('<urllib3.connection.HTTPConnection object at 0x7052dba0d370>: Failed to establish a new connection: [Errno 111] Connection refused')': /session
[ WARN ] Retrying (Retry(total=1, connect=None, read=None, redirect=None, status=None)) after connection broken by 'NewConnectionError('<urllib3.connection.HTTPConnection object at 0x7052dba0c6b0>: Failed to establish a new connection: [Errno 111] Connection refused')': /session
[ WARN ] Retrying (Retry(total=0, connect=None, read=None, redirect=None, status=None)) after connection broken by 'NewConnectionError('<urllib3.connection.HTTPConnection object at 0x7052dba0f790>: Failed to establish a new connection: [Errno 111] Connection refused')': /session
===== Starting Test Teardown =====
âœ… Mobile screenshot captured: /var/jenkins_home/workspace/Guruttava-E2E-Tests/results/Screenshot/Verify_that_admin_user_is_able_to_approve_House_Namkaran_in_CMS_and_verify_the_details_on_mobile_app_20260120_214430.png
âš ï¸ Mobile screenshot capture failed, capturing web screenshot...
âœ… Screenshot captured: /var/jenkins_home/workspace/Guruttava-E2E-Tests/results/Screenshot/Verify_that_admin_user_is_able_to_approve_House_Namkaran_in_CMS_and_verify_the_details_on_mobile_app_20260120_214430.png
===== Closing Gurutattva App =====
âš ï¸ Graceful termination failed, using force stop
âš ï¸ Mobile session close had issues
===== Gurutattva App Closed =====
ğŸ—‘ï¸ Cleared download directory: /var/jenkins_home/workspace/Guruttava-E2E-Tests/downloads
===== Test Teardown Completed =====
| FAIL |
MaxRetryError: HTTPConnectionPool(host='localhost', port=4723): Max retries exceeded with url: /session (Caused by NewConnectionError('<urllib3.connection.HTTPConnection object at 0x7052dba0d6a0>: Failed to establish a new connection: [Errno 111] Connection refused'))
------------------------------------------------------------------------------
Verify that admin user is able to approve Child Namkaran in CMS an... ===== Starting Test Setup =====
===== Test Setup Completed =====
===== Opening Gurutattva App =====
[ WARN ] Retrying (Retry(total=2, connect=None, read=None, redirect=None, status=None)) after connection broken by 'NewConnectionError('<urllib3.connection.HTTPConnection object at 0x7052dc069370>: Failed to establish a new connection: [Errno 111] Connection refused')': /session
[ WARN ] Retrying (Retry(total=1, connect=None, read=None, redirect=None, status=None)) after connection broken by 'NewConnectionError('<urllib3.connection.HTTPConnection object at 0x7052dc069150>: Failed to establish a new connection: [Errno 111] Connection refused')': /session
[ WARN ] Retrying (Retry(total=0, connect=None, read=None, redirect=None, status=None)) after connection broken by 'NewConnectionError('<urllib3.connection.HTTPConnection object at 0x7052dc0686b0>: Failed to establish a new connection: [Errno 111] Connection refused')': /session
===== Starting Test Teardown =====
âœ… Mobile screenshot captured: /var/jenkins_home/workspace/Guruttava-E2E-Tests/results/Screenshot/Verify_that_admin_user_is_able_to_approve_Child_Namkaran_in_CMS_and_verify_the_details_on_mobile_app_20260120_214443.png
âš ï¸ Mobile screenshot capture failed, capturing web screenshot...
âœ… Screenshot captured: /var/jenkins_home/workspace/Guruttava-E2E-Tests/results/Screenshot/Verify_that_admin_user_is_able_to_approve_Child_Namkaran_in_CMS_and_verify_the_details_on_mobile_app_20260120_214443.png
===== Closing Gurutattva App =====
âš ï¸ Graceful termination failed, using force stop
âš ï¸ Mobile session close had issues
===== Gurutattva App Closed =====
ğŸ—‘ï¸ Cleared download directory: /var/jenkins_home/workspace/Guruttava-E2E-Tests/downloads
===== Test Teardown Completed =====
| FAIL |
MaxRetryError: HTTPConnectionPool(host='localhost', port=4723): Max retries exceeded with url: /session (Caused by NewConnectionError('<urllib3.connection.HTTPConnection object at 0x7052dc069bf0>: Failed to establish a new connection: [Errno 111] Connection refused'))
------------------------------------------------------------------------------
Verify that admin user is able to reject Bride Namkaran in CMS and... ===== Starting Test Setup =====
===== Test Setup Completed =====
===== Opening Gurutattva App =====
[ WARN ] Retrying (Retry(total=2, connect=None, read=None, redirect=None, status=None)) after connection broken by 'NewConnectionError('<urllib3.connection.HTTPConnection object at 0x7052dba0f9b0>: Failed to establish a new connection: [Errno 111] Connection refused')': /session
[ WARN ] Retrying (Retry(total=1, connect=None, read=None, redirect=None, status=None)) after connection broken by 'NewConnectionError('<urllib3.connection.HTTPConnection object at 0x7052dba0ead0>: Failed to establish a new connection: [Errno 111] Connection refused')': /session
[ WARN ] Retrying (Retry(total=0, connect=None, read=None, redirect=None, status=None)) after connection broken by 'NewConnectionError('<urllib3.connection.HTTPConnection object at 0x7052dba0ce20>: Failed to establish a new connection: [Errno 111] Connection refused')': /session
===== Starting Test Teardown =====
âœ… Mobile screenshot captured: /var/jenkins_home/workspace/Guruttava-E2E-Tests/results/Screenshot/Verify_that_admin_user_is_able_to_reject_Bride_Namkaran_in_CMS_and_verify_the_details_on_mobile_app_20260120_214456.png
âš ï¸ Mobile screenshot capture failed, capturing web screenshot...
âœ… Screenshot captured: /var/jenkins_home/workspace/Guruttava-E2E-Tests/results/Screenshot/Verify_that_admin_user_is_able_to_reject_Bride_Namkaran_in_CMS_and_verify_the_details_on_mobile_app_20260120_214456.png
===== Closing Gurutattva App =====
âš ï¸ Graceful termination failed, using force stop
âš ï¸ Mobile session close had issues
===== Gurutattva App Closed =====
ğŸ—‘ï¸ Cleared download directory: /var/jenkins_home/workspace/Guruttava-E2E-Tests/downloads
===== Test Teardown Completed =====
| FAIL |
MaxRetryError: HTTPConnectionPool(host='localhost', port=4723): Max retries exceeded with url: /session (Caused by NewConnectionError('<urllib3.connection.HTTPConnection object at 0x7052dba0e030>: Failed to establish a new connection: [Errno 111] Connection refused'))
------------------------------------------------------------------------------
Verify that admin user is able to reject Business Namkaran in CMS ... ===== Starting Test Setup =====
===== Test Setup Completed =====
===== Opening Gurutattva App =====
[ WARN ] Retrying (Retry(total=2, connect=None, read=None, redirect=None, status=None)) after connection broken by 'NewConnectionError('<urllib3.connection.HTTPConnection object at 0x7052db50c490>: Failed to establish a new connection: [Errno 111] Connection refused')': /session
[ WARN ] Retrying (Retry(total=1, connect=None, read=None, redirect=None, status=None)) after connection broken by 'NewConnectionError('<urllib3.connection.HTTPConnection object at 0x7052db50c6b0>: Failed to establish a new connection: [Errno 111] Connection refused')': /session
[ WARN ] Retrying (Retry(total=0, connect=None, read=None, redirect=None, status=None)) after connection broken by 'NewConnectionError('<urllib3.connection.HTTPConnection object at 0x7052db50c8d0>: Failed to establish a new connection: [Errno 111] Connection refused')': /session
===== Starting Test Teardown =====
âœ… Mobile screenshot captured: /var/jenkins_home/workspace/Guruttava-E2E-Tests/results/Screenshot/Verify_that_admin_user_is_able_to_reject_Business_Namkaran_in_CMS_and_verify_the_details_on_mobile_app_20260120_214509.png
âš ï¸ Mobile screenshot capture failed, capturing web screenshot...
âœ… Screenshot captured: /var/jenkins_home/workspace/Guruttava-E2E-Tests/results/Screenshot/Verify_that_admin_user_is_able_to_reject_Business_Namkaran_in_CMS_and_verify_the_details_on_mobile_app_20260120_214509.png
===== Closing Gurutattva App =====
âš ï¸ Graceful termination failed, using force stop
âš ï¸ Mobile session close had issues
===== Gurutattva App Closed =====
ğŸ—‘ï¸ Cleared download directory: /var/jenkins_home/workspace/Guruttava-E2E-Tests/downloads
===== Test Teardown Completed =====
| FAIL |
MaxRetryError: HTTPConnectionPool(host='localhost', port=4723): Max retries exceeded with url: /session (Caused by NewConnectionError('<urllib3.connection.HTTPConnection object at 0x7052db50caf0>: Failed to establish a new connection: [Errno 111] Connection refused'))
------------------------------------------------------------------------------
Verify that admin user is able to reject House Namkaran in CMS and... ===== Starting Test Setup =====
===== Test Setup Completed =====
===== Opening Gurutattva App =====
[ WARN ] Retrying (Retry(total=2, connect=None, read=None, redirect=None, status=None)) after connection broken by 'NewConnectionError('<urllib3.connection.HTTPConnection object at 0x7052db50e250>: Failed to establish a new connection: [Errno 111] Connection refused')': /session
[ WARN ] Retrying (Retry(total=1, connect=None, read=None, redirect=None, status=None)) after connection broken by 'NewConnectionError('<urllib3.connection.HTTPConnection object at 0x7052db50e470>: Failed to establish a new connection: [Errno 111] Connection refused')': /session
[ WARN ] Retrying (Retry(total=0, connect=None, read=None, redirect=None, status=None)) after connection broken by 'NewConnectionError('<urllib3.connection.HTTPConnection object at 0x7052db50e690>: Failed to establish a new connection: [Errno 111] Connection refused')': /session
===== Starting Test Teardown =====
âœ… Mobile screenshot captured: /var/jenkins_home/workspace/Guruttava-E2E-Tests/results/Screenshot/Verify_that_admin_user_is_able_to_reject_House_Namkaran_in_CMS_and_verify_the_details_on_mobile_app_20260120_214522.png
âš ï¸ Mobile screenshot capture failed, capturing web screenshot...
âœ… Screenshot captured: /var/jenkins_home/workspace/Guruttava-E2E-Tests/results/Screenshot/Verify_that_admin_user_is_able_to_reject_House_Namkaran_in_CMS_and_verify_the_details_on_mobile_app_20260120_214522.png
===== Closing Gurutattva App =====
âš ï¸ Graceful termination failed, using force stop
âš ï¸ Mobile session close had issues
===== Gurutattva App Closed =====
ğŸ—‘ï¸ Cleared download directory: /var/jenkins_home/workspace/Guruttava-E2E-Tests/downloads
===== Test Teardown Completed =====
| FAIL |
MaxRetryError: HTTPConnectionPool(host='localhost', port=4723): Max retries exceeded with url: /session (Caused by NewConnectionError('<urllib3.connection.HTTPConnection object at 0x7052db50e8b0>: Failed to establish a new connection: [Errno 111] Connection refused'))
------------------------------------------------------------------------------
Verify that admin user is able to reject Child Namkaran in CMS and... ===== Starting Test Setup =====
===== Test Setup Completed =====
===== Opening Gurutattva App =====
[ WARN ] Retrying (Retry(total=2, connect=None, read=None, redirect=None, status=None)) after connection broken by 'NewConnectionError('<urllib3.connection.HTTPConnection object at 0x7052dba0f680>: Failed to establish a new connection: [Errno 111] Connection refused')': /session
[ WARN ] Retrying (Retry(total=1, connect=None, read=None, redirect=None, status=None)) after connection broken by 'NewConnectionError('<urllib3.connection.HTTPConnection object at 0x7052dba0ebe0>: Failed to establish a new connection: [Errno 111] Connection refused')': /session
[ WARN ] Retrying (Retry(total=0, connect=None, read=None, redirect=None, status=None)) after connection broken by 'NewConnectionError('<urllib3.connection.HTTPConnection object at 0x7052dba0d150>: Failed to establish a new connection: [Errno 111] Connection refused')': /session
===== Starting Test Teardown =====
âœ… Mobile screenshot captured: /var/jenkins_home/workspace/Guruttava-E2E-Tests/results/Screenshot/Verify_that_admin_user_is_able_to_reject_Child_Namkaran_in_CMS_and_verify_the_details_on_mobile_app_20260120_214534.png
âš ï¸ Mobile screenshot capture failed, capturing web screenshot...
âœ… Screenshot captured: /var/jenkins_home/workspace/Guruttava-E2E-Tests/results/Screenshot/Verify_that_admin_user_is_able_to_reject_Child_Namkaran_in_CMS_and_verify_the_details_on_mobile_app_20260120_214534.png
===== Closing Gurutattva App =====
âš ï¸ Graceful termination failed, using force stop
âš ï¸ Mobile session close had issues
===== Gurutattva App Closed =====
ğŸ—‘ï¸ Cleared download directory: /var/jenkins_home/workspace/Guruttava-E2E-Tests/downloads
===== Test Teardown Completed =====
| FAIL |
MaxRetryError: HTTPConnectionPool(host='localhost', port=4723): Max retries exceeded with url: /session (Caused by NewConnectionError('<urllib3.connection.HTTPConnection object at 0x7052dba0ee00>: Failed to establish a new connection: [Errno 111] Connection refused'))
------------------------------------------------------------------------------
Guruttava_Android_E2E_Tests.E2ENamkaran                               | FAIL |
16 tests, 0 passed, 16 failed
==============================================================================
Guruttava_Android_E2E_Tests.E2ENews                                           
==============================================================================
Verify the image upload validation in CMS                             ===== Starting Test Setup =====
===== Test Setup Completed =====
ğŸ¯ Generated E2E English News Test Data:
ğŸ¯ Title: E2E English News Title 8880
ğŸ¯ Description: E2E English News Description 8880
ğŸ¯ Content: E2E English News Content 8880. This is a test news content generated for automation testing purposes.
ğŸŒ Opening web browser: chrome
ğŸ”— Navigating to: https://gurutattvacmsnewdev.rysun.in:9090/
===== Starting Test Teardown =====
âœ… Mobile screenshot captured: /var/jenkins_home/workspace/Guruttava-E2E-Tests/results/Screenshot/Verify_the_image_upload_validation_in_CMS_20260120_215108.png
âš ï¸ Mobile screenshot capture failed, capturing web screenshot...
âœ… Screenshot captured: /var/jenkins_home/workspace/Guruttava-E2E-Tests/results/Screenshot/Verify_the_image_upload_validation_in_CMS_20260120_215108.png
===== Closing Gurutattva App =====
âš ï¸ Graceful termination failed, using force stop
âš ï¸ Mobile session close had issues
===== Gurutattva App Closed =====
ğŸ—‘ï¸ Cleared download directory: /var/jenkins_home/workspace/Guruttava-E2E-Tests/downloads
===== Test Teardown Completed =====
| FAIL |
NoSuchDriverException: Message: Unable to obtain driver for chrome; For documentation on this error, please visit: https://www.selenium.dev/documentation/webdriver/troubleshooting/errors/driver_location
------------------------------------------------------------------------------
Verify that the user is able to add a English news, publish it in ... ===== Starting Test Setup =====
===== Test Setup Completed =====
ğŸ¯ Generated E2E English News Test Data:
ğŸ¯ Title: E2E English News Title 9528
ğŸ¯ Description: E2E English News Description 9528
ğŸ¯ Content: E2E English News Content 9528. This is a test news content generated for automation testing purposes.
ğŸŒ Opening web browser: chrome
ğŸ”— Navigating to: https://gurutattvacmsnewdev.rysun.in:9090/
===== Starting Test Teardown =====
âœ… Mobile screenshot captured: /var/jenkins_home/workspace/Guruttava-E2E-Tests/results/Screenshot/Verify_that_the_user_is_able_to_add_a_English_news,_publish_it_in_the_CMS,_and_verify_the_english_news_details_on_the_mobile_app_20260120_215636.png
âš ï¸ Mobile screenshot capture failed, capturing web screenshot...
âœ… Screenshot captured: /var/jenkins_home/workspace/Guruttava-E2E-Tests/results/Screenshot/Verify_that_the_user_is_able_to_add_a_English_news,_publish_it_in_the_CMS,_and_verify_the_english_news_details_on_the_mobile_app_20260120_215636.png
===== Closing Gurutattva App =====
âš ï¸ Graceful termination failed, using force stop
âš ï¸ Mobile session close had issues
===== Gurutattva App Closed =====
ğŸ—‘ï¸ Cleared download directory: /var/jenkins_home/workspace/Guruttava-E2E-Tests/downloads
===== Test Teardown Completed =====
| FAIL |
NoSuchDriverException: Message: Unable to obtain driver for chrome; For documentation on this error, please visit: https://www.selenium.dev/documentation/webdriver/troubleshooting/errors/driver_location
------------------------------------------------------------------------------
Verify that the user is able to add a Hindi news, publish it in th... ===== Starting Test Setup =====
===== Test Setup Completed =====
ğŸ¯ Generated E2E Hindi News Test Data:
ğŸ¯ Title: E2E à¤¹à¤¿à¤‚à¤¦à¥€ à¤¸à¤®à¤¾à¤šà¤¾à¤° à¤¶à¥€à¤°à¥à¤·à¤• 2767
ğŸ¯ Description: E2E à¤¹à¤¿à¤‚à¤¦à¥€ à¤¸à¤®à¤¾à¤šà¤¾à¤° à¤µà¤¿à¤µà¤°à¤£ 2767
ğŸ¯ Content: E2E à¤¹à¤¿à¤‚à¤¦à¥€ à¤¸à¤®à¤¾à¤šà¤¾à¤° à¤¸à¤¾à¤®à¤—à¥à¤°à¥€ 2767. à¤¯à¤¹ à¤¸à¥à¤µà¤šà¤¾à¤²à¤¨ à¤ªà¤°à¥€à¤•à¥à¤·à¤£ à¤•à¥‡ à¤²à¤¿à¤ à¤‰à¤¤à¥à¤ªà¤¨à¥à¤¨ à¤•à¤¿à¤¯à¤¾ à¤—à¤¯à¤¾ à¤à¤• à¤ªà¤°à¥€à¤•à¥à¤·à¤£ à¤¸à¤®à¤¾à¤šà¤¾à¤° à¤¸à¤¾à¤®à¤—à¥à¤°à¥€ à¤¹à¥ˆà¥¤
ğŸŒ Opening web browser: chrome
ğŸ”— Navigating to: https://gurutattvacmsnewdev.rysun.in:9090/
ğŸ”„ TC02 Teardown: Force reverting language to English...
ğŸ“± Step 1: Clicking Home to make Profile tab visible
âš ï¸ Could not find Home icon - continuing anyway
ğŸ“± Step 2: Clicking Profile tab
âš ï¸ Could not find Profile tab - trying xpath position
ğŸ“± Step 3: Navigating to Language settings
â³ Waiting for language change to persist...
âœ… Language revert sequence completed
ğŸ”„ TC02 Teardown completed - Normal teardown will close app
| FAIL |
NoSuchDriverException: Message: Unable to obtain driver for chrome; For documentation on this error, please visit: https://www.selenium.dev/documentation/webdriver/troubleshooting/errors/driver_location
------------------------------------------------------------------------------
Test Unpublish News from CMS and Verify in Mobile App :: Unpublish... ===== Starting Test Setup =====
===== Test Setup Completed =====
ğŸ¯ Generated E2E English News Test Data:
ğŸ¯ Title: E2E English News Title 9411
ğŸ¯ Description: E2E English News Description 9411
ğŸ¯ Content: E2E English News Content 9411. This is a test news content generated for automation testing purposes.
ğŸŒ Opening web browser: chrome
ğŸ”— Navigating to: https://gurutattvacmsnewdev.rysun.in:9090/
===== Starting Test Teardown =====
âœ… Mobile screenshot captured: /var/jenkins_home/workspace/Guruttava-E2E-Tests/results/Screenshot/Test_Unpublish_News_from_CMS_and_Verify_in_Mobile_App_20260120_220758.png
âš ï¸ Mobile screenshot capture failed, capturing web screenshot...
âœ… Screenshot captured: /var/jenkins_home/workspace/Guruttava-E2E-Tests/results/Screenshot/Test_Unpublish_News_from_CMS_and_Verify_in_Mobile_App_20260120_220758.png
===== Closing Gurutattva App =====
âš ï¸ Graceful termination failed, using force stop
âš ï¸ Mobile session close had issues
===== Gurutattva App Closed =====
ğŸ—‘ï¸ Cleared download directory: /var/jenkins_home/workspace/Guruttava-E2E-Tests/downloads
===== Test Teardown Completed =====
| FAIL |
NoSuchDriverException: Message: Unable to obtain driver for chrome; For documentation on this error, please visit: https://www.selenium.dev/documentation/webdriver/troubleshooting/errors/driver_location
------------------------------------------------------------------------------
Test News Category Tab In Mobile App :: In Mobile app, check for C... ===== Starting Test Setup =====
===== Test Setup Completed =====
ğŸ“± Attempting to open Gurutattva App (1/3)
===== Opening Gurutattva App =====
[ WARN ] Retrying (Retry(total=2, connect=None, read=None, redirect=None, status=None)) after connection broken by 'NewConnectionError('<urllib3.connection.HTTPConnection object at 0x7052db50c9e0>: Failed to establish a new connection: [Errno 111] Connection refused')': /session
[ WARN ] Retrying (Retry(total=1, connect=None, read=None, redirect=None, status=None)) after connection broken by 'NewConnectionError('<urllib3.connection.HTTPConnection object at 0x7052db50d480>: Failed to establish a new connection: [Errno 111] Connection refused')': /session
[ WARN ] Retrying (Retry(total=0, connect=None, read=None, redirect=None, status=None)) after connection broken by 'NewConnectionError('<urllib3.connection.HTTPConnection object at 0x7052db50d590>: Failed to establish a new connection: [Errno 111] Connection refused')': /session
âš ï¸ Failed to open app on attempt 1: MaxRetryError: HTTPConnectionPool(host='localhost', port=4723): Max retries exceeded with url: /session (Caused by NewConnectionError('<urllib3.connection.HTTPConnection object at 0x7052db50d7b0>: Failed to establish a new connection: [Errno 111] Connection refused'))
ğŸ”„ Retrying in 5 seconds...
ğŸ“± Attempting to open Gurutattva App (2/3)
===== Opening Gurutattva App =====
[ WARN ] Retrying (Retry(total=2, connect=None, read=None, redirect=None, status=None)) after connection broken by 'NewConnectionError('<urllib3.connection.HTTPConnection object at 0x7052dc068380>: Failed to establish a new connection: [Errno 111] Connection refused')': /session
[ WARN ] Retrying (Retry(total=1, connect=None, read=None, redirect=None, status=None)) after connection broken by 'NewConnectionError('<urllib3.connection.HTTPConnection object at 0x7052dcc847c0>: Failed to establish a new connection: [Errno 111] Connection refused')': /session
[ WARN ] Retrying (Retry(total=0, connect=None, read=None, redirect=None, status=None)) after connection broken by 'NewConnectionError('<urllib3.connection.HTTPConnection object at 0x7052dcd9bbd0>: Failed to establish a new connection: [Errno 111] Connection refused')': /session
âš ï¸ Failed to open app on attempt 2: MaxRetryError: HTTPConnectionPool(host='localhost', port=4723): Max retries exceeded with url: /session (Caused by NewConnectionError('<urllib3.connection.HTTPConnection object at 0x7052dba0f680>: Failed to establish a new connection: [Errno 111] Connection refused'))
ğŸ”„ Retrying in 5 seconds...
ğŸ“± Attempting to open Gurutattva App (3/3)
===== Opening Gurutattva App =====
[ WARN ] Retrying (Retry(total=2, connect=None, read=None, redirect=None, status=None)) after connection broken by 'NewConnectionError('<urllib3.connection.HTTPConnection object at 0x7052dba0f130>: Failed to establish a new connection: [Errno 111] Connection refused')': /session
[ WARN ] Retrying (Retry(total=1, connect=None, read=None, redirect=None, status=None)) after connection broken by 'NewConnectionError('<urllib3.connection.HTTPConnection object at 0x7052dba0ead0>: Failed to establish a new connection: [Errno 111] Connection refused')': /session
[ WARN ] Retrying (Retry(total=0, connect=None, read=None, redirect=None, status=None)) after connection broken by 'NewConnectionError('<urllib3.connection.HTTPConnection object at 0x7052dba0fce0>: Failed to establish a new connection: [Errno 111] Connection refused')': /session
âš ï¸ Failed to open app on attempt 3: MaxRetryError: HTTPConnectionPool(host='localhost', port=4723): Max retries exceeded with url: /session (Caused by NewConnectionError('<urllib3.connection.HTTPConnection object at 0x7052dba0c380>: Failed to establish a new connection: [Errno 111] Connection refused'))
âŒ Failed to open Gurutattva App after 3 attempts
===== Starting Test Teardown =====
âœ… Mobile screenshot captured: /var/jenkins_home/workspace/Guruttava-E2E-Tests/results/Screenshot/Test_News_Category_Tab_In_Mobile_App_20260120_220821.png
âš ï¸ Mobile screenshot capture failed, capturing web screenshot...
âœ… Screenshot captured: /var/jenkins_home/workspace/Guruttava-E2E-Tests/results/Screenshot/Test_News_Category_Tab_In_Mobile_App_20260120_220821.png
===== Closing Gurutattva App =====
âš ï¸ Graceful termination failed, using force stop
âš ï¸ Mobile session close had issues
===== Gurutattva App Closed =====
ğŸ—‘ï¸ Cleared download directory: /var/jenkins_home/workspace/Guruttava-E2E-Tests/downloads
===== Test Teardown Completed =====
| FAIL |
Could not open Gurutattva App after 3 attempts
------------------------------------------------------------------------------
Test Check Local News Filter Functionality :: Check Local News Fil... ===== Starting Test Setup =====
===== Test Setup Completed =====
ğŸ“± Attempting to open Gurutattva App (1/3)
===== Opening Gurutattva App =====
[ WARN ] Retrying (Retry(total=2, connect=None, read=None, redirect=None, status=None)) after connection broken by 'NewConnectionError('<urllib3.connection.HTTPConnection object at 0x7052dba0ecf0>: Failed to establish a new connection: [Errno 111] Connection refused')': /session
[ WARN ] Retrying (Retry(total=1, connect=None, read=None, redirect=None, status=None)) after connection broken by 'NewConnectionError('<urllib3.connection.HTTPConnection object at 0x7052dba0f020>: Failed to establish a new connection: [Errno 111] Connection refused')': /session
[ WARN ] Retrying (Retry(total=0, connect=None, read=None, redirect=None, status=None)) after connection broken by 'NewConnectionError('<urllib3.connection.HTTPConnection object at 0x7052dba0e9c0>: Failed to establish a new connection: [Errno 111] Connection refused')': /session
âš ï¸ Failed to open app on attempt 1: MaxRetryError: HTTPConnectionPool(host='localhost', port=4723): Max retries exceeded with url: /session (Caused by NewConnectionError('<urllib3.connection.HTTPConnection object at 0x7052dba0ce20>: Failed to establish a new connection: [Errno 111] Connection refused'))
ğŸ”„ Retrying in 5 seconds...
ğŸ“± Attempting to open Gurutattva App (2/3)
===== Opening Gurutattva App =====
[ WARN ] Retrying (Retry(total=2, connect=None, read=None, redirect=None, status=None)) after connection broken by 'NewConnectionError('<urllib3.connection.HTTPConnection object at 0x7052db50ce20>: Failed to establish a new connection: [Errno 111] Connection refused')': /session
[ WARN ] Retrying (Retry(total=1, connect=None, read=None, redirect=None, status=None)) after connection broken by 'NewConnectionError('<urllib3.connection.HTTPConnection object at 0x7052db50d6a0>: Failed to establish a new connection: [Errno 111] Connection refused')': /session
[ WARN ] Retrying (Retry(total=0, connect=None, read=None, redirect=None, status=None)) after connection broken by 'NewConnectionError('<urllib3.connection.HTTPConnection object at 0x7052db50dd00>: Failed to establish a new connection: [Errno 111] Connection refused')': /session
âš ï¸ Failed to open app on attempt 2: MaxRetryError: HTTPConnectionPool(host='localhost', port=4723): Max retries exceeded with url: /session (Caused by NewConnectionError('<urllib3.connection.HTTPConnection object at 0x7052db50e8b0>: Failed to establish a new connection: [Errno 111] Connection refused'))
ğŸ”„ Retrying in 5 seconds...
ğŸ“± Attempting to open Gurutattva App (3/3)
===== Opening Gurutattva App =====
[ WARN ] Retrying (Retry(total=2, connect=None, read=None, redirect=None, status=None)) after connection broken by 'NewConnectionError('<urllib3.connection.HTTPConnection object at 0x7052db50f350>: Failed to establish a new connection: [Errno 111] Connection refused')': /session
[ WARN ] Retrying (Retry(total=1, connect=None, read=None, redirect=None, status=None)) after connection broken by 'NewConnectionError('<urllib3.connection.HTTPConnection object at 0x7052dba0dae0>: Failed to establish a new connection: [Errno 111] Connection refused')': /session
[ WARN ] Retrying (Retry(total=0, connect=None, read=None, redirect=None, status=None)) after connection broken by 'NewConnectionError('<urllib3.connection.HTTPConnection object at 0x7052dba0fdf0>: Failed to establish a new connection: [Errno 111] Connection refused')': /session
âš ï¸ Failed to open app on attempt 3: MaxRetryError: HTTPConnectionPool(host='localhost', port=4723): Max retries exceeded with url: /session (Caused by NewConnectionError('<urllib3.connection.HTTPConnection object at 0x7052dba0c380>: Failed to establish a new connection: [Errno 111] Connection refused'))
âŒ Failed to open Gurutattva App after 3 attempts
===== Starting Test Teardown =====
âœ… Mobile screenshot captured: /var/jenkins_home/workspace/Guruttava-E2E-Tests/results/Screenshot/Test_Check_Local_News_Filter_Functionality_20260120_220845.png
âš ï¸ Mobile screenshot capture failed, capturing web screenshot...
âœ… Screenshot captured: /var/jenkins_home/workspace/Guruttava-E2E-Tests/results/Screenshot/Test_Check_Local_News_Filter_Functionality_20260120_220845.png
===== Closing Gurutattva App =====
âš ï¸ Graceful termination failed, using force stop
âš ï¸ Mobile session close had issues
===== Gurutattva App Closed =====
ğŸ—‘ï¸ Cleared download directory: /var/jenkins_home/workspace/Guruttava-E2E-Tests/downloads
===== Test Teardown Completed =====
| FAIL |
Could not open Gurutattva App after 3 attempts
------------------------------------------------------------------------------
Test Sanchalak Adds Local News And Super Admin Approves It :: Sanc... ===== Starting Test Setup =====
===== Test Setup Completed =====
ğŸ¯ Generated E2E English News Test Data:
ğŸ¯ Title: E2E English News Title 5642
ğŸ¯ Description: E2E English News Description 5642
ğŸ¯ Content: E2E English News Content 5642. This is a test news content generated for automation testing purposes.
ğŸ¯ Step 1: Login as Sanchalak & add a new local news
ğŸŒ Opening web browser: chrome
ğŸ”— Navigating to: https://gurutattvacmsnewdev.rysun.in:9090/
===== Starting Test Teardown =====
âœ… Mobile screenshot captured: /var/jenkins_home/workspace/Guruttava-E2E-Tests/results/Screenshot/Test_Sanchalak_Adds_Local_News_And_Super_Admin_Approves_It_20260120_221411.png
âš ï¸ Mobile screenshot capture failed, capturing web screenshot...
âœ… Screenshot captured: /var/jenkins_home/workspace/Guruttava-E2E-Tests/results/Screenshot/Test_Sanchalak_Adds_Local_News_And_Super_Admin_Approves_It_20260120_221411.png
===== Closing Gurutattva App =====
âš ï¸ Graceful termination failed, using force stop
âš ï¸ Mobile session close had issues
===== Gurutattva App Closed =====
ğŸ—‘ï¸ Cleared download directory: /var/jenkins_home/workspace/Guruttava-E2E-Tests/downloads
===== Test Teardown Completed =====
| FAIL |
NoSuchDriverException: Message: Unable to obtain driver for chrome; For documentation on this error, please visit: https://www.selenium.dev/documentation/webdriver/troubleshooting/errors/driver_location
------------------------------------------------------------------------------
Test Sanchalak Adds Local News And Super Admin Rejects It :: Sanch... ===== Starting Test Setup =====
===== Test Setup Completed =====
ğŸ¯ Generated E2E English News Test Data:
ğŸ¯ Title: E2E English News Title 9988
ğŸ¯ Description: E2E English News Description 9988
ğŸ¯ Content: E2E English News Content 9988. This is a test news content generated for automation testing purposes.
ğŸ¯ Step 1: Login as Sanchalak & add a new local news
ğŸŒ Opening web browser: chrome
ğŸ”— Navigating to: https://gurutattvacmsnewdev.rysun.in:9090/
===== Starting Test Teardown =====
âœ… Mobile screenshot captured: /var/jenkins_home/workspace/Guruttava-E2E-Tests/results/Screenshot/Test_Sanchalak_Adds_Local_News_And_Super_Admin_Rejects_It_20260120_221938.png
âš ï¸ Mobile screenshot capture failed, capturing web screenshot...
âœ… Screenshot captured: /var/jenkins_home/workspace/Guruttava-E2E-Tests/results/Screenshot/Test_Sanchalak_Adds_Local_News_And_Super_Admin_Rejects_It_20260120_221938.png
===== Closing Gurutattva App =====
âš ï¸ Graceful termination failed, using force stop
âš ï¸ Mobile session close had issues
===== Gurutattva App Closed =====
ğŸ—‘ï¸ Cleared download directory: /var/jenkins_home/workspace/Guruttava-E2E-Tests/downloads
===== Test Teardown Completed =====
| FAIL |
NoSuchDriverException: Message: Unable to obtain driver for chrome; For documentation on this error, please visit: https://www.selenium.dev/documentation/webdriver/troubleshooting/errors/driver_location
------------------------------------------------------------------------------
Add News Category from CMS. Add News uder that category. check lis... ===== Starting Test Setup =====
===== Test Setup Completed =====
Generated random number: 977
English Category Name: News_Category_977
Hindi Category Name: à¤à¤•à¥€à¤•à¤°à¤£ à¤ªà¤°à¥€à¤•à¥à¤·à¤£_Category_977
Updated English Category Name: News_Category_977_Updated Category English
Updated Hindi Category Name: News_Category_977_à¤…à¤ªà¤¡à¥‡à¤Ÿà¥‡à¤¡ à¤¶à¥à¤°à¥‡à¤£à¥€ à¤¹à¤¿à¤‚à¤¦à¥€
ğŸŒ Opening web browser: chrome
ğŸ”— Navigating to: https://gurutattvacmsnewdev.rysun.in:9090/
===== Starting Test Teardown =====
âœ… Mobile screenshot captured: /var/jenkins_home/workspace/Guruttava-E2E-Tests/results/Screenshot/Add_News_Category_from_CMS__Add_News_uder_that_category__check_list_of_all_categories_in_the_Mobile_app_under_Category_tab__20260120_222508.png
âš ï¸ Mobile screenshot capture failed, capturing web screenshot...
âœ… Screenshot captured: /var/jenkins_home/workspace/Guruttava-E2E-Tests/results/Screenshot/Add_News_Category_from_CMS__Add_News_uder_that_category__check_list_of_all_categories_in_the_Mobile_app_under_Category_tab__20260120_222508.png
===== Closing Gurutattva App =====
âš ï¸ Graceful termination failed, using force stop
âš ï¸ Mobile session close had issues
===== Gurutattva App Closed =====
ğŸ—‘ï¸ Cleared download directory: /var/jenkins_home/workspace/Guruttava-E2E-Tests/downloads
===== Test Teardown Completed =====
| FAIL |
NoSuchDriverException: Message: Unable to obtain driver for chrome; For documentation on this error, please visit: https://www.selenium.dev/documentation/webdriver/troubleshooting/errors/driver_location
------------------------------------------------------------------------------
Guruttava_Android_E2E_Tests.E2ENews                                   | FAIL |
9 tests, 0 passed, 9 failed
==============================================================================
Guruttava_Android_E2E_Tests.E2EPrayer                                         
==============================================================================
End-to-End Integration: Verify that user is able to add Prayer wit... ===== Starting Test Setup =====
===== Test Setup Completed =====
ğŸ¯ Generated Test Data for Prayer:
ğŸ¯ Person: E2E_Person_Name_9969
ğŸ¯ Full Address: E2E_Full_Address_9969
ğŸ¯ Description: E2E_Prayer_Description_9969
===== Opening Gurutattva App =====
[ WARN ] Retrying (Retry(total=2, connect=None, read=None, redirect=None, status=None)) after connection broken by 'NewConnectionError('<urllib3.connection.HTTPConnection object at 0x7052dba0fbd0>: Failed to establish a new connection: [Errno 111] Connection refused')': /session
[ WARN ] Retrying (Retry(total=1, connect=None, read=None, redirect=None, status=None)) after connection broken by 'NewConnectionError('<urllib3.connection.HTTPConnection object at 0x7052dba0ce20>: Failed to establish a new connection: [Errno 111] Connection refused')': /session
[ WARN ] Retrying (Retry(total=0, connect=None, read=None, redirect=None, status=None)) after connection broken by 'NewConnectionError('<urllib3.connection.HTTPConnection object at 0x7052dba0e9c0>: Failed to establish a new connection: [Errno 111] Connection refused')': /session
===== Starting Test Teardown =====
âœ… Mobile screenshot captured: /var/jenkins_home/workspace/Guruttava-E2E-Tests/results/Screenshot/End-to-End_Integration:_Verify_that_user_is_able_to_add_Prayer_with_Self_Option_on_the_mobile_app_and_verify_it_in_CMS_20260120_222525.png
âš ï¸ Mobile screenshot capture failed, capturing web screenshot...
âœ… Screenshot captured: /var/jenkins_home/workspace/Guruttava-E2E-Tests/results/Screenshot/End-to-End_Integration:_Verify_that_user_is_able_to_add_Prayer_with_Self_Option_on_the_mobile_app_and_verify_it_in_CMS_20260120_222525.png
===== Closing Gurutattva App =====
âš ï¸ Graceful termination failed, using force stop
âš ï¸ Mobile session close had issues
===== Gurutattva App Closed =====
ğŸ—‘ï¸ Cleared download directory: /var/jenkins_home/workspace/Guruttava-E2E-Tests/downloads
===== Test Teardown Completed =====
| FAIL |
MaxRetryError: HTTPConnectionPool(host='localhost', port=4723): Max retries exceeded with url: /session (Caused by NewConnectionError('<urllib3.connection.HTTPConnection object at 0x7052dba0f020>: Failed to establish a new connection: [Errno 111] Connection refused'))
------------------------------------------------------------------------------
End-to-End Integration:Verify that user is able to add Prayer with... ===== Starting Test Setup =====
===== Test Setup Completed =====
ğŸ¯ Generated Test Data for Prayer:
ğŸ¯ Applicant: E2E_Applicant_Name_Other_9561
ğŸ¯ Person: E2E_Other_Name_9561
ğŸ¯ Full Address: E2E_Other_Full_Address_9561
ğŸ¯ Description: E2E_Prayer_Description_Other_9561
===== Opening Gurutattva App =====
[ WARN ] Retrying (Retry(total=2, connect=None, read=None, redirect=None, status=None)) after connection broken by 'NewConnectionError('<urllib3.connection.HTTPConnection object at 0x7052dc303130>: Failed to establish a new connection: [Errno 111] Connection refused')': /session
[ WARN ] Retrying (Retry(total=1, connect=None, read=None, redirect=None, status=None)) after connection broken by 'NewConnectionError('<urllib3.connection.HTTPConnection object at 0x7052dc301590>: Failed to establish a new connection: [Errno 111] Connection refused')': /session
[ WARN ] Retrying (Retry(total=0, connect=None, read=None, redirect=None, status=None)) after connection broken by 'NewConnectionError('<urllib3.connection.HTTPConnection object at 0x7052dc303570>: Failed to establish a new connection: [Errno 111] Connection refused')': /session
===== Starting Test Teardown =====
âœ… Mobile screenshot captured: /var/jenkins_home/workspace/Guruttava-E2E-Tests/results/Screenshot/End-to-End_Integration:Verify_that_user_is_able_to_add_Prayer_with_Other_Option_on_the_mobile_app_and_verify_it_in_CMS_20260120_222538.png
âš ï¸ Mobile screenshot capture failed, capturing web screenshot...
âœ… Screenshot captured: /var/jenkins_home/workspace/Guruttava-E2E-Tests/results/Screenshot/End-to-End_Integration:Verify_that_user_is_able_to_add_Prayer_with_Other_Option_on_the_mobile_app_and_verify_it_in_CMS_20260120_222538.png
===== Closing Gurutattva App =====
âš ï¸ Graceful termination failed, using force stop
âš ï¸ Mobile session close had issues
===== Gurutattva App Closed =====
ğŸ—‘ï¸ Cleared download directory: /var/jenkins_home/workspace/Guruttava-E2E-Tests/downloads
===== Test Teardown Completed =====
| FAIL |
MaxRetryError: HTTPConnectionPool(host='localhost', port=4723): Max retries exceeded with url: /session (Caused by NewConnectionError('<urllib3.connection.HTTPConnection object at 0x7052dc3038a0>: Failed to establish a new connection: [Errno 111] Connection refused'))
------------------------------------------------------------------------------
Verify that user is able to export the Prayer in CMS :: End-to-end... ===== Starting Test Setup =====
===== Test Setup Completed =====
ğŸ¯ Generated Test Data for Prayer:
ğŸ¯ Person: E2E_Person_Name_7358
ğŸ¯ Full Address: E2E_Full_Address_7358
ğŸ¯ Description: E2E_Prayer_Description_7358
===== Opening Gurutattva App =====
[ WARN ] Retrying (Retry(total=2, connect=None, read=None, redirect=None, status=None)) after connection broken by 'NewConnectionError('<urllib3.connection.HTTPConnection object at 0x7052dba0ce20>: Failed to establish a new connection: [Errno 111] Connection refused')': /session
[ WARN ] Retrying (Retry(total=1, connect=None, read=None, redirect=None, status=None)) after connection broken by 'NewConnectionError('<urllib3.connection.HTTPConnection object at 0x7052dba0ecf0>: Failed to establish a new connection: [Errno 111] Connection refused')': /session
[ WARN ] Retrying (Retry(total=0, connect=None, read=None, redirect=None, status=None)) after connection broken by 'NewConnectionError('<urllib3.connection.HTTPConnection object at 0x7052dba0f130>: Failed to establish a new connection: [Errno 111] Connection refused')': /session
===== Starting Test Teardown =====
âœ… Mobile screenshot captured: /var/jenkins_home/workspace/Guruttava-E2E-Tests/results/Screenshot/Verify_that_user_is_able_to_export_the_Prayer_in_CMS_20260120_222550.png
âš ï¸ Mobile screenshot capture failed, capturing web screenshot...
âœ… Screenshot captured: /var/jenkins_home/workspace/Guruttava-E2E-Tests/results/Screenshot/Verify_that_user_is_able_to_export_the_Prayer_in_CMS_20260120_222550.png
===== Closing Gurutattva App =====
âš ï¸ Graceful termination failed, using force stop
âš ï¸ Mobile session close had issues
===== Gurutattva App Closed =====
ğŸ—‘ï¸ Cleared download directory: /var/jenkins_home/workspace/Guruttava-E2E-Tests/downloads
===== Test Teardown Completed =====
| FAIL |
MaxRetryError: HTTPConnectionPool(host='localhost', port=4723): Max retries exceeded with url: /session (Caused by NewConnectionError('<urllib3.connection.HTTPConnection object at 0x7052dba0e9c0>: Failed to establish a new connection: [Errno 111] Connection refused'))
------------------------------------------------------------------------------
Guruttava_Android_E2E_Tests.E2EPrayer                                 | FAIL |
3 tests, 0 passed, 3 failed
==============================================================================
Guruttava_Android_E2E_Tests.E2ERegistration                                   
==============================================================================
Verify that quick registration on the mobile app reflects correctl... ===== Starting Test Setup =====
===== Test Setup Completed =====
Generated E2E Registration Test Data:
First Name: TestFirstName
Last Name: TestLastName
Email: qa.e2etest9200@gurutattva.com
Mobile: 9960232311
Gender: Male
DOB: 2005
Country: India
State: Gujarat
District: Ahmedabad
City: Ahmedabad City
Area: Ahmedabad (City)
===== Opening Gurutattva App =====
[ WARN ] Retrying (Retry(total=2, connect=None, read=None, redirect=None, status=None)) after connection broken by 'NewConnectionError('<urllib3.connection.HTTPConnection object at 0x7052dc303680>: Failed to establish a new connection: [Errno 111] Connection refused')': /session
[ WARN ] Retrying (Retry(total=1, connect=None, read=None, redirect=None, status=None)) after connection broken by 'NewConnectionError('<urllib3.connection.HTTPConnection object at 0x7052dc303ac0>: Failed to establish a new connection: [Errno 111] Connection refused')': /session
[ WARN ] Retrying (Retry(total=0, connect=None, read=None, redirect=None, status=None)) after connection broken by 'NewConnectionError('<urllib3.connection.HTTPConnection object at 0x7052dc300af0>: Failed to establish a new connection: [Errno 111] Connection refused')': /session
===== Starting Test Teardown =====
âœ… Mobile screenshot captured: /var/jenkins_home/workspace/Guruttava-E2E-Tests/results/Screenshot/Verify_that_quick_registration_on_the_mobile_app_reflects_correctly_in_the_CMS_and_user_details_are_displayed_properly_in_profile_and_flip_card__20260120_222608.png
âš ï¸ Mobile screenshot capture failed, capturing web screenshot...
âœ… Screenshot captured: /var/jenkins_home/workspace/Guruttava-E2E-Tests/results/Screenshot/Verify_that_quick_registration_on_the_mobile_app_reflects_correctly_in_the_CMS_and_user_details_are_displayed_properly_in_profile_and_flip_card__20260120_222608.png
===== Closing Gurutattva App =====
âš ï¸ Graceful termination failed, using force stop
âš ï¸ Mobile session close had issues
===== Gurutattva App Closed =====
ğŸ—‘ï¸ Cleared download directory: /var/jenkins_home/workspace/Guruttava-E2E-Tests/downloads
===== Test Teardown Completed =====
| FAIL |
MaxRetryError: HTTPConnectionPool(host='localhost', port=4723): Max retries exceeded with url: /session (Caused by NewConnectionError('<urllib3.connection.HTTPConnection object at 0x7052dc303240>: Failed to establish a new connection: [Errno 111] Connection refused'))
------------------------------------------------------------------------------
Verify user is not able to do quick registration on mobile app wit... ===== Starting Test Setup =====
===== Test Setup Completed =====
===== Opening Gurutattva App =====
[ WARN ] Retrying (Retry(total=2, connect=None, read=None, redirect=None, status=None)) after connection broken by 'NewConnectionError('<urllib3.connection.HTTPConnection object at 0x7052db50c9e0>: Failed to establish a new connection: [Errno 111] Connection refused')': /session
[ WARN ] Retrying (Retry(total=1, connect=None, read=None, redirect=None, status=None)) after connection broken by 'NewConnectionError('<urllib3.connection.HTTPConnection object at 0x7052db50c490>: Failed to establish a new connection: [Errno 111] Connection refused')': /session
[ WARN ] Retrying (Retry(total=0, connect=None, read=None, redirect=None, status=None)) after connection broken by 'NewConnectionError('<urllib3.connection.HTTPConnection object at 0x7052db50c8d0>: Failed to establish a new connection: [Errno 111] Connection refused')': /session
===== Starting Test Teardown =====
âœ… Mobile screenshot captured: /var/jenkins_home/workspace/Guruttava-E2E-Tests/results/Screenshot/Verify_user_is_not_able_to_do_quick_registration_on_mobile_app_with_already_used_email_id_and_phone_number_20260120_222621.png
âš ï¸ Mobile screenshot capture failed, capturing web screenshot...
âœ… Screenshot captured: /var/jenkins_home/workspace/Guruttava-E2E-Tests/results/Screenshot/Verify_user_is_not_able_to_do_quick_registration_on_mobile_app_with_already_used_email_id_and_phone_number_20260120_222621.png
===== Closing Gurutattva App =====
âš ï¸ Graceful termination failed, using force stop
âš ï¸ Mobile session close had issues
===== Gurutattva App Closed =====
ğŸ—‘ï¸ Cleared download directory: /var/jenkins_home/workspace/Guruttava-E2E-Tests/downloads
===== Test Teardown Completed =====
| FAIL |
MaxRetryError: HTTPConnectionPool(host='localhost', port=4723): Max retries exceeded with url: /session (Caused by NewConnectionError('<urllib3.connection.HTTPConnection object at 0x7052db50e360>: Failed to establish a new connection: [Errno 111] Connection refused'))
------------------------------------------------------------------------------
Verify that the quick registration user is not able to access Even... ===== Starting Test Setup =====
===== Test Setup Completed =====
===== Opening Gurutattva App =====
[ WARN ] Retrying (Retry(total=2, connect=None, read=None, redirect=None, status=None)) after connection broken by 'NewConnectionError('<urllib3.connection.HTTPConnection object at 0x7052db50ebe0>: Failed to establish a new connection: [Errno 111] Connection refused')': /session
[ WARN ] Retrying (Retry(total=1, connect=None, read=None, redirect=None, status=None)) after connection broken by 'NewConnectionError('<urllib3.connection.HTTPConnection object at 0x7052db50ecf0>: Failed to establish a new connection: [Errno 111] Connection refused')': /session
[ WARN ] Retrying (Retry(total=0, connect=None, read=None, redirect=None, status=None)) after connection broken by 'NewConnectionError('<urllib3.connection.HTTPConnection object at 0x7052db50d040>: Failed to establish a new connection: [Errno 111] Connection refused')': /session
===== Starting Test Teardown =====
âœ… Mobile screenshot captured: /var/jenkins_home/workspace/Guruttava-E2E-Tests/results/Screenshot/Verify_that_the_quick_registration_user_is_not_able_to_access_Events,_Dhyan_Kendra,_and_Podcasts_,_Home_screen_on_the_mobile_app,_and_that_a_pop-up_message_is_displayed_20260120_222634.png
âš ï¸ Mobile screenshot capture failed, capturing web screenshot...
âœ… Screenshot captured: /var/jenkins_home/workspace/Guruttava-E2E-Tests/results/Screenshot/Verify_that_the_quick_registration_user_is_not_able_to_access_Events,_Dhyan_Kendra,_and_Podcasts_,_Home_screen_on_the_mobile_app,_and_that_a_pop-up_message_is_displayed_20260120_222634.png
===== Closing Gurutattva App =====
âš ï¸ Graceful termination failed, using force stop
âš ï¸ Mobile session close had issues
===== Gurutattva App Closed =====
ğŸ—‘ï¸ Cleared download directory: /var/jenkins_home/workspace/Guruttava-E2E-Tests/downloads
===== Test Teardown Completed =====
| FAIL |
MaxRetryError: HTTPConnectionPool(host='localhost', port=4723): Max retries exceeded with url: /session (Caused by NewConnectionError('<urllib3.connection.HTTPConnection object at 0x7052db50d590>: Failed to establish a new connection: [Errno 111] Connection refused'))
------------------------------------------------------------------------------
Verify that the quick registration user is able to become a member... ===== Starting Test Setup =====
===== Test Setup Completed =====
===== Opening Gurutattva App =====
[ WARN ] Retrying (Retry(total=2, connect=None, read=None, redirect=None, status=None)) after connection broken by 'NewConnectionError('<urllib3.connection.HTTPConnection object at 0x7052db50c160>: Failed to establish a new connection: [Errno 111] Connection refused')': /session
[ WARN ] Retrying (Retry(total=1, connect=None, read=None, redirect=None, status=None)) after connection broken by 'NewConnectionError('<urllib3.connection.HTTPConnection object at 0x7052db50ce20>: Failed to establish a new connection: [Errno 111] Connection refused')': /session
[ WARN ] Retrying (Retry(total=0, connect=None, read=None, redirect=None, status=None)) after connection broken by 'NewConnectionError('<urllib3.connection.HTTPConnection object at 0x7052db50c5a0>: Failed to establish a new connection: [Errno 111] Connection refused')': /session
===== Starting Test Teardown =====
âœ… Mobile screenshot captured: /var/jenkins_home/workspace/Guruttava-E2E-Tests/results/Screenshot/Verify_that_the_quick_registration_user_is_able_to_become_a_member_on_the_mobile_app_20260120_222646.png
âš ï¸ Mobile screenshot capture failed, capturing web screenshot...
âœ… Screenshot captured: /var/jenkins_home/workspace/Guruttava-E2E-Tests/results/Screenshot/Verify_that_the_quick_registration_user_is_able_to_become_a_member_on_the_mobile_app_20260120_222646.png
===== Closing Gurutattva App =====
âš ï¸ Graceful termination failed, using force stop
âš ï¸ Mobile session close had issues
===== Gurutattva App Closed =====
ğŸ—‘ï¸ Cleared download directory: /var/jenkins_home/workspace/Guruttava-E2E-Tests/downloads
===== Test Teardown Completed =====
| FAIL |
MaxRetryError: HTTPConnectionPool(host='localhost', port=4723): Max retries exceeded with url: /session (Caused by NewConnectionError('<urllib3.connection.HTTPConnection object at 0x7052db50cf30>: Failed to establish a new connection: [Errno 111] Connection refused'))
------------------------------------------------------------------------------
Verify that Community registration on the mobile app reflects corr... ===== Starting Test Setup =====
===== Test Setup Completed =====
===== Opening Gurutattva App =====
[ WARN ] Retrying (Retry(total=2, connect=None, read=None, redirect=None, status=None)) after connection broken by 'NewConnectionError('<urllib3.connection.HTTPConnection object at 0x7052db50e9c0>: Failed to establish a new connection: [Errno 111] Connection refused')': /session
[ WARN ] Retrying (Retry(total=1, connect=None, read=None, redirect=None, status=None)) after connection broken by 'NewConnectionError('<urllib3.connection.HTTPConnection object at 0x7052db50f680>: Failed to establish a new connection: [Errno 111] Connection refused')': /session
[ WARN ] Retrying (Retry(total=0, connect=None, read=None, redirect=None, status=None)) after connection broken by 'NewConnectionError('<urllib3.connection.HTTPConnection object at 0x7052db50f9b0>: Failed to establish a new connection: [Errno 111] Connection refused')': /session
===== Starting Test Teardown =====
âœ… Mobile screenshot captured: /var/jenkins_home/workspace/Guruttava-E2E-Tests/results/Screenshot/Verify_that_Community_registration_on_the_mobile_app_reflects_correctly_in_the_CMS_and_user_details_are_displayed_properly_in_profile_and_flip_card__20260120_222659.png
âš ï¸ Mobile screenshot capture failed, capturing web screenshot...
âœ… Screenshot captured: /var/jenkins_home/workspace/Guruttava-E2E-Tests/results/Screenshot/Verify_that_Community_registration_on_the_mobile_app_reflects_correctly_in_the_CMS_and_user_details_are_displayed_properly_in_profile_and_flip_card__20260120_222659.png
===== Closing Gurutattva App =====
âš ï¸ Graceful termination failed, using force stop
âš ï¸ Mobile session close had issues
===== Gurutattva App Closed =====
ğŸ—‘ï¸ Cleared download directory: /var/jenkins_home/workspace/Guruttava-E2E-Tests/downloads
===== Test Teardown Completed =====
| FAIL |
MaxRetryError: HTTPConnectionPool(host='localhost', port=4723): Max retries exceeded with url: /session (Caused by NewConnectionError('<urllib3.connection.HTTPConnection object at 0x7052db50e690>: Failed to establish a new connection: [Errno 111] Connection refused'))
------------------------------------------------------------------------------
Verify that the community registered user is able to access Events... ===== Starting Test Setup =====
===== Test Setup Completed =====
===== Opening Gurutattva App =====
[ WARN ] Retrying (Retry(total=2, connect=None, read=None, redirect=None, status=None)) after connection broken by 'NewConnectionError('<urllib3.connection.HTTPConnection object at 0x7052db50f570>: Failed to establish a new connection: [Errno 111] Connection refused')': /session
[ WARN ] Retrying (Retry(total=1, connect=None, read=None, redirect=None, status=None)) after connection broken by 'NewConnectionError('<urllib3.connection.HTTPConnection object at 0x7052db50f020>: Failed to establish a new connection: [Errno 111] Connection refused')': /session
[ WARN ] Retrying (Retry(total=0, connect=None, read=None, redirect=None, status=None)) after connection broken by 'NewConnectionError('<urllib3.connection.HTTPConnection object at 0x7052db50f460>: Failed to establish a new connection: [Errno 111] Connection refused')': /session
===== Starting Test Teardown =====
âœ… Mobile screenshot captured: /var/jenkins_home/workspace/Guruttava-E2E-Tests/results/Screenshot/Verify_that_the_community_registered_user_is_able_to_access_Events,_Dhyan_Kendra,_and_Podcasts_on_the_mobile_app,_and_ensure_that_no_pop-up_message_is_displayed_20260120_222712.png
âš ï¸ Mobile screenshot capture failed, capturing web screenshot...
âœ… Screenshot captured: /var/jenkins_home/workspace/Guruttava-E2E-Tests/results/Screenshot/Verify_that_the_community_registered_user_is_able_to_access_Events,_Dhyan_Kendra,_and_Podcasts_on_the_mobile_app,_and_ensure_that_no_pop-up_message_is_displayed_20260120_222712.png
===== Closing Gurutattva App =====
âš ï¸ Graceful termination failed, using force stop
âš ï¸ Mobile session close had issues
===== Gurutattva App Closed =====
ğŸ—‘ï¸ Cleared download directory: /var/jenkins_home/workspace/Guruttava-E2E-Tests/downloads
===== Test Teardown Completed =====
| FAIL |
MaxRetryError: HTTPConnectionPool(host='localhost', port=4723): Max retries exceeded with url: /session (Caused by NewConnectionError('<urllib3.connection.HTTPConnection object at 0x7052db50c6b0>: Failed to establish a new connection: [Errno 111] Connection refused'))
------------------------------------------------------------------------------
Guruttava_Android_E2E_Tests.E2ERegistration                           | FAIL |
6 tests, 0 passed, 6 failed
==============================================================================
[ WARN ] Error in file '/var/jenkins_home/workspace/Guruttava-E2E-Tests/pages/E2ERoleRightPage.robot' on line 92: The '[Return]' setting is deprecated. Use the 'RETURN' statement instead.
[ WARN ] Error in file '/var/jenkins_home/workspace/Guruttava-E2E-Tests/pages/E2ERoleRightPage.robot' on line 111: The '[Return]' setting is deprecated. Use the 'RETURN' statement instead.
[ WARN ] Error in file '/var/jenkins_home/workspace/Guruttava-E2E-Tests/pages/E2ERoleRightPage.robot' on line 256: The '[Return]' setting is deprecated. Use the 'RETURN' statement instead.
[ WARN ] Error in file '/var/jenkins_home/workspace/Guruttava-E2E-Tests/pages/E2ERoleRightPage.robot' on line 272: The '[Return]' setting is deprecated. Use the 'RETURN' statement instead.
[ WARN ] Error in file '/var/jenkins_home/workspace/Guruttava-E2E-Tests/pages/E2ERoleRightPage.robot' on line 296: The '[Return]' setting is deprecated. Use the 'RETURN' statement instead.
[ WARN ] Error in file '/var/jenkins_home/workspace/Guruttava-E2E-Tests/pages/E2ERoleRightPage.robot' on line 315: The '[Return]' setting is deprecated. Use the 'RETURN' statement instead.
[ WARN ] Error in file '/var/jenkins_home/workspace/Guruttava-E2E-Tests/pages/E2ERoleRightPage.robot' on line 510: The '[Return]' setting is deprecated. Use the 'RETURN' statement instead.
[ WARN ] Error in file '/var/jenkins_home/workspace/Guruttava-E2E-Tests/pages/E2ERoleRightPage.robot' on line 542: The '[Return]' setting is deprecated. Use the 'RETURN' statement instead.
[ WARN ] Error in file '/var/jenkins_home/workspace/Guruttava-E2E-Tests/pages/E2ERoleRightPage.robot' on line 573: The '[Return]' setting is deprecated. Use the 'RETURN' statement instead.
Guruttava_Android_E2E_Tests.E2ERoleRight                                      
==============================================================================
Test Prayer Coordinator Role Access :: Login as Prayer Coordinator... ===== Starting Test Setup =====
===== Test Setup Completed =====
ğŸ§ª Testing role access for: Prayer Coordinator
ğŸŒ Opening web browser: chrome
ğŸ”— Navigating to: https://gurutattvacmsnewdev.rysun.in:9090/
===== Starting Test Teardown =====
âœ… Mobile screenshot captured: /var/jenkins_home/workspace/Guruttava-E2E-Tests/results/Screenshot/Test_Prayer_Coordinator_Role_Access_20260120_223255.png
âš ï¸ Mobile screenshot capture failed, capturing web screenshot...
âœ… Screenshot captured: /var/jenkins_home/workspace/Guruttava-E2E-Tests/results/Screenshot/Test_Prayer_Coordinator_Role_Access_20260120_223255.png
===== Closing Gurutattva App =====
âš ï¸ Graceful termination failed, using force stop
âš ï¸ Mobile session close had issues
===== Gurutattva App Closed =====
ğŸ—‘ï¸ Cleared download directory: /var/jenkins_home/workspace/Guruttava-E2E-Tests/downloads
===== Test Teardown Completed =====
| FAIL |
NoSuchDriverException: Message: Unable to obtain driver for chrome; For documentation on this error, please visit: https://www.selenium.dev/documentation/webdriver/troubleshooting/errors/driver_location
------------------------------------------------------------------------------
Test Global Event Coordinator Role Access :: Login as Global Event... ===== Starting Test Setup =====
===== Test Setup Completed =====
ğŸ§ª Testing role access for: Global Event Coordinator
ğŸŒ Opening web browser: chrome
ğŸ”— Navigating to: https://gurutattvacmsnewdev.rysun.in:9090/
===== Starting Test Teardown =====
âœ… Mobile screenshot captured: /var/jenkins_home/workspace/Guruttava-E2E-Tests/results/Screenshot/Test_Global_Event_Coordinator_Role_Access_20260120_223825.png
âš ï¸ Mobile screenshot capture failed, capturing web screenshot...
âœ… Screenshot captured: /var/jenkins_home/workspace/Guruttava-E2E-Tests/results/Screenshot/Test_Global_Event_Coordinator_Role_Access_20260120_223825.png
===== Closing Gurutattva App =====
âš ï¸ Graceful termination failed, using force stop
âš ï¸ Mobile session close had issues
===== Gurutattva App Closed =====
ğŸ—‘ï¸ Cleared download directory: /var/jenkins_home/workspace/Guruttava-E2E-Tests/downloads
===== Test Teardown Completed =====
| FAIL |
NoSuchDriverException: Message: Unable to obtain driver for chrome; For documentation on this error, please visit: https://www.selenium.dev/documentation/webdriver/troubleshooting/errors/driver_location
------------------------------------------------------------------------------
Test Acharya Role Access :: Login as Acharya and validate menu acc... ===== Starting Test Setup =====
===== Test Setup Completed =====
ğŸ§ª Testing role access for: Acharya
ğŸŒ Opening web browser: chrome
ğŸ”— Navigating to: https://gurutattvacmsnewdev.rysun.in:9090/
===== Starting Test Teardown =====
âœ… Mobile screenshot captured: /var/jenkins_home/workspace/Guruttava-E2E-Tests/results/Screenshot/Test_Acharya_Role_Access_20260120_224340.png
âš ï¸ Mobile screenshot capture failed, capturing web screenshot...
âœ… Screenshot captured: /var/jenkins_home/workspace/Guruttava-E2E-Tests/results/Screenshot/Test_Acharya_Role_Access_20260120_224340.png
===== Closing Gurutattva App =====
âš ï¸ Graceful termination failed, using force stop
âš ï¸ Mobile session close had issues
===== Gurutattva App Closed =====
ğŸ—‘ï¸ Cleared download directory: /var/jenkins_home/workspace/Guruttava-E2E-Tests/downloads
===== Test Teardown Completed =====
| FAIL |
NoSuchDriverException: Message: Unable to obtain driver for chrome; For documentation on this error, please visit: https://www.selenium.dev/documentation/webdriver/troubleshooting/errors/driver_location
------------------------------------------------------------------------------
Test Maha Acharya Role Access :: Login as Maha Acharya and validat... ===== Starting Test Setup =====
===== Test Setup Completed =====
ğŸ§ª Testing role access for: Maha Acharya
ğŸŒ Opening web browser: chrome
ğŸ”— Navigating to: https://gurutattvacmsnewdev.rysun.in:9090/
===== Starting Test Teardown =====
âœ… Mobile screenshot captured: /var/jenkins_home/workspace/Guruttava-E2E-Tests/results/Screenshot/Test_Maha_Acharya_Role_Access_20260120_224913.png
âš ï¸ Mobile screenshot capture failed, capturing web screenshot...
âœ… Screenshot captured: /var/jenkins_home/workspace/Guruttava-E2E-Tests/results/Screenshot/Test_Maha_Acharya_Role_Access_20260120_224913.png
===== Closing Gurutattva App =====
âš ï¸ Graceful termination failed, using force stop
âš ï¸ Mobile session close had issues
===== Gurutattva App Closed =====
ğŸ—‘ï¸ Cleared download directory: /var/jenkins_home/workspace/Guruttava-E2E-Tests/downloads
===== Test Teardown Completed =====
| FAIL |
NoSuchDriverException: Message: Unable to obtain driver for chrome; For documentation on this error, please visit: https://www.selenium.dev/documentation/webdriver/troubleshooting/errors/driver_location
------------------------------------------------------------------------------
Test Namkaran Coordinator Role Access :: Login as Namkaran Coordin... ===== Starting Test Setup =====
===== Test Setup Completed =====
ğŸ§ª Testing role access for: Namkaran Coordinator
ğŸŒ Opening web browser: chrome
ğŸ”— Navigating to: https://gurutattvacmsnewdev.rysun.in:9090/
===== Starting Test Teardown =====
âœ… Mobile screenshot captured: /var/jenkins_home/workspace/Guruttava-E2E-Tests/results/Screenshot/Test_Namkaran_Coordinator_Role_Access_20260120_225441.png
âš ï¸ Mobile screenshot capture failed, capturing web screenshot...
âœ… Screenshot captured: /var/jenkins_home/workspace/Guruttava-E2E-Tests/results/Screenshot/Test_Namkaran_Coordinator_Role_Access_20260120_225441.png
===== Closing Gurutattva App =====
âš ï¸ Graceful termination failed, using force stop
âš ï¸ Mobile session close had issues
===== Gurutattva App Closed =====
ğŸ—‘ï¸ Cleared download directory: /var/jenkins_home/workspace/Guruttava-E2E-Tests/downloads
===== Test Teardown Completed =====
| FAIL |
NoSuchDriverException: Message: Unable to obtain driver for chrome; For documentation on this error, please visit: https://www.selenium.dev/documentation/webdriver/troubleshooting/errors/driver_location
------------------------------------------------------------------------------
Guruttava_Android_E2E_Tests.E2ERoleRight                              | FAIL |
5 tests, 0 passed, 5 failed
==============================================================================
Guruttava_Android_E2E_Tests                                           | FAIL |
78 tests, 0 passed, 78 failed
==============================================================================
Output:  /var/jenkins_home/workspace/Guruttava-E2E-Tests/robot-results/output.xml
XUnit:   /var/jenkins_home/workspace/Guruttava-E2E-Tests/robot-results/robot-results/xunit.xml
Log:     /var/jenkins_home/workspace/Guruttava-E2E-Tests/robot-results/log.html
Report:  /var/jenkins_home/workspace/Guruttava-E2E-Tests/robot-results/report.html
Robot Framework exit code: 78
Parsing test results and uploading to platform...
Triggering AI analysis for failures...
{
  "error": "Missing required field: build_id"
}
=========================================
Guruttava Tests completed!
Platform: Android
Results uploaded to project_id: 2
=========================================
Build step 'Execute shell' marked build as failure
Archiving artifacts
Recording test results
No test report files were found. Configuration error?
[Checks API] No suitable checks publisher found.
Finished: FAILURE
