<?xml version="1.0" encoding="UTF-8"?>
<testsuite name="Guruttava_Android_E2E_Tests" tests="78" errors="0" failures="78" skipped="0" time="1348.504" timestamp="2026-01-22T06:18:44.620603">
<testsuite name="E2EAudio" tests="20" errors="0" failures="20" skipped="0" time="404.219" timestamp="2026-01-22T06:18:48.117150">
<testcase classname="Guruttava_Android_E2E_Tests.E2EAudio" name="End-to-End Integration Create and Publish Music Track in Web CRM and Verify Playback in Mobile App" time="22.881">
<failure message="WebDriverException: Message: Service /var/jenkins_home/.cache/selenium/chromedriver/linux64/144.0.7559.96/chromedriver unexpectedly exited. Status code was: 127&#10;" type="AssertionError"/>
</testcase>
<testcase classname="Guruttava_Android_E2E_Tests.E2EAudio" name="Unpublish Music Track And Validate In Mobile App" time="13.126">
<failure message="WebDriverException: Message: Service /var/jenkins_home/.cache/selenium/chromedriver/linux64/144.0.7559.96/chromedriver unexpectedly exited. Status code was: 127&#10;" type="AssertionError"/>
</testcase>
<testcase classname="Guruttava_Android_E2E_Tests.E2EAudio" name="End-to-End Integration Create and Publish Podcast in Web CRM and Verify Playback in Mobile App" time="14.611">
<failure message="WebDriverException: Message: Service /var/jenkins_home/.cache/selenium/chromedriver/linux64/144.0.7559.96/chromedriver unexpectedly exited. Status code was: 127&#10;" type="AssertionError"/>
</testcase>
<testcase classname="Guruttava_Android_E2E_Tests.E2EAudio" name="Validate that the mobile app does not display unpublished podcast track" time="13.687">
<failure message="WebDriverException: Message: Service /var/jenkins_home/.cache/selenium/chromedriver/linux64/144.0.7559.96/chromedriver unexpectedly exited. Status code was: 127&#10;" type="AssertionError"/>
</testcase>
<testcase classname="Guruttava_Android_E2E_Tests.E2EAudio" name="Validate mobile app does not show deleted Podcast tracks" time="13.950">
<failure message="WebDriverException: Message: Service /var/jenkins_home/.cache/selenium/chromedriver/linux64/144.0.7559.96/chromedriver unexpectedly exited. Status code was: 127&#10;" type="AssertionError"/>
</testcase>
<testcase classname="Guruttava_Android_E2E_Tests.E2EAudio" name="Validate mobile app does not show deleted Music tracks" time="14.475">
<failure message="WebDriverException: Message: Service /var/jenkins_home/.cache/selenium/chromedriver/linux64/144.0.7559.96/chromedriver unexpectedly exited. Status code was: 127&#10;" type="AssertionError"/>
</testcase>
<testcase classname="Guruttava_Android_E2E_Tests.E2EAudio" name="Validate Editing and Publishing of Music Track in Web CMS and Verify in Mobile App" time="13.690">
<failure message="WebDriverException: Message: Service /var/jenkins_home/.cache/selenium/chromedriver/linux64/144.0.7559.96/chromedriver unexpectedly exited. Status code was: 127&#10;" type="AssertionError"/>
</testcase>
<testcase classname="Guruttava_Android_E2E_Tests.E2EAudio" name="Validate Editing and Publishing of Podcast Track in Web CMS and Verify in Mobile App" time="13.590">
<failure message="WebDriverException: Message: Service /var/jenkins_home/.cache/selenium/chromedriver/linux64/144.0.7559.96/chromedriver unexpectedly exited. Status code was: 127&#10;" type="AssertionError"/>
</testcase>
<testcase classname="Guruttava_Android_E2E_Tests.E2EAudio" name="Delete Music Track And Verify Removal From Mobile App" time="13.887">
<failure message="WebDriverException: Message: Service /var/jenkins_home/.cache/selenium/chromedriver/linux64/144.0.7559.96/chromedriver unexpectedly exited. Status code was: 127&#10;" type="AssertionError"/>
</testcase>
<testcase classname="Guruttava_Android_E2E_Tests.E2EAudio" name="Delete Podcast Track And Verify Removal From Mobile App" time="14.149">
<failure message="WebDriverException: Message: Service /var/jenkins_home/.cache/selenium/chromedriver/linux64/144.0.7559.96/chromedriver unexpectedly exited. Status code was: 127&#10;" type="AssertionError"/>
</testcase>
<testcase classname="Guruttava_Android_E2E_Tests.E2EAudio" name="Add Music Track With Same Track And Thumbnail For Both Languages" time="16.953">
<failure message="WebDriverException: Message: Service /var/jenkins_home/.cache/selenium/chromedriver/linux64/144.0.7559.96/chromedriver unexpectedly exited. Status code was: 127&#10;" type="AssertionError"/>
</testcase>
<testcase classname="Guruttava_Android_E2E_Tests.E2EAudio" name="Add Podcast Track With Same Track And Thumbnail For Both Languages" time="14.841">
<failure message="WebDriverException: Message: Service /var/jenkins_home/.cache/selenium/chromedriver/linux64/144.0.7559.96/chromedriver unexpectedly exited. Status code was: 127&#10;" type="AssertionError"/>
</testcase>
<testcase classname="Guruttava_Android_E2E_Tests.E2EAudio" name="Add Music Track Without Author" time="17.917">
<failure message="WebDriverException: Message: Service /var/jenkins_home/.cache/selenium/chromedriver/linux64/144.0.7559.96/chromedriver unexpectedly exited. Status code was: 127&#10;" type="AssertionError"/>
</testcase>
<testcase classname="Guruttava_Android_E2E_Tests.E2EAudio" name="Add Podcast Track Without Speaker Should not be allowed" time="15.247">
<failure message="WebDriverException: Message: Service /var/jenkins_home/.cache/selenium/chromedriver/linux64/144.0.7559.96/chromedriver unexpectedly exited. Status code was: 127&#10;" type="AssertionError"/>
</testcase>
<testcase classname="Guruttava_Android_E2E_Tests.E2EAudio" name="Test Music Different Filter Functionality" time="15.207">
<failure message="WebDriverException: Message: Service /var/jenkins_home/.cache/selenium/chromedriver/linux64/144.0.7559.96/chromedriver unexpectedly exited. Status code was: 127&#10;" type="AssertionError"/>
</testcase>
<testcase classname="Guruttava_Android_E2E_Tests.E2EAudio" name="Test Podcast Different Filter Functionality" time="15.834">
<failure message="WebDriverException: Message: Service /var/jenkins_home/.cache/selenium/chromedriver/linux64/144.0.7559.96/chromedriver unexpectedly exited. Status code was: 127&#10;" type="AssertionError"/>
</testcase>
<testcase classname="Guruttava_Android_E2E_Tests.E2EAudio" name="Test Music Management Refresh Button Functionality" time="14.512">
<failure message="WebDriverException: Message: Service /var/jenkins_home/.cache/selenium/chromedriver/linux64/144.0.7559.96/chromedriver unexpectedly exited. Status code was: 127&#10;" type="AssertionError"/>
</testcase>
<testcase classname="Guruttava_Android_E2E_Tests.E2EAudio" name="Test Podcast Management Refresh Button Functionality" time="21.155">
<failure message="WebDriverException: Message: Service /var/jenkins_home/.cache/selenium/chromedriver/linux64/144.0.7559.96/chromedriver unexpectedly exited. Status code was: 127&#10;" type="AssertionError"/>
</testcase>
<testcase classname="Guruttava_Android_E2E_Tests.E2EAudio" name="Test Multiple Music Tracks Same Category Same Subcategory" time="17.336">
<failure message="WebDriverException: Message: Service /var/jenkins_home/.cache/selenium/chromedriver/linux64/144.0.7559.96/chromedriver unexpectedly exited. Status code was: 127&#10;" type="AssertionError"/>
</testcase>
<testcase classname="Guruttava_Android_E2E_Tests.E2EAudio" name="Add Audio in English language only" time="18.560">
<failure message="WebDriverException: Message: Service /var/jenkins_home/.cache/selenium/chromedriver/linux64/144.0.7559.96/chromedriver unexpectedly exited. Status code was: 127&#10;" type="AssertionError"/>
</testcase>
</testsuite>
<testsuite name="E2EDhyankendra" tests="8" errors="0" failures="8" skipped="0" time="131.508" timestamp="2026-01-22T06:25:32.338249">
<testcase classname="Guruttava_Android_E2E_Tests.E2EDhyankendra" name="Test Dhyankendra Different Filter Functionality" time="17.746">
<failure message="WebDriverException: Message: Service /var/jenkins_home/.cache/selenium/chromedriver/linux64/144.0.7559.96/chromedriver unexpectedly exited. Status code was: 127&#10;" type="AssertionError"/>
</testcase>
<testcase classname="Guruttava_Android_E2E_Tests.E2EDhyankendra" name="Test Dhyankendra Management Refresh Button Functionality" time="16.703">
<failure message="WebDriverException: Message: Service /var/jenkins_home/.cache/selenium/chromedriver/linux64/144.0.7559.96/chromedriver unexpectedly exited. Status code was: 127&#10;" type="AssertionError"/>
</testcase>
<testcase classname="Guruttava_Android_E2E_Tests.E2EDhyankendra" name="Sanchalak login to CMS application and as per the role and rights it should have access to left menu. News, Event, Dhyankendra added by own, Dhyansthali" time="15.064">
<failure message="WebDriverException: Message: Service /var/jenkins_home/.cache/selenium/chromedriver/linux64/144.0.7559.96/chromedriver unexpectedly exited. Status code was: 127&#10;" type="AssertionError"/>
</testcase>
<testcase classname="Guruttava_Android_E2E_Tests.E2EDhyankendra" name="Login from Mobile as Sadhak and register for Dhyankendra. Compare all the fields of Mobile with CMS." time="13.315">
<failure message="MaxRetryError: HTTPConnectionPool(host='localhost', port=4723): Max retries exceeded with url: /session (Caused by NewConnectionError('&lt;urllib3.connection.HTTPConnection object at 0x7abb8be57100&gt;: Failed to establish a new connection: [Errno 111] Connection refused'))" type="AssertionError"/>
</testcase>
<testcase classname="Guruttava_Android_E2E_Tests.E2EDhyankendra" name="Sanchalak edits any field of Dhyankendra. Super Admin/ Acharya approves the changes requeted. Check refleciton in Mobile app." time="13.258">
<failure message="MaxRetryError: HTTPConnectionPool(host='localhost', port=4723): Max retries exceeded with url: /session (Caused by NewConnectionError('&lt;urllib3.connection.HTTPConnection object at 0x7abb8b8faf10&gt;: Failed to establish a new connection: [Errno 111] Connection refused'))" type="AssertionError"/>
</testcase>
<testcase classname="Guruttava_Android_E2E_Tests.E2EDhyankendra" name="Change the Primary Sanchalak from Dhyankendra and add other sanchalak" time="20.892">
<failure message="WebDriverException: Message: Service /var/jenkins_home/.cache/selenium/chromedriver/linux64/144.0.7559.96/chromedriver unexpectedly exited. Status code was: 127&#10;" type="AssertionError"/>
</testcase>
<testcase classname="Guruttava_Android_E2E_Tests.E2EDhyankendra" name="Sanchalak edits any field of Dhyankendra. Super Admin/ Acharya Rejectes the changes requeted. check reflection in mobile app." time="14.498">
<failure message="MaxRetryError: HTTPConnectionPool(host='localhost', port=4723): Max retries exceeded with url: /session (Caused by NewConnectionError('&lt;urllib3.connection.HTTPConnection object at 0x7abb8bf54e20&gt;: Failed to establish a new connection: [Errno 111] Connection refused'))" type="AssertionError"/>
</testcase>
<testcase classname="Guruttava_Android_E2E_Tests.E2EDhyankendra" name="Super Admin changes Sanchalak1 of TC67's Dhyankendra to free Vaishali" time="14.815">
<failure message="WebDriverException: Message: Service /var/jenkins_home/.cache/selenium/chromedriver/linux64/144.0.7559.96/chromedriver unexpectedly exited. Status code was: 127&#10;" type="AssertionError"/>
</testcase>
</testsuite>
<testsuite name="E2EEvents" tests="10" errors="0" failures="10" skipped="0" time="175.135" timestamp="2026-01-22T06:27:43.848527">
<testcase classname="Guruttava_Android_E2E_Tests.E2EEvents" name="Verify the image upload validation in CMS for Events" time="14.523">
<failure message="WebDriverException: Message: Service /var/jenkins_home/.cache/selenium/chromedriver/linux64/144.0.7559.96/chromedriver unexpectedly exited. Status code was: 127&#10;" type="AssertionError"/>
</testcase>
<testcase classname="Guruttava_Android_E2E_Tests.E2EEvents" name="Verify that user is not able to publish event when publish date is selected after the event dates" time="13.788">
<failure message="WebDriverException: Message: Service /var/jenkins_home/.cache/selenium/chromedriver/linux64/144.0.7559.96/chromedriver unexpectedly exited. Status code was: 127&#10;" type="AssertionError"/>
</testcase>
<testcase classname="Guruttava_Android_E2E_Tests.E2EEvents" name="Verify that the user is able to add a English event, publish it in the CMS, and verify the english event details on the mobile app" time="14.819">
<failure message="WebDriverException: Message: Service /var/jenkins_home/.cache/selenium/chromedriver/linux64/144.0.7559.96/chromedriver unexpectedly exited. Status code was: 127&#10;" type="AssertionError"/>
</testcase>
<testcase classname="Guruttava_Android_E2E_Tests.E2EEvents" name="Verify that the user is able to add a Hindi event, publish it in the CMS, and verify the hindi event details on the mobile app" time="19.240">
<failure message="WebDriverException: Message: Service /var/jenkins_home/.cache/selenium/chromedriver/linux64/144.0.7559.96/chromedriver unexpectedly exited. Status code was: 127&#10;" type="AssertionError"/>
</testcase>
<testcase classname="Guruttava_Android_E2E_Tests.E2EEvents" name="Test Add Event Category from CMS and Add Events under that Category" time="25.935">
<failure message="WebDriverException: Message: Service /var/jenkins_home/.cache/selenium/chromedriver/linux64/144.0.7559.96/chromedriver unexpectedly exited. Status code was: 127&#10;" type="AssertionError"/>
</testcase>
<testcase classname="Guruttava_Android_E2E_Tests.E2EEvents" name="Test Unpublish Event from CMS and Verify in Mobile App" time="16.720">
<failure message="WebDriverException: Message: Service /var/jenkins_home/.cache/selenium/chromedriver/linux64/144.0.7559.96/chromedriver unexpectedly exited. Status code was: 127&#10;" type="AssertionError"/>
</testcase>
<testcase classname="Guruttava_Android_E2E_Tests.E2EEvents" name="Test Event Category Tab In Mobile App" time="23.532">
<failure message="Could not open Gurutattva App after 3 attempts" type="AssertionError"/>
</testcase>
<testcase classname="Guruttava_Android_E2E_Tests.E2EEvents" name="Test Check Local Event Filter Functionality" time="15.006">
<failure message="WebDriverException: Message: Service /var/jenkins_home/.cache/selenium/chromedriver/linux64/144.0.7559.96/chromedriver unexpectedly exited. Status code was: 127&#10;" type="AssertionError"/>
</testcase>
<testcase classname="Guruttava_Android_E2E_Tests.E2EEvents" name="Sanchalak adds local Event, once Acharya/Super Admin Approves it then only that Event is reflected in Mobile app uncer Local Event section." time="13.875">
<failure message="WebDriverException: Message: Service /var/jenkins_home/.cache/selenium/chromedriver/linux64/144.0.7559.96/chromedriver unexpectedly exited. Status code was: 127&#10;" type="AssertionError"/>
</testcase>
<testcase classname="Guruttava_Android_E2E_Tests.E2EEvents" name="Sanchalak adds local event and Acharya/Super Admin Rejects that event." time="14.579">
<failure message="WebDriverException: Message: Service /var/jenkins_home/.cache/selenium/chromedriver/linux64/144.0.7559.96/chromedriver unexpectedly exited. Status code was: 127&#10;" type="AssertionError"/>
</testcase>
</testsuite>
<testsuite name="E2EHindi" tests="1" errors="0" failures="1" skipped="0" time="35.380" timestamp="2026-01-22T06:30:38.984213">
<testcase classname="Guruttava_Android_E2E_Tests.E2EHindi" name="Test Mobile Language Change To Hindi" time="32.094">
<failure message="MaxRetryError: HTTPConnectionPool(host='localhost', port=4723): Max retries exceeded with url: /session (Caused by NewConnectionError('&lt;urllib3.connection.HTTPConnection object at 0x7abb8b8fb350&gt;: Failed to establish a new connection: [Errno 111] Connection refused'))" type="AssertionError"/>
</testcase>
</testsuite>
<testsuite name="E2ENamkaran" tests="16" errors="0" failures="16" skipped="0" time="211.919" timestamp="2026-01-22T06:31:14.365193">
<testcase classname="Guruttava_Android_E2E_Tests.E2ENamkaran" name="Verify user is able to add Bride Namkaran with NO Option on the mobile app and verify the details in CSM" time="12.496">
<failure message="MaxRetryError: HTTPConnectionPool(host='localhost', port=4723): Max retries exceeded with url: /session (Caused by NewConnectionError('&lt;urllib3.connection.HTTPConnection object at 0x7abb8bf545a0&gt;: Failed to establish a new connection: [Errno 111] Connection refused'))" type="AssertionError"/>
</testcase>
<testcase classname="Guruttava_Android_E2E_Tests.E2ENamkaran" name="Verify user is able to add Business Namkaran with NO Option on the mobile app and verify the details in CSM" time="12.480">
<failure message="MaxRetryError: HTTPConnectionPool(host='localhost', port=4723): Max retries exceeded with url: /session (Caused by NewConnectionError('&lt;urllib3.connection.HTTPConnection object at 0x7abb8bf54380&gt;: Failed to establish a new connection: [Errno 111] Connection refused'))" type="AssertionError"/>
</testcase>
<testcase classname="Guruttava_Android_E2E_Tests.E2ENamkaran" name="Verify user is able to add House Namkaran with NO Option on the mobile app and verify the details in CSM" time="12.724">
<failure message="MaxRetryError: HTTPConnectionPool(host='localhost', port=4723): Max retries exceeded with url: /session (Caused by NewConnectionError('&lt;urllib3.connection.HTTPConnection object at 0x7abb8bf545a0&gt;: Failed to establish a new connection: [Errno 111] Connection refused'))" type="AssertionError"/>
</testcase>
<testcase classname="Guruttava_Android_E2E_Tests.E2ENamkaran" name="Verify user is able to add Child Namkaran with NO Option on the mobile app and verify the details in CSM" time="12.754">
<failure message="MaxRetryError: HTTPConnectionPool(host='localhost', port=4723): Max retries exceeded with url: /session (Caused by NewConnectionError('&lt;urllib3.connection.HTTPConnection object at 0x7abb8bf557b0&gt;: Failed to establish a new connection: [Errno 111] Connection refused'))" type="AssertionError"/>
</testcase>
<testcase classname="Guruttava_Android_E2E_Tests.E2ENamkaran" name="Verify user is able to add Bride Namkaran with YES Option on the mobile app and verify the details in CSM" time="12.759">
<failure message="MaxRetryError: HTTPConnectionPool(host='localhost', port=4723): Max retries exceeded with url: /session (Caused by NewConnectionError('&lt;urllib3.connection.HTTPConnection object at 0x7abb8bf556a0&gt;: Failed to establish a new connection: [Errno 111] Connection refused'))" type="AssertionError"/>
</testcase>
<testcase classname="Guruttava_Android_E2E_Tests.E2ENamkaran" name="Verify user is able to add Business Namkaran with YES Option on the mobile app and verify the details in CSM" time="12.622">
<failure message="MaxRetryError: HTTPConnectionPool(host='localhost', port=4723): Max retries exceeded with url: /session (Caused by NewConnectionError('&lt;urllib3.connection.HTTPConnection object at 0x7abb8bf547c0&gt;: Failed to establish a new connection: [Errno 111] Connection refused'))" type="AssertionError"/>
</testcase>
<testcase classname="Guruttava_Android_E2E_Tests.E2ENamkaran" name="Verify user is able to add House Namkaran with YES Option on the mobile app and verify the details in CSM" time="12.502">
<failure message="MaxRetryError: HTTPConnectionPool(host='localhost', port=4723): Max retries exceeded with url: /session (Caused by NewConnectionError('&lt;urllib3.connection.HTTPConnection object at 0x7abb8bf54c00&gt;: Failed to establish a new connection: [Errno 111] Connection refused'))" type="AssertionError"/>
</testcase>
<testcase classname="Guruttava_Android_E2E_Tests.E2ENamkaran" name="Verify user is able to add Child Namkaran with YES Option on the mobile app and verify the details in CSM" time="12.491">
<failure message="MaxRetryError: HTTPConnectionPool(host='localhost', port=4723): Max retries exceeded with url: /session (Caused by NewConnectionError('&lt;urllib3.connection.HTTPConnection object at 0x7abb8bf54490&gt;: Failed to establish a new connection: [Errno 111] Connection refused'))" type="AssertionError"/>
</testcase>
<testcase classname="Guruttava_Android_E2E_Tests.E2ENamkaran" name="Verify that admin user is able to approve Bride Namkaran in CMS and verify the details on mobile app" time="12.550">
<failure message="MaxRetryError: HTTPConnectionPool(host='localhost', port=4723): Max retries exceeded with url: /session (Caused by NewConnectionError('&lt;urllib3.connection.HTTPConnection object at 0x7abb8bf549e0&gt;: Failed to establish a new connection: [Errno 111] Connection refused'))" type="AssertionError"/>
</testcase>
<testcase classname="Guruttava_Android_E2E_Tests.E2ENamkaran" name="Verify that admin user is able to approve Business Namkaran in CMS and verify the details on mobile app" time="12.710">
<failure message="MaxRetryError: HTTPConnectionPool(host='localhost', port=4723): Max retries exceeded with url: /session (Caused by NewConnectionError('&lt;urllib3.connection.HTTPConnection object at 0x7abb8bf54af0&gt;: Failed to establish a new connection: [Errno 111] Connection refused'))" type="AssertionError"/>
</testcase>
<testcase classname="Guruttava_Android_E2E_Tests.E2ENamkaran" name="Verify that admin user is able to approve House Namkaran in CMS and verify the details on mobile app" time="12.388">
<failure message="MaxRetryError: HTTPConnectionPool(host='localhost', port=4723): Max retries exceeded with url: /session (Caused by NewConnectionError('&lt;urllib3.connection.HTTPConnection object at 0x7abb8b8fb020&gt;: Failed to establish a new connection: [Errno 111] Connection refused'))" type="AssertionError"/>
</testcase>
<testcase classname="Guruttava_Android_E2E_Tests.E2ENamkaran" name="Verify that admin user is able to approve Child Namkaran in CMS and verify the details on mobile app" time="13.418">
<failure message="MaxRetryError: HTTPConnectionPool(host='localhost', port=4723): Max retries exceeded with url: /session (Caused by NewConnectionError('&lt;urllib3.connection.HTTPConnection object at 0x7abb8c489150&gt;: Failed to establish a new connection: [Errno 111] Connection refused'))" type="AssertionError"/>
</testcase>
<testcase classname="Guruttava_Android_E2E_Tests.E2ENamkaran" name="Verify that admin user is able to reject Bride Namkaran in CMS and verify the details on mobile app" time="13.341">
<failure message="MaxRetryError: HTTPConnectionPool(host='localhost', port=4723): Max retries exceeded with url: /session (Caused by NewConnectionError('&lt;urllib3.connection.HTTPConnection object at 0x7abb8b8f99d0&gt;: Failed to establish a new connection: [Errno 111] Connection refused'))" type="AssertionError"/>
</testcase>
<testcase classname="Guruttava_Android_E2E_Tests.E2ENamkaran" name="Verify that admin user is able to reject Business Namkaran in CMS and verify the details on mobile app" time="13.534">
<failure message="MaxRetryError: HTTPConnectionPool(host='localhost', port=4723): Max retries exceeded with url: /session (Caused by NewConnectionError('&lt;urllib3.connection.HTTPConnection object at 0x7abb8b3f8af0&gt;: Failed to establish a new connection: [Errno 111] Connection refused'))" type="AssertionError"/>
</testcase>
<testcase classname="Guruttava_Android_E2E_Tests.E2ENamkaran" name="Verify that admin user is able to reject House Namkaran in CMS and verify the details on mobile app" time="15.206">
<failure message="MaxRetryError: HTTPConnectionPool(host='localhost', port=4723): Max retries exceeded with url: /session (Caused by NewConnectionError('&lt;urllib3.connection.HTTPConnection object at 0x7abb8b3fa8b0&gt;: Failed to establish a new connection: [Errno 111] Connection refused'))" type="AssertionError"/>
</testcase>
<testcase classname="Guruttava_Android_E2E_Tests.E2ENamkaran" name="Verify that admin user is able to reject Child Namkaran in CMS and verify the details on mobile app" time="13.400">
<failure message="MaxRetryError: HTTPConnectionPool(host='localhost', port=4723): Max retries exceeded with url: /session (Caused by NewConnectionError('&lt;urllib3.connection.HTTPConnection object at 0x7abb8b8fa360&gt;: Failed to establish a new connection: [Errno 111] Connection refused'))" type="AssertionError"/>
</testcase>
</testsuite>
<testsuite name="E2ENews" tests="9" errors="0" failures="9" skipped="0" time="181.445" timestamp="2026-01-22T06:34:46.287431">
<testcase classname="Guruttava_Android_E2E_Tests.E2ENews" name="Verify the image upload validation in CMS" time="15.454">
<failure message="WebDriverException: Message: Service /var/jenkins_home/.cache/selenium/chromedriver/linux64/144.0.7559.96/chromedriver unexpectedly exited. Status code was: 127&#10;" type="AssertionError"/>
</testcase>
<testcase classname="Guruttava_Android_E2E_Tests.E2ENews" name="Verify that the user is able to add a English news, publish it in the CMS, and verify the english news details on the mobile app" time="19.716">
<failure message="WebDriverException: Message: Service /var/jenkins_home/.cache/selenium/chromedriver/linux64/144.0.7559.96/chromedriver unexpectedly exited. Status code was: 127&#10;" type="AssertionError"/>
</testcase>
<testcase classname="Guruttava_Android_E2E_Tests.E2ENews" name="Verify that the user is able to add a Hindi news, publish it in the CMS, and verify the hindi news details on the mobile app" time="34.722">
<failure message="WebDriverException: Message: Service /var/jenkins_home/.cache/selenium/chromedriver/linux64/144.0.7559.96/chromedriver unexpectedly exited. Status code was: 127&#10;" type="AssertionError"/>
</testcase>
<testcase classname="Guruttava_Android_E2E_Tests.E2ENews" name="Test Unpublish News from CMS and Verify in Mobile App" time="16.210">
<failure message="WebDriverException: Message: Service /var/jenkins_home/.cache/selenium/chromedriver/linux64/144.0.7559.96/chromedriver unexpectedly exited. Status code was: 127&#10;" type="AssertionError"/>
</testcase>
<testcase classname="Guruttava_Android_E2E_Tests.E2ENews" name="Test News Category Tab In Mobile App" time="23.159">
<failure message="Could not open Gurutattva App after 3 attempts" type="AssertionError"/>
</testcase>
<testcase classname="Guruttava_Android_E2E_Tests.E2ENews" name="Test Check Local News Filter Functionality" time="22.981">
<failure message="Could not open Gurutattva App after 3 attempts" type="AssertionError"/>
</testcase>
<testcase classname="Guruttava_Android_E2E_Tests.E2ENews" name="Test Sanchalak Adds Local News And Super Admin Approves It" time="14.806">
<failure message="WebDriverException: Message: Service /var/jenkins_home/.cache/selenium/chromedriver/linux64/144.0.7559.96/chromedriver unexpectedly exited. Status code was: 127&#10;" type="AssertionError"/>
</testcase>
<testcase classname="Guruttava_Android_E2E_Tests.E2ENews" name="Test Sanchalak Adds Local News And Super Admin Rejects It" time="15.863">
<failure message="WebDriverException: Message: Service /var/jenkins_home/.cache/selenium/chromedriver/linux64/144.0.7559.96/chromedriver unexpectedly exited. Status code was: 127&#10;" type="AssertionError"/>
</testcase>
<testcase classname="Guruttava_Android_E2E_Tests.E2ENews" name="Add News Category from CMS. Add News uder that category. check list of all categories in the Mobile app under Category tab." time="14.707">
<failure message="WebDriverException: Message: Service /var/jenkins_home/.cache/selenium/chromedriver/linux64/144.0.7559.96/chromedriver unexpectedly exited. Status code was: 127&#10;" type="AssertionError"/>
</testcase>
</testsuite>
<testsuite name="E2EPrayer" tests="3" errors="0" failures="3" skipped="0" time="41.086" timestamp="2026-01-22T06:37:47.733601">
<testcase classname="Guruttava_Android_E2E_Tests.E2EPrayer" name="End-to-End Integration: Verify that user is able to add Prayer with Self Option on the mobile app and verify it in CMS" time="12.770">
<failure message="MaxRetryError: HTTPConnectionPool(host='localhost', port=4723): Max retries exceeded with url: /session (Caused by NewConnectionError('&lt;urllib3.connection.HTTPConnection object at 0x7abb8b8facf0&gt;: Failed to establish a new connection: [Errno 111] Connection refused'))" type="AssertionError"/>
</testcase>
<testcase classname="Guruttava_Android_E2E_Tests.E2EPrayer" name="End-to-End Integration:Verify that user is able to add Prayer with Other Option on the mobile app and verify it in CMS" time="12.770">
<failure message="MaxRetryError: HTTPConnectionPool(host='localhost', port=4723): Max retries exceeded with url: /session (Caused by NewConnectionError('&lt;urllib3.connection.HTTPConnection object at 0x7abb8bf54f30&gt;: Failed to establish a new connection: [Errno 111] Connection refused'))" type="AssertionError"/>
</testcase>
<testcase classname="Guruttava_Android_E2E_Tests.E2EPrayer" name="Verify that user is able to export the Prayer in CMS" time="12.549">
<failure message="MaxRetryError: HTTPConnectionPool(host='localhost', port=4723): Max retries exceeded with url: /session (Caused by NewConnectionError('&lt;urllib3.connection.HTTPConnection object at 0x7abb8b8f8050&gt;: Failed to establish a new connection: [Errno 111] Connection refused'))" type="AssertionError"/>
</testcase>
</testsuite>
<testsuite name="E2ERegistration" tests="6" errors="0" failures="6" skipped="0" time="80.124" timestamp="2026-01-22T06:38:28.820747">
<testcase classname="Guruttava_Android_E2E_Tests.E2ERegistration" name="Verify that quick registration on the mobile app reflects correctly in the CMS and user details are displayed properly in profile and flip card." time="12.574">
<failure message="MaxRetryError: HTTPConnectionPool(host='localhost', port=4723): Max retries exceeded with url: /session (Caused by NewConnectionError('&lt;urllib3.connection.HTTPConnection object at 0x7abb8bf545a0&gt;: Failed to establish a new connection: [Errno 111] Connection refused'))" type="AssertionError"/>
</testcase>
<testcase classname="Guruttava_Android_E2E_Tests.E2ERegistration" name="Verify user is not able to do quick registration on mobile app with already used email id and phone number" time="12.520">
<failure message="MaxRetryError: HTTPConnectionPool(host='localhost', port=4723): Max retries exceeded with url: /session (Caused by NewConnectionError('&lt;urllib3.connection.HTTPConnection object at 0x7abb8bf57bd0&gt;: Failed to establish a new connection: [Errno 111] Connection refused'))" type="AssertionError"/>
</testcase>
<testcase classname="Guruttava_Android_E2E_Tests.E2ERegistration" name="Verify that the quick registration user is not able to access Events, Dhyan Kendra, and Podcasts , Home screen on the mobile app, and that a pop-up message is displayed" time="12.656">
<failure message="MaxRetryError: HTTPConnectionPool(host='localhost', port=4723): Max retries exceeded with url: /session (Caused by NewConnectionError('&lt;urllib3.connection.HTTPConnection object at 0x7abb8bf55ae0&gt;: Failed to establish a new connection: [Errno 111] Connection refused'))" type="AssertionError"/>
</testcase>
<testcase classname="Guruttava_Android_E2E_Tests.E2ERegistration" name="Verify that the quick registration user is able to become a member on the mobile app" time="12.877">
<failure message="MaxRetryError: HTTPConnectionPool(host='localhost', port=4723): Max retries exceeded with url: /session (Caused by NewConnectionError('&lt;urllib3.connection.HTTPConnection object at 0x7abb8bf545a0&gt;: Failed to establish a new connection: [Errno 111] Connection refused'))" type="AssertionError"/>
</testcase>
<testcase classname="Guruttava_Android_E2E_Tests.E2ERegistration" name="Verify that Community registration on the mobile app reflects correctly in the CMS and user details are displayed properly in profile and flip card." time="13.344">
<failure message="MaxRetryError: HTTPConnectionPool(host='localhost', port=4723): Max retries exceeded with url: /session (Caused by NewConnectionError('&lt;urllib3.connection.HTTPConnection object at 0x7abb8bf548d0&gt;: Failed to establish a new connection: [Errno 111] Connection refused'))" type="AssertionError"/>
</testcase>
<testcase classname="Guruttava_Android_E2E_Tests.E2ERegistration" name="Verify that the community registered user is able to access Events, Dhyan Kendra, and Podcasts on the mobile app, and ensure that no pop-up message is displayed" time="12.843">
<failure message="MaxRetryError: HTTPConnectionPool(host='localhost', port=4723): Max retries exceeded with url: /session (Caused by NewConnectionError('&lt;urllib3.connection.HTTPConnection object at 0x7abb8bf55040&gt;: Failed to establish a new connection: [Errno 111] Connection refused'))" type="AssertionError"/>
</testcase>
</testsuite>
<testsuite name="E2ERoleRight" tests="5" errors="0" failures="5" skipped="0" time="84.178" timestamp="2026-01-22T06:39:48.945444">
<testcase classname="Guruttava_Android_E2E_Tests.E2ERoleRight" name="Test Prayer Coordinator Role Access" time="14.243">
<failure message="WebDriverException: Message: Service /var/jenkins_home/.cache/selenium/chromedriver/linux64/144.0.7559.96/chromedriver unexpectedly exited. Status code was: 127&#10;" type="AssertionError"/>
</testcase>
<testcase classname="Guruttava_Android_E2E_Tests.E2ERoleRight" name="Test Global Event Coordinator Role Access" time="15.414">
<failure message="WebDriverException: Message: Service /var/jenkins_home/.cache/selenium/chromedriver/linux64/144.0.7559.96/chromedriver unexpectedly exited. Status code was: 127&#10;" type="AssertionError"/>
</testcase>
<testcase classname="Guruttava_Android_E2E_Tests.E2ERoleRight" name="Test Acharya Role Access" time="15.489">
<failure message="WebDriverException: Message: Service /var/jenkins_home/.cache/selenium/chromedriver/linux64/144.0.7559.96/chromedriver unexpectedly exited. Status code was: 127&#10;" type="AssertionError"/>
</testcase>
<testcase classname="Guruttava_Android_E2E_Tests.E2ERoleRight" name="Test Maha Acharya Role Access" time="15.378">
<failure message="WebDriverException: Message: Service /var/jenkins_home/.cache/selenium/chromedriver/linux64/144.0.7559.96/chromedriver unexpectedly exited. Status code was: 127&#10;" type="AssertionError"/>
</testcase>
<testcase classname="Guruttava_Android_E2E_Tests.E2ERoleRight" name="Test Namkaran Coordinator Role Access" time="21.645">
<failure message="WebDriverException: Message: Service /var/jenkins_home/.cache/selenium/chromedriver/linux64/144.0.7559.96/chromedriver unexpectedly exited. Status code was: 127&#10;" type="AssertionError"/>
</testcase>
</testsuite>
</testsuite>
